
Currently Loaded Modules:
  1) cue-login-env/1.0   7) default           13) libxcrypt/4.4.35
  2) gcc/11.2.0          8) libmd/1.0.4       14) zlib-ng/2.1.3
  3) ucx/1.11.2          9) libbsd/0.11.7     15) openssl/3.1.3
  4) openmpi/4.1.2      10) expat/2.5.0       16) util-linux-uuid/2.38.1
  5) cuda/11.6.1        11) gettext/0.19.8.1  17) xz/5.2.4
  6) modtree/gpu        12) libffi/3.4.4      18) python/3.11.6

 

job is starting on gpub071.delta.ncsa.illinois.edu
dataset=wesad
clas=mlpLstmM
max_eval=4
i_fold=00
CUDA_VISIBLE_DEVICES=0
 
 ******************************
 ******* i_fold=00 *******
 ******************************
 
Thu Nov 23 20:31:00 CST 2023
WARNING:tensorflow:Deprecation warnings have been disabled. Set TF_ENABLE_DEPRECATION_WARNINGS=1 to re-enable them.
WARNING:root:Limited tf.compat.v2.summary API due to missing TensorBoard installation.
Using TensorFlow backend.
2023-11-23 20:31:04,948 [INFO] Loading data for subjects [4, 3, 13] and channels (0, 1, 2, 3, 4, 5, 6, 7, 8, 9, 10)
INFO:mylogger:Loading data for subjects [4, 3, 13] and channels (0, 1, 2, 3, 4, 5, 6, 7, 8, 9, 10)
2023-11-23 20:31:04,978 [INFO] Finished loading data for subjects [4, 3, 13] and channels (0, 1, 2, 3, 4, 5, 6, 7, 8, 9, 10)
INFO:mylogger:Finished loading data for subjects [4, 3, 13] and channels (0, 1, 2, 3, 4, 5, 6, 7, 8, 9, 10)
2023-11-23 20:31:04,978 [INFO] Loading data for subjects [10, 17, 2] and channels (0, 1, 2, 3, 4, 5, 6, 7, 8, 9, 10)
INFO:mylogger:Loading data for subjects [10, 17, 2] and channels (0, 1, 2, 3, 4, 5, 6, 7, 8, 9, 10)
2023-11-23 20:31:05,005 [INFO] Finished loading data for subjects [10, 17, 2] and channels (0, 1, 2, 3, 4, 5, 6, 7, 8, 9, 10)
INFO:mylogger:Finished loading data for subjects [10, 17, 2] and channels (0, 1, 2, 3, 4, 5, 6, 7, 8, 9, 10)
2023-11-23 20:31:05,005 [INFO] Loading data for subjects [5, 16, 15, 8, 9, 7, 14, 6, 11] and channels (0, 1, 2, 3, 4, 5, 6, 7, 8, 9, 10)
INFO:mylogger:Loading data for subjects [5, 16, 15, 8, 9, 7, 14, 6, 11] and channels (0, 1, 2, 3, 4, 5, 6, 7, 8, 9, 10)
2023-11-23 20:31:05,083 [INFO] Finished loading data for subjects [5, 16, 15, 8, 9, 7, 14, 6, 11] and channels (0, 1, 2, 3, 4, 5, 6, 7, 8, 9, 10)
INFO:mylogger:Finished loading data for subjects [5, 16, 15, 8, 9, 7, 14, 6, 11] and channels (0, 1, 2, 3, 4, 5, 6, 7, 8, 9, 10)
2023-11-23 20:31:05,107 [INFO] Loading data for subjects [4, 3, 13] and channels (0, 1, 2, 3, 4, 5, 6, 7, 8, 9, 10)
INFO:mylogger:Loading data for subjects [4, 3, 13] and channels (0, 1, 2, 3, 4, 5, 6, 7, 8, 9, 10)
2023-11-23 20:31:05,131 [INFO] Finished loading data for subjects [4, 3, 13] and channels (0, 1, 2, 3, 4, 5, 6, 7, 8, 9, 10)
INFO:mylogger:Finished loading data for subjects [4, 3, 13] and channels (0, 1, 2, 3, 4, 5, 6, 7, 8, 9, 10)
2023-11-23 20:31:05,131 [INFO] Loading data for subjects [10, 17, 2] and channels (0, 1, 2, 3, 4, 5, 6, 7, 8, 9, 10)
INFO:mylogger:Loading data for subjects [10, 17, 2] and channels (0, 1, 2, 3, 4, 5, 6, 7, 8, 9, 10)
2023-11-23 20:31:05,153 [INFO] Finished loading data for subjects [10, 17, 2] and channels (0, 1, 2, 3, 4, 5, 6, 7, 8, 9, 10)
INFO:mylogger:Finished loading data for subjects [10, 17, 2] and channels (0, 1, 2, 3, 4, 5, 6, 7, 8, 9, 10)
2023-11-23 20:31:05,153 [INFO] Loading data for subjects [5, 16, 15, 8, 9, 7, 14, 6, 11] and channels (0, 1, 2, 3, 4, 5, 6, 7, 8, 9, 10)
INFO:mylogger:Loading data for subjects [5, 16, 15, 8, 9, 7, 14, 6, 11] and channels (0, 1, 2, 3, 4, 5, 6, 7, 8, 9, 10)
2023-11-23 20:31:05,227 [INFO] Finished loading data for subjects [5, 16, 15, 8, 9, 7, 14, 6, 11] and channels (0, 1, 2, 3, 4, 5, 6, 7, 8, 9, 10)
INFO:mylogger:Finished loading data for subjects [5, 16, 15, 8, 9, 7, 14, 6, 11] and channels (0, 1, 2, 3, 4, 5, 6, 7, 8, 9, 10)
2023-11-23 20:31:05,250 [INFO] Loading data for subjects [4, 3, 13] and channels (0, 1, 2, 3, 4, 5, 6, 7, 8, 9, 10)
INFO:mylogger:Loading data for subjects [4, 3, 13] and channels (0, 1, 2, 3, 4, 5, 6, 7, 8, 9, 10)
2023-11-23 20:31:05,273 [INFO] Finished loading data for subjects [4, 3, 13] and channels (0, 1, 2, 3, 4, 5, 6, 7, 8, 9, 10)
INFO:mylogger:Finished loading data for subjects [4, 3, 13] and channels (0, 1, 2, 3, 4, 5, 6, 7, 8, 9, 10)
2023-11-23 20:31:05,273 [INFO] Loading data for subjects [10, 17, 2] and channels (0, 1, 2, 3, 4, 5, 6, 7, 8, 9, 10)
INFO:mylogger:Loading data for subjects [10, 17, 2] and channels (0, 1, 2, 3, 4, 5, 6, 7, 8, 9, 10)
2023-11-23 20:31:05,293 [INFO] Finished loading data for subjects [10, 17, 2] and channels (0, 1, 2, 3, 4, 5, 6, 7, 8, 9, 10)
INFO:mylogger:Finished loading data for subjects [10, 17, 2] and channels (0, 1, 2, 3, 4, 5, 6, 7, 8, 9, 10)
2023-11-23 20:31:05,293 [INFO] Loading data for subjects [5, 16, 15, 8, 9, 7, 14, 6, 11] and channels (0, 1, 2, 3, 4, 5, 6, 7, 8, 9, 10)
INFO:mylogger:Loading data for subjects [5, 16, 15, 8, 9, 7, 14, 6, 11] and channels (0, 1, 2, 3, 4, 5, 6, 7, 8, 9, 10)
2023-11-23 20:31:05,364 [INFO] Finished loading data for subjects [5, 16, 15, 8, 9, 7, 14, 6, 11] and channels (0, 1, 2, 3, 4, 5, 6, 7, 8, 9, 10)
INFO:mylogger:Finished loading data for subjects [5, 16, 15, 8, 9, 7, 14, 6, 11] and channels (0, 1, 2, 3, 4, 5, 6, 7, 8, 9, 10)
2023-11-23 20:31:05,386 [INFO] Loading data for subjects [4, 3, 13] and channels (0, 1, 2, 3, 4, 5, 6, 7, 8, 9, 10)
INFO:mylogger:Loading data for subjects [4, 3, 13] and channels (0, 1, 2, 3, 4, 5, 6, 7, 8, 9, 10)
2023-11-23 20:31:05,409 [INFO] Finished loading data for subjects [4, 3, 13] and channels (0, 1, 2, 3, 4, 5, 6, 7, 8, 9, 10)
INFO:mylogger:Finished loading data for subjects [4, 3, 13] and channels (0, 1, 2, 3, 4, 5, 6, 7, 8, 9, 10)
2023-11-23 20:31:05,410 [INFO] Loading data for subjects [10, 17, 2] and channels (0, 1, 2, 3, 4, 5, 6, 7, 8, 9, 10)
INFO:mylogger:Loading data for subjects [10, 17, 2] and channels (0, 1, 2, 3, 4, 5, 6, 7, 8, 9, 10)
2023-11-23 20:31:05,431 [INFO] Finished loading data for subjects [10, 17, 2] and channels (0, 1, 2, 3, 4, 5, 6, 7, 8, 9, 10)
INFO:mylogger:Finished loading data for subjects [10, 17, 2] and channels (0, 1, 2, 3, 4, 5, 6, 7, 8, 9, 10)
2023-11-23 20:31:05,431 [INFO] Loading data for subjects [5, 16, 15, 8, 9, 7, 14, 6, 11] and channels (0, 1, 2, 3, 4, 5, 6, 7, 8, 9, 10)
INFO:mylogger:Loading data for subjects [5, 16, 15, 8, 9, 7, 14, 6, 11] and channels (0, 1, 2, 3, 4, 5, 6, 7, 8, 9, 10)
2023-11-23 20:31:05,505 [INFO] Finished loading data for subjects [5, 16, 15, 8, 9, 7, 14, 6, 11] and channels (0, 1, 2, 3, 4, 5, 6, 7, 8, 9, 10)
INFO:mylogger:Finished loading data for subjects [5, 16, 15, 8, 9, 7, 14, 6, 11] and channels (0, 1, 2, 3, 4, 5, 6, 7, 8, 9, 10)
2023-11-23 20:31:05,528 [INFO] Loading data for subjects [4, 3, 13] and channels (0, 1, 2, 3, 4, 5, 6, 7, 8, 9, 10)
INFO:mylogger:Loading data for subjects [4, 3, 13] and channels (0, 1, 2, 3, 4, 5, 6, 7, 8, 9, 10)
2023-11-23 20:31:05,551 [INFO] Finished loading data for subjects [4, 3, 13] and channels (0, 1, 2, 3, 4, 5, 6, 7, 8, 9, 10)
INFO:mylogger:Finished loading data for subjects [4, 3, 13] and channels (0, 1, 2, 3, 4, 5, 6, 7, 8, 9, 10)
2023-11-23 20:31:05,552 [INFO] Loading data for subjects [10, 17, 2] and channels (0, 1, 2, 3, 4, 5, 6, 7, 8, 9, 10)
INFO:mylogger:Loading data for subjects [10, 17, 2] and channels (0, 1, 2, 3, 4, 5, 6, 7, 8, 9, 10)
2023-11-23 20:31:05,572 [INFO] Finished loading data for subjects [10, 17, 2] and channels (0, 1, 2, 3, 4, 5, 6, 7, 8, 9, 10)
INFO:mylogger:Finished loading data for subjects [10, 17, 2] and channels (0, 1, 2, 3, 4, 5, 6, 7, 8, 9, 10)
2023-11-23 20:31:05,573 [INFO] Loading data for subjects [5, 16, 15, 8, 9, 7, 14, 6, 11] and channels (0, 1, 2, 3, 4, 5, 6, 7, 8, 9, 10)
INFO:mylogger:Loading data for subjects [5, 16, 15, 8, 9, 7, 14, 6, 11] and channels (0, 1, 2, 3, 4, 5, 6, 7, 8, 9, 10)
2023-11-23 20:31:05,645 [INFO] Finished loading data for subjects [5, 16, 15, 8, 9, 7, 14, 6, 11] and channels (0, 1, 2, 3, 4, 5, 6, 7, 8, 9, 10)
INFO:mylogger:Finished loading data for subjects [5, 16, 15, 8, 9, 7, 14, 6, 11] and channels (0, 1, 2, 3, 4, 5, 6, 7, 8, 9, 10)
2023-11-23 20:31:05,668 [INFO] Tuning of mlpLstmM, max_evals: 4
INFO:mylogger:Tuning of mlpLstmM, max_evals: 4
Done
Thu Nov 23 20:31:05 CST 2023
