
Currently Loaded Modules:
  1) cue-login-env/1.0   7) default           13) libxcrypt/4.4.35
  2) gcc/11.2.0          8) libmd/1.0.4       14) zlib-ng/2.1.3
  3) ucx/1.11.2          9) libbsd/0.11.7     15) openssl/3.1.3
  4) openmpi/4.1.2      10) expat/2.5.0       16) util-linux-uuid/2.38.1
  5) cuda/11.6.1        11) gettext/0.19.8.1  17) xz/5.2.4
  6) modtree/gpu        12) libffi/3.4.4      18) python/3.11.6

 

job is starting on gpub002.delta.ncsa.illinois.edu
dataset=wesad
clas=cnnM
max_eval=8
i_fold=00
CUDA_VISIBLE_DEVICES=0
 
 ******************************
 ******* i_fold=00 *******
 ******************************
 
Thu Nov 23 20:32:48 CST 2023
WARNING:tensorflow:Deprecation warnings have been disabled. Set TF_ENABLE_DEPRECATION_WARNINGS=1 to re-enable them.
WARNING:root:Limited tf.compat.v2.summary API due to missing TensorBoard installation.
Using TensorFlow backend.
2023-11-23 20:32:52,691 [INFO] Loading data for subjects [4, 3, 13] and channels (0, 1, 2, 3, 4, 5, 6, 7, 8, 9, 10)
INFO:mylogger:Loading data for subjects [4, 3, 13] and channels (0, 1, 2, 3, 4, 5, 6, 7, 8, 9, 10)
2023-11-23 20:32:52,718 [INFO] Finished loading data for subjects [4, 3, 13] and channels (0, 1, 2, 3, 4, 5, 6, 7, 8, 9, 10)
INFO:mylogger:Finished loading data for subjects [4, 3, 13] and channels (0, 1, 2, 3, 4, 5, 6, 7, 8, 9, 10)
2023-11-23 20:32:52,719 [INFO] Loading data for subjects [10, 17, 2] and channels (0, 1, 2, 3, 4, 5, 6, 7, 8, 9, 10)
INFO:mylogger:Loading data for subjects [10, 17, 2] and channels (0, 1, 2, 3, 4, 5, 6, 7, 8, 9, 10)
2023-11-23 20:32:52,744 [INFO] Finished loading data for subjects [10, 17, 2] and channels (0, 1, 2, 3, 4, 5, 6, 7, 8, 9, 10)
INFO:mylogger:Finished loading data for subjects [10, 17, 2] and channels (0, 1, 2, 3, 4, 5, 6, 7, 8, 9, 10)
2023-11-23 20:32:52,744 [INFO] Loading data for subjects [5, 16, 15, 8, 9, 7, 14, 6, 11] and channels (0, 1, 2, 3, 4, 5, 6, 7, 8, 9, 10)
INFO:mylogger:Loading data for subjects [5, 16, 15, 8, 9, 7, 14, 6, 11] and channels (0, 1, 2, 3, 4, 5, 6, 7, 8, 9, 10)
2023-11-23 20:32:52,816 [INFO] Finished loading data for subjects [5, 16, 15, 8, 9, 7, 14, 6, 11] and channels (0, 1, 2, 3, 4, 5, 6, 7, 8, 9, 10)
INFO:mylogger:Finished loading data for subjects [5, 16, 15, 8, 9, 7, 14, 6, 11] and channels (0, 1, 2, 3, 4, 5, 6, 7, 8, 9, 10)
2023-11-23 20:32:52,843 [INFO] Loading data for subjects [4, 3, 13] and channels (0, 1, 2, 3, 4, 5, 6, 7, 8, 9, 10)
INFO:mylogger:Loading data for subjects [4, 3, 13] and channels (0, 1, 2, 3, 4, 5, 6, 7, 8, 9, 10)
2023-11-23 20:32:52,861 [INFO] Finished loading data for subjects [4, 3, 13] and channels (0, 1, 2, 3, 4, 5, 6, 7, 8, 9, 10)
INFO:mylogger:Finished loading data for subjects [4, 3, 13] and channels (0, 1, 2, 3, 4, 5, 6, 7, 8, 9, 10)
2023-11-23 20:32:52,861 [INFO] Loading data for subjects [10, 17, 2] and channels (0, 1, 2, 3, 4, 5, 6, 7, 8, 9, 10)
INFO:mylogger:Loading data for subjects [10, 17, 2] and channels (0, 1, 2, 3, 4, 5, 6, 7, 8, 9, 10)
2023-11-23 20:32:52,880 [INFO] Finished loading data for subjects [10, 17, 2] and channels (0, 1, 2, 3, 4, 5, 6, 7, 8, 9, 10)
INFO:mylogger:Finished loading data for subjects [10, 17, 2] and channels (0, 1, 2, 3, 4, 5, 6, 7, 8, 9, 10)
2023-11-23 20:32:52,881 [INFO] Loading data for subjects [5, 16, 15, 8, 9, 7, 14, 6, 11] and channels (0, 1, 2, 3, 4, 5, 6, 7, 8, 9, 10)
INFO:mylogger:Loading data for subjects [5, 16, 15, 8, 9, 7, 14, 6, 11] and channels (0, 1, 2, 3, 4, 5, 6, 7, 8, 9, 10)
2023-11-23 20:32:52,951 [INFO] Finished loading data for subjects [5, 16, 15, 8, 9, 7, 14, 6, 11] and channels (0, 1, 2, 3, 4, 5, 6, 7, 8, 9, 10)
INFO:mylogger:Finished loading data for subjects [5, 16, 15, 8, 9, 7, 14, 6, 11] and channels (0, 1, 2, 3, 4, 5, 6, 7, 8, 9, 10)
2023-11-23 20:32:52,977 [INFO] Loading data for subjects [4, 3, 13] and channels (0, 1, 2, 3, 4, 5, 6, 7, 8, 9, 10)
INFO:mylogger:Loading data for subjects [4, 3, 13] and channels (0, 1, 2, 3, 4, 5, 6, 7, 8, 9, 10)
2023-11-23 20:32:52,996 [INFO] Finished loading data for subjects [4, 3, 13] and channels (0, 1, 2, 3, 4, 5, 6, 7, 8, 9, 10)
INFO:mylogger:Finished loading data for subjects [4, 3, 13] and channels (0, 1, 2, 3, 4, 5, 6, 7, 8, 9, 10)
2023-11-23 20:32:52,996 [INFO] Loading data for subjects [10, 17, 2] and channels (0, 1, 2, 3, 4, 5, 6, 7, 8, 9, 10)
INFO:mylogger:Loading data for subjects [10, 17, 2] and channels (0, 1, 2, 3, 4, 5, 6, 7, 8, 9, 10)
2023-11-23 20:32:53,016 [INFO] Finished loading data for subjects [10, 17, 2] and channels (0, 1, 2, 3, 4, 5, 6, 7, 8, 9, 10)
INFO:mylogger:Finished loading data for subjects [10, 17, 2] and channels (0, 1, 2, 3, 4, 5, 6, 7, 8, 9, 10)
2023-11-23 20:32:53,016 [INFO] Loading data for subjects [5, 16, 15, 8, 9, 7, 14, 6, 11] and channels (0, 1, 2, 3, 4, 5, 6, 7, 8, 9, 10)
INFO:mylogger:Loading data for subjects [5, 16, 15, 8, 9, 7, 14, 6, 11] and channels (0, 1, 2, 3, 4, 5, 6, 7, 8, 9, 10)
2023-11-23 20:32:53,085 [INFO] Finished loading data for subjects [5, 16, 15, 8, 9, 7, 14, 6, 11] and channels (0, 1, 2, 3, 4, 5, 6, 7, 8, 9, 10)
INFO:mylogger:Finished loading data for subjects [5, 16, 15, 8, 9, 7, 14, 6, 11] and channels (0, 1, 2, 3, 4, 5, 6, 7, 8, 9, 10)
2023-11-23 20:32:53,110 [INFO] Loading data for subjects [4, 3, 13] and channels (0, 1, 2, 3, 4, 5, 6, 7, 8, 9, 10)
INFO:mylogger:Loading data for subjects [4, 3, 13] and channels (0, 1, 2, 3, 4, 5, 6, 7, 8, 9, 10)
2023-11-23 20:32:53,132 [INFO] Finished loading data for subjects [4, 3, 13] and channels (0, 1, 2, 3, 4, 5, 6, 7, 8, 9, 10)
INFO:mylogger:Finished loading data for subjects [4, 3, 13] and channels (0, 1, 2, 3, 4, 5, 6, 7, 8, 9, 10)
2023-11-23 20:32:53,132 [INFO] Loading data for subjects [10, 17, 2] and channels (0, 1, 2, 3, 4, 5, 6, 7, 8, 9, 10)
INFO:mylogger:Loading data for subjects [10, 17, 2] and channels (0, 1, 2, 3, 4, 5, 6, 7, 8, 9, 10)
2023-11-23 20:32:53,152 [INFO] Finished loading data for subjects [10, 17, 2] and channels (0, 1, 2, 3, 4, 5, 6, 7, 8, 9, 10)
INFO:mylogger:Finished loading data for subjects [10, 17, 2] and channels (0, 1, 2, 3, 4, 5, 6, 7, 8, 9, 10)
2023-11-23 20:32:53,152 [INFO] Loading data for subjects [5, 16, 15, 8, 9, 7, 14, 6, 11] and channels (0, 1, 2, 3, 4, 5, 6, 7, 8, 9, 10)
INFO:mylogger:Loading data for subjects [5, 16, 15, 8, 9, 7, 14, 6, 11] and channels (0, 1, 2, 3, 4, 5, 6, 7, 8, 9, 10)
2023-11-23 20:32:53,218 [INFO] Finished loading data for subjects [5, 16, 15, 8, 9, 7, 14, 6, 11] and channels (0, 1, 2, 3, 4, 5, 6, 7, 8, 9, 10)
INFO:mylogger:Finished loading data for subjects [5, 16, 15, 8, 9, 7, 14, 6, 11] and channels (0, 1, 2, 3, 4, 5, 6, 7, 8, 9, 10)
2023-11-23 20:32:53,243 [INFO] Loading data for subjects [4, 3, 13] and channels (0, 1, 2, 3, 4, 5, 6, 7, 8, 9, 10)
INFO:mylogger:Loading data for subjects [4, 3, 13] and channels (0, 1, 2, 3, 4, 5, 6, 7, 8, 9, 10)
2023-11-23 20:32:53,263 [INFO] Finished loading data for subjects [4, 3, 13] and channels (0, 1, 2, 3, 4, 5, 6, 7, 8, 9, 10)
INFO:mylogger:Finished loading data for subjects [4, 3, 13] and channels (0, 1, 2, 3, 4, 5, 6, 7, 8, 9, 10)
2023-11-23 20:32:53,264 [INFO] Loading data for subjects [10, 17, 2] and channels (0, 1, 2, 3, 4, 5, 6, 7, 8, 9, 10)
INFO:mylogger:Loading data for subjects [10, 17, 2] and channels (0, 1, 2, 3, 4, 5, 6, 7, 8, 9, 10)
2023-11-23 20:32:53,283 [INFO] Finished loading data for subjects [10, 17, 2] and channels (0, 1, 2, 3, 4, 5, 6, 7, 8, 9, 10)
INFO:mylogger:Finished loading data for subjects [10, 17, 2] and channels (0, 1, 2, 3, 4, 5, 6, 7, 8, 9, 10)
2023-11-23 20:32:53,283 [INFO] Loading data for subjects [5, 16, 15, 8, 9, 7, 14, 6, 11] and channels (0, 1, 2, 3, 4, 5, 6, 7, 8, 9, 10)
INFO:mylogger:Loading data for subjects [5, 16, 15, 8, 9, 7, 14, 6, 11] and channels (0, 1, 2, 3, 4, 5, 6, 7, 8, 9, 10)
2023-11-23 20:32:53,349 [INFO] Finished loading data for subjects [5, 16, 15, 8, 9, 7, 14, 6, 11] and channels (0, 1, 2, 3, 4, 5, 6, 7, 8, 9, 10)
INFO:mylogger:Finished loading data for subjects [5, 16, 15, 8, 9, 7, 14, 6, 11] and channels (0, 1, 2, 3, 4, 5, 6, 7, 8, 9, 10)
2023-11-23 20:32:53,375 [INFO] Tuning of cnnM, max_evals: 8
INFO:mylogger:Tuning of cnnM, max_evals: 8
2023-11-23 20:32:53,500 [INFO] GPU 0 was taken for cnnM, tune_06.
INFO:mylogger:GPU 0 was taken for cnnM, tune_06.
WARNING:tensorflow:From /projects/bbnp/anxietyE2E/experiment/experiment.py:128: The name tf.global_variables_initializer is deprecated. Please use tf.compat.v1.global_variables_initializer instead.

WARNING:tensorflow:From /projects/bbnp/anxietyE2E/experiment/experiment.py:128: The name tf.global_variables_initializer is deprecated. Please use tf.compat.v1.global_variables_initializer instead.

2023-11-23 20:33:01,773 [INFO] Experiment for WESAD dataset, classifier: cnnM, setup: it_00, iteration: tune_06
INFO:mylogger:Experiment for WESAD dataset, classifier: cnnM, setup: it_00, iteration: tune_06
WARNING:tensorflow:From /u/alkurdi/.conda/envs/TFwesad/lib/python3.8/site-packages/keras/backend/tensorflow_backend.py:66: The name tf.get_default_graph is deprecated. Please use tf.compat.v1.get_default_graph instead.

WARNING:tensorflow:From /u/alkurdi/.conda/envs/TFwesad/lib/python3.8/site-packages/keras/backend/tensorflow_backend.py:66: The name tf.get_default_graph is deprecated. Please use tf.compat.v1.get_default_graph instead.

WARNING:tensorflow:From /u/alkurdi/.conda/envs/TFwesad/lib/python3.8/site-packages/keras/backend/tensorflow_backend.py:541: The name tf.placeholder is deprecated. Please use tf.compat.v1.placeholder instead.

WARNING:tensorflow:From /u/alkurdi/.conda/envs/TFwesad/lib/python3.8/site-packages/keras/backend/tensorflow_backend.py:541: The name tf.placeholder is deprecated. Please use tf.compat.v1.placeholder instead.

WARNING:tensorflow:From /u/alkurdi/.conda/envs/TFwesad/lib/python3.8/site-packages/keras/backend/tensorflow_backend.py:4432: The name tf.random_uniform is deprecated. Please use tf.random.uniform instead.

WARNING:tensorflow:From /u/alkurdi/.conda/envs/TFwesad/lib/python3.8/site-packages/keras/backend/tensorflow_backend.py:4432: The name tf.random_uniform is deprecated. Please use tf.random.uniform instead.

WARNING:tensorflow:From /u/alkurdi/.conda/envs/TFwesad/lib/python3.8/site-packages/keras/backend/tensorflow_backend.py:4271: The name tf.nn.avg_pool is deprecated. Please use tf.nn.avg_pool2d instead.

WARNING:tensorflow:From /u/alkurdi/.conda/envs/TFwesad/lib/python3.8/site-packages/keras/backend/tensorflow_backend.py:4271: The name tf.nn.avg_pool is deprecated. Please use tf.nn.avg_pool2d instead.

WARNING:tensorflow:From /u/alkurdi/.conda/envs/TFwesad/lib/python3.8/site-packages/keras/optimizers.py:793: The name tf.train.Optimizer is deprecated. Please use tf.compat.v1.train.Optimizer instead.

WARNING:tensorflow:From /u/alkurdi/.conda/envs/TFwesad/lib/python3.8/site-packages/keras/optimizers.py:793: The name tf.train.Optimizer is deprecated. Please use tf.compat.v1.train.Optimizer instead.

WARNING:tensorflow:From /u/alkurdi/.conda/envs/TFwesad/lib/python3.8/site-packages/keras/backend/tensorflow_backend.py:3576: The name tf.log is deprecated. Please use tf.math.log instead.

WARNING:tensorflow:From /u/alkurdi/.conda/envs/TFwesad/lib/python3.8/site-packages/keras/backend/tensorflow_backend.py:3576: The name tf.log is deprecated. Please use tf.math.log instead.

2023-11-23 20:33:02,200 [INFO] Created model for WESAD dataset, classifier: cnnM, setup: it_00, iteration: tune_06
INFO:mylogger:Created model for WESAD dataset, classifier: cnnM, setup: it_00, iteration: tune_06
2023-11-23 20:33:02,200 [INFO] Fitting model
INFO:mylogger:Fitting model
WARNING:tensorflow:From /u/alkurdi/.conda/envs/TFwesad/lib/python3.8/site-packages/keras/backend/tensorflow_backend.py:1033: The name tf.assign_add is deprecated. Please use tf.compat.v1.assign_add instead.

WARNING:tensorflow:From /u/alkurdi/.conda/envs/TFwesad/lib/python3.8/site-packages/keras/backend/tensorflow_backend.py:1033: The name tf.assign_add is deprecated. Please use tf.compat.v1.assign_add instead.

WARNING:tensorflow:From /u/alkurdi/.conda/envs/TFwesad/lib/python3.8/site-packages/keras/backend/tensorflow_backend.py:1020: The name tf.assign is deprecated. Please use tf.compat.v1.assign instead.

WARNING:tensorflow:From /u/alkurdi/.conda/envs/TFwesad/lib/python3.8/site-packages/keras/backend/tensorflow_backend.py:1020: The name tf.assign is deprecated. Please use tf.compat.v1.assign instead.

WARNING:tensorflow:From /u/alkurdi/.conda/envs/TFwesad/lib/python3.8/site-packages/keras/backend/tensorflow_backend.py:3005: The name tf.Session is deprecated. Please use tf.compat.v1.Session instead.

WARNING:tensorflow:From /u/alkurdi/.conda/envs/TFwesad/lib/python3.8/site-packages/keras/backend/tensorflow_backend.py:3005: The name tf.Session is deprecated. Please use tf.compat.v1.Session instead.

WARNING:tensorflow:From /u/alkurdi/.conda/envs/TFwesad/lib/python3.8/site-packages/keras/backend/tensorflow_backend.py:190: The name tf.get_default_session is deprecated. Please use tf.compat.v1.get_default_session instead.

WARNING:tensorflow:From /u/alkurdi/.conda/envs/TFwesad/lib/python3.8/site-packages/keras/backend/tensorflow_backend.py:190: The name tf.get_default_session is deprecated. Please use tf.compat.v1.get_default_session instead.

WARNING:tensorflow:From /u/alkurdi/.conda/envs/TFwesad/lib/python3.8/site-packages/keras/backend/tensorflow_backend.py:207: The name tf.global_variables is deprecated. Please use tf.compat.v1.global_variables instead.

WARNING:tensorflow:From /u/alkurdi/.conda/envs/TFwesad/lib/python3.8/site-packages/keras/backend/tensorflow_backend.py:207: The name tf.global_variables is deprecated. Please use tf.compat.v1.global_variables instead.

WARNING:tensorflow:From /u/alkurdi/.conda/envs/TFwesad/lib/python3.8/site-packages/keras/backend/tensorflow_backend.py:216: The name tf.is_variable_initialized is deprecated. Please use tf.compat.v1.is_variable_initialized instead.

WARNING:tensorflow:From /u/alkurdi/.conda/envs/TFwesad/lib/python3.8/site-packages/keras/backend/tensorflow_backend.py:216: The name tf.is_variable_initialized is deprecated. Please use tf.compat.v1.is_variable_initialized instead.

WARNING:tensorflow:From /u/alkurdi/.conda/envs/TFwesad/lib/python3.8/site-packages/keras/backend/tensorflow_backend.py:223: The name tf.variables_initializer is deprecated. Please use tf.compat.v1.variables_initializer instead.

WARNING:tensorflow:From /u/alkurdi/.conda/envs/TFwesad/lib/python3.8/site-packages/keras/backend/tensorflow_backend.py:223: The name tf.variables_initializer is deprecated. Please use tf.compat.v1.variables_initializer instead.

2023-11-23 20:33:29,464 [INFO] Loading weights and predicting
INFO:mylogger:Loading weights and predicting
/u/alkurdi/.conda/envs/TFwesad/lib/python3.8/site-packages/sklearn/metrics/_classification.py:1334: UndefinedMetricWarning: Precision is ill-defined and being set to 0.0 in labels with no predicted samples. Use `zero_division` parameter to control this behavior.
  _warn_prf(average, modifier, msg_start, len(result))

2023-11-23 20:33:30,749 [INFO] Fitted model for WESAD dataset, classifier: cnnM, setup: it_00, iteration: tune_06
INFO:mylogger:Fitted model for WESAD dataset, classifier: cnnM, setup: it_00, iteration: tune_06
2023-11-23 20:33:30,750 [INFO] Finished experiment for WESAD dataset, classifier: cnnM, setup: it_00, iteration: tune_06
INFO:mylogger:Finished experiment for WESAD dataset, classifier: cnnM, setup: it_00, iteration: tune_06
2023-11-23 20:33:30,963 [INFO] Experiment for WESAD dataset, classifier: cnnM, setup: it_01, iteration: tune_06
INFO:mylogger:Experiment for WESAD dataset, classifier: cnnM, setup: it_01, iteration: tune_06
2023-11-23 20:33:30,964 [INFO] Created model for WESAD dataset, classifier: cnnM, setup: it_01, iteration: tune_06
INFO:mylogger:Created model for WESAD dataset, classifier: cnnM, setup: it_01, iteration: tune_06
2023-11-23 20:33:30,964 [INFO] Fitting model
INFO:mylogger:Fitting model
2023-11-23 20:33:35,448 [INFO] Loading weights and predicting
INFO:mylogger:Loading weights and predicting
/u/alkurdi/.conda/envs/TFwesad/lib/python3.8/site-packages/sklearn/metrics/_classification.py:1334: UndefinedMetricWarning: Precision is ill-defined and being set to 0.0 in labels with no predicted samples. Use `zero_division` parameter to control this behavior.
  _warn_prf(average, modifier, msg_start, len(result))

2023-11-23 20:33:35,678 [INFO] Fitted model for WESAD dataset, classifier: cnnM, setup: it_01, iteration: tune_06
INFO:mylogger:Fitted model for WESAD dataset, classifier: cnnM, setup: it_01, iteration: tune_06
2023-11-23 20:33:35,679 [INFO] Finished experiment for WESAD dataset, classifier: cnnM, setup: it_01, iteration: tune_06
INFO:mylogger:Finished experiment for WESAD dataset, classifier: cnnM, setup: it_01, iteration: tune_06
2023-11-23 20:33:35,897 [INFO] Experiment for WESAD dataset, classifier: cnnM, setup: it_02, iteration: tune_06
INFO:mylogger:Experiment for WESAD dataset, classifier: cnnM, setup: it_02, iteration: tune_06
2023-11-23 20:33:35,898 [INFO] Created model for WESAD dataset, classifier: cnnM, setup: it_02, iteration: tune_06
INFO:mylogger:Created model for WESAD dataset, classifier: cnnM, setup: it_02, iteration: tune_06
2023-11-23 20:33:35,898 [INFO] Fitting model
INFO:mylogger:Fitting model
2023-11-23 20:33:40,490 [INFO] Loading weights and predicting
INFO:mylogger:Loading weights and predicting
/u/alkurdi/.conda/envs/TFwesad/lib/python3.8/site-packages/sklearn/metrics/_classification.py:1334: UndefinedMetricWarning: Precision is ill-defined and being set to 0.0 in labels with no predicted samples. Use `zero_division` parameter to control this behavior.
  _warn_prf(average, modifier, msg_start, len(result))

2023-11-23 20:33:40,717 [INFO] Fitted model for WESAD dataset, classifier: cnnM, setup: it_02, iteration: tune_06
INFO:mylogger:Fitted model for WESAD dataset, classifier: cnnM, setup: it_02, iteration: tune_06
2023-11-23 20:33:40,717 [INFO] Finished experiment for WESAD dataset, classifier: cnnM, setup: it_02, iteration: tune_06
INFO:mylogger:Finished experiment for WESAD dataset, classifier: cnnM, setup: it_02, iteration: tune_06
2023-11-23 20:33:40,941 [INFO] Experiment for WESAD dataset, classifier: cnnM, setup: it_03, iteration: tune_06
INFO:mylogger:Experiment for WESAD dataset, classifier: cnnM, setup: it_03, iteration: tune_06
2023-11-23 20:33:40,942 [INFO] Created model for WESAD dataset, classifier: cnnM, setup: it_03, iteration: tune_06
INFO:mylogger:Created model for WESAD dataset, classifier: cnnM, setup: it_03, iteration: tune_06
2023-11-23 20:33:40,942 [INFO] Fitting model
INFO:mylogger:Fitting model
2023-11-23 20:33:45,770 [INFO] Loading weights and predicting
INFO:mylogger:Loading weights and predicting
/u/alkurdi/.conda/envs/TFwesad/lib/python3.8/site-packages/sklearn/metrics/_classification.py:1334: UndefinedMetricWarning: Precision is ill-defined and being set to 0.0 in labels with no predicted samples. Use `zero_division` parameter to control this behavior.
  _warn_prf(average, modifier, msg_start, len(result))

2023-11-23 20:33:45,985 [INFO] Fitted model for WESAD dataset, classifier: cnnM, setup: it_03, iteration: tune_06
INFO:mylogger:Fitted model for WESAD dataset, classifier: cnnM, setup: it_03, iteration: tune_06
2023-11-23 20:33:45,985 [INFO] Finished experiment for WESAD dataset, classifier: cnnM, setup: it_03, iteration: tune_06
INFO:mylogger:Finished experiment for WESAD dataset, classifier: cnnM, setup: it_03, iteration: tune_06
2023-11-23 20:33:46,206 [INFO] Experiment for WESAD dataset, classifier: cnnM, setup: it_04, iteration: tune_06
INFO:mylogger:Experiment for WESAD dataset, classifier: cnnM, setup: it_04, iteration: tune_06
2023-11-23 20:33:46,207 [INFO] Created model for WESAD dataset, classifier: cnnM, setup: it_04, iteration: tune_06
INFO:mylogger:Created model for WESAD dataset, classifier: cnnM, setup: it_04, iteration: tune_06
2023-11-23 20:33:46,207 [INFO] Fitting model
INFO:mylogger:Fitting model
2023-11-23 20:33:50,745 [INFO] Loading weights and predicting
INFO:mylogger:Loading weights and predicting
/u/alkurdi/.conda/envs/TFwesad/lib/python3.8/site-packages/sklearn/metrics/_classification.py:1334: UndefinedMetricWarning: Precision is ill-defined and being set to 0.0 in labels with no predicted samples. Use `zero_division` parameter to control this behavior.
  _warn_prf(average, modifier, msg_start, len(result))

2023-11-23 20:33:50,973 [INFO] Fitted model for WESAD dataset, classifier: cnnM, setup: it_04, iteration: tune_06
INFO:mylogger:Fitted model for WESAD dataset, classifier: cnnM, setup: it_04, iteration: tune_06
2023-11-23 20:33:50,973 [INFO] Finished experiment for WESAD dataset, classifier: cnnM, setup: it_04, iteration: tune_06
INFO:mylogger:Finished experiment for WESAD dataset, classifier: cnnM, setup: it_04, iteration: tune_06
2023-11-23 20:33:50,974 [INFO] GPU 0 was released by cnnM, tune_06.
INFO:mylogger:GPU 0 was released by cnnM, tune_06.
2023-11-23 20:33:51,078 [INFO] GPU 0 was taken for cnnM, tune_07.
INFO:mylogger:GPU 0 was taken for cnnM, tune_07.
2023-11-23 20:33:51,091 [INFO] Experiment for WESAD dataset, classifier: cnnM, setup: it_00, iteration: tune_07
INFO:mylogger:Experiment for WESAD dataset, classifier: cnnM, setup: it_00, iteration: tune_07
2023-11-23 20:33:51,322 [INFO] Created model for WESAD dataset, classifier: cnnM, setup: it_00, iteration: tune_07
INFO:mylogger:Created model for WESAD dataset, classifier: cnnM, setup: it_00, iteration: tune_07
2023-11-23 20:33:51,323 [INFO] Fitting model
INFO:mylogger:Fitting model
2023-11-23 20:34:31,068 [INFO] Loading weights and predicting
INFO:mylogger:Loading weights and predicting
/u/alkurdi/.conda/envs/TFwesad/lib/python3.8/site-packages/sklearn/metrics/_classification.py:1334: UndefinedMetricWarning: Precision is ill-defined and being set to 0.0 in labels with no predicted samples. Use `zero_division` parameter to control this behavior.
  _warn_prf(average, modifier, msg_start, len(result))

2023-11-23 20:34:31,753 [INFO] Fitted model for WESAD dataset, classifier: cnnM, setup: it_00, iteration: tune_07
INFO:mylogger:Fitted model for WESAD dataset, classifier: cnnM, setup: it_00, iteration: tune_07
2023-11-23 20:34:31,753 [INFO] Finished experiment for WESAD dataset, classifier: cnnM, setup: it_00, iteration: tune_07
INFO:mylogger:Finished experiment for WESAD dataset, classifier: cnnM, setup: it_00, iteration: tune_07
2023-11-23 20:34:31,970 [INFO] Experiment for WESAD dataset, classifier: cnnM, setup: it_01, iteration: tune_07
INFO:mylogger:Experiment for WESAD dataset, classifier: cnnM, setup: it_01, iteration: tune_07
2023-11-23 20:34:31,971 [INFO] Created model for WESAD dataset, classifier: cnnM, setup: it_01, iteration: tune_07
INFO:mylogger:Created model for WESAD dataset, classifier: cnnM, setup: it_01, iteration: tune_07
2023-11-23 20:34:31,971 [INFO] Fitting model
INFO:mylogger:Fitting model
2023-11-23 20:35:08,292 [INFO] Loading weights and predicting
INFO:mylogger:Loading weights and predicting
/u/alkurdi/.conda/envs/TFwesad/lib/python3.8/site-packages/sklearn/metrics/_classification.py:1334: UndefinedMetricWarning: Precision is ill-defined and being set to 0.0 in labels with no predicted samples. Use `zero_division` parameter to control this behavior.
  _warn_prf(average, modifier, msg_start, len(result))

2023-11-23 20:35:08,934 [INFO] Fitted model for WESAD dataset, classifier: cnnM, setup: it_01, iteration: tune_07
INFO:mylogger:Fitted model for WESAD dataset, classifier: cnnM, setup: it_01, iteration: tune_07
2023-11-23 20:35:08,935 [INFO] Finished experiment for WESAD dataset, classifier: cnnM, setup: it_01, iteration: tune_07
INFO:mylogger:Finished experiment for WESAD dataset, classifier: cnnM, setup: it_01, iteration: tune_07
2023-11-23 20:35:09,171 [INFO] Experiment for WESAD dataset, classifier: cnnM, setup: it_02, iteration: tune_07
INFO:mylogger:Experiment for WESAD dataset, classifier: cnnM, setup: it_02, iteration: tune_07
2023-11-23 20:35:09,172 [INFO] Created model for WESAD dataset, classifier: cnnM, setup: it_02, iteration: tune_07
INFO:mylogger:Created model for WESAD dataset, classifier: cnnM, setup: it_02, iteration: tune_07
2023-11-23 20:35:09,172 [INFO] Fitting model
INFO:mylogger:Fitting model
2023-11-23 20:35:45,141 [INFO] Loading weights and predicting
INFO:mylogger:Loading weights and predicting
/u/alkurdi/.conda/envs/TFwesad/lib/python3.8/site-packages/sklearn/metrics/_classification.py:1334: UndefinedMetricWarning: Precision is ill-defined and being set to 0.0 in labels with no predicted samples. Use `zero_division` parameter to control this behavior.
  _warn_prf(average, modifier, msg_start, len(result))

2023-11-23 20:35:45,376 [INFO] Fitted model for WESAD dataset, classifier: cnnM, setup: it_02, iteration: tune_07
INFO:mylogger:Fitted model for WESAD dataset, classifier: cnnM, setup: it_02, iteration: tune_07
2023-11-23 20:35:45,377 [INFO] Finished experiment for WESAD dataset, classifier: cnnM, setup: it_02, iteration: tune_07
INFO:mylogger:Finished experiment for WESAD dataset, classifier: cnnM, setup: it_02, iteration: tune_07
2023-11-23 20:35:45,617 [INFO] Experiment for WESAD dataset, classifier: cnnM, setup: it_03, iteration: tune_07
INFO:mylogger:Experiment for WESAD dataset, classifier: cnnM, setup: it_03, iteration: tune_07
2023-11-23 20:35:45,618 [INFO] Created model for WESAD dataset, classifier: cnnM, setup: it_03, iteration: tune_07
INFO:mylogger:Created model for WESAD dataset, classifier: cnnM, setup: it_03, iteration: tune_07
2023-11-23 20:35:45,618 [INFO] Fitting model
INFO:mylogger:Fitting model
2023-11-23 20:36:22,220 [INFO] Loading weights and predicting
INFO:mylogger:Loading weights and predicting
/u/alkurdi/.conda/envs/TFwesad/lib/python3.8/site-packages/sklearn/metrics/_classification.py:1334: UndefinedMetricWarning: Precision is ill-defined and being set to 0.0 in labels with no predicted samples. Use `zero_division` parameter to control this behavior.
  _warn_prf(average, modifier, msg_start, len(result))

2023-11-23 20:36:22,459 [INFO] Fitted model for WESAD dataset, classifier: cnnM, setup: it_03, iteration: tune_07
INFO:mylogger:Fitted model for WESAD dataset, classifier: cnnM, setup: it_03, iteration: tune_07
2023-11-23 20:36:22,460 [INFO] Finished experiment for WESAD dataset, classifier: cnnM, setup: it_03, iteration: tune_07
INFO:mylogger:Finished experiment for WESAD dataset, classifier: cnnM, setup: it_03, iteration: tune_07
2023-11-23 20:36:22,703 [INFO] Experiment for WESAD dataset, classifier: cnnM, setup: it_04, iteration: tune_07
INFO:mylogger:Experiment for WESAD dataset, classifier: cnnM, setup: it_04, iteration: tune_07
2023-11-23 20:36:22,704 [INFO] Created model for WESAD dataset, classifier: cnnM, setup: it_04, iteration: tune_07
INFO:mylogger:Created model for WESAD dataset, classifier: cnnM, setup: it_04, iteration: tune_07
2023-11-23 20:36:22,704 [INFO] Fitting model
INFO:mylogger:Fitting model
2023-11-23 20:37:00,857 [INFO] Loading weights and predicting
INFO:mylogger:Loading weights and predicting
/u/alkurdi/.conda/envs/TFwesad/lib/python3.8/site-packages/sklearn/metrics/_classification.py:1334: UndefinedMetricWarning: Precision is ill-defined and being set to 0.0 in labels with no predicted samples. Use `zero_division` parameter to control this behavior.
  _warn_prf(average, modifier, msg_start, len(result))

2023-11-23 20:37:01,090 [INFO] Fitted model for WESAD dataset, classifier: cnnM, setup: it_04, iteration: tune_07
INFO:mylogger:Fitted model for WESAD dataset, classifier: cnnM, setup: it_04, iteration: tune_07
2023-11-23 20:37:01,091 [INFO] Finished experiment for WESAD dataset, classifier: cnnM, setup: it_04, iteration: tune_07
INFO:mylogger:Finished experiment for WESAD dataset, classifier: cnnM, setup: it_04, iteration: tune_07
2023-11-23 20:37:01,091 [INFO] GPU 0 was released by cnnM, tune_07.
INFO:mylogger:GPU 0 was released by cnnM, tune_07.
Done
Thu Nov 23 20:37:06 CST 2023
