
Currently Loaded Modules:
  1) cue-login-env/1.0   3) ucx/1.11.2      5) cuda/11.6.1   7) default
  2) gcc/11.2.0          4) openmpi/4.1.2   6) modtree/gpu

 

job is starting on gpub098.delta.ncsa.illinois.edu
dataset=wesad
clas=mcdcnnM
max_eval=8
CUDA_VISIBLE_DEVICES=0
 
 ******************************
 ******* i_fold=00 *******
 ******************************
 
Thu Nov 23 13:06:35 CST 2023
WARNING:tensorflow:Deprecation warnings have been disabled. Set TF_ENABLE_DEPRECATION_WARNINGS=1 to re-enable them.
WARNING:root:Limited tf.compat.v2.summary API due to missing TensorBoard installation.
Using TensorFlow backend.
2023-11-23 13:06:40,618 [INFO] Loading data for subjects [4, 3, 13] and channels (0, 1, 2, 3, 4, 5, 6, 7, 8, 9, 10)
INFO:mylogger:Loading data for subjects [4, 3, 13] and channels (0, 1, 2, 3, 4, 5, 6, 7, 8, 9, 10)
2023-11-23 13:06:40,643 [INFO] Finished loading data for subjects [4, 3, 13] and channels (0, 1, 2, 3, 4, 5, 6, 7, 8, 9, 10)
INFO:mylogger:Finished loading data for subjects [4, 3, 13] and channels (0, 1, 2, 3, 4, 5, 6, 7, 8, 9, 10)
2023-11-23 13:06:40,644 [INFO] Loading data for subjects [10, 17, 2] and channels (0, 1, 2, 3, 4, 5, 6, 7, 8, 9, 10)
INFO:mylogger:Loading data for subjects [10, 17, 2] and channels (0, 1, 2, 3, 4, 5, 6, 7, 8, 9, 10)
2023-11-23 13:06:40,666 [INFO] Finished loading data for subjects [10, 17, 2] and channels (0, 1, 2, 3, 4, 5, 6, 7, 8, 9, 10)
INFO:mylogger:Finished loading data for subjects [10, 17, 2] and channels (0, 1, 2, 3, 4, 5, 6, 7, 8, 9, 10)
2023-11-23 13:06:40,667 [INFO] Loading data for subjects [5, 16, 15, 8, 9, 7, 14, 6, 11] and channels (0, 1, 2, 3, 4, 5, 6, 7, 8, 9, 10)
INFO:mylogger:Loading data for subjects [5, 16, 15, 8, 9, 7, 14, 6, 11] and channels (0, 1, 2, 3, 4, 5, 6, 7, 8, 9, 10)
2023-11-23 13:06:40,734 [INFO] Finished loading data for subjects [5, 16, 15, 8, 9, 7, 14, 6, 11] and channels (0, 1, 2, 3, 4, 5, 6, 7, 8, 9, 10)
INFO:mylogger:Finished loading data for subjects [5, 16, 15, 8, 9, 7, 14, 6, 11] and channels (0, 1, 2, 3, 4, 5, 6, 7, 8, 9, 10)
2023-11-23 13:06:40,760 [INFO] Loading data for subjects [4, 3, 13] and channels (0, 1, 2, 3, 4, 5, 6, 7, 8, 9, 10)
INFO:mylogger:Loading data for subjects [4, 3, 13] and channels (0, 1, 2, 3, 4, 5, 6, 7, 8, 9, 10)
2023-11-23 13:06:40,779 [INFO] Finished loading data for subjects [4, 3, 13] and channels (0, 1, 2, 3, 4, 5, 6, 7, 8, 9, 10)
INFO:mylogger:Finished loading data for subjects [4, 3, 13] and channels (0, 1, 2, 3, 4, 5, 6, 7, 8, 9, 10)
2023-11-23 13:06:40,780 [INFO] Loading data for subjects [10, 17, 2] and channels (0, 1, 2, 3, 4, 5, 6, 7, 8, 9, 10)
INFO:mylogger:Loading data for subjects [10, 17, 2] and channels (0, 1, 2, 3, 4, 5, 6, 7, 8, 9, 10)
2023-11-23 13:06:40,798 [INFO] Finished loading data for subjects [10, 17, 2] and channels (0, 1, 2, 3, 4, 5, 6, 7, 8, 9, 10)
INFO:mylogger:Finished loading data for subjects [10, 17, 2] and channels (0, 1, 2, 3, 4, 5, 6, 7, 8, 9, 10)
2023-11-23 13:06:40,799 [INFO] Loading data for subjects [5, 16, 15, 8, 9, 7, 14, 6, 11] and channels (0, 1, 2, 3, 4, 5, 6, 7, 8, 9, 10)
INFO:mylogger:Loading data for subjects [5, 16, 15, 8, 9, 7, 14, 6, 11] and channels (0, 1, 2, 3, 4, 5, 6, 7, 8, 9, 10)
2023-11-23 13:06:40,860 [INFO] Finished loading data for subjects [5, 16, 15, 8, 9, 7, 14, 6, 11] and channels (0, 1, 2, 3, 4, 5, 6, 7, 8, 9, 10)
INFO:mylogger:Finished loading data for subjects [5, 16, 15, 8, 9, 7, 14, 6, 11] and channels (0, 1, 2, 3, 4, 5, 6, 7, 8, 9, 10)
2023-11-23 13:06:40,886 [INFO] Loading data for subjects [4, 3, 13] and channels (0, 1, 2, 3, 4, 5, 6, 7, 8, 9, 10)
INFO:mylogger:Loading data for subjects [4, 3, 13] and channels (0, 1, 2, 3, 4, 5, 6, 7, 8, 9, 10)
2023-11-23 13:06:40,906 [INFO] Finished loading data for subjects [4, 3, 13] and channels (0, 1, 2, 3, 4, 5, 6, 7, 8, 9, 10)
INFO:mylogger:Finished loading data for subjects [4, 3, 13] and channels (0, 1, 2, 3, 4, 5, 6, 7, 8, 9, 10)
2023-11-23 13:06:40,906 [INFO] Loading data for subjects [10, 17, 2] and channels (0, 1, 2, 3, 4, 5, 6, 7, 8, 9, 10)
INFO:mylogger:Loading data for subjects [10, 17, 2] and channels (0, 1, 2, 3, 4, 5, 6, 7, 8, 9, 10)
2023-11-23 13:06:40,923 [INFO] Finished loading data for subjects [10, 17, 2] and channels (0, 1, 2, 3, 4, 5, 6, 7, 8, 9, 10)
INFO:mylogger:Finished loading data for subjects [10, 17, 2] and channels (0, 1, 2, 3, 4, 5, 6, 7, 8, 9, 10)
2023-11-23 13:06:40,924 [INFO] Loading data for subjects [5, 16, 15, 8, 9, 7, 14, 6, 11] and channels (0, 1, 2, 3, 4, 5, 6, 7, 8, 9, 10)
INFO:mylogger:Loading data for subjects [5, 16, 15, 8, 9, 7, 14, 6, 11] and channels (0, 1, 2, 3, 4, 5, 6, 7, 8, 9, 10)
2023-11-23 13:06:40,986 [INFO] Finished loading data for subjects [5, 16, 15, 8, 9, 7, 14, 6, 11] and channels (0, 1, 2, 3, 4, 5, 6, 7, 8, 9, 10)
INFO:mylogger:Finished loading data for subjects [5, 16, 15, 8, 9, 7, 14, 6, 11] and channels (0, 1, 2, 3, 4, 5, 6, 7, 8, 9, 10)
2023-11-23 13:06:41,012 [INFO] Loading data for subjects [4, 3, 13] and channels (0, 1, 2, 3, 4, 5, 6, 7, 8, 9, 10)
INFO:mylogger:Loading data for subjects [4, 3, 13] and channels (0, 1, 2, 3, 4, 5, 6, 7, 8, 9, 10)
2023-11-23 13:06:41,030 [INFO] Finished loading data for subjects [4, 3, 13] and channels (0, 1, 2, 3, 4, 5, 6, 7, 8, 9, 10)
INFO:mylogger:Finished loading data for subjects [4, 3, 13] and channels (0, 1, 2, 3, 4, 5, 6, 7, 8, 9, 10)
2023-11-23 13:06:41,030 [INFO] Loading data for subjects [10, 17, 2] and channels (0, 1, 2, 3, 4, 5, 6, 7, 8, 9, 10)
INFO:mylogger:Loading data for subjects [10, 17, 2] and channels (0, 1, 2, 3, 4, 5, 6, 7, 8, 9, 10)
2023-11-23 13:06:41,047 [INFO] Finished loading data for subjects [10, 17, 2] and channels (0, 1, 2, 3, 4, 5, 6, 7, 8, 9, 10)
INFO:mylogger:Finished loading data for subjects [10, 17, 2] and channels (0, 1, 2, 3, 4, 5, 6, 7, 8, 9, 10)
2023-11-23 13:06:41,048 [INFO] Loading data for subjects [5, 16, 15, 8, 9, 7, 14, 6, 11] and channels (0, 1, 2, 3, 4, 5, 6, 7, 8, 9, 10)
INFO:mylogger:Loading data for subjects [5, 16, 15, 8, 9, 7, 14, 6, 11] and channels (0, 1, 2, 3, 4, 5, 6, 7, 8, 9, 10)
2023-11-23 13:06:41,110 [INFO] Finished loading data for subjects [5, 16, 15, 8, 9, 7, 14, 6, 11] and channels (0, 1, 2, 3, 4, 5, 6, 7, 8, 9, 10)
INFO:mylogger:Finished loading data for subjects [5, 16, 15, 8, 9, 7, 14, 6, 11] and channels (0, 1, 2, 3, 4, 5, 6, 7, 8, 9, 10)
2023-11-23 13:06:41,134 [INFO] Loading data for subjects [4, 3, 13] and channels (0, 1, 2, 3, 4, 5, 6, 7, 8, 9, 10)
INFO:mylogger:Loading data for subjects [4, 3, 13] and channels (0, 1, 2, 3, 4, 5, 6, 7, 8, 9, 10)
2023-11-23 13:06:41,155 [INFO] Finished loading data for subjects [4, 3, 13] and channels (0, 1, 2, 3, 4, 5, 6, 7, 8, 9, 10)
INFO:mylogger:Finished loading data for subjects [4, 3, 13] and channels (0, 1, 2, 3, 4, 5, 6, 7, 8, 9, 10)
2023-11-23 13:06:41,156 [INFO] Loading data for subjects [10, 17, 2] and channels (0, 1, 2, 3, 4, 5, 6, 7, 8, 9, 10)
INFO:mylogger:Loading data for subjects [10, 17, 2] and channels (0, 1, 2, 3, 4, 5, 6, 7, 8, 9, 10)
2023-11-23 13:06:41,174 [INFO] Finished loading data for subjects [10, 17, 2] and channels (0, 1, 2, 3, 4, 5, 6, 7, 8, 9, 10)
INFO:mylogger:Finished loading data for subjects [10, 17, 2] and channels (0, 1, 2, 3, 4, 5, 6, 7, 8, 9, 10)
2023-11-23 13:06:41,174 [INFO] Loading data for subjects [5, 16, 15, 8, 9, 7, 14, 6, 11] and channels (0, 1, 2, 3, 4, 5, 6, 7, 8, 9, 10)
INFO:mylogger:Loading data for subjects [5, 16, 15, 8, 9, 7, 14, 6, 11] and channels (0, 1, 2, 3, 4, 5, 6, 7, 8, 9, 10)
2023-11-23 13:06:41,236 [INFO] Finished loading data for subjects [5, 16, 15, 8, 9, 7, 14, 6, 11] and channels (0, 1, 2, 3, 4, 5, 6, 7, 8, 9, 10)
INFO:mylogger:Finished loading data for subjects [5, 16, 15, 8, 9, 7, 14, 6, 11] and channels (0, 1, 2, 3, 4, 5, 6, 7, 8, 9, 10)
2023-11-23 13:06:41,263 [INFO] Tuning of mcdcnnM, max_evals: 8
INFO:mylogger:Tuning of mcdcnnM, max_evals: 8
2023-11-23 13:06:41,264 [INFO] Tuning of mcdcnnM (max_evals: 8) is being performed by another process
INFO:mylogger:Tuning of mcdcnnM (max_evals: 8) is being performed by another process
 
 ******************************
 ******* i_fold=01 *******
 ******************************
 
Thu Nov 23 13:06:41 CST 2023
WARNING:tensorflow:Deprecation warnings have been disabled. Set TF_ENABLE_DEPRECATION_WARNINGS=1 to re-enable them.
WARNING:root:Limited tf.compat.v2.summary API due to missing TensorBoard installation.
Using TensorFlow backend.
2023-11-23 13:06:46,088 [INFO] Loading data for subjects [5, 8, 7] and channels (0, 1, 2, 3, 4, 5, 6, 7, 8, 9, 10)
INFO:mylogger:Loading data for subjects [5, 8, 7] and channels (0, 1, 2, 3, 4, 5, 6, 7, 8, 9, 10)
2023-11-23 13:06:46,115 [INFO] Finished loading data for subjects [5, 8, 7] and channels (0, 1, 2, 3, 4, 5, 6, 7, 8, 9, 10)
INFO:mylogger:Finished loading data for subjects [5, 8, 7] and channels (0, 1, 2, 3, 4, 5, 6, 7, 8, 9, 10)
2023-11-23 13:06:46,116 [INFO] Loading data for subjects [13, 16, 14] and channels (0, 1, 2, 3, 4, 5, 6, 7, 8, 9, 10)
INFO:mylogger:Loading data for subjects [13, 16, 14] and channels (0, 1, 2, 3, 4, 5, 6, 7, 8, 9, 10)
2023-11-23 13:06:46,142 [INFO] Finished loading data for subjects [13, 16, 14] and channels (0, 1, 2, 3, 4, 5, 6, 7, 8, 9, 10)
INFO:mylogger:Finished loading data for subjects [13, 16, 14] and channels (0, 1, 2, 3, 4, 5, 6, 7, 8, 9, 10)
2023-11-23 13:06:46,143 [INFO] Loading data for subjects [4, 15, 17, 3, 9, 2, 10, 6, 11] and channels (0, 1, 2, 3, 4, 5, 6, 7, 8, 9, 10)
INFO:mylogger:Loading data for subjects [4, 15, 17, 3, 9, 2, 10, 6, 11] and channels (0, 1, 2, 3, 4, 5, 6, 7, 8, 9, 10)
2023-11-23 13:06:46,213 [INFO] Finished loading data for subjects [4, 15, 17, 3, 9, 2, 10, 6, 11] and channels (0, 1, 2, 3, 4, 5, 6, 7, 8, 9, 10)
INFO:mylogger:Finished loading data for subjects [4, 15, 17, 3, 9, 2, 10, 6, 11] and channels (0, 1, 2, 3, 4, 5, 6, 7, 8, 9, 10)
2023-11-23 13:06:46,235 [INFO] Loading data for subjects [5, 8, 7] and channels (0, 1, 2, 3, 4, 5, 6, 7, 8, 9, 10)
INFO:mylogger:Loading data for subjects [5, 8, 7] and channels (0, 1, 2, 3, 4, 5, 6, 7, 8, 9, 10)
2023-11-23 13:06:46,257 [INFO] Finished loading data for subjects [5, 8, 7] and channels (0, 1, 2, 3, 4, 5, 6, 7, 8, 9, 10)
INFO:mylogger:Finished loading data for subjects [5, 8, 7] and channels (0, 1, 2, 3, 4, 5, 6, 7, 8, 9, 10)
2023-11-23 13:06:46,258 [INFO] Loading data for subjects [13, 16, 14] and channels (0, 1, 2, 3, 4, 5, 6, 7, 8, 9, 10)
INFO:mylogger:Loading data for subjects [13, 16, 14] and channels (0, 1, 2, 3, 4, 5, 6, 7, 8, 9, 10)
2023-11-23 13:06:46,278 [INFO] Finished loading data for subjects [13, 16, 14] and channels (0, 1, 2, 3, 4, 5, 6, 7, 8, 9, 10)
INFO:mylogger:Finished loading data for subjects [13, 16, 14] and channels (0, 1, 2, 3, 4, 5, 6, 7, 8, 9, 10)
2023-11-23 13:06:46,279 [INFO] Loading data for subjects [4, 15, 17, 3, 9, 2, 10, 6, 11] and channels (0, 1, 2, 3, 4, 5, 6, 7, 8, 9, 10)
INFO:mylogger:Loading data for subjects [4, 15, 17, 3, 9, 2, 10, 6, 11] and channels (0, 1, 2, 3, 4, 5, 6, 7, 8, 9, 10)
2023-11-23 13:06:46,344 [INFO] Finished loading data for subjects [4, 15, 17, 3, 9, 2, 10, 6, 11] and channels (0, 1, 2, 3, 4, 5, 6, 7, 8, 9, 10)
INFO:mylogger:Finished loading data for subjects [4, 15, 17, 3, 9, 2, 10, 6, 11] and channels (0, 1, 2, 3, 4, 5, 6, 7, 8, 9, 10)
2023-11-23 13:06:46,366 [INFO] Loading data for subjects [5, 8, 7] and channels (0, 1, 2, 3, 4, 5, 6, 7, 8, 9, 10)
INFO:mylogger:Loading data for subjects [5, 8, 7] and channels (0, 1, 2, 3, 4, 5, 6, 7, 8, 9, 10)
2023-11-23 13:06:46,387 [INFO] Finished loading data for subjects [5, 8, 7] and channels (0, 1, 2, 3, 4, 5, 6, 7, 8, 9, 10)
INFO:mylogger:Finished loading data for subjects [5, 8, 7] and channels (0, 1, 2, 3, 4, 5, 6, 7, 8, 9, 10)
2023-11-23 13:06:46,388 [INFO] Loading data for subjects [13, 16, 14] and channels (0, 1, 2, 3, 4, 5, 6, 7, 8, 9, 10)
INFO:mylogger:Loading data for subjects [13, 16, 14] and channels (0, 1, 2, 3, 4, 5, 6, 7, 8, 9, 10)
2023-11-23 13:06:46,408 [INFO] Finished loading data for subjects [13, 16, 14] and channels (0, 1, 2, 3, 4, 5, 6, 7, 8, 9, 10)
INFO:mylogger:Finished loading data for subjects [13, 16, 14] and channels (0, 1, 2, 3, 4, 5, 6, 7, 8, 9, 10)
2023-11-23 13:06:46,409 [INFO] Loading data for subjects [4, 15, 17, 3, 9, 2, 10, 6, 11] and channels (0, 1, 2, 3, 4, 5, 6, 7, 8, 9, 10)
INFO:mylogger:Loading data for subjects [4, 15, 17, 3, 9, 2, 10, 6, 11] and channels (0, 1, 2, 3, 4, 5, 6, 7, 8, 9, 10)
2023-11-23 13:06:46,475 [INFO] Finished loading data for subjects [4, 15, 17, 3, 9, 2, 10, 6, 11] and channels (0, 1, 2, 3, 4, 5, 6, 7, 8, 9, 10)
INFO:mylogger:Finished loading data for subjects [4, 15, 17, 3, 9, 2, 10, 6, 11] and channels (0, 1, 2, 3, 4, 5, 6, 7, 8, 9, 10)
2023-11-23 13:06:46,497 [INFO] Loading data for subjects [5, 8, 7] and channels (0, 1, 2, 3, 4, 5, 6, 7, 8, 9, 10)
INFO:mylogger:Loading data for subjects [5, 8, 7] and channels (0, 1, 2, 3, 4, 5, 6, 7, 8, 9, 10)
2023-11-23 13:06:46,517 [INFO] Finished loading data for subjects [5, 8, 7] and channels (0, 1, 2, 3, 4, 5, 6, 7, 8, 9, 10)
INFO:mylogger:Finished loading data for subjects [5, 8, 7] and channels (0, 1, 2, 3, 4, 5, 6, 7, 8, 9, 10)
2023-11-23 13:06:46,518 [INFO] Loading data for subjects [13, 16, 14] and channels (0, 1, 2, 3, 4, 5, 6, 7, 8, 9, 10)
INFO:mylogger:Loading data for subjects [13, 16, 14] and channels (0, 1, 2, 3, 4, 5, 6, 7, 8, 9, 10)
2023-11-23 13:06:46,538 [INFO] Finished loading data for subjects [13, 16, 14] and channels (0, 1, 2, 3, 4, 5, 6, 7, 8, 9, 10)
INFO:mylogger:Finished loading data for subjects [13, 16, 14] and channels (0, 1, 2, 3, 4, 5, 6, 7, 8, 9, 10)
2023-11-23 13:06:46,539 [INFO] Loading data for subjects [4, 15, 17, 3, 9, 2, 10, 6, 11] and channels (0, 1, 2, 3, 4, 5, 6, 7, 8, 9, 10)
INFO:mylogger:Loading data for subjects [4, 15, 17, 3, 9, 2, 10, 6, 11] and channels (0, 1, 2, 3, 4, 5, 6, 7, 8, 9, 10)
2023-11-23 13:06:46,603 [INFO] Finished loading data for subjects [4, 15, 17, 3, 9, 2, 10, 6, 11] and channels (0, 1, 2, 3, 4, 5, 6, 7, 8, 9, 10)
INFO:mylogger:Finished loading data for subjects [4, 15, 17, 3, 9, 2, 10, 6, 11] and channels (0, 1, 2, 3, 4, 5, 6, 7, 8, 9, 10)
2023-11-23 13:06:46,625 [INFO] Loading data for subjects [5, 8, 7] and channels (0, 1, 2, 3, 4, 5, 6, 7, 8, 9, 10)
INFO:mylogger:Loading data for subjects [5, 8, 7] and channels (0, 1, 2, 3, 4, 5, 6, 7, 8, 9, 10)
2023-11-23 13:06:46,646 [INFO] Finished loading data for subjects [5, 8, 7] and channels (0, 1, 2, 3, 4, 5, 6, 7, 8, 9, 10)
INFO:mylogger:Finished loading data for subjects [5, 8, 7] and channels (0, 1, 2, 3, 4, 5, 6, 7, 8, 9, 10)
2023-11-23 13:06:46,648 [INFO] Loading data for subjects [13, 16, 14] and channels (0, 1, 2, 3, 4, 5, 6, 7, 8, 9, 10)
INFO:mylogger:Loading data for subjects [13, 16, 14] and channels (0, 1, 2, 3, 4, 5, 6, 7, 8, 9, 10)
2023-11-23 13:06:46,667 [INFO] Finished loading data for subjects [13, 16, 14] and channels (0, 1, 2, 3, 4, 5, 6, 7, 8, 9, 10)
INFO:mylogger:Finished loading data for subjects [13, 16, 14] and channels (0, 1, 2, 3, 4, 5, 6, 7, 8, 9, 10)
2023-11-23 13:06:46,669 [INFO] Loading data for subjects [4, 15, 17, 3, 9, 2, 10, 6, 11] and channels (0, 1, 2, 3, 4, 5, 6, 7, 8, 9, 10)
INFO:mylogger:Loading data for subjects [4, 15, 17, 3, 9, 2, 10, 6, 11] and channels (0, 1, 2, 3, 4, 5, 6, 7, 8, 9, 10)
2023-11-23 13:06:46,735 [INFO] Finished loading data for subjects [4, 15, 17, 3, 9, 2, 10, 6, 11] and channels (0, 1, 2, 3, 4, 5, 6, 7, 8, 9, 10)
INFO:mylogger:Finished loading data for subjects [4, 15, 17, 3, 9, 2, 10, 6, 11] and channels (0, 1, 2, 3, 4, 5, 6, 7, 8, 9, 10)
2023-11-23 13:06:46,758 [INFO] Tuning of mcdcnnM, max_evals: 8
INFO:mylogger:Tuning of mcdcnnM, max_evals: 8
 
 ******************************
 ******* i_fold=02 *******
 ******************************
 
Thu Nov 23 13:06:47 CST 2023
WARNING:tensorflow:Deprecation warnings have been disabled. Set TF_ENABLE_DEPRECATION_WARNINGS=1 to re-enable them.
WARNING:root:Limited tf.compat.v2.summary API due to missing TensorBoard installation.
Using TensorFlow backend.
2023-11-23 13:06:51,628 [INFO] Loading data for subjects [16, 9, 14] and channels (0, 1, 2, 3, 4, 5, 6, 7, 8, 9, 10)
INFO:mylogger:Loading data for subjects [16, 9, 14] and channels (0, 1, 2, 3, 4, 5, 6, 7, 8, 9, 10)
2023-11-23 13:06:51,654 [INFO] Finished loading data for subjects [16, 9, 14] and channels (0, 1, 2, 3, 4, 5, 6, 7, 8, 9, 10)
INFO:mylogger:Finished loading data for subjects [16, 9, 14] and channels (0, 1, 2, 3, 4, 5, 6, 7, 8, 9, 10)
2023-11-23 13:06:51,654 [INFO] Loading data for subjects [17, 4, 11] and channels (0, 1, 2, 3, 4, 5, 6, 7, 8, 9, 10)
INFO:mylogger:Loading data for subjects [17, 4, 11] and channels (0, 1, 2, 3, 4, 5, 6, 7, 8, 9, 10)
2023-11-23 13:06:51,679 [INFO] Finished loading data for subjects [17, 4, 11] and channels (0, 1, 2, 3, 4, 5, 6, 7, 8, 9, 10)
INFO:mylogger:Finished loading data for subjects [17, 4, 11] and channels (0, 1, 2, 3, 4, 5, 6, 7, 8, 9, 10)
2023-11-23 13:06:51,680 [INFO] Loading data for subjects [5, 15, 3, 8, 2, 10, 13, 7, 6] and channels (0, 1, 2, 3, 4, 5, 6, 7, 8, 9, 10)
INFO:mylogger:Loading data for subjects [5, 15, 3, 8, 2, 10, 13, 7, 6] and channels (0, 1, 2, 3, 4, 5, 6, 7, 8, 9, 10)
2023-11-23 13:06:51,750 [INFO] Finished loading data for subjects [5, 15, 3, 8, 2, 10, 13, 7, 6] and channels (0, 1, 2, 3, 4, 5, 6, 7, 8, 9, 10)
INFO:mylogger:Finished loading data for subjects [5, 15, 3, 8, 2, 10, 13, 7, 6] and channels (0, 1, 2, 3, 4, 5, 6, 7, 8, 9, 10)
2023-11-23 13:06:51,773 [INFO] Loading data for subjects [16, 9, 14] and channels (0, 1, 2, 3, 4, 5, 6, 7, 8, 9, 10)
INFO:mylogger:Loading data for subjects [16, 9, 14] and channels (0, 1, 2, 3, 4, 5, 6, 7, 8, 9, 10)
2023-11-23 13:06:51,794 [INFO] Finished loading data for subjects [16, 9, 14] and channels (0, 1, 2, 3, 4, 5, 6, 7, 8, 9, 10)
INFO:mylogger:Finished loading data for subjects [16, 9, 14] and channels (0, 1, 2, 3, 4, 5, 6, 7, 8, 9, 10)
2023-11-23 13:06:51,794 [INFO] Loading data for subjects [17, 4, 11] and channels (0, 1, 2, 3, 4, 5, 6, 7, 8, 9, 10)
INFO:mylogger:Loading data for subjects [17, 4, 11] and channels (0, 1, 2, 3, 4, 5, 6, 7, 8, 9, 10)
2023-11-23 13:06:51,814 [INFO] Finished loading data for subjects [17, 4, 11] and channels (0, 1, 2, 3, 4, 5, 6, 7, 8, 9, 10)
INFO:mylogger:Finished loading data for subjects [17, 4, 11] and channels (0, 1, 2, 3, 4, 5, 6, 7, 8, 9, 10)
2023-11-23 13:06:51,814 [INFO] Loading data for subjects [5, 15, 3, 8, 2, 10, 13, 7, 6] and channels (0, 1, 2, 3, 4, 5, 6, 7, 8, 9, 10)
INFO:mylogger:Loading data for subjects [5, 15, 3, 8, 2, 10, 13, 7, 6] and channels (0, 1, 2, 3, 4, 5, 6, 7, 8, 9, 10)
2023-11-23 13:06:51,882 [INFO] Finished loading data for subjects [5, 15, 3, 8, 2, 10, 13, 7, 6] and channels (0, 1, 2, 3, 4, 5, 6, 7, 8, 9, 10)
INFO:mylogger:Finished loading data for subjects [5, 15, 3, 8, 2, 10, 13, 7, 6] and channels (0, 1, 2, 3, 4, 5, 6, 7, 8, 9, 10)
2023-11-23 13:06:51,903 [INFO] Loading data for subjects [16, 9, 14] and channels (0, 1, 2, 3, 4, 5, 6, 7, 8, 9, 10)
INFO:mylogger:Loading data for subjects [16, 9, 14] and channels (0, 1, 2, 3, 4, 5, 6, 7, 8, 9, 10)
2023-11-23 13:06:51,923 [INFO] Finished loading data for subjects [16, 9, 14] and channels (0, 1, 2, 3, 4, 5, 6, 7, 8, 9, 10)
INFO:mylogger:Finished loading data for subjects [16, 9, 14] and channels (0, 1, 2, 3, 4, 5, 6, 7, 8, 9, 10)
2023-11-23 13:06:51,923 [INFO] Loading data for subjects [17, 4, 11] and channels (0, 1, 2, 3, 4, 5, 6, 7, 8, 9, 10)
INFO:mylogger:Loading data for subjects [17, 4, 11] and channels (0, 1, 2, 3, 4, 5, 6, 7, 8, 9, 10)
2023-11-23 13:06:51,942 [INFO] Finished loading data for subjects [17, 4, 11] and channels (0, 1, 2, 3, 4, 5, 6, 7, 8, 9, 10)
INFO:mylogger:Finished loading data for subjects [17, 4, 11] and channels (0, 1, 2, 3, 4, 5, 6, 7, 8, 9, 10)
2023-11-23 13:06:51,942 [INFO] Loading data for subjects [5, 15, 3, 8, 2, 10, 13, 7, 6] and channels (0, 1, 2, 3, 4, 5, 6, 7, 8, 9, 10)
INFO:mylogger:Loading data for subjects [5, 15, 3, 8, 2, 10, 13, 7, 6] and channels (0, 1, 2, 3, 4, 5, 6, 7, 8, 9, 10)
2023-11-23 13:06:52,011 [INFO] Finished loading data for subjects [5, 15, 3, 8, 2, 10, 13, 7, 6] and channels (0, 1, 2, 3, 4, 5, 6, 7, 8, 9, 10)
INFO:mylogger:Finished loading data for subjects [5, 15, 3, 8, 2, 10, 13, 7, 6] and channels (0, 1, 2, 3, 4, 5, 6, 7, 8, 9, 10)
2023-11-23 13:06:52,032 [INFO] Loading data for subjects [16, 9, 14] and channels (0, 1, 2, 3, 4, 5, 6, 7, 8, 9, 10)
INFO:mylogger:Loading data for subjects [16, 9, 14] and channels (0, 1, 2, 3, 4, 5, 6, 7, 8, 9, 10)
2023-11-23 13:06:52,052 [INFO] Finished loading data for subjects [16, 9, 14] and channels (0, 1, 2, 3, 4, 5, 6, 7, 8, 9, 10)
INFO:mylogger:Finished loading data for subjects [16, 9, 14] and channels (0, 1, 2, 3, 4, 5, 6, 7, 8, 9, 10)
2023-11-23 13:06:52,052 [INFO] Loading data for subjects [17, 4, 11] and channels (0, 1, 2, 3, 4, 5, 6, 7, 8, 9, 10)
INFO:mylogger:Loading data for subjects [17, 4, 11] and channels (0, 1, 2, 3, 4, 5, 6, 7, 8, 9, 10)
2023-11-23 13:06:52,071 [INFO] Finished loading data for subjects [17, 4, 11] and channels (0, 1, 2, 3, 4, 5, 6, 7, 8, 9, 10)
INFO:mylogger:Finished loading data for subjects [17, 4, 11] and channels (0, 1, 2, 3, 4, 5, 6, 7, 8, 9, 10)
2023-11-23 13:06:52,072 [INFO] Loading data for subjects [5, 15, 3, 8, 2, 10, 13, 7, 6] and channels (0, 1, 2, 3, 4, 5, 6, 7, 8, 9, 10)
INFO:mylogger:Loading data for subjects [5, 15, 3, 8, 2, 10, 13, 7, 6] and channels (0, 1, 2, 3, 4, 5, 6, 7, 8, 9, 10)
2023-11-23 13:06:52,139 [INFO] Finished loading data for subjects [5, 15, 3, 8, 2, 10, 13, 7, 6] and channels (0, 1, 2, 3, 4, 5, 6, 7, 8, 9, 10)
INFO:mylogger:Finished loading data for subjects [5, 15, 3, 8, 2, 10, 13, 7, 6] and channels (0, 1, 2, 3, 4, 5, 6, 7, 8, 9, 10)
2023-11-23 13:06:52,159 [INFO] Loading data for subjects [16, 9, 14] and channels (0, 1, 2, 3, 4, 5, 6, 7, 8, 9, 10)
INFO:mylogger:Loading data for subjects [16, 9, 14] and channels (0, 1, 2, 3, 4, 5, 6, 7, 8, 9, 10)
2023-11-23 13:06:52,180 [INFO] Finished loading data for subjects [16, 9, 14] and channels (0, 1, 2, 3, 4, 5, 6, 7, 8, 9, 10)
INFO:mylogger:Finished loading data for subjects [16, 9, 14] and channels (0, 1, 2, 3, 4, 5, 6, 7, 8, 9, 10)
2023-11-23 13:06:52,180 [INFO] Loading data for subjects [17, 4, 11] and channels (0, 1, 2, 3, 4, 5, 6, 7, 8, 9, 10)
INFO:mylogger:Loading data for subjects [17, 4, 11] and channels (0, 1, 2, 3, 4, 5, 6, 7, 8, 9, 10)
2023-11-23 13:06:52,200 [INFO] Finished loading data for subjects [17, 4, 11] and channels (0, 1, 2, 3, 4, 5, 6, 7, 8, 9, 10)
INFO:mylogger:Finished loading data for subjects [17, 4, 11] and channels (0, 1, 2, 3, 4, 5, 6, 7, 8, 9, 10)
2023-11-23 13:06:52,200 [INFO] Loading data for subjects [5, 15, 3, 8, 2, 10, 13, 7, 6] and channels (0, 1, 2, 3, 4, 5, 6, 7, 8, 9, 10)
INFO:mylogger:Loading data for subjects [5, 15, 3, 8, 2, 10, 13, 7, 6] and channels (0, 1, 2, 3, 4, 5, 6, 7, 8, 9, 10)
2023-11-23 13:06:52,271 [INFO] Finished loading data for subjects [5, 15, 3, 8, 2, 10, 13, 7, 6] and channels (0, 1, 2, 3, 4, 5, 6, 7, 8, 9, 10)
INFO:mylogger:Finished loading data for subjects [5, 15, 3, 8, 2, 10, 13, 7, 6] and channels (0, 1, 2, 3, 4, 5, 6, 7, 8, 9, 10)
2023-11-23 13:06:52,292 [INFO] Tuning of mcdcnnM, max_evals: 8
INFO:mylogger:Tuning of mcdcnnM, max_evals: 8
2023-11-23 13:06:52,315 [INFO] GPU 0 was taken for mcdcnnM, tune_04.
INFO:mylogger:GPU 0 was taken for mcdcnnM, tune_04.
WARNING:tensorflow:From /projects/bbnp/anxietyE2E/experiment/experiment.py:128: The name tf.global_variables_initializer is deprecated. Please use tf.compat.v1.global_variables_initializer instead.

WARNING:tensorflow:From /projects/bbnp/anxietyE2E/experiment/experiment.py:128: The name tf.global_variables_initializer is deprecated. Please use tf.compat.v1.global_variables_initializer instead.

2023-11-23 13:06:52,629 [INFO] Experiment for WESAD dataset, classifier: mcdcnnM, setup: it_00, iteration: tune_04
INFO:mylogger:Experiment for WESAD dataset, classifier: mcdcnnM, setup: it_00, iteration: tune_04
WARNING:tensorflow:From /u/alkurdi/.conda/envs/TFwesad/lib/python3.8/site-packages/keras/backend/tensorflow_backend.py:66: The name tf.get_default_graph is deprecated. Please use tf.compat.v1.get_default_graph instead.

WARNING:tensorflow:From /u/alkurdi/.conda/envs/TFwesad/lib/python3.8/site-packages/keras/backend/tensorflow_backend.py:66: The name tf.get_default_graph is deprecated. Please use tf.compat.v1.get_default_graph instead.

WARNING:tensorflow:From /u/alkurdi/.conda/envs/TFwesad/lib/python3.8/site-packages/keras/backend/tensorflow_backend.py:541: The name tf.placeholder is deprecated. Please use tf.compat.v1.placeholder instead.

WARNING:tensorflow:From /u/alkurdi/.conda/envs/TFwesad/lib/python3.8/site-packages/keras/backend/tensorflow_backend.py:541: The name tf.placeholder is deprecated. Please use tf.compat.v1.placeholder instead.

WARNING:tensorflow:From /u/alkurdi/.conda/envs/TFwesad/lib/python3.8/site-packages/keras/backend/tensorflow_backend.py:4432: The name tf.random_uniform is deprecated. Please use tf.random.uniform instead.

WARNING:tensorflow:From /u/alkurdi/.conda/envs/TFwesad/lib/python3.8/site-packages/keras/backend/tensorflow_backend.py:4432: The name tf.random_uniform is deprecated. Please use tf.random.uniform instead.

WARNING:tensorflow:From /u/alkurdi/.conda/envs/TFwesad/lib/python3.8/site-packages/keras/backend/tensorflow_backend.py:4267: The name tf.nn.max_pool is deprecated. Please use tf.nn.max_pool2d instead.

WARNING:tensorflow:From /u/alkurdi/.conda/envs/TFwesad/lib/python3.8/site-packages/keras/backend/tensorflow_backend.py:4267: The name tf.nn.max_pool is deprecated. Please use tf.nn.max_pool2d instead.

WARNING:tensorflow:From /u/alkurdi/.conda/envs/TFwesad/lib/python3.8/site-packages/keras/optimizers.py:793: The name tf.train.Optimizer is deprecated. Please use tf.compat.v1.train.Optimizer instead.

WARNING:tensorflow:From /u/alkurdi/.conda/envs/TFwesad/lib/python3.8/site-packages/keras/optimizers.py:793: The name tf.train.Optimizer is deprecated. Please use tf.compat.v1.train.Optimizer instead.

WARNING:tensorflow:From /u/alkurdi/.conda/envs/TFwesad/lib/python3.8/site-packages/keras/backend/tensorflow_backend.py:3576: The name tf.log is deprecated. Please use tf.math.log instead.

WARNING:tensorflow:From /u/alkurdi/.conda/envs/TFwesad/lib/python3.8/site-packages/keras/backend/tensorflow_backend.py:3576: The name tf.log is deprecated. Please use tf.math.log instead.

2023-11-23 13:06:52,974 [INFO] Created model for WESAD dataset, classifier: mcdcnnM, setup: it_00, iteration: tune_04
INFO:mylogger:Created model for WESAD dataset, classifier: mcdcnnM, setup: it_00, iteration: tune_04
2023-11-23 13:06:52,974 [INFO] Fitting model
INFO:mylogger:Fitting model
WARNING:tensorflow:From /u/alkurdi/.conda/envs/TFwesad/lib/python3.8/site-packages/keras/backend/tensorflow_backend.py:1033: The name tf.assign_add is deprecated. Please use tf.compat.v1.assign_add instead.

WARNING:tensorflow:From /u/alkurdi/.conda/envs/TFwesad/lib/python3.8/site-packages/keras/backend/tensorflow_backend.py:1033: The name tf.assign_add is deprecated. Please use tf.compat.v1.assign_add instead.

WARNING:tensorflow:From /u/alkurdi/.conda/envs/TFwesad/lib/python3.8/site-packages/keras/backend/tensorflow_backend.py:1020: The name tf.assign is deprecated. Please use tf.compat.v1.assign instead.

WARNING:tensorflow:From /u/alkurdi/.conda/envs/TFwesad/lib/python3.8/site-packages/keras/backend/tensorflow_backend.py:1020: The name tf.assign is deprecated. Please use tf.compat.v1.assign instead.

WARNING:tensorflow:From /u/alkurdi/.conda/envs/TFwesad/lib/python3.8/site-packages/keras/backend/tensorflow_backend.py:3005: The name tf.Session is deprecated. Please use tf.compat.v1.Session instead.

WARNING:tensorflow:From /u/alkurdi/.conda/envs/TFwesad/lib/python3.8/site-packages/keras/backend/tensorflow_backend.py:3005: The name tf.Session is deprecated. Please use tf.compat.v1.Session instead.

WARNING:tensorflow:From /u/alkurdi/.conda/envs/TFwesad/lib/python3.8/site-packages/keras/backend/tensorflow_backend.py:190: The name tf.get_default_session is deprecated. Please use tf.compat.v1.get_default_session instead.

WARNING:tensorflow:From /u/alkurdi/.conda/envs/TFwesad/lib/python3.8/site-packages/keras/backend/tensorflow_backend.py:190: The name tf.get_default_session is deprecated. Please use tf.compat.v1.get_default_session instead.

WARNING:tensorflow:From /u/alkurdi/.conda/envs/TFwesad/lib/python3.8/site-packages/keras/backend/tensorflow_backend.py:207: The name tf.global_variables is deprecated. Please use tf.compat.v1.global_variables instead.

WARNING:tensorflow:From /u/alkurdi/.conda/envs/TFwesad/lib/python3.8/site-packages/keras/backend/tensorflow_backend.py:207: The name tf.global_variables is deprecated. Please use tf.compat.v1.global_variables instead.

WARNING:tensorflow:From /u/alkurdi/.conda/envs/TFwesad/lib/python3.8/site-packages/keras/backend/tensorflow_backend.py:216: The name tf.is_variable_initialized is deprecated. Please use tf.compat.v1.is_variable_initialized instead.

WARNING:tensorflow:From /u/alkurdi/.conda/envs/TFwesad/lib/python3.8/site-packages/keras/backend/tensorflow_backend.py:216: The name tf.is_variable_initialized is deprecated. Please use tf.compat.v1.is_variable_initialized instead.

WARNING:tensorflow:From /u/alkurdi/.conda/envs/TFwesad/lib/python3.8/site-packages/keras/backend/tensorflow_backend.py:223: The name tf.variables_initializer is deprecated. Please use tf.compat.v1.variables_initializer instead.

WARNING:tensorflow:From /u/alkurdi/.conda/envs/TFwesad/lib/python3.8/site-packages/keras/backend/tensorflow_backend.py:223: The name tf.variables_initializer is deprecated. Please use tf.compat.v1.variables_initializer instead.

2023-11-23 13:07:05,465 [INFO] Loading weights and predicting
INFO:mylogger:Loading weights and predicting
/u/alkurdi/.conda/envs/TFwesad/lib/python3.8/site-packages/sklearn/metrics/_classification.py:1334: UndefinedMetricWarning: Precision is ill-defined and being set to 0.0 in labels with no predicted samples. Use `zero_division` parameter to control this behavior.
  _warn_prf(average, modifier, msg_start, len(result))

2023-11-23 13:07:07,081 [INFO] Fitted model for WESAD dataset, classifier: mcdcnnM, setup: it_00, iteration: tune_04
INFO:mylogger:Fitted model for WESAD dataset, classifier: mcdcnnM, setup: it_00, iteration: tune_04
2023-11-23 13:07:07,082 [INFO] Finished experiment for WESAD dataset, classifier: mcdcnnM, setup: it_00, iteration: tune_04
INFO:mylogger:Finished experiment for WESAD dataset, classifier: mcdcnnM, setup: it_00, iteration: tune_04
2023-11-23 13:07:07,606 [INFO] Experiment for WESAD dataset, classifier: mcdcnnM, setup: it_01, iteration: tune_04
INFO:mylogger:Experiment for WESAD dataset, classifier: mcdcnnM, setup: it_01, iteration: tune_04
2023-11-23 13:07:07,607 [INFO] Created model for WESAD dataset, classifier: mcdcnnM, setup: it_01, iteration: tune_04
INFO:mylogger:Created model for WESAD dataset, classifier: mcdcnnM, setup: it_01, iteration: tune_04
2023-11-23 13:07:07,607 [INFO] Fitting model
INFO:mylogger:Fitting model
2023-11-23 13:07:14,182 [INFO] Loading weights and predicting
INFO:mylogger:Loading weights and predicting
/u/alkurdi/.conda/envs/TFwesad/lib/python3.8/site-packages/sklearn/metrics/_classification.py:1334: UndefinedMetricWarning: Precision is ill-defined and being set to 0.0 in labels with no predicted samples. Use `zero_division` parameter to control this behavior.
  _warn_prf(average, modifier, msg_start, len(result))

2023-11-23 13:07:14,474 [INFO] Fitted model for WESAD dataset, classifier: mcdcnnM, setup: it_01, iteration: tune_04
INFO:mylogger:Fitted model for WESAD dataset, classifier: mcdcnnM, setup: it_01, iteration: tune_04
2023-11-23 13:07:14,475 [INFO] Finished experiment for WESAD dataset, classifier: mcdcnnM, setup: it_01, iteration: tune_04
INFO:mylogger:Finished experiment for WESAD dataset, classifier: mcdcnnM, setup: it_01, iteration: tune_04
2023-11-23 13:07:15,003 [INFO] Experiment for WESAD dataset, classifier: mcdcnnM, setup: it_02, iteration: tune_04
INFO:mylogger:Experiment for WESAD dataset, classifier: mcdcnnM, setup: it_02, iteration: tune_04
2023-11-23 13:07:15,004 [INFO] Created model for WESAD dataset, classifier: mcdcnnM, setup: it_02, iteration: tune_04
INFO:mylogger:Created model for WESAD dataset, classifier: mcdcnnM, setup: it_02, iteration: tune_04
2023-11-23 13:07:15,005 [INFO] Fitting model
INFO:mylogger:Fitting model
2023-11-23 13:07:21,541 [INFO] Loading weights and predicting
INFO:mylogger:Loading weights and predicting
/u/alkurdi/.conda/envs/TFwesad/lib/python3.8/site-packages/sklearn/metrics/_classification.py:1334: UndefinedMetricWarning: Precision is ill-defined and being set to 0.0 in labels with no predicted samples. Use `zero_division` parameter to control this behavior.
  _warn_prf(average, modifier, msg_start, len(result))

2023-11-23 13:07:21,964 [INFO] Fitted model for WESAD dataset, classifier: mcdcnnM, setup: it_02, iteration: tune_04
INFO:mylogger:Fitted model for WESAD dataset, classifier: mcdcnnM, setup: it_02, iteration: tune_04
2023-11-23 13:07:21,965 [INFO] Finished experiment for WESAD dataset, classifier: mcdcnnM, setup: it_02, iteration: tune_04
INFO:mylogger:Finished experiment for WESAD dataset, classifier: mcdcnnM, setup: it_02, iteration: tune_04
2023-11-23 13:07:22,494 [INFO] Experiment for WESAD dataset, classifier: mcdcnnM, setup: it_03, iteration: tune_04
INFO:mylogger:Experiment for WESAD dataset, classifier: mcdcnnM, setup: it_03, iteration: tune_04
2023-11-23 13:07:22,496 [INFO] Created model for WESAD dataset, classifier: mcdcnnM, setup: it_03, iteration: tune_04
INFO:mylogger:Created model for WESAD dataset, classifier: mcdcnnM, setup: it_03, iteration: tune_04
2023-11-23 13:07:22,496 [INFO] Fitting model
INFO:mylogger:Fitting model
2023-11-23 13:07:29,109 [INFO] Loading weights and predicting
INFO:mylogger:Loading weights and predicting
/u/alkurdi/.conda/envs/TFwesad/lib/python3.8/site-packages/sklearn/metrics/_classification.py:1334: UndefinedMetricWarning: Precision is ill-defined and being set to 0.0 in labels with no predicted samples. Use `zero_division` parameter to control this behavior.
  _warn_prf(average, modifier, msg_start, len(result))

2023-11-23 13:07:29,394 [INFO] Fitted model for WESAD dataset, classifier: mcdcnnM, setup: it_03, iteration: tune_04
INFO:mylogger:Fitted model for WESAD dataset, classifier: mcdcnnM, setup: it_03, iteration: tune_04
2023-11-23 13:07:29,395 [INFO] Finished experiment for WESAD dataset, classifier: mcdcnnM, setup: it_03, iteration: tune_04
INFO:mylogger:Finished experiment for WESAD dataset, classifier: mcdcnnM, setup: it_03, iteration: tune_04
2023-11-23 13:07:29,923 [INFO] Experiment for WESAD dataset, classifier: mcdcnnM, setup: it_04, iteration: tune_04
INFO:mylogger:Experiment for WESAD dataset, classifier: mcdcnnM, setup: it_04, iteration: tune_04
2023-11-23 13:07:29,924 [INFO] Created model for WESAD dataset, classifier: mcdcnnM, setup: it_04, iteration: tune_04
INFO:mylogger:Created model for WESAD dataset, classifier: mcdcnnM, setup: it_04, iteration: tune_04
2023-11-23 13:07:29,924 [INFO] Fitting model
INFO:mylogger:Fitting model
2023-11-23 13:07:36,503 [INFO] Loading weights and predicting
INFO:mylogger:Loading weights and predicting
/u/alkurdi/.conda/envs/TFwesad/lib/python3.8/site-packages/sklearn/metrics/_classification.py:1334: UndefinedMetricWarning: Precision is ill-defined and being set to 0.0 in labels with no predicted samples. Use `zero_division` parameter to control this behavior.
  _warn_prf(average, modifier, msg_start, len(result))

2023-11-23 13:07:36,777 [INFO] Fitted model for WESAD dataset, classifier: mcdcnnM, setup: it_04, iteration: tune_04
INFO:mylogger:Fitted model for WESAD dataset, classifier: mcdcnnM, setup: it_04, iteration: tune_04
2023-11-23 13:07:36,778 [INFO] Finished experiment for WESAD dataset, classifier: mcdcnnM, setup: it_04, iteration: tune_04
INFO:mylogger:Finished experiment for WESAD dataset, classifier: mcdcnnM, setup: it_04, iteration: tune_04
2023-11-23 13:07:36,778 [INFO] GPU 0 was released by mcdcnnM, tune_04.
INFO:mylogger:GPU 0 was released by mcdcnnM, tune_04.
2023-11-23 13:07:36,949 [INFO] GPU 0 was taken for mcdcnnM, tune_05.
INFO:mylogger:GPU 0 was taken for mcdcnnM, tune_05.
2023-11-23 13:07:36,963 [INFO] Experiment for WESAD dataset, classifier: mcdcnnM, setup: it_00, iteration: tune_05
INFO:mylogger:Experiment for WESAD dataset, classifier: mcdcnnM, setup: it_00, iteration: tune_05
2023-11-23 13:07:37,209 [INFO] Created model for WESAD dataset, classifier: mcdcnnM, setup: it_00, iteration: tune_05
INFO:mylogger:Created model for WESAD dataset, classifier: mcdcnnM, setup: it_00, iteration: tune_05
2023-11-23 13:07:37,210 [INFO] Fitting model
INFO:mylogger:Fitting model
2023-11-23 13:08:32,656 [INFO] Loading weights and predicting
INFO:mylogger:Loading weights and predicting
/u/alkurdi/.conda/envs/TFwesad/lib/python3.8/site-packages/sklearn/metrics/_classification.py:1334: UndefinedMetricWarning: Precision is ill-defined and being set to 0.0 in labels with no predicted samples. Use `zero_division` parameter to control this behavior.
  _warn_prf(average, modifier, msg_start, len(result))

2023-11-23 13:08:33,482 [INFO] Fitted model for WESAD dataset, classifier: mcdcnnM, setup: it_00, iteration: tune_05
INFO:mylogger:Fitted model for WESAD dataset, classifier: mcdcnnM, setup: it_00, iteration: tune_05
2023-11-23 13:08:33,483 [INFO] Finished experiment for WESAD dataset, classifier: mcdcnnM, setup: it_00, iteration: tune_05
INFO:mylogger:Finished experiment for WESAD dataset, classifier: mcdcnnM, setup: it_00, iteration: tune_05
2023-11-23 13:08:33,818 [INFO] Experiment for WESAD dataset, classifier: mcdcnnM, setup: it_01, iteration: tune_05
INFO:mylogger:Experiment for WESAD dataset, classifier: mcdcnnM, setup: it_01, iteration: tune_05
2023-11-23 13:08:33,820 [INFO] Created model for WESAD dataset, classifier: mcdcnnM, setup: it_01, iteration: tune_05
INFO:mylogger:Created model for WESAD dataset, classifier: mcdcnnM, setup: it_01, iteration: tune_05
2023-11-23 13:08:33,820 [INFO] Fitting model
INFO:mylogger:Fitting model
2023-11-23 13:09:26,181 [INFO] Loading weights and predicting
INFO:mylogger:Loading weights and predicting
/u/alkurdi/.conda/envs/TFwesad/lib/python3.8/site-packages/sklearn/metrics/_classification.py:1334: UndefinedMetricWarning: Precision is ill-defined and being set to 0.0 in labels with no predicted samples. Use `zero_division` parameter to control this behavior.
  _warn_prf(average, modifier, msg_start, len(result))

2023-11-23 13:09:26,480 [INFO] Fitted model for WESAD dataset, classifier: mcdcnnM, setup: it_01, iteration: tune_05
INFO:mylogger:Fitted model for WESAD dataset, classifier: mcdcnnM, setup: it_01, iteration: tune_05
2023-11-23 13:09:26,481 [INFO] Finished experiment for WESAD dataset, classifier: mcdcnnM, setup: it_01, iteration: tune_05
INFO:mylogger:Finished experiment for WESAD dataset, classifier: mcdcnnM, setup: it_01, iteration: tune_05
2023-11-23 13:09:26,845 [INFO] Experiment for WESAD dataset, classifier: mcdcnnM, setup: it_02, iteration: tune_05
INFO:mylogger:Experiment for WESAD dataset, classifier: mcdcnnM, setup: it_02, iteration: tune_05
2023-11-23 13:09:26,846 [INFO] Created model for WESAD dataset, classifier: mcdcnnM, setup: it_02, iteration: tune_05
INFO:mylogger:Created model for WESAD dataset, classifier: mcdcnnM, setup: it_02, iteration: tune_05
2023-11-23 13:09:26,847 [INFO] Fitting model
INFO:mylogger:Fitting model
2023-11-23 13:10:18,639 [INFO] Loading weights and predicting
INFO:mylogger:Loading weights and predicting
/u/alkurdi/.conda/envs/TFwesad/lib/python3.8/site-packages/sklearn/metrics/_classification.py:1334: UndefinedMetricWarning: Precision is ill-defined and being set to 0.0 in labels with no predicted samples. Use `zero_division` parameter to control this behavior.
  _warn_prf(average, modifier, msg_start, len(result))

2023-11-23 13:10:18,941 [INFO] Fitted model for WESAD dataset, classifier: mcdcnnM, setup: it_02, iteration: tune_05
INFO:mylogger:Fitted model for WESAD dataset, classifier: mcdcnnM, setup: it_02, iteration: tune_05
2023-11-23 13:10:18,942 [INFO] Finished experiment for WESAD dataset, classifier: mcdcnnM, setup: it_02, iteration: tune_05
INFO:mylogger:Finished experiment for WESAD dataset, classifier: mcdcnnM, setup: it_02, iteration: tune_05
2023-11-23 13:10:19,304 [INFO] Experiment for WESAD dataset, classifier: mcdcnnM, setup: it_03, iteration: tune_05
INFO:mylogger:Experiment for WESAD dataset, classifier: mcdcnnM, setup: it_03, iteration: tune_05
2023-11-23 13:10:19,305 [INFO] Created model for WESAD dataset, classifier: mcdcnnM, setup: it_03, iteration: tune_05
INFO:mylogger:Created model for WESAD dataset, classifier: mcdcnnM, setup: it_03, iteration: tune_05
2023-11-23 13:10:19,305 [INFO] Fitting model
INFO:mylogger:Fitting model
2023-11-23 13:11:10,150 [INFO] Loading weights and predicting
INFO:mylogger:Loading weights and predicting
/u/alkurdi/.conda/envs/TFwesad/lib/python3.8/site-packages/sklearn/metrics/_classification.py:1334: UndefinedMetricWarning: Precision is ill-defined and being set to 0.0 in labels with no predicted samples. Use `zero_division` parameter to control this behavior.
  _warn_prf(average, modifier, msg_start, len(result))

2023-11-23 13:11:10,462 [INFO] Fitted model for WESAD dataset, classifier: mcdcnnM, setup: it_03, iteration: tune_05
INFO:mylogger:Fitted model for WESAD dataset, classifier: mcdcnnM, setup: it_03, iteration: tune_05
2023-11-23 13:11:10,463 [INFO] Finished experiment for WESAD dataset, classifier: mcdcnnM, setup: it_03, iteration: tune_05
INFO:mylogger:Finished experiment for WESAD dataset, classifier: mcdcnnM, setup: it_03, iteration: tune_05
2023-11-23 13:11:10,824 [INFO] Experiment for WESAD dataset, classifier: mcdcnnM, setup: it_04, iteration: tune_05
INFO:mylogger:Experiment for WESAD dataset, classifier: mcdcnnM, setup: it_04, iteration: tune_05
2023-11-23 13:11:10,825 [INFO] Created model for WESAD dataset, classifier: mcdcnnM, setup: it_04, iteration: tune_05
INFO:mylogger:Created model for WESAD dataset, classifier: mcdcnnM, setup: it_04, iteration: tune_05
2023-11-23 13:11:10,825 [INFO] Fitting model
INFO:mylogger:Fitting model
2023-11-23 13:12:01,885 [INFO] Loading weights and predicting
INFO:mylogger:Loading weights and predicting
/u/alkurdi/.conda/envs/TFwesad/lib/python3.8/site-packages/sklearn/metrics/_classification.py:1334: UndefinedMetricWarning: Precision is ill-defined and being set to 0.0 in labels with no predicted samples. Use `zero_division` parameter to control this behavior.
  _warn_prf(average, modifier, msg_start, len(result))

2023-11-23 13:12:02,188 [INFO] Fitted model for WESAD dataset, classifier: mcdcnnM, setup: it_04, iteration: tune_05
INFO:mylogger:Fitted model for WESAD dataset, classifier: mcdcnnM, setup: it_04, iteration: tune_05
2023-11-23 13:12:02,189 [INFO] Finished experiment for WESAD dataset, classifier: mcdcnnM, setup: it_04, iteration: tune_05
INFO:mylogger:Finished experiment for WESAD dataset, classifier: mcdcnnM, setup: it_04, iteration: tune_05
2023-11-23 13:12:02,189 [INFO] GPU 0 was released by mcdcnnM, tune_05.
INFO:mylogger:GPU 0 was released by mcdcnnM, tune_05.
2023-11-23 13:12:02,221 [INFO] GPU 0 was taken for mcdcnnM, tune_06.
INFO:mylogger:GPU 0 was taken for mcdcnnM, tune_06.
2023-11-23 13:12:02,235 [INFO] Experiment for WESAD dataset, classifier: mcdcnnM, setup: it_00, iteration: tune_06
INFO:mylogger:Experiment for WESAD dataset, classifier: mcdcnnM, setup: it_00, iteration: tune_06
2023-11-23 13:12:02,481 [INFO] Created model for WESAD dataset, classifier: mcdcnnM, setup: it_00, iteration: tune_06
INFO:mylogger:Created model for WESAD dataset, classifier: mcdcnnM, setup: it_00, iteration: tune_06
2023-11-23 13:12:02,481 [INFO] Fitting model
INFO:mylogger:Fitting model
2023-11-23 13:13:06,742 [INFO] Loading weights and predicting
INFO:mylogger:Loading weights and predicting
/u/alkurdi/.conda/envs/TFwesad/lib/python3.8/site-packages/sklearn/metrics/_classification.py:1334: UndefinedMetricWarning: Precision is ill-defined and being set to 0.0 in labels with no predicted samples. Use `zero_division` parameter to control this behavior.
  _warn_prf(average, modifier, msg_start, len(result))

2023-11-23 13:13:07,572 [INFO] Fitted model for WESAD dataset, classifier: mcdcnnM, setup: it_00, iteration: tune_06
INFO:mylogger:Fitted model for WESAD dataset, classifier: mcdcnnM, setup: it_00, iteration: tune_06
2023-11-23 13:13:07,573 [INFO] Finished experiment for WESAD dataset, classifier: mcdcnnM, setup: it_00, iteration: tune_06
INFO:mylogger:Finished experiment for WESAD dataset, classifier: mcdcnnM, setup: it_00, iteration: tune_06
2023-11-23 13:13:07,965 [INFO] Experiment for WESAD dataset, classifier: mcdcnnM, setup: it_01, iteration: tune_06
INFO:mylogger:Experiment for WESAD dataset, classifier: mcdcnnM, setup: it_01, iteration: tune_06
2023-11-23 13:13:07,966 [INFO] Created model for WESAD dataset, classifier: mcdcnnM, setup: it_01, iteration: tune_06
INFO:mylogger:Created model for WESAD dataset, classifier: mcdcnnM, setup: it_01, iteration: tune_06
2023-11-23 13:13:07,967 [INFO] Fitting model
INFO:mylogger:Fitting model
2023-11-23 13:14:07,335 [INFO] Loading weights and predicting
INFO:mylogger:Loading weights and predicting
/u/alkurdi/.conda/envs/TFwesad/lib/python3.8/site-packages/sklearn/metrics/_classification.py:1334: UndefinedMetricWarning: Precision is ill-defined and being set to 0.0 in labels with no predicted samples. Use `zero_division` parameter to control this behavior.
  _warn_prf(average, modifier, msg_start, len(result))

2023-11-23 13:14:07,827 [INFO] Fitted model for WESAD dataset, classifier: mcdcnnM, setup: it_01, iteration: tune_06
INFO:mylogger:Fitted model for WESAD dataset, classifier: mcdcnnM, setup: it_01, iteration: tune_06
2023-11-23 13:14:07,828 [INFO] Finished experiment for WESAD dataset, classifier: mcdcnnM, setup: it_01, iteration: tune_06
INFO:mylogger:Finished experiment for WESAD dataset, classifier: mcdcnnM, setup: it_01, iteration: tune_06
2023-11-23 13:14:08,239 [INFO] Experiment for WESAD dataset, classifier: mcdcnnM, setup: it_02, iteration: tune_06
INFO:mylogger:Experiment for WESAD dataset, classifier: mcdcnnM, setup: it_02, iteration: tune_06
2023-11-23 13:14:08,240 [INFO] Created model for WESAD dataset, classifier: mcdcnnM, setup: it_02, iteration: tune_06
INFO:mylogger:Created model for WESAD dataset, classifier: mcdcnnM, setup: it_02, iteration: tune_06
2023-11-23 13:14:08,240 [INFO] Fitting model
INFO:mylogger:Fitting model
2023-11-23 13:15:07,784 [INFO] Loading weights and predicting
INFO:mylogger:Loading weights and predicting
/u/alkurdi/.conda/envs/TFwesad/lib/python3.8/site-packages/sklearn/metrics/_classification.py:1334: UndefinedMetricWarning: Precision is ill-defined and being set to 0.0 in labels with no predicted samples. Use `zero_division` parameter to control this behavior.
  _warn_prf(average, modifier, msg_start, len(result))

2023-11-23 13:15:08,119 [INFO] Fitted model for WESAD dataset, classifier: mcdcnnM, setup: it_02, iteration: tune_06
INFO:mylogger:Fitted model for WESAD dataset, classifier: mcdcnnM, setup: it_02, iteration: tune_06
2023-11-23 13:15:08,120 [INFO] Finished experiment for WESAD dataset, classifier: mcdcnnM, setup: it_02, iteration: tune_06
INFO:mylogger:Finished experiment for WESAD dataset, classifier: mcdcnnM, setup: it_02, iteration: tune_06
2023-11-23 13:15:08,530 [INFO] Experiment for WESAD dataset, classifier: mcdcnnM, setup: it_03, iteration: tune_06
INFO:mylogger:Experiment for WESAD dataset, classifier: mcdcnnM, setup: it_03, iteration: tune_06
2023-11-23 13:15:08,531 [INFO] Created model for WESAD dataset, classifier: mcdcnnM, setup: it_03, iteration: tune_06
INFO:mylogger:Created model for WESAD dataset, classifier: mcdcnnM, setup: it_03, iteration: tune_06
2023-11-23 13:15:08,531 [INFO] Fitting model
INFO:mylogger:Fitting model
2023-11-23 13:16:07,907 [INFO] Loading weights and predicting
INFO:mylogger:Loading weights and predicting
/u/alkurdi/.conda/envs/TFwesad/lib/python3.8/site-packages/sklearn/metrics/_classification.py:1334: UndefinedMetricWarning: Precision is ill-defined and being set to 0.0 in labels with no predicted samples. Use `zero_division` parameter to control this behavior.
  _warn_prf(average, modifier, msg_start, len(result))

2023-11-23 13:16:08,244 [INFO] Fitted model for WESAD dataset, classifier: mcdcnnM, setup: it_03, iteration: tune_06
INFO:mylogger:Fitted model for WESAD dataset, classifier: mcdcnnM, setup: it_03, iteration: tune_06
2023-11-23 13:16:08,245 [INFO] Finished experiment for WESAD dataset, classifier: mcdcnnM, setup: it_03, iteration: tune_06
INFO:mylogger:Finished experiment for WESAD dataset, classifier: mcdcnnM, setup: it_03, iteration: tune_06
2023-11-23 13:16:08,655 [INFO] Experiment for WESAD dataset, classifier: mcdcnnM, setup: it_04, iteration: tune_06
INFO:mylogger:Experiment for WESAD dataset, classifier: mcdcnnM, setup: it_04, iteration: tune_06
2023-11-23 13:16:08,657 [INFO] Created model for WESAD dataset, classifier: mcdcnnM, setup: it_04, iteration: tune_06
INFO:mylogger:Created model for WESAD dataset, classifier: mcdcnnM, setup: it_04, iteration: tune_06
2023-11-23 13:16:08,657 [INFO] Fitting model
INFO:mylogger:Fitting model
2023-11-23 13:17:08,158 [INFO] Loading weights and predicting
INFO:mylogger:Loading weights and predicting
/u/alkurdi/.conda/envs/TFwesad/lib/python3.8/site-packages/sklearn/metrics/_classification.py:1334: UndefinedMetricWarning: Precision is ill-defined and being set to 0.0 in labels with no predicted samples. Use `zero_division` parameter to control this behavior.
  _warn_prf(average, modifier, msg_start, len(result))

2023-11-23 13:17:08,492 [INFO] Fitted model for WESAD dataset, classifier: mcdcnnM, setup: it_04, iteration: tune_06
INFO:mylogger:Fitted model for WESAD dataset, classifier: mcdcnnM, setup: it_04, iteration: tune_06
2023-11-23 13:17:08,493 [INFO] Finished experiment for WESAD dataset, classifier: mcdcnnM, setup: it_04, iteration: tune_06
INFO:mylogger:Finished experiment for WESAD dataset, classifier: mcdcnnM, setup: it_04, iteration: tune_06
2023-11-23 13:17:08,494 [INFO] GPU 0 was released by mcdcnnM, tune_06.
INFO:mylogger:GPU 0 was released by mcdcnnM, tune_06.
2023-11-23 13:17:08,526 [INFO] GPU 0 was taken for mcdcnnM, tune_07.
INFO:mylogger:GPU 0 was taken for mcdcnnM, tune_07.
2023-11-23 13:17:08,540 [INFO] Experiment for WESAD dataset, classifier: mcdcnnM, setup: it_00, iteration: tune_07
INFO:mylogger:Experiment for WESAD dataset, classifier: mcdcnnM, setup: it_00, iteration: tune_07
2023-11-23 13:17:08,789 [INFO] Created model for WESAD dataset, classifier: mcdcnnM, setup: it_00, iteration: tune_07
INFO:mylogger:Created model for WESAD dataset, classifier: mcdcnnM, setup: it_00, iteration: tune_07
2023-11-23 13:17:08,789 [INFO] Fitting model
INFO:mylogger:Fitting model
2023-11-23 13:17:40,532 [INFO] Loading weights and predicting
INFO:mylogger:Loading weights and predicting
2023-11-23 13:17:41,193 [INFO] Fitted model for WESAD dataset, classifier: mcdcnnM, setup: it_00, iteration: tune_07
INFO:mylogger:Fitted model for WESAD dataset, classifier: mcdcnnM, setup: it_00, iteration: tune_07
2023-11-23 13:17:41,194 [INFO] Finished experiment for WESAD dataset, classifier: mcdcnnM, setup: it_00, iteration: tune_07
INFO:mylogger:Finished experiment for WESAD dataset, classifier: mcdcnnM, setup: it_00, iteration: tune_07
2023-11-23 13:17:41,632 [INFO] Experiment for WESAD dataset, classifier: mcdcnnM, setup: it_01, iteration: tune_07
INFO:mylogger:Experiment for WESAD dataset, classifier: mcdcnnM, setup: it_01, iteration: tune_07
2023-11-23 13:17:41,633 [INFO] Created model for WESAD dataset, classifier: mcdcnnM, setup: it_01, iteration: tune_07
INFO:mylogger:Created model for WESAD dataset, classifier: mcdcnnM, setup: it_01, iteration: tune_07
2023-11-23 13:17:41,633 [INFO] Fitting model
INFO:mylogger:Fitting model
2023-11-23 13:18:08,536 [INFO] Loading weights and predicting
INFO:mylogger:Loading weights and predicting
2023-11-23 13:18:08,807 [INFO] Fitted model for WESAD dataset, classifier: mcdcnnM, setup: it_01, iteration: tune_07
INFO:mylogger:Fitted model for WESAD dataset, classifier: mcdcnnM, setup: it_01, iteration: tune_07
2023-11-23 13:18:08,807 [INFO] Finished experiment for WESAD dataset, classifier: mcdcnnM, setup: it_01, iteration: tune_07
INFO:mylogger:Finished experiment for WESAD dataset, classifier: mcdcnnM, setup: it_01, iteration: tune_07
2023-11-23 13:18:09,256 [INFO] Experiment for WESAD dataset, classifier: mcdcnnM, setup: it_02, iteration: tune_07
INFO:mylogger:Experiment for WESAD dataset, classifier: mcdcnnM, setup: it_02, iteration: tune_07
2023-11-23 13:18:09,258 [INFO] Created model for WESAD dataset, classifier: mcdcnnM, setup: it_02, iteration: tune_07
INFO:mylogger:Created model for WESAD dataset, classifier: mcdcnnM, setup: it_02, iteration: tune_07
2023-11-23 13:18:09,258 [INFO] Fitting model
INFO:mylogger:Fitting model
2023-11-23 13:18:33,572 [INFO] Loading weights and predicting
INFO:mylogger:Loading weights and predicting
2023-11-23 13:18:33,842 [INFO] Fitted model for WESAD dataset, classifier: mcdcnnM, setup: it_02, iteration: tune_07
INFO:mylogger:Fitted model for WESAD dataset, classifier: mcdcnnM, setup: it_02, iteration: tune_07
2023-11-23 13:18:33,843 [INFO] Finished experiment for WESAD dataset, classifier: mcdcnnM, setup: it_02, iteration: tune_07
INFO:mylogger:Finished experiment for WESAD dataset, classifier: mcdcnnM, setup: it_02, iteration: tune_07
2023-11-23 13:18:34,282 [INFO] Experiment for WESAD dataset, classifier: mcdcnnM, setup: it_03, iteration: tune_07
INFO:mylogger:Experiment for WESAD dataset, classifier: mcdcnnM, setup: it_03, iteration: tune_07
2023-11-23 13:18:34,284 [INFO] Created model for WESAD dataset, classifier: mcdcnnM, setup: it_03, iteration: tune_07
INFO:mylogger:Created model for WESAD dataset, classifier: mcdcnnM, setup: it_03, iteration: tune_07
2023-11-23 13:18:34,284 [INFO] Fitting model
INFO:mylogger:Fitting model
2023-11-23 13:18:56,901 [INFO] Loading weights and predicting
INFO:mylogger:Loading weights and predicting
2023-11-23 13:18:57,157 [INFO] Fitted model for WESAD dataset, classifier: mcdcnnM, setup: it_03, iteration: tune_07
INFO:mylogger:Fitted model for WESAD dataset, classifier: mcdcnnM, setup: it_03, iteration: tune_07
2023-11-23 13:18:57,157 [INFO] Finished experiment for WESAD dataset, classifier: mcdcnnM, setup: it_03, iteration: tune_07
INFO:mylogger:Finished experiment for WESAD dataset, classifier: mcdcnnM, setup: it_03, iteration: tune_07
2023-11-23 13:18:57,602 [INFO] Experiment for WESAD dataset, classifier: mcdcnnM, setup: it_04, iteration: tune_07
INFO:mylogger:Experiment for WESAD dataset, classifier: mcdcnnM, setup: it_04, iteration: tune_07
2023-11-23 13:18:57,603 [INFO] Created model for WESAD dataset, classifier: mcdcnnM, setup: it_04, iteration: tune_07
INFO:mylogger:Created model for WESAD dataset, classifier: mcdcnnM, setup: it_04, iteration: tune_07
2023-11-23 13:18:57,603 [INFO] Fitting model
INFO:mylogger:Fitting model
2023-11-23 13:19:25,890 [INFO] Loading weights and predicting
INFO:mylogger:Loading weights and predicting
2023-11-23 13:19:26,419 [INFO] Fitted model for WESAD dataset, classifier: mcdcnnM, setup: it_04, iteration: tune_07
INFO:mylogger:Fitted model for WESAD dataset, classifier: mcdcnnM, setup: it_04, iteration: tune_07
2023-11-23 13:19:26,419 [INFO] Finished experiment for WESAD dataset, classifier: mcdcnnM, setup: it_04, iteration: tune_07
INFO:mylogger:Finished experiment for WESAD dataset, classifier: mcdcnnM, setup: it_04, iteration: tune_07
2023-11-23 13:19:26,420 [INFO] GPU 0 was released by mcdcnnM, tune_07.
INFO:mylogger:GPU 0 was released by mcdcnnM, tune_07.
 
 ******************************
 ******* i_fold=03 *******
 ******************************
 
Thu Nov 23 13:19:27 CST 2023
WARNING:tensorflow:Deprecation warnings have been disabled. Set TF_ENABLE_DEPRECATION_WARNINGS=1 to re-enable them.
WARNING:root:Limited tf.compat.v2.summary API due to missing TensorBoard installation.
Using TensorFlow backend.
2023-11-23 13:19:31,661 [INFO] Loading data for subjects [15, 2, 6] and channels (0, 1, 2, 3, 4, 5, 6, 7, 8, 9, 10)
INFO:mylogger:Loading data for subjects [15, 2, 6] and channels (0, 1, 2, 3, 4, 5, 6, 7, 8, 9, 10)
2023-11-23 13:19:31,687 [INFO] Finished loading data for subjects [15, 2, 6] and channels (0, 1, 2, 3, 4, 5, 6, 7, 8, 9, 10)
INFO:mylogger:Finished loading data for subjects [15, 2, 6] and channels (0, 1, 2, 3, 4, 5, 6, 7, 8, 9, 10)
2023-11-23 13:19:31,687 [INFO] Loading data for subjects [9, 3, 16] and channels (0, 1, 2, 3, 4, 5, 6, 7, 8, 9, 10)
INFO:mylogger:Loading data for subjects [9, 3, 16] and channels (0, 1, 2, 3, 4, 5, 6, 7, 8, 9, 10)
2023-11-23 13:19:31,712 [INFO] Finished loading data for subjects [9, 3, 16] and channels (0, 1, 2, 3, 4, 5, 6, 7, 8, 9, 10)
INFO:mylogger:Finished loading data for subjects [9, 3, 16] and channels (0, 1, 2, 3, 4, 5, 6, 7, 8, 9, 10)
2023-11-23 13:19:31,712 [INFO] Loading data for subjects [4, 5, 17, 8, 10, 13, 7, 14, 11] and channels (0, 1, 2, 3, 4, 5, 6, 7, 8, 9, 10)
INFO:mylogger:Loading data for subjects [4, 5, 17, 8, 10, 13, 7, 14, 11] and channels (0, 1, 2, 3, 4, 5, 6, 7, 8, 9, 10)
2023-11-23 13:19:31,784 [INFO] Finished loading data for subjects [4, 5, 17, 8, 10, 13, 7, 14, 11] and channels (0, 1, 2, 3, 4, 5, 6, 7, 8, 9, 10)
INFO:mylogger:Finished loading data for subjects [4, 5, 17, 8, 10, 13, 7, 14, 11] and channels (0, 1, 2, 3, 4, 5, 6, 7, 8, 9, 10)
2023-11-23 13:19:31,804 [INFO] Loading data for subjects [15, 2, 6] and channels (0, 1, 2, 3, 4, 5, 6, 7, 8, 9, 10)
INFO:mylogger:Loading data for subjects [15, 2, 6] and channels (0, 1, 2, 3, 4, 5, 6, 7, 8, 9, 10)
2023-11-23 13:19:31,824 [INFO] Finished loading data for subjects [15, 2, 6] and channels (0, 1, 2, 3, 4, 5, 6, 7, 8, 9, 10)
INFO:mylogger:Finished loading data for subjects [15, 2, 6] and channels (0, 1, 2, 3, 4, 5, 6, 7, 8, 9, 10)
2023-11-23 13:19:31,824 [INFO] Loading data for subjects [9, 3, 16] and channels (0, 1, 2, 3, 4, 5, 6, 7, 8, 9, 10)
INFO:mylogger:Loading data for subjects [9, 3, 16] and channels (0, 1, 2, 3, 4, 5, 6, 7, 8, 9, 10)
2023-11-23 13:19:31,844 [INFO] Finished loading data for subjects [9, 3, 16] and channels (0, 1, 2, 3, 4, 5, 6, 7, 8, 9, 10)
INFO:mylogger:Finished loading data for subjects [9, 3, 16] and channels (0, 1, 2, 3, 4, 5, 6, 7, 8, 9, 10)
2023-11-23 13:19:31,844 [INFO] Loading data for subjects [4, 5, 17, 8, 10, 13, 7, 14, 11] and channels (0, 1, 2, 3, 4, 5, 6, 7, 8, 9, 10)
INFO:mylogger:Loading data for subjects [4, 5, 17, 8, 10, 13, 7, 14, 11] and channels (0, 1, 2, 3, 4, 5, 6, 7, 8, 9, 10)
2023-11-23 13:19:31,912 [INFO] Finished loading data for subjects [4, 5, 17, 8, 10, 13, 7, 14, 11] and channels (0, 1, 2, 3, 4, 5, 6, 7, 8, 9, 10)
INFO:mylogger:Finished loading data for subjects [4, 5, 17, 8, 10, 13, 7, 14, 11] and channels (0, 1, 2, 3, 4, 5, 6, 7, 8, 9, 10)
2023-11-23 13:19:31,934 [INFO] Loading data for subjects [15, 2, 6] and channels (0, 1, 2, 3, 4, 5, 6, 7, 8, 9, 10)
INFO:mylogger:Loading data for subjects [15, 2, 6] and channels (0, 1, 2, 3, 4, 5, 6, 7, 8, 9, 10)
2023-11-23 13:19:31,955 [INFO] Finished loading data for subjects [15, 2, 6] and channels (0, 1, 2, 3, 4, 5, 6, 7, 8, 9, 10)
INFO:mylogger:Finished loading data for subjects [15, 2, 6] and channels (0, 1, 2, 3, 4, 5, 6, 7, 8, 9, 10)
2023-11-23 13:19:31,955 [INFO] Loading data for subjects [9, 3, 16] and channels (0, 1, 2, 3, 4, 5, 6, 7, 8, 9, 10)
INFO:mylogger:Loading data for subjects [9, 3, 16] and channels (0, 1, 2, 3, 4, 5, 6, 7, 8, 9, 10)
2023-11-23 13:19:31,974 [INFO] Finished loading data for subjects [9, 3, 16] and channels (0, 1, 2, 3, 4, 5, 6, 7, 8, 9, 10)
INFO:mylogger:Finished loading data for subjects [9, 3, 16] and channels (0, 1, 2, 3, 4, 5, 6, 7, 8, 9, 10)
2023-11-23 13:19:31,975 [INFO] Loading data for subjects [4, 5, 17, 8, 10, 13, 7, 14, 11] and channels (0, 1, 2, 3, 4, 5, 6, 7, 8, 9, 10)
INFO:mylogger:Loading data for subjects [4, 5, 17, 8, 10, 13, 7, 14, 11] and channels (0, 1, 2, 3, 4, 5, 6, 7, 8, 9, 10)
2023-11-23 13:19:32,040 [INFO] Finished loading data for subjects [4, 5, 17, 8, 10, 13, 7, 14, 11] and channels (0, 1, 2, 3, 4, 5, 6, 7, 8, 9, 10)
INFO:mylogger:Finished loading data for subjects [4, 5, 17, 8, 10, 13, 7, 14, 11] and channels (0, 1, 2, 3, 4, 5, 6, 7, 8, 9, 10)
2023-11-23 13:19:32,065 [INFO] Loading data for subjects [15, 2, 6] and channels (0, 1, 2, 3, 4, 5, 6, 7, 8, 9, 10)
INFO:mylogger:Loading data for subjects [15, 2, 6] and channels (0, 1, 2, 3, 4, 5, 6, 7, 8, 9, 10)
2023-11-23 13:19:32,085 [INFO] Finished loading data for subjects [15, 2, 6] and channels (0, 1, 2, 3, 4, 5, 6, 7, 8, 9, 10)
INFO:mylogger:Finished loading data for subjects [15, 2, 6] and channels (0, 1, 2, 3, 4, 5, 6, 7, 8, 9, 10)
2023-11-23 13:19:32,085 [INFO] Loading data for subjects [9, 3, 16] and channels (0, 1, 2, 3, 4, 5, 6, 7, 8, 9, 10)
INFO:mylogger:Loading data for subjects [9, 3, 16] and channels (0, 1, 2, 3, 4, 5, 6, 7, 8, 9, 10)
2023-11-23 13:19:32,104 [INFO] Finished loading data for subjects [9, 3, 16] and channels (0, 1, 2, 3, 4, 5, 6, 7, 8, 9, 10)
INFO:mylogger:Finished loading data for subjects [9, 3, 16] and channels (0, 1, 2, 3, 4, 5, 6, 7, 8, 9, 10)
2023-11-23 13:19:32,105 [INFO] Loading data for subjects [4, 5, 17, 8, 10, 13, 7, 14, 11] and channels (0, 1, 2, 3, 4, 5, 6, 7, 8, 9, 10)
INFO:mylogger:Loading data for subjects [4, 5, 17, 8, 10, 13, 7, 14, 11] and channels (0, 1, 2, 3, 4, 5, 6, 7, 8, 9, 10)
2023-11-23 13:19:32,167 [INFO] Finished loading data for subjects [4, 5, 17, 8, 10, 13, 7, 14, 11] and channels (0, 1, 2, 3, 4, 5, 6, 7, 8, 9, 10)
INFO:mylogger:Finished loading data for subjects [4, 5, 17, 8, 10, 13, 7, 14, 11] and channels (0, 1, 2, 3, 4, 5, 6, 7, 8, 9, 10)
2023-11-23 13:19:32,190 [INFO] Loading data for subjects [15, 2, 6] and channels (0, 1, 2, 3, 4, 5, 6, 7, 8, 9, 10)
INFO:mylogger:Loading data for subjects [15, 2, 6] and channels (0, 1, 2, 3, 4, 5, 6, 7, 8, 9, 10)
2023-11-23 13:19:32,211 [INFO] Finished loading data for subjects [15, 2, 6] and channels (0, 1, 2, 3, 4, 5, 6, 7, 8, 9, 10)
INFO:mylogger:Finished loading data for subjects [15, 2, 6] and channels (0, 1, 2, 3, 4, 5, 6, 7, 8, 9, 10)
2023-11-23 13:19:32,211 [INFO] Loading data for subjects [9, 3, 16] and channels (0, 1, 2, 3, 4, 5, 6, 7, 8, 9, 10)
INFO:mylogger:Loading data for subjects [9, 3, 16] and channels (0, 1, 2, 3, 4, 5, 6, 7, 8, 9, 10)
2023-11-23 13:19:32,231 [INFO] Finished loading data for subjects [9, 3, 16] and channels (0, 1, 2, 3, 4, 5, 6, 7, 8, 9, 10)
INFO:mylogger:Finished loading data for subjects [9, 3, 16] and channels (0, 1, 2, 3, 4, 5, 6, 7, 8, 9, 10)
2023-11-23 13:19:32,231 [INFO] Loading data for subjects [4, 5, 17, 8, 10, 13, 7, 14, 11] and channels (0, 1, 2, 3, 4, 5, 6, 7, 8, 9, 10)
INFO:mylogger:Loading data for subjects [4, 5, 17, 8, 10, 13, 7, 14, 11] and channels (0, 1, 2, 3, 4, 5, 6, 7, 8, 9, 10)
2023-11-23 13:19:32,293 [INFO] Finished loading data for subjects [4, 5, 17, 8, 10, 13, 7, 14, 11] and channels (0, 1, 2, 3, 4, 5, 6, 7, 8, 9, 10)
INFO:mylogger:Finished loading data for subjects [4, 5, 17, 8, 10, 13, 7, 14, 11] and channels (0, 1, 2, 3, 4, 5, 6, 7, 8, 9, 10)
2023-11-23 13:19:32,316 [INFO] Tuning of mcdcnnM, max_evals: 8
INFO:mylogger:Tuning of mcdcnnM, max_evals: 8
 
 ******************************
 ******* i_fold=04 *******
 ******************************
 
Thu Nov 23 13:19:32 CST 2023
WARNING:tensorflow:Deprecation warnings have been disabled. Set TF_ENABLE_DEPRECATION_WARNINGS=1 to re-enable them.
WARNING:root:Limited tf.compat.v2.summary API due to missing TensorBoard installation.
Using TensorFlow backend.
2023-11-23 13:19:37,134 [INFO] Loading data for subjects [17, 10, 11] and channels (0, 1, 2, 3, 4, 5, 6, 7, 8, 9, 10)
INFO:mylogger:Loading data for subjects [17, 10, 11] and channels (0, 1, 2, 3, 4, 5, 6, 7, 8, 9, 10)
2023-11-23 13:19:37,161 [INFO] Finished loading data for subjects [17, 10, 11] and channels (0, 1, 2, 3, 4, 5, 6, 7, 8, 9, 10)
INFO:mylogger:Finished loading data for subjects [17, 10, 11] and channels (0, 1, 2, 3, 4, 5, 6, 7, 8, 9, 10)
2023-11-23 13:19:37,161 [INFO] Loading data for subjects [9, 16, 5] and channels (0, 1, 2, 3, 4, 5, 6, 7, 8, 9, 10)
INFO:mylogger:Loading data for subjects [9, 16, 5] and channels (0, 1, 2, 3, 4, 5, 6, 7, 8, 9, 10)
2023-11-23 13:19:37,185 [INFO] Finished loading data for subjects [9, 16, 5] and channels (0, 1, 2, 3, 4, 5, 6, 7, 8, 9, 10)
INFO:mylogger:Finished loading data for subjects [9, 16, 5] and channels (0, 1, 2, 3, 4, 5, 6, 7, 8, 9, 10)
2023-11-23 13:19:37,185 [INFO] Loading data for subjects [4, 15, 3, 8, 2, 13, 7, 14, 6] and channels (0, 1, 2, 3, 4, 5, 6, 7, 8, 9, 10)
INFO:mylogger:Loading data for subjects [4, 15, 3, 8, 2, 13, 7, 14, 6] and channels (0, 1, 2, 3, 4, 5, 6, 7, 8, 9, 10)
2023-11-23 13:19:37,255 [INFO] Finished loading data for subjects [4, 15, 3, 8, 2, 13, 7, 14, 6] and channels (0, 1, 2, 3, 4, 5, 6, 7, 8, 9, 10)
INFO:mylogger:Finished loading data for subjects [4, 15, 3, 8, 2, 13, 7, 14, 6] and channels (0, 1, 2, 3, 4, 5, 6, 7, 8, 9, 10)
2023-11-23 13:19:37,277 [INFO] Loading data for subjects [17, 10, 11] and channels (0, 1, 2, 3, 4, 5, 6, 7, 8, 9, 10)
INFO:mylogger:Loading data for subjects [17, 10, 11] and channels (0, 1, 2, 3, 4, 5, 6, 7, 8, 9, 10)
2023-11-23 13:19:37,297 [INFO] Finished loading data for subjects [17, 10, 11] and channels (0, 1, 2, 3, 4, 5, 6, 7, 8, 9, 10)
INFO:mylogger:Finished loading data for subjects [17, 10, 11] and channels (0, 1, 2, 3, 4, 5, 6, 7, 8, 9, 10)
2023-11-23 13:19:37,297 [INFO] Loading data for subjects [9, 16, 5] and channels (0, 1, 2, 3, 4, 5, 6, 7, 8, 9, 10)
INFO:mylogger:Loading data for subjects [9, 16, 5] and channels (0, 1, 2, 3, 4, 5, 6, 7, 8, 9, 10)
2023-11-23 13:19:37,316 [INFO] Finished loading data for subjects [9, 16, 5] and channels (0, 1, 2, 3, 4, 5, 6, 7, 8, 9, 10)
INFO:mylogger:Finished loading data for subjects [9, 16, 5] and channels (0, 1, 2, 3, 4, 5, 6, 7, 8, 9, 10)
2023-11-23 13:19:37,316 [INFO] Loading data for subjects [4, 15, 3, 8, 2, 13, 7, 14, 6] and channels (0, 1, 2, 3, 4, 5, 6, 7, 8, 9, 10)
INFO:mylogger:Loading data for subjects [4, 15, 3, 8, 2, 13, 7, 14, 6] and channels (0, 1, 2, 3, 4, 5, 6, 7, 8, 9, 10)
2023-11-23 13:19:37,382 [INFO] Finished loading data for subjects [4, 15, 3, 8, 2, 13, 7, 14, 6] and channels (0, 1, 2, 3, 4, 5, 6, 7, 8, 9, 10)
INFO:mylogger:Finished loading data for subjects [4, 15, 3, 8, 2, 13, 7, 14, 6] and channels (0, 1, 2, 3, 4, 5, 6, 7, 8, 9, 10)
2023-11-23 13:19:37,404 [INFO] Loading data for subjects [17, 10, 11] and channels (0, 1, 2, 3, 4, 5, 6, 7, 8, 9, 10)
INFO:mylogger:Loading data for subjects [17, 10, 11] and channels (0, 1, 2, 3, 4, 5, 6, 7, 8, 9, 10)
2023-11-23 13:19:37,425 [INFO] Finished loading data for subjects [17, 10, 11] and channels (0, 1, 2, 3, 4, 5, 6, 7, 8, 9, 10)
INFO:mylogger:Finished loading data for subjects [17, 10, 11] and channels (0, 1, 2, 3, 4, 5, 6, 7, 8, 9, 10)
2023-11-23 13:19:37,425 [INFO] Loading data for subjects [9, 16, 5] and channels (0, 1, 2, 3, 4, 5, 6, 7, 8, 9, 10)
INFO:mylogger:Loading data for subjects [9, 16, 5] and channels (0, 1, 2, 3, 4, 5, 6, 7, 8, 9, 10)
2023-11-23 13:19:37,444 [INFO] Finished loading data for subjects [9, 16, 5] and channels (0, 1, 2, 3, 4, 5, 6, 7, 8, 9, 10)
INFO:mylogger:Finished loading data for subjects [9, 16, 5] and channels (0, 1, 2, 3, 4, 5, 6, 7, 8, 9, 10)
2023-11-23 13:19:37,444 [INFO] Loading data for subjects [4, 15, 3, 8, 2, 13, 7, 14, 6] and channels (0, 1, 2, 3, 4, 5, 6, 7, 8, 9, 10)
INFO:mylogger:Loading data for subjects [4, 15, 3, 8, 2, 13, 7, 14, 6] and channels (0, 1, 2, 3, 4, 5, 6, 7, 8, 9, 10)
2023-11-23 13:19:37,509 [INFO] Finished loading data for subjects [4, 15, 3, 8, 2, 13, 7, 14, 6] and channels (0, 1, 2, 3, 4, 5, 6, 7, 8, 9, 10)
INFO:mylogger:Finished loading data for subjects [4, 15, 3, 8, 2, 13, 7, 14, 6] and channels (0, 1, 2, 3, 4, 5, 6, 7, 8, 9, 10)
2023-11-23 13:19:37,533 [INFO] Loading data for subjects [17, 10, 11] and channels (0, 1, 2, 3, 4, 5, 6, 7, 8, 9, 10)
INFO:mylogger:Loading data for subjects [17, 10, 11] and channels (0, 1, 2, 3, 4, 5, 6, 7, 8, 9, 10)
2023-11-23 13:19:37,554 [INFO] Finished loading data for subjects [17, 10, 11] and channels (0, 1, 2, 3, 4, 5, 6, 7, 8, 9, 10)
INFO:mylogger:Finished loading data for subjects [17, 10, 11] and channels (0, 1, 2, 3, 4, 5, 6, 7, 8, 9, 10)
2023-11-23 13:19:37,555 [INFO] Loading data for subjects [9, 16, 5] and channels (0, 1, 2, 3, 4, 5, 6, 7, 8, 9, 10)
INFO:mylogger:Loading data for subjects [9, 16, 5] and channels (0, 1, 2, 3, 4, 5, 6, 7, 8, 9, 10)
2023-11-23 13:19:37,575 [INFO] Finished loading data for subjects [9, 16, 5] and channels (0, 1, 2, 3, 4, 5, 6, 7, 8, 9, 10)
INFO:mylogger:Finished loading data for subjects [9, 16, 5] and channels (0, 1, 2, 3, 4, 5, 6, 7, 8, 9, 10)
2023-11-23 13:19:37,575 [INFO] Loading data for subjects [4, 15, 3, 8, 2, 13, 7, 14, 6] and channels (0, 1, 2, 3, 4, 5, 6, 7, 8, 9, 10)
INFO:mylogger:Loading data for subjects [4, 15, 3, 8, 2, 13, 7, 14, 6] and channels (0, 1, 2, 3, 4, 5, 6, 7, 8, 9, 10)
2023-11-23 13:19:37,640 [INFO] Finished loading data for subjects [4, 15, 3, 8, 2, 13, 7, 14, 6] and channels (0, 1, 2, 3, 4, 5, 6, 7, 8, 9, 10)
INFO:mylogger:Finished loading data for subjects [4, 15, 3, 8, 2, 13, 7, 14, 6] and channels (0, 1, 2, 3, 4, 5, 6, 7, 8, 9, 10)
2023-11-23 13:19:37,665 [INFO] Loading data for subjects [17, 10, 11] and channels (0, 1, 2, 3, 4, 5, 6, 7, 8, 9, 10)
INFO:mylogger:Loading data for subjects [17, 10, 11] and channels (0, 1, 2, 3, 4, 5, 6, 7, 8, 9, 10)
2023-11-23 13:19:37,686 [INFO] Finished loading data for subjects [17, 10, 11] and channels (0, 1, 2, 3, 4, 5, 6, 7, 8, 9, 10)
INFO:mylogger:Finished loading data for subjects [17, 10, 11] and channels (0, 1, 2, 3, 4, 5, 6, 7, 8, 9, 10)
2023-11-23 13:19:37,687 [INFO] Loading data for subjects [9, 16, 5] and channels (0, 1, 2, 3, 4, 5, 6, 7, 8, 9, 10)
INFO:mylogger:Loading data for subjects [9, 16, 5] and channels (0, 1, 2, 3, 4, 5, 6, 7, 8, 9, 10)
2023-11-23 13:19:37,708 [INFO] Finished loading data for subjects [9, 16, 5] and channels (0, 1, 2, 3, 4, 5, 6, 7, 8, 9, 10)
INFO:mylogger:Finished loading data for subjects [9, 16, 5] and channels (0, 1, 2, 3, 4, 5, 6, 7, 8, 9, 10)
2023-11-23 13:19:37,708 [INFO] Loading data for subjects [4, 15, 3, 8, 2, 13, 7, 14, 6] and channels (0, 1, 2, 3, 4, 5, 6, 7, 8, 9, 10)
INFO:mylogger:Loading data for subjects [4, 15, 3, 8, 2, 13, 7, 14, 6] and channels (0, 1, 2, 3, 4, 5, 6, 7, 8, 9, 10)
2023-11-23 13:19:37,773 [INFO] Finished loading data for subjects [4, 15, 3, 8, 2, 13, 7, 14, 6] and channels (0, 1, 2, 3, 4, 5, 6, 7, 8, 9, 10)
INFO:mylogger:Finished loading data for subjects [4, 15, 3, 8, 2, 13, 7, 14, 6] and channels (0, 1, 2, 3, 4, 5, 6, 7, 8, 9, 10)
2023-11-23 13:19:37,800 [INFO] Tuning of mcdcnnM, max_evals: 8
INFO:mylogger:Tuning of mcdcnnM, max_evals: 8
Done
Thu Nov 23 13:19:38 CST 2023
