
Currently Loaded Modules:
  1) cue-login-env/1.0   3) ucx/1.11.2      5) cuda/11.6.1   7) default
  2) gcc/11.2.0          4) openmpi/4.1.2   6) modtree/gpu

 

job is starting on gpub046.delta.ncsa.illinois.edu
dataset=wesad
clas=resnetM
max_eval=6
CUDA_VISIBLE_DEVICES=0
 
 ******************************
 ******* i_fold=00 *******
 ******************************
 
Thu Nov 23 13:05:32 CST 2023
WARNING:tensorflow:Deprecation warnings have been disabled. Set TF_ENABLE_DEPRECATION_WARNINGS=1 to re-enable them.
WARNING:root:Limited tf.compat.v2.summary API due to missing TensorBoard installation.
Using TensorFlow backend.
2023-11-23 13:05:48,091 [INFO] Loading data for subjects [4, 3, 13] and channels (0, 1, 2, 3, 4, 5, 6, 7, 8, 9, 10)
INFO:mylogger:Loading data for subjects [4, 3, 13] and channels (0, 1, 2, 3, 4, 5, 6, 7, 8, 9, 10)
2023-11-23 13:05:48,144 [INFO] Finished loading data for subjects [4, 3, 13] and channels (0, 1, 2, 3, 4, 5, 6, 7, 8, 9, 10)
INFO:mylogger:Finished loading data for subjects [4, 3, 13] and channels (0, 1, 2, 3, 4, 5, 6, 7, 8, 9, 10)
2023-11-23 13:05:48,144 [INFO] Loading data for subjects [10, 17, 2] and channels (0, 1, 2, 3, 4, 5, 6, 7, 8, 9, 10)
INFO:mylogger:Loading data for subjects [10, 17, 2] and channels (0, 1, 2, 3, 4, 5, 6, 7, 8, 9, 10)
2023-11-23 13:05:48,204 [INFO] Finished loading data for subjects [10, 17, 2] and channels (0, 1, 2, 3, 4, 5, 6, 7, 8, 9, 10)
INFO:mylogger:Finished loading data for subjects [10, 17, 2] and channels (0, 1, 2, 3, 4, 5, 6, 7, 8, 9, 10)
2023-11-23 13:05:48,204 [INFO] Loading data for subjects [5, 16, 15, 8, 9, 7, 14, 6, 11] and channels (0, 1, 2, 3, 4, 5, 6, 7, 8, 9, 10)
INFO:mylogger:Loading data for subjects [5, 16, 15, 8, 9, 7, 14, 6, 11] and channels (0, 1, 2, 3, 4, 5, 6, 7, 8, 9, 10)
2023-11-23 13:05:48,431 [INFO] Finished loading data for subjects [5, 16, 15, 8, 9, 7, 14, 6, 11] and channels (0, 1, 2, 3, 4, 5, 6, 7, 8, 9, 10)
INFO:mylogger:Finished loading data for subjects [5, 16, 15, 8, 9, 7, 14, 6, 11] and channels (0, 1, 2, 3, 4, 5, 6, 7, 8, 9, 10)
2023-11-23 13:05:48,667 [INFO] Loading data for subjects [4, 3, 13] and channels (0, 1, 2, 3, 4, 5, 6, 7, 8, 9, 10)
INFO:mylogger:Loading data for subjects [4, 3, 13] and channels (0, 1, 2, 3, 4, 5, 6, 7, 8, 9, 10)
2023-11-23 13:05:48,713 [INFO] Finished loading data for subjects [4, 3, 13] and channels (0, 1, 2, 3, 4, 5, 6, 7, 8, 9, 10)
INFO:mylogger:Finished loading data for subjects [4, 3, 13] and channels (0, 1, 2, 3, 4, 5, 6, 7, 8, 9, 10)
2023-11-23 13:05:48,714 [INFO] Loading data for subjects [10, 17, 2] and channels (0, 1, 2, 3, 4, 5, 6, 7, 8, 9, 10)
INFO:mylogger:Loading data for subjects [10, 17, 2] and channels (0, 1, 2, 3, 4, 5, 6, 7, 8, 9, 10)
2023-11-23 13:05:48,761 [INFO] Finished loading data for subjects [10, 17, 2] and channels (0, 1, 2, 3, 4, 5, 6, 7, 8, 9, 10)
INFO:mylogger:Finished loading data for subjects [10, 17, 2] and channels (0, 1, 2, 3, 4, 5, 6, 7, 8, 9, 10)
2023-11-23 13:05:48,761 [INFO] Loading data for subjects [5, 16, 15, 8, 9, 7, 14, 6, 11] and channels (0, 1, 2, 3, 4, 5, 6, 7, 8, 9, 10)
INFO:mylogger:Loading data for subjects [5, 16, 15, 8, 9, 7, 14, 6, 11] and channels (0, 1, 2, 3, 4, 5, 6, 7, 8, 9, 10)
2023-11-23 13:05:48,889 [INFO] Finished loading data for subjects [5, 16, 15, 8, 9, 7, 14, 6, 11] and channels (0, 1, 2, 3, 4, 5, 6, 7, 8, 9, 10)
INFO:mylogger:Finished loading data for subjects [5, 16, 15, 8, 9, 7, 14, 6, 11] and channels (0, 1, 2, 3, 4, 5, 6, 7, 8, 9, 10)
2023-11-23 13:05:48,910 [INFO] Loading data for subjects [4, 3, 13] and channels (0, 1, 2, 3, 4, 5, 6, 7, 8, 9, 10)
INFO:mylogger:Loading data for subjects [4, 3, 13] and channels (0, 1, 2, 3, 4, 5, 6, 7, 8, 9, 10)
2023-11-23 13:05:48,933 [INFO] Finished loading data for subjects [4, 3, 13] and channels (0, 1, 2, 3, 4, 5, 6, 7, 8, 9, 10)
INFO:mylogger:Finished loading data for subjects [4, 3, 13] and channels (0, 1, 2, 3, 4, 5, 6, 7, 8, 9, 10)
2023-11-23 13:05:48,933 [INFO] Loading data for subjects [10, 17, 2] and channels (0, 1, 2, 3, 4, 5, 6, 7, 8, 9, 10)
INFO:mylogger:Loading data for subjects [10, 17, 2] and channels (0, 1, 2, 3, 4, 5, 6, 7, 8, 9, 10)
2023-11-23 13:05:48,955 [INFO] Finished loading data for subjects [10, 17, 2] and channels (0, 1, 2, 3, 4, 5, 6, 7, 8, 9, 10)
INFO:mylogger:Finished loading data for subjects [10, 17, 2] and channels (0, 1, 2, 3, 4, 5, 6, 7, 8, 9, 10)
2023-11-23 13:05:48,955 [INFO] Loading data for subjects [5, 16, 15, 8, 9, 7, 14, 6, 11] and channels (0, 1, 2, 3, 4, 5, 6, 7, 8, 9, 10)
INFO:mylogger:Loading data for subjects [5, 16, 15, 8, 9, 7, 14, 6, 11] and channels (0, 1, 2, 3, 4, 5, 6, 7, 8, 9, 10)
2023-11-23 13:05:49,030 [INFO] Finished loading data for subjects [5, 16, 15, 8, 9, 7, 14, 6, 11] and channels (0, 1, 2, 3, 4, 5, 6, 7, 8, 9, 10)
INFO:mylogger:Finished loading data for subjects [5, 16, 15, 8, 9, 7, 14, 6, 11] and channels (0, 1, 2, 3, 4, 5, 6, 7, 8, 9, 10)
2023-11-23 13:05:49,051 [INFO] Loading data for subjects [4, 3, 13] and channels (0, 1, 2, 3, 4, 5, 6, 7, 8, 9, 10)
INFO:mylogger:Loading data for subjects [4, 3, 13] and channels (0, 1, 2, 3, 4, 5, 6, 7, 8, 9, 10)
2023-11-23 13:05:49,073 [INFO] Finished loading data for subjects [4, 3, 13] and channels (0, 1, 2, 3, 4, 5, 6, 7, 8, 9, 10)
INFO:mylogger:Finished loading data for subjects [4, 3, 13] and channels (0, 1, 2, 3, 4, 5, 6, 7, 8, 9, 10)
2023-11-23 13:05:49,073 [INFO] Loading data for subjects [10, 17, 2] and channels (0, 1, 2, 3, 4, 5, 6, 7, 8, 9, 10)
INFO:mylogger:Loading data for subjects [10, 17, 2] and channels (0, 1, 2, 3, 4, 5, 6, 7, 8, 9, 10)
2023-11-23 13:05:49,094 [INFO] Finished loading data for subjects [10, 17, 2] and channels (0, 1, 2, 3, 4, 5, 6, 7, 8, 9, 10)
INFO:mylogger:Finished loading data for subjects [10, 17, 2] and channels (0, 1, 2, 3, 4, 5, 6, 7, 8, 9, 10)
2023-11-23 13:05:49,094 [INFO] Loading data for subjects [5, 16, 15, 8, 9, 7, 14, 6, 11] and channels (0, 1, 2, 3, 4, 5, 6, 7, 8, 9, 10)
INFO:mylogger:Loading data for subjects [5, 16, 15, 8, 9, 7, 14, 6, 11] and channels (0, 1, 2, 3, 4, 5, 6, 7, 8, 9, 10)
2023-11-23 13:05:49,171 [INFO] Finished loading data for subjects [5, 16, 15, 8, 9, 7, 14, 6, 11] and channels (0, 1, 2, 3, 4, 5, 6, 7, 8, 9, 10)
INFO:mylogger:Finished loading data for subjects [5, 16, 15, 8, 9, 7, 14, 6, 11] and channels (0, 1, 2, 3, 4, 5, 6, 7, 8, 9, 10)
2023-11-23 13:05:49,192 [INFO] Loading data for subjects [4, 3, 13] and channels (0, 1, 2, 3, 4, 5, 6, 7, 8, 9, 10)
INFO:mylogger:Loading data for subjects [4, 3, 13] and channels (0, 1, 2, 3, 4, 5, 6, 7, 8, 9, 10)
2023-11-23 13:05:49,235 [INFO] Finished loading data for subjects [4, 3, 13] and channels (0, 1, 2, 3, 4, 5, 6, 7, 8, 9, 10)
INFO:mylogger:Finished loading data for subjects [4, 3, 13] and channels (0, 1, 2, 3, 4, 5, 6, 7, 8, 9, 10)
2023-11-23 13:05:49,235 [INFO] Loading data for subjects [10, 17, 2] and channels (0, 1, 2, 3, 4, 5, 6, 7, 8, 9, 10)
INFO:mylogger:Loading data for subjects [10, 17, 2] and channels (0, 1, 2, 3, 4, 5, 6, 7, 8, 9, 10)
2023-11-23 13:05:49,279 [INFO] Finished loading data for subjects [10, 17, 2] and channels (0, 1, 2, 3, 4, 5, 6, 7, 8, 9, 10)
INFO:mylogger:Finished loading data for subjects [10, 17, 2] and channels (0, 1, 2, 3, 4, 5, 6, 7, 8, 9, 10)
2023-11-23 13:05:49,279 [INFO] Loading data for subjects [5, 16, 15, 8, 9, 7, 14, 6, 11] and channels (0, 1, 2, 3, 4, 5, 6, 7, 8, 9, 10)
INFO:mylogger:Loading data for subjects [5, 16, 15, 8, 9, 7, 14, 6, 11] and channels (0, 1, 2, 3, 4, 5, 6, 7, 8, 9, 10)
2023-11-23 13:05:49,427 [INFO] Finished loading data for subjects [5, 16, 15, 8, 9, 7, 14, 6, 11] and channels (0, 1, 2, 3, 4, 5, 6, 7, 8, 9, 10)
INFO:mylogger:Finished loading data for subjects [5, 16, 15, 8, 9, 7, 14, 6, 11] and channels (0, 1, 2, 3, 4, 5, 6, 7, 8, 9, 10)
2023-11-23 13:05:49,461 [INFO] Tuning of resnetM, max_evals: 6
INFO:mylogger:Tuning of resnetM, max_evals: 6
2023-11-23 13:05:49,700 [INFO] GPU 0 was taken for resnetM, tune_03.
INFO:mylogger:GPU 0 was taken for resnetM, tune_03.
WARNING:tensorflow:From /projects/bbnp/anxietyE2E/experiment/experiment.py:128: The name tf.global_variables_initializer is deprecated. Please use tf.compat.v1.global_variables_initializer instead.

WARNING:tensorflow:From /projects/bbnp/anxietyE2E/experiment/experiment.py:128: The name tf.global_variables_initializer is deprecated. Please use tf.compat.v1.global_variables_initializer instead.

2023-11-23 13:05:59,643 [INFO] Experiment for WESAD dataset, classifier: resnetM, setup: it_00, iteration: tune_03
INFO:mylogger:Experiment for WESAD dataset, classifier: resnetM, setup: it_00, iteration: tune_03
WARNING:tensorflow:From /u/alkurdi/.conda/envs/TFwesad/lib/python3.8/site-packages/keras/backend/tensorflow_backend.py:541: The name tf.placeholder is deprecated. Please use tf.compat.v1.placeholder instead.

WARNING:tensorflow:From /u/alkurdi/.conda/envs/TFwesad/lib/python3.8/site-packages/keras/backend/tensorflow_backend.py:541: The name tf.placeholder is deprecated. Please use tf.compat.v1.placeholder instead.

WARNING:tensorflow:From /u/alkurdi/.conda/envs/TFwesad/lib/python3.8/site-packages/keras/backend/tensorflow_backend.py:66: The name tf.get_default_graph is deprecated. Please use tf.compat.v1.get_default_graph instead.

WARNING:tensorflow:From /u/alkurdi/.conda/envs/TFwesad/lib/python3.8/site-packages/keras/backend/tensorflow_backend.py:66: The name tf.get_default_graph is deprecated. Please use tf.compat.v1.get_default_graph instead.

WARNING:tensorflow:From /u/alkurdi/.conda/envs/TFwesad/lib/python3.8/site-packages/keras/backend/tensorflow_backend.py:4432: The name tf.random_uniform is deprecated. Please use tf.random.uniform instead.

WARNING:tensorflow:From /u/alkurdi/.conda/envs/TFwesad/lib/python3.8/site-packages/keras/backend/tensorflow_backend.py:4432: The name tf.random_uniform is deprecated. Please use tf.random.uniform instead.

WARNING:tensorflow:From /u/alkurdi/.conda/envs/TFwesad/lib/python3.8/site-packages/keras/backend/tensorflow_backend.py:148: The name tf.placeholder_with_default is deprecated. Please use tf.compat.v1.placeholder_with_default instead.

WARNING:tensorflow:From /u/alkurdi/.conda/envs/TFwesad/lib/python3.8/site-packages/keras/backend/tensorflow_backend.py:148: The name tf.placeholder_with_default is deprecated. Please use tf.compat.v1.placeholder_with_default instead.

WARNING:tensorflow:From /u/alkurdi/.conda/envs/TFwesad/lib/python3.8/site-packages/keras/optimizers.py:793: The name tf.train.Optimizer is deprecated. Please use tf.compat.v1.train.Optimizer instead.

WARNING:tensorflow:From /u/alkurdi/.conda/envs/TFwesad/lib/python3.8/site-packages/keras/optimizers.py:793: The name tf.train.Optimizer is deprecated. Please use tf.compat.v1.train.Optimizer instead.

WARNING:tensorflow:From /u/alkurdi/.conda/envs/TFwesad/lib/python3.8/site-packages/keras/backend/tensorflow_backend.py:3576: The name tf.log is deprecated. Please use tf.math.log instead.

WARNING:tensorflow:From /u/alkurdi/.conda/envs/TFwesad/lib/python3.8/site-packages/keras/backend/tensorflow_backend.py:3576: The name tf.log is deprecated. Please use tf.math.log instead.

2023-11-23 13:06:05,186 [INFO] Created model for WESAD dataset, classifier: resnetM, setup: it_00, iteration: tune_03
INFO:mylogger:Created model for WESAD dataset, classifier: resnetM, setup: it_00, iteration: tune_03
2023-11-23 13:06:05,187 [INFO] Fitting model
INFO:mylogger:Fitting model
WARNING:tensorflow:From /u/alkurdi/.conda/envs/TFwesad/lib/python3.8/site-packages/keras/backend/tensorflow_backend.py:1033: The name tf.assign_add is deprecated. Please use tf.compat.v1.assign_add instead.

WARNING:tensorflow:From /u/alkurdi/.conda/envs/TFwesad/lib/python3.8/site-packages/keras/backend/tensorflow_backend.py:1033: The name tf.assign_add is deprecated. Please use tf.compat.v1.assign_add instead.

WARNING:tensorflow:From /u/alkurdi/.conda/envs/TFwesad/lib/python3.8/site-packages/keras/backend/tensorflow_backend.py:1020: The name tf.assign is deprecated. Please use tf.compat.v1.assign instead.

WARNING:tensorflow:From /u/alkurdi/.conda/envs/TFwesad/lib/python3.8/site-packages/keras/backend/tensorflow_backend.py:1020: The name tf.assign is deprecated. Please use tf.compat.v1.assign instead.

WARNING:tensorflow:From /u/alkurdi/.conda/envs/TFwesad/lib/python3.8/site-packages/keras/backend/tensorflow_backend.py:3005: The name tf.Session is deprecated. Please use tf.compat.v1.Session instead.

WARNING:tensorflow:From /u/alkurdi/.conda/envs/TFwesad/lib/python3.8/site-packages/keras/backend/tensorflow_backend.py:3005: The name tf.Session is deprecated. Please use tf.compat.v1.Session instead.

WARNING:tensorflow:From /u/alkurdi/.conda/envs/TFwesad/lib/python3.8/site-packages/keras/backend/tensorflow_backend.py:190: The name tf.get_default_session is deprecated. Please use tf.compat.v1.get_default_session instead.

WARNING:tensorflow:From /u/alkurdi/.conda/envs/TFwesad/lib/python3.8/site-packages/keras/backend/tensorflow_backend.py:190: The name tf.get_default_session is deprecated. Please use tf.compat.v1.get_default_session instead.

WARNING:tensorflow:From /u/alkurdi/.conda/envs/TFwesad/lib/python3.8/site-packages/keras/backend/tensorflow_backend.py:207: The name tf.global_variables is deprecated. Please use tf.compat.v1.global_variables instead.

WARNING:tensorflow:From /u/alkurdi/.conda/envs/TFwesad/lib/python3.8/site-packages/keras/backend/tensorflow_backend.py:207: The name tf.global_variables is deprecated. Please use tf.compat.v1.global_variables instead.

WARNING:tensorflow:From /u/alkurdi/.conda/envs/TFwesad/lib/python3.8/site-packages/keras/backend/tensorflow_backend.py:216: The name tf.is_variable_initialized is deprecated. Please use tf.compat.v1.is_variable_initialized instead.

WARNING:tensorflow:From /u/alkurdi/.conda/envs/TFwesad/lib/python3.8/site-packages/keras/backend/tensorflow_backend.py:216: The name tf.is_variable_initialized is deprecated. Please use tf.compat.v1.is_variable_initialized instead.

WARNING:tensorflow:From /u/alkurdi/.conda/envs/TFwesad/lib/python3.8/site-packages/keras/backend/tensorflow_backend.py:223: The name tf.variables_initializer is deprecated. Please use tf.compat.v1.variables_initializer instead.

WARNING:tensorflow:From /u/alkurdi/.conda/envs/TFwesad/lib/python3.8/site-packages/keras/backend/tensorflow_backend.py:223: The name tf.variables_initializer is deprecated. Please use tf.compat.v1.variables_initializer instead.

2023-11-23 13:14:08,090 [INFO] Loading weights and predicting
INFO:mylogger:Loading weights and predicting
/u/alkurdi/.conda/envs/TFwesad/lib/python3.8/site-packages/sklearn/metrics/_classification.py:1334: UndefinedMetricWarning: Precision is ill-defined and being set to 0.0 in labels with no predicted samples. Use `zero_division` parameter to control this behavior.
  _warn_prf(average, modifier, msg_start, len(result))

2023-11-23 13:14:26,993 [INFO] Fitted model for WESAD dataset, classifier: resnetM, setup: it_00, iteration: tune_03
INFO:mylogger:Fitted model for WESAD dataset, classifier: resnetM, setup: it_00, iteration: tune_03
2023-11-23 13:14:26,995 [INFO] Finished experiment for WESAD dataset, classifier: resnetM, setup: it_00, iteration: tune_03
INFO:mylogger:Finished experiment for WESAD dataset, classifier: resnetM, setup: it_00, iteration: tune_03
2023-11-23 13:14:31,154 [INFO] Experiment for WESAD dataset, classifier: resnetM, setup: it_01, iteration: tune_03
INFO:mylogger:Experiment for WESAD dataset, classifier: resnetM, setup: it_01, iteration: tune_03
2023-11-23 13:14:31,160 [INFO] Created model for WESAD dataset, classifier: resnetM, setup: it_01, iteration: tune_03
INFO:mylogger:Created model for WESAD dataset, classifier: resnetM, setup: it_01, iteration: tune_03
2023-11-23 13:14:31,163 [INFO] Fitting model
INFO:mylogger:Fitting model
2023-11-23 13:19:56,943 [INFO] Loading weights and predicting
INFO:mylogger:Loading weights and predicting
/u/alkurdi/.conda/envs/TFwesad/lib/python3.8/site-packages/sklearn/metrics/_classification.py:1334: UndefinedMetricWarning: Precision is ill-defined and being set to 0.0 in labels with no predicted samples. Use `zero_division` parameter to control this behavior.
  _warn_prf(average, modifier, msg_start, len(result))

2023-11-23 13:20:00,109 [INFO] Fitted model for WESAD dataset, classifier: resnetM, setup: it_01, iteration: tune_03
INFO:mylogger:Fitted model for WESAD dataset, classifier: resnetM, setup: it_01, iteration: tune_03
2023-11-23 13:20:00,110 [INFO] Finished experiment for WESAD dataset, classifier: resnetM, setup: it_01, iteration: tune_03
INFO:mylogger:Finished experiment for WESAD dataset, classifier: resnetM, setup: it_01, iteration: tune_03
2023-11-23 13:20:04,648 [INFO] Experiment for WESAD dataset, classifier: resnetM, setup: it_02, iteration: tune_03
INFO:mylogger:Experiment for WESAD dataset, classifier: resnetM, setup: it_02, iteration: tune_03
2023-11-23 13:20:04,658 [INFO] Created model for WESAD dataset, classifier: resnetM, setup: it_02, iteration: tune_03
INFO:mylogger:Created model for WESAD dataset, classifier: resnetM, setup: it_02, iteration: tune_03
2023-11-23 13:20:04,660 [INFO] Fitting model
INFO:mylogger:Fitting model
2023-11-23 13:25:37,582 [INFO] Loading weights and predicting
INFO:mylogger:Loading weights and predicting
2023-11-23 13:25:41,941 [INFO] Fitted model for WESAD dataset, classifier: resnetM, setup: it_02, iteration: tune_03
INFO:mylogger:Fitted model for WESAD dataset, classifier: resnetM, setup: it_02, iteration: tune_03
2023-11-23 13:25:41,942 [INFO] Finished experiment for WESAD dataset, classifier: resnetM, setup: it_02, iteration: tune_03
INFO:mylogger:Finished experiment for WESAD dataset, classifier: resnetM, setup: it_02, iteration: tune_03
2023-11-23 13:25:47,912 [INFO] Experiment for WESAD dataset, classifier: resnetM, setup: it_03, iteration: tune_03
INFO:mylogger:Experiment for WESAD dataset, classifier: resnetM, setup: it_03, iteration: tune_03
2023-11-23 13:25:47,928 [INFO] Created model for WESAD dataset, classifier: resnetM, setup: it_03, iteration: tune_03
INFO:mylogger:Created model for WESAD dataset, classifier: resnetM, setup: it_03, iteration: tune_03
2023-11-23 13:25:47,931 [INFO] Fitting model
INFO:mylogger:Fitting model
2023-11-23 13:32:08,998 [INFO] Loading weights and predicting
INFO:mylogger:Loading weights and predicting
2023-11-23 13:32:12,515 [INFO] Fitted model for WESAD dataset, classifier: resnetM, setup: it_03, iteration: tune_03
INFO:mylogger:Fitted model for WESAD dataset, classifier: resnetM, setup: it_03, iteration: tune_03
2023-11-23 13:32:12,516 [INFO] Finished experiment for WESAD dataset, classifier: resnetM, setup: it_03, iteration: tune_03
INFO:mylogger:Finished experiment for WESAD dataset, classifier: resnetM, setup: it_03, iteration: tune_03
2023-11-23 13:32:17,798 [INFO] Experiment for WESAD dataset, classifier: resnetM, setup: it_04, iteration: tune_03
INFO:mylogger:Experiment for WESAD dataset, classifier: resnetM, setup: it_04, iteration: tune_03
2023-11-23 13:32:17,799 [INFO] Created model for WESAD dataset, classifier: resnetM, setup: it_04, iteration: tune_03
INFO:mylogger:Created model for WESAD dataset, classifier: resnetM, setup: it_04, iteration: tune_03
2023-11-23 13:32:17,799 [INFO] Fitting model
INFO:mylogger:Fitting model
2023-11-23 13:38:23,848 [INFO] Loading weights and predicting
INFO:mylogger:Loading weights and predicting
2023-11-23 13:38:28,592 [INFO] Fitted model for WESAD dataset, classifier: resnetM, setup: it_04, iteration: tune_03
INFO:mylogger:Fitted model for WESAD dataset, classifier: resnetM, setup: it_04, iteration: tune_03
2023-11-23 13:38:28,593 [INFO] Finished experiment for WESAD dataset, classifier: resnetM, setup: it_04, iteration: tune_03
INFO:mylogger:Finished experiment for WESAD dataset, classifier: resnetM, setup: it_04, iteration: tune_03
2023-11-23 13:38:28,616 [INFO] GPU 0 was released by resnetM, tune_03.
INFO:mylogger:GPU 0 was released by resnetM, tune_03.
2023-11-23 13:38:28,916 [INFO] GPU 0 was taken for resnetM, tune_04.
INFO:mylogger:GPU 0 was taken for resnetM, tune_04.
2023-11-23 13:38:31,335 [INFO] Experiment for WESAD dataset, classifier: resnetM, setup: it_00, iteration: tune_04
INFO:mylogger:Experiment for WESAD dataset, classifier: resnetM, setup: it_00, iteration: tune_04
2023-11-23 13:38:38,095 [INFO] Created model for WESAD dataset, classifier: resnetM, setup: it_00, iteration: tune_04
INFO:mylogger:Created model for WESAD dataset, classifier: resnetM, setup: it_00, iteration: tune_04
2023-11-23 13:38:38,096 [INFO] Fitting model
INFO:mylogger:Fitting model
2023-11-23 13:50:55,629 [INFO] Loading weights and predicting
INFO:mylogger:Loading weights and predicting
2023-11-23 13:51:11,530 [INFO] Fitted model for WESAD dataset, classifier: resnetM, setup: it_00, iteration: tune_04
INFO:mylogger:Fitted model for WESAD dataset, classifier: resnetM, setup: it_00, iteration: tune_04
2023-11-23 13:51:11,532 [INFO] Finished experiment for WESAD dataset, classifier: resnetM, setup: it_00, iteration: tune_04
INFO:mylogger:Finished experiment for WESAD dataset, classifier: resnetM, setup: it_00, iteration: tune_04
2023-11-23 13:51:16,145 [INFO] Experiment for WESAD dataset, classifier: resnetM, setup: it_01, iteration: tune_04
INFO:mylogger:Experiment for WESAD dataset, classifier: resnetM, setup: it_01, iteration: tune_04
2023-11-23 13:51:16,168 [INFO] Created model for WESAD dataset, classifier: resnetM, setup: it_01, iteration: tune_04
INFO:mylogger:Created model for WESAD dataset, classifier: resnetM, setup: it_01, iteration: tune_04
2023-11-23 13:51:16,171 [INFO] Fitting model
INFO:mylogger:Fitting model
2023-11-23 13:58:01,839 [INFO] Loading weights and predicting
INFO:mylogger:Loading weights and predicting
/u/alkurdi/.conda/envs/TFwesad/lib/python3.8/site-packages/sklearn/metrics/_classification.py:1334: UndefinedMetricWarning: Precision is ill-defined and being set to 0.0 in labels with no predicted samples. Use `zero_division` parameter to control this behavior.
  _warn_prf(average, modifier, msg_start, len(result))

2023-11-23 13:58:04,492 [INFO] Fitted model for WESAD dataset, classifier: resnetM, setup: it_01, iteration: tune_04
INFO:mylogger:Fitted model for WESAD dataset, classifier: resnetM, setup: it_01, iteration: tune_04
2023-11-23 13:58:04,493 [INFO] Finished experiment for WESAD dataset, classifier: resnetM, setup: it_01, iteration: tune_04
INFO:mylogger:Finished experiment for WESAD dataset, classifier: resnetM, setup: it_01, iteration: tune_04
2023-11-23 13:58:09,623 [INFO] Experiment for WESAD dataset, classifier: resnetM, setup: it_02, iteration: tune_04
INFO:mylogger:Experiment for WESAD dataset, classifier: resnetM, setup: it_02, iteration: tune_04
2023-11-23 13:58:09,673 [INFO] Created model for WESAD dataset, classifier: resnetM, setup: it_02, iteration: tune_04
INFO:mylogger:Created model for WESAD dataset, classifier: resnetM, setup: it_02, iteration: tune_04
2023-11-23 13:58:09,699 [INFO] Fitting model
INFO:mylogger:Fitting model
2023-11-23 14:05:21,375 [INFO] Loading weights and predicting
INFO:mylogger:Loading weights and predicting
2023-11-23 14:05:24,000 [INFO] Fitted model for WESAD dataset, classifier: resnetM, setup: it_02, iteration: tune_04
INFO:mylogger:Fitted model for WESAD dataset, classifier: resnetM, setup: it_02, iteration: tune_04
2023-11-23 14:05:24,000 [INFO] Finished experiment for WESAD dataset, classifier: resnetM, setup: it_02, iteration: tune_04
INFO:mylogger:Finished experiment for WESAD dataset, classifier: resnetM, setup: it_02, iteration: tune_04
2023-11-23 14:05:28,500 [INFO] Experiment for WESAD dataset, classifier: resnetM, setup: it_03, iteration: tune_04
INFO:mylogger:Experiment for WESAD dataset, classifier: resnetM, setup: it_03, iteration: tune_04
2023-11-23 14:05:28,528 [INFO] Created model for WESAD dataset, classifier: resnetM, setup: it_03, iteration: tune_04
INFO:mylogger:Created model for WESAD dataset, classifier: resnetM, setup: it_03, iteration: tune_04
2023-11-23 14:05:28,530 [INFO] Fitting model
INFO:mylogger:Fitting model
2023-11-23 14:18:57,003 [INFO] Loading weights and predicting
INFO:mylogger:Loading weights and predicting
2023-11-23 14:19:00,071 [INFO] Fitted model for WESAD dataset, classifier: resnetM, setup: it_03, iteration: tune_04
INFO:mylogger:Fitted model for WESAD dataset, classifier: resnetM, setup: it_03, iteration: tune_04
2023-11-23 14:19:00,072 [INFO] Finished experiment for WESAD dataset, classifier: resnetM, setup: it_03, iteration: tune_04
INFO:mylogger:Finished experiment for WESAD dataset, classifier: resnetM, setup: it_03, iteration: tune_04
2023-11-23 14:19:05,424 [INFO] Experiment for WESAD dataset, classifier: resnetM, setup: it_04, iteration: tune_04
INFO:mylogger:Experiment for WESAD dataset, classifier: resnetM, setup: it_04, iteration: tune_04
2023-11-23 14:19:05,426 [INFO] Created model for WESAD dataset, classifier: resnetM, setup: it_04, iteration: tune_04
INFO:mylogger:Created model for WESAD dataset, classifier: resnetM, setup: it_04, iteration: tune_04
2023-11-23 14:19:05,426 [INFO] Fitting model
INFO:mylogger:Fitting model
2023-11-23 14:30:14,041 [INFO] Loading weights and predicting
INFO:mylogger:Loading weights and predicting
2023-11-23 14:30:17,423 [INFO] Fitted model for WESAD dataset, classifier: resnetM, setup: it_04, iteration: tune_04
INFO:mylogger:Fitted model for WESAD dataset, classifier: resnetM, setup: it_04, iteration: tune_04
2023-11-23 14:30:17,424 [INFO] Finished experiment for WESAD dataset, classifier: resnetM, setup: it_04, iteration: tune_04
INFO:mylogger:Finished experiment for WESAD dataset, classifier: resnetM, setup: it_04, iteration: tune_04
2023-11-23 14:30:17,426 [INFO] GPU 0 was released by resnetM, tune_04.
INFO:mylogger:GPU 0 was released by resnetM, tune_04.
2023-11-23 14:30:17,862 [INFO] GPU 0 was taken for resnetM, tune_05.
INFO:mylogger:GPU 0 was taken for resnetM, tune_05.
2023-11-23 14:30:20,294 [INFO] Experiment for WESAD dataset, classifier: resnetM, setup: it_00, iteration: tune_05
INFO:mylogger:Experiment for WESAD dataset, classifier: resnetM, setup: it_00, iteration: tune_05
2023-11-23 14:30:29,996 [INFO] Created model for WESAD dataset, classifier: resnetM, setup: it_00, iteration: tune_05
INFO:mylogger:Created model for WESAD dataset, classifier: resnetM, setup: it_00, iteration: tune_05
2023-11-23 14:30:29,997 [INFO] Fitting model
INFO:mylogger:Fitting model
2023-11-23 14:43:34,479 [INFO] Loading weights and predicting
INFO:mylogger:Loading weights and predicting
/u/alkurdi/.conda/envs/TFwesad/lib/python3.8/site-packages/sklearn/metrics/_classification.py:1334: UndefinedMetricWarning: Precision is ill-defined and being set to 0.0 in labels with no predicted samples. Use `zero_division` parameter to control this behavior.
  _warn_prf(average, modifier, msg_start, len(result))

2023-11-23 14:43:52,094 [INFO] Fitted model for WESAD dataset, classifier: resnetM, setup: it_00, iteration: tune_05
INFO:mylogger:Fitted model for WESAD dataset, classifier: resnetM, setup: it_00, iteration: tune_05
2023-11-23 14:43:52,094 [INFO] Finished experiment for WESAD dataset, classifier: resnetM, setup: it_00, iteration: tune_05
INFO:mylogger:Finished experiment for WESAD dataset, classifier: resnetM, setup: it_00, iteration: tune_05
2023-11-23 14:43:57,183 [INFO] Experiment for WESAD dataset, classifier: resnetM, setup: it_01, iteration: tune_05
INFO:mylogger:Experiment for WESAD dataset, classifier: resnetM, setup: it_01, iteration: tune_05
2023-11-23 14:43:57,184 [INFO] Created model for WESAD dataset, classifier: resnetM, setup: it_01, iteration: tune_05
INFO:mylogger:Created model for WESAD dataset, classifier: resnetM, setup: it_01, iteration: tune_05
2023-11-23 14:43:57,184 [INFO] Fitting model
INFO:mylogger:Fitting model
2023-11-23 14:51:47,299 [INFO] Loading weights and predicting
INFO:mylogger:Loading weights and predicting
2023-11-23 14:51:51,431 [INFO] Fitted model for WESAD dataset, classifier: resnetM, setup: it_01, iteration: tune_05
INFO:mylogger:Fitted model for WESAD dataset, classifier: resnetM, setup: it_01, iteration: tune_05
2023-11-23 14:51:51,431 [INFO] Finished experiment for WESAD dataset, classifier: resnetM, setup: it_01, iteration: tune_05
INFO:mylogger:Finished experiment for WESAD dataset, classifier: resnetM, setup: it_01, iteration: tune_05
2023-11-23 14:51:58,444 [INFO] Experiment for WESAD dataset, classifier: resnetM, setup: it_02, iteration: tune_05
INFO:mylogger:Experiment for WESAD dataset, classifier: resnetM, setup: it_02, iteration: tune_05
2023-11-23 14:51:58,446 [INFO] Created model for WESAD dataset, classifier: resnetM, setup: it_02, iteration: tune_05
INFO:mylogger:Created model for WESAD dataset, classifier: resnetM, setup: it_02, iteration: tune_05
2023-11-23 14:51:58,446 [INFO] Fitting model
INFO:mylogger:Fitting model
2023-11-23 15:00:55,080 [INFO] Loading weights and predicting
INFO:mylogger:Loading weights and predicting
2023-11-23 15:00:58,213 [INFO] Fitted model for WESAD dataset, classifier: resnetM, setup: it_02, iteration: tune_05
INFO:mylogger:Fitted model for WESAD dataset, classifier: resnetM, setup: it_02, iteration: tune_05
2023-11-23 15:00:58,214 [INFO] Finished experiment for WESAD dataset, classifier: resnetM, setup: it_02, iteration: tune_05
INFO:mylogger:Finished experiment for WESAD dataset, classifier: resnetM, setup: it_02, iteration: tune_05
2023-11-23 15:01:05,047 [INFO] Experiment for WESAD dataset, classifier: resnetM, setup: it_03, iteration: tune_05
INFO:mylogger:Experiment for WESAD dataset, classifier: resnetM, setup: it_03, iteration: tune_05
2023-11-23 15:01:05,048 [INFO] Created model for WESAD dataset, classifier: resnetM, setup: it_03, iteration: tune_05
INFO:mylogger:Created model for WESAD dataset, classifier: resnetM, setup: it_03, iteration: tune_05
2023-11-23 15:01:05,048 [INFO] Fitting model
INFO:mylogger:Fitting model
2023-11-23 15:09:54,254 [INFO] Loading weights and predicting
INFO:mylogger:Loading weights and predicting
2023-11-23 15:09:56,260 [INFO] Fitted model for WESAD dataset, classifier: resnetM, setup: it_03, iteration: tune_05
INFO:mylogger:Fitted model for WESAD dataset, classifier: resnetM, setup: it_03, iteration: tune_05
2023-11-23 15:09:56,261 [INFO] Finished experiment for WESAD dataset, classifier: resnetM, setup: it_03, iteration: tune_05
INFO:mylogger:Finished experiment for WESAD dataset, classifier: resnetM, setup: it_03, iteration: tune_05
2023-11-23 15:10:01,696 [INFO] Experiment for WESAD dataset, classifier: resnetM, setup: it_04, iteration: tune_05
INFO:mylogger:Experiment for WESAD dataset, classifier: resnetM, setup: it_04, iteration: tune_05
2023-11-23 15:10:01,697 [INFO] Created model for WESAD dataset, classifier: resnetM, setup: it_04, iteration: tune_05
INFO:mylogger:Created model for WESAD dataset, classifier: resnetM, setup: it_04, iteration: tune_05
2023-11-23 15:10:01,697 [INFO] Fitting model
INFO:mylogger:Fitting model
2023-11-23 15:22:03,464 [INFO] Loading weights and predicting
INFO:mylogger:Loading weights and predicting
2023-11-23 15:22:10,025 [INFO] Fitted model for WESAD dataset, classifier: resnetM, setup: it_04, iteration: tune_05
INFO:mylogger:Fitted model for WESAD dataset, classifier: resnetM, setup: it_04, iteration: tune_05
2023-11-23 15:22:10,027 [INFO] Finished experiment for WESAD dataset, classifier: resnetM, setup: it_04, iteration: tune_05
INFO:mylogger:Finished experiment for WESAD dataset, classifier: resnetM, setup: it_04, iteration: tune_05
2023-11-23 15:22:10,037 [INFO] GPU 0 was released by resnetM, tune_05.
INFO:mylogger:GPU 0 was released by resnetM, tune_05.
 
 ******************************
 ******* i_fold=01 *******
 ******************************
 
Thu Nov 23 15:22:28 CST 2023
WARNING:tensorflow:Deprecation warnings have been disabled. Set TF_ENABLE_DEPRECATION_WARNINGS=1 to re-enable them.
WARNING:root:Limited tf.compat.v2.summary API due to missing TensorBoard installation.
Using TensorFlow backend.
2023-11-23 15:23:27,259 [INFO] Loading data for subjects [5, 8, 7] and channels (0, 1, 2, 3, 4, 5, 6, 7, 8, 9, 10)
INFO:mylogger:Loading data for subjects [5, 8, 7] and channels (0, 1, 2, 3, 4, 5, 6, 7, 8, 9, 10)
2023-11-23 15:23:27,345 [INFO] Finished loading data for subjects [5, 8, 7] and channels (0, 1, 2, 3, 4, 5, 6, 7, 8, 9, 10)
INFO:mylogger:Finished loading data for subjects [5, 8, 7] and channels (0, 1, 2, 3, 4, 5, 6, 7, 8, 9, 10)
2023-11-23 15:23:27,346 [INFO] Loading data for subjects [13, 16, 14] and channels (0, 1, 2, 3, 4, 5, 6, 7, 8, 9, 10)
INFO:mylogger:Loading data for subjects [13, 16, 14] and channels (0, 1, 2, 3, 4, 5, 6, 7, 8, 9, 10)
2023-11-23 15:23:27,409 [INFO] Finished loading data for subjects [13, 16, 14] and channels (0, 1, 2, 3, 4, 5, 6, 7, 8, 9, 10)
INFO:mylogger:Finished loading data for subjects [13, 16, 14] and channels (0, 1, 2, 3, 4, 5, 6, 7, 8, 9, 10)
2023-11-23 15:23:27,409 [INFO] Loading data for subjects [4, 15, 17, 3, 9, 2, 10, 6, 11] and channels (0, 1, 2, 3, 4, 5, 6, 7, 8, 9, 10)
INFO:mylogger:Loading data for subjects [4, 15, 17, 3, 9, 2, 10, 6, 11] and channels (0, 1, 2, 3, 4, 5, 6, 7, 8, 9, 10)
2023-11-23 15:23:27,648 [INFO] Finished loading data for subjects [4, 15, 17, 3, 9, 2, 10, 6, 11] and channels (0, 1, 2, 3, 4, 5, 6, 7, 8, 9, 10)
INFO:mylogger:Finished loading data for subjects [4, 15, 17, 3, 9, 2, 10, 6, 11] and channels (0, 1, 2, 3, 4, 5, 6, 7, 8, 9, 10)
2023-11-23 15:23:27,728 [INFO] Loading data for subjects [5, 8, 7] and channels (0, 1, 2, 3, 4, 5, 6, 7, 8, 9, 10)
INFO:mylogger:Loading data for subjects [5, 8, 7] and channels (0, 1, 2, 3, 4, 5, 6, 7, 8, 9, 10)
2023-11-23 15:23:27,750 [INFO] Finished loading data for subjects [5, 8, 7] and channels (0, 1, 2, 3, 4, 5, 6, 7, 8, 9, 10)
INFO:mylogger:Finished loading data for subjects [5, 8, 7] and channels (0, 1, 2, 3, 4, 5, 6, 7, 8, 9, 10)
2023-11-23 15:23:27,750 [INFO] Loading data for subjects [13, 16, 14] and channels (0, 1, 2, 3, 4, 5, 6, 7, 8, 9, 10)
INFO:mylogger:Loading data for subjects [13, 16, 14] and channels (0, 1, 2, 3, 4, 5, 6, 7, 8, 9, 10)
2023-11-23 15:23:27,773 [INFO] Finished loading data for subjects [13, 16, 14] and channels (0, 1, 2, 3, 4, 5, 6, 7, 8, 9, 10)
INFO:mylogger:Finished loading data for subjects [13, 16, 14] and channels (0, 1, 2, 3, 4, 5, 6, 7, 8, 9, 10)
2023-11-23 15:23:27,774 [INFO] Loading data for subjects [4, 15, 17, 3, 9, 2, 10, 6, 11] and channels (0, 1, 2, 3, 4, 5, 6, 7, 8, 9, 10)
INFO:mylogger:Loading data for subjects [4, 15, 17, 3, 9, 2, 10, 6, 11] and channels (0, 1, 2, 3, 4, 5, 6, 7, 8, 9, 10)
2023-11-23 15:23:27,849 [INFO] Finished loading data for subjects [4, 15, 17, 3, 9, 2, 10, 6, 11] and channels (0, 1, 2, 3, 4, 5, 6, 7, 8, 9, 10)
INFO:mylogger:Finished loading data for subjects [4, 15, 17, 3, 9, 2, 10, 6, 11] and channels (0, 1, 2, 3, 4, 5, 6, 7, 8, 9, 10)
2023-11-23 15:23:27,875 [INFO] Loading data for subjects [5, 8, 7] and channels (0, 1, 2, 3, 4, 5, 6, 7, 8, 9, 10)
INFO:mylogger:Loading data for subjects [5, 8, 7] and channels (0, 1, 2, 3, 4, 5, 6, 7, 8, 9, 10)
2023-11-23 15:23:27,898 [INFO] Finished loading data for subjects [5, 8, 7] and channels (0, 1, 2, 3, 4, 5, 6, 7, 8, 9, 10)
INFO:mylogger:Finished loading data for subjects [5, 8, 7] and channels (0, 1, 2, 3, 4, 5, 6, 7, 8, 9, 10)
2023-11-23 15:23:27,898 [INFO] Loading data for subjects [13, 16, 14] and channels (0, 1, 2, 3, 4, 5, 6, 7, 8, 9, 10)
INFO:mylogger:Loading data for subjects [13, 16, 14] and channels (0, 1, 2, 3, 4, 5, 6, 7, 8, 9, 10)
2023-11-23 15:23:27,919 [INFO] Finished loading data for subjects [13, 16, 14] and channels (0, 1, 2, 3, 4, 5, 6, 7, 8, 9, 10)
INFO:mylogger:Finished loading data for subjects [13, 16, 14] and channels (0, 1, 2, 3, 4, 5, 6, 7, 8, 9, 10)
2023-11-23 15:23:27,919 [INFO] Loading data for subjects [4, 15, 17, 3, 9, 2, 10, 6, 11] and channels (0, 1, 2, 3, 4, 5, 6, 7, 8, 9, 10)
INFO:mylogger:Loading data for subjects [4, 15, 17, 3, 9, 2, 10, 6, 11] and channels (0, 1, 2, 3, 4, 5, 6, 7, 8, 9, 10)
2023-11-23 15:23:27,993 [INFO] Finished loading data for subjects [4, 15, 17, 3, 9, 2, 10, 6, 11] and channels (0, 1, 2, 3, 4, 5, 6, 7, 8, 9, 10)
INFO:mylogger:Finished loading data for subjects [4, 15, 17, 3, 9, 2, 10, 6, 11] and channels (0, 1, 2, 3, 4, 5, 6, 7, 8, 9, 10)
2023-11-23 15:23:28,015 [INFO] Loading data for subjects [5, 8, 7] and channels (0, 1, 2, 3, 4, 5, 6, 7, 8, 9, 10)
INFO:mylogger:Loading data for subjects [5, 8, 7] and channels (0, 1, 2, 3, 4, 5, 6, 7, 8, 9, 10)
2023-11-23 15:23:28,037 [INFO] Finished loading data for subjects [5, 8, 7] and channels (0, 1, 2, 3, 4, 5, 6, 7, 8, 9, 10)
INFO:mylogger:Finished loading data for subjects [5, 8, 7] and channels (0, 1, 2, 3, 4, 5, 6, 7, 8, 9, 10)
2023-11-23 15:23:28,037 [INFO] Loading data for subjects [13, 16, 14] and channels (0, 1, 2, 3, 4, 5, 6, 7, 8, 9, 10)
INFO:mylogger:Loading data for subjects [13, 16, 14] and channels (0, 1, 2, 3, 4, 5, 6, 7, 8, 9, 10)
2023-11-23 15:23:28,059 [INFO] Finished loading data for subjects [13, 16, 14] and channels (0, 1, 2, 3, 4, 5, 6, 7, 8, 9, 10)
INFO:mylogger:Finished loading data for subjects [13, 16, 14] and channels (0, 1, 2, 3, 4, 5, 6, 7, 8, 9, 10)
2023-11-23 15:23:28,060 [INFO] Loading data for subjects [4, 15, 17, 3, 9, 2, 10, 6, 11] and channels (0, 1, 2, 3, 4, 5, 6, 7, 8, 9, 10)
INFO:mylogger:Loading data for subjects [4, 15, 17, 3, 9, 2, 10, 6, 11] and channels (0, 1, 2, 3, 4, 5, 6, 7, 8, 9, 10)
2023-11-23 15:23:28,134 [INFO] Finished loading data for subjects [4, 15, 17, 3, 9, 2, 10, 6, 11] and channels (0, 1, 2, 3, 4, 5, 6, 7, 8, 9, 10)
INFO:mylogger:Finished loading data for subjects [4, 15, 17, 3, 9, 2, 10, 6, 11] and channels (0, 1, 2, 3, 4, 5, 6, 7, 8, 9, 10)
2023-11-23 15:23:28,155 [INFO] Loading data for subjects [5, 8, 7] and channels (0, 1, 2, 3, 4, 5, 6, 7, 8, 9, 10)
INFO:mylogger:Loading data for subjects [5, 8, 7] and channels (0, 1, 2, 3, 4, 5, 6, 7, 8, 9, 10)
2023-11-23 15:23:28,178 [INFO] Finished loading data for subjects [5, 8, 7] and channels (0, 1, 2, 3, 4, 5, 6, 7, 8, 9, 10)
INFO:mylogger:Finished loading data for subjects [5, 8, 7] and channels (0, 1, 2, 3, 4, 5, 6, 7, 8, 9, 10)
2023-11-23 15:23:28,178 [INFO] Loading data for subjects [13, 16, 14] and channels (0, 1, 2, 3, 4, 5, 6, 7, 8, 9, 10)
INFO:mylogger:Loading data for subjects [13, 16, 14] and channels (0, 1, 2, 3, 4, 5, 6, 7, 8, 9, 10)
2023-11-23 15:23:28,201 [INFO] Finished loading data for subjects [13, 16, 14] and channels (0, 1, 2, 3, 4, 5, 6, 7, 8, 9, 10)
INFO:mylogger:Finished loading data for subjects [13, 16, 14] and channels (0, 1, 2, 3, 4, 5, 6, 7, 8, 9, 10)
2023-11-23 15:23:28,201 [INFO] Loading data for subjects [4, 15, 17, 3, 9, 2, 10, 6, 11] and channels (0, 1, 2, 3, 4, 5, 6, 7, 8, 9, 10)
INFO:mylogger:Loading data for subjects [4, 15, 17, 3, 9, 2, 10, 6, 11] and channels (0, 1, 2, 3, 4, 5, 6, 7, 8, 9, 10)
2023-11-23 15:23:28,272 [INFO] Finished loading data for subjects [4, 15, 17, 3, 9, 2, 10, 6, 11] and channels (0, 1, 2, 3, 4, 5, 6, 7, 8, 9, 10)
INFO:mylogger:Finished loading data for subjects [4, 15, 17, 3, 9, 2, 10, 6, 11] and channels (0, 1, 2, 3, 4, 5, 6, 7, 8, 9, 10)
2023-11-23 15:23:28,295 [INFO] Tuning of resnetM, max_evals: 6
INFO:mylogger:Tuning of resnetM, max_evals: 6
2023-11-23 15:23:28,384 [INFO] GPU 0 was taken for resnetM, tune_04.
INFO:mylogger:GPU 0 was taken for resnetM, tune_04.
WARNING:tensorflow:From /projects/bbnp/anxietyE2E/experiment/experiment.py:128: The name tf.global_variables_initializer is deprecated. Please use tf.compat.v1.global_variables_initializer instead.

WARNING:tensorflow:From /projects/bbnp/anxietyE2E/experiment/experiment.py:128: The name tf.global_variables_initializer is deprecated. Please use tf.compat.v1.global_variables_initializer instead.

2023-11-23 15:23:36,039 [INFO] Experiment for WESAD dataset, classifier: resnetM, setup: it_00, iteration: tune_04
INFO:mylogger:Experiment for WESAD dataset, classifier: resnetM, setup: it_00, iteration: tune_04
WARNING:tensorflow:From /u/alkurdi/.conda/envs/TFwesad/lib/python3.8/site-packages/keras/backend/tensorflow_backend.py:541: The name tf.placeholder is deprecated. Please use tf.compat.v1.placeholder instead.

WARNING:tensorflow:From /u/alkurdi/.conda/envs/TFwesad/lib/python3.8/site-packages/keras/backend/tensorflow_backend.py:541: The name tf.placeholder is deprecated. Please use tf.compat.v1.placeholder instead.

WARNING:tensorflow:From /u/alkurdi/.conda/envs/TFwesad/lib/python3.8/site-packages/keras/backend/tensorflow_backend.py:66: The name tf.get_default_graph is deprecated. Please use tf.compat.v1.get_default_graph instead.

WARNING:tensorflow:From /u/alkurdi/.conda/envs/TFwesad/lib/python3.8/site-packages/keras/backend/tensorflow_backend.py:66: The name tf.get_default_graph is deprecated. Please use tf.compat.v1.get_default_graph instead.

WARNING:tensorflow:From /u/alkurdi/.conda/envs/TFwesad/lib/python3.8/site-packages/keras/backend/tensorflow_backend.py:4432: The name tf.random_uniform is deprecated. Please use tf.random.uniform instead.

WARNING:tensorflow:From /u/alkurdi/.conda/envs/TFwesad/lib/python3.8/site-packages/keras/backend/tensorflow_backend.py:4432: The name tf.random_uniform is deprecated. Please use tf.random.uniform instead.

WARNING:tensorflow:From /u/alkurdi/.conda/envs/TFwesad/lib/python3.8/site-packages/keras/backend/tensorflow_backend.py:148: The name tf.placeholder_with_default is deprecated. Please use tf.compat.v1.placeholder_with_default instead.

WARNING:tensorflow:From /u/alkurdi/.conda/envs/TFwesad/lib/python3.8/site-packages/keras/backend/tensorflow_backend.py:148: The name tf.placeholder_with_default is deprecated. Please use tf.compat.v1.placeholder_with_default instead.

WARNING:tensorflow:From /u/alkurdi/.conda/envs/TFwesad/lib/python3.8/site-packages/keras/optimizers.py:793: The name tf.train.Optimizer is deprecated. Please use tf.compat.v1.train.Optimizer instead.

WARNING:tensorflow:From /u/alkurdi/.conda/envs/TFwesad/lib/python3.8/site-packages/keras/optimizers.py:793: The name tf.train.Optimizer is deprecated. Please use tf.compat.v1.train.Optimizer instead.

WARNING:tensorflow:From /u/alkurdi/.conda/envs/TFwesad/lib/python3.8/site-packages/keras/backend/tensorflow_backend.py:3576: The name tf.log is deprecated. Please use tf.math.log instead.

WARNING:tensorflow:From /u/alkurdi/.conda/envs/TFwesad/lib/python3.8/site-packages/keras/backend/tensorflow_backend.py:3576: The name tf.log is deprecated. Please use tf.math.log instead.

2023-11-23 15:23:44,282 [INFO] Created model for WESAD dataset, classifier: resnetM, setup: it_00, iteration: tune_04
INFO:mylogger:Created model for WESAD dataset, classifier: resnetM, setup: it_00, iteration: tune_04
2023-11-23 15:23:44,282 [INFO] Fitting model
INFO:mylogger:Fitting model
WARNING:tensorflow:From /u/alkurdi/.conda/envs/TFwesad/lib/python3.8/site-packages/keras/backend/tensorflow_backend.py:1033: The name tf.assign_add is deprecated. Please use tf.compat.v1.assign_add instead.

WARNING:tensorflow:From /u/alkurdi/.conda/envs/TFwesad/lib/python3.8/site-packages/keras/backend/tensorflow_backend.py:1033: The name tf.assign_add is deprecated. Please use tf.compat.v1.assign_add instead.

WARNING:tensorflow:From /u/alkurdi/.conda/envs/TFwesad/lib/python3.8/site-packages/keras/backend/tensorflow_backend.py:1020: The name tf.assign is deprecated. Please use tf.compat.v1.assign instead.

WARNING:tensorflow:From /u/alkurdi/.conda/envs/TFwesad/lib/python3.8/site-packages/keras/backend/tensorflow_backend.py:1020: The name tf.assign is deprecated. Please use tf.compat.v1.assign instead.

WARNING:tensorflow:From /u/alkurdi/.conda/envs/TFwesad/lib/python3.8/site-packages/keras/backend/tensorflow_backend.py:3005: The name tf.Session is deprecated. Please use tf.compat.v1.Session instead.

WARNING:tensorflow:From /u/alkurdi/.conda/envs/TFwesad/lib/python3.8/site-packages/keras/backend/tensorflow_backend.py:3005: The name tf.Session is deprecated. Please use tf.compat.v1.Session instead.

WARNING:tensorflow:From /u/alkurdi/.conda/envs/TFwesad/lib/python3.8/site-packages/keras/backend/tensorflow_backend.py:190: The name tf.get_default_session is deprecated. Please use tf.compat.v1.get_default_session instead.

WARNING:tensorflow:From /u/alkurdi/.conda/envs/TFwesad/lib/python3.8/site-packages/keras/backend/tensorflow_backend.py:190: The name tf.get_default_session is deprecated. Please use tf.compat.v1.get_default_session instead.

WARNING:tensorflow:From /u/alkurdi/.conda/envs/TFwesad/lib/python3.8/site-packages/keras/backend/tensorflow_backend.py:207: The name tf.global_variables is deprecated. Please use tf.compat.v1.global_variables instead.

WARNING:tensorflow:From /u/alkurdi/.conda/envs/TFwesad/lib/python3.8/site-packages/keras/backend/tensorflow_backend.py:207: The name tf.global_variables is deprecated. Please use tf.compat.v1.global_variables instead.

WARNING:tensorflow:From /u/alkurdi/.conda/envs/TFwesad/lib/python3.8/site-packages/keras/backend/tensorflow_backend.py:216: The name tf.is_variable_initialized is deprecated. Please use tf.compat.v1.is_variable_initialized instead.

WARNING:tensorflow:From /u/alkurdi/.conda/envs/TFwesad/lib/python3.8/site-packages/keras/backend/tensorflow_backend.py:216: The name tf.is_variable_initialized is deprecated. Please use tf.compat.v1.is_variable_initialized instead.

WARNING:tensorflow:From /u/alkurdi/.conda/envs/TFwesad/lib/python3.8/site-packages/keras/backend/tensorflow_backend.py:223: The name tf.variables_initializer is deprecated. Please use tf.compat.v1.variables_initializer instead.

WARNING:tensorflow:From /u/alkurdi/.conda/envs/TFwesad/lib/python3.8/site-packages/keras/backend/tensorflow_backend.py:223: The name tf.variables_initializer is deprecated. Please use tf.compat.v1.variables_initializer instead.

2023-11-23 15:47:12,603 [INFO] Loading weights and predicting
INFO:mylogger:Loading weights and predicting
2023-11-23 15:47:39,934 [INFO] Fitted model for WESAD dataset, classifier: resnetM, setup: it_00, iteration: tune_04
INFO:mylogger:Fitted model for WESAD dataset, classifier: resnetM, setup: it_00, iteration: tune_04
2023-11-23 15:47:39,936 [INFO] Finished experiment for WESAD dataset, classifier: resnetM, setup: it_00, iteration: tune_04
INFO:mylogger:Finished experiment for WESAD dataset, classifier: resnetM, setup: it_00, iteration: tune_04
2023-11-23 15:47:51,210 [INFO] Experiment for WESAD dataset, classifier: resnetM, setup: it_01, iteration: tune_04
INFO:mylogger:Experiment for WESAD dataset, classifier: resnetM, setup: it_01, iteration: tune_04
2023-11-23 15:47:51,239 [INFO] Created model for WESAD dataset, classifier: resnetM, setup: it_01, iteration: tune_04
INFO:mylogger:Created model for WESAD dataset, classifier: resnetM, setup: it_01, iteration: tune_04
2023-11-23 15:47:51,242 [INFO] Fitting model
INFO:mylogger:Fitting model
2023-11-23 16:02:44,090 [INFO] Loading weights and predicting
INFO:mylogger:Loading weights and predicting
2023-11-23 16:02:52,988 [INFO] Fitted model for WESAD dataset, classifier: resnetM, setup: it_01, iteration: tune_04
INFO:mylogger:Fitted model for WESAD dataset, classifier: resnetM, setup: it_01, iteration: tune_04
2023-11-23 16:02:52,990 [INFO] Finished experiment for WESAD dataset, classifier: resnetM, setup: it_01, iteration: tune_04
INFO:mylogger:Finished experiment for WESAD dataset, classifier: resnetM, setup: it_01, iteration: tune_04
2023-11-23 16:03:04,198 [INFO] Experiment for WESAD dataset, classifier: resnetM, setup: it_02, iteration: tune_04
INFO:mylogger:Experiment for WESAD dataset, classifier: resnetM, setup: it_02, iteration: tune_04
2023-11-23 16:03:04,200 [INFO] Created model for WESAD dataset, classifier: resnetM, setup: it_02, iteration: tune_04
INFO:mylogger:Created model for WESAD dataset, classifier: resnetM, setup: it_02, iteration: tune_04
2023-11-23 16:03:04,200 [INFO] Fitting model
INFO:mylogger:Fitting model
2023-11-23 16:20:13,127 [INFO] Loading weights and predicting
INFO:mylogger:Loading weights and predicting
2023-11-23 16:20:19,693 [INFO] Fitted model for WESAD dataset, classifier: resnetM, setup: it_02, iteration: tune_04
INFO:mylogger:Fitted model for WESAD dataset, classifier: resnetM, setup: it_02, iteration: tune_04
2023-11-23 16:20:19,695 [INFO] Finished experiment for WESAD dataset, classifier: resnetM, setup: it_02, iteration: tune_04
INFO:mylogger:Finished experiment for WESAD dataset, classifier: resnetM, setup: it_02, iteration: tune_04
2023-11-23 16:20:30,381 [INFO] Experiment for WESAD dataset, classifier: resnetM, setup: it_03, iteration: tune_04
INFO:mylogger:Experiment for WESAD dataset, classifier: resnetM, setup: it_03, iteration: tune_04
2023-11-23 16:20:30,411 [INFO] Created model for WESAD dataset, classifier: resnetM, setup: it_03, iteration: tune_04
INFO:mylogger:Created model for WESAD dataset, classifier: resnetM, setup: it_03, iteration: tune_04
2023-11-23 16:20:30,435 [INFO] Fitting model
INFO:mylogger:Fitting model
2023-11-23 16:36:12,734 [INFO] Loading weights and predicting
INFO:mylogger:Loading weights and predicting
2023-11-23 16:36:17,955 [INFO] Fitted model for WESAD dataset, classifier: resnetM, setup: it_03, iteration: tune_04
INFO:mylogger:Fitted model for WESAD dataset, classifier: resnetM, setup: it_03, iteration: tune_04
2023-11-23 16:36:17,956 [INFO] Finished experiment for WESAD dataset, classifier: resnetM, setup: it_03, iteration: tune_04
INFO:mylogger:Finished experiment for WESAD dataset, classifier: resnetM, setup: it_03, iteration: tune_04
2023-11-23 16:36:30,251 [INFO] Experiment for WESAD dataset, classifier: resnetM, setup: it_04, iteration: tune_04
INFO:mylogger:Experiment for WESAD dataset, classifier: resnetM, setup: it_04, iteration: tune_04
2023-11-23 16:36:30,272 [INFO] Created model for WESAD dataset, classifier: resnetM, setup: it_04, iteration: tune_04
INFO:mylogger:Created model for WESAD dataset, classifier: resnetM, setup: it_04, iteration: tune_04
2023-11-23 16:36:30,274 [INFO] Fitting model
INFO:mylogger:Fitting model
2023-11-23 16:51:27,942 [INFO] Loading weights and predicting
INFO:mylogger:Loading weights and predicting
2023-11-23 16:51:33,076 [INFO] Fitted model for WESAD dataset, classifier: resnetM, setup: it_04, iteration: tune_04
INFO:mylogger:Fitted model for WESAD dataset, classifier: resnetM, setup: it_04, iteration: tune_04
2023-11-23 16:51:33,077 [INFO] Finished experiment for WESAD dataset, classifier: resnetM, setup: it_04, iteration: tune_04
INFO:mylogger:Finished experiment for WESAD dataset, classifier: resnetM, setup: it_04, iteration: tune_04
2023-11-23 16:51:33,465 [INFO] GPU 0 was released by resnetM, tune_04.
INFO:mylogger:GPU 0 was released by resnetM, tune_04.
2023-11-23 16:51:34,613 [INFO] GPU 0 was taken for resnetM, tune_05.
INFO:mylogger:GPU 0 was taken for resnetM, tune_05.
2023-11-23 16:51:35,790 [INFO] Experiment for WESAD dataset, classifier: resnetM, setup: it_00, iteration: tune_05
INFO:mylogger:Experiment for WESAD dataset, classifier: resnetM, setup: it_00, iteration: tune_05
2023-11-23 16:51:44,858 [INFO] Created model for WESAD dataset, classifier: resnetM, setup: it_00, iteration: tune_05
INFO:mylogger:Created model for WESAD dataset, classifier: resnetM, setup: it_00, iteration: tune_05
2023-11-23 16:51:44,861 [INFO] Fitting model
INFO:mylogger:Fitting model
2023-11-23 17:10:23,472 [INFO] Loading weights and predicting
INFO:mylogger:Loading weights and predicting
2023-11-23 17:10:48,133 [INFO] Fitted model for WESAD dataset, classifier: resnetM, setup: it_00, iteration: tune_05
INFO:mylogger:Fitted model for WESAD dataset, classifier: resnetM, setup: it_00, iteration: tune_05
2023-11-23 17:10:48,134 [INFO] Finished experiment for WESAD dataset, classifier: resnetM, setup: it_00, iteration: tune_05
INFO:mylogger:Finished experiment for WESAD dataset, classifier: resnetM, setup: it_00, iteration: tune_05
2023-11-23 17:10:53,996 [INFO] Experiment for WESAD dataset, classifier: resnetM, setup: it_01, iteration: tune_05
INFO:mylogger:Experiment for WESAD dataset, classifier: resnetM, setup: it_01, iteration: tune_05
2023-11-23 17:10:53,998 [INFO] Created model for WESAD dataset, classifier: resnetM, setup: it_01, iteration: tune_05
INFO:mylogger:Created model for WESAD dataset, classifier: resnetM, setup: it_01, iteration: tune_05
2023-11-23 17:10:53,998 [INFO] Fitting model
INFO:mylogger:Fitting model
2023-11-23 17:23:33,703 [INFO] Loading weights and predicting
INFO:mylogger:Loading weights and predicting
/u/alkurdi/.conda/envs/TFwesad/lib/python3.8/site-packages/sklearn/metrics/_classification.py:1334: UndefinedMetricWarning: Precision is ill-defined and being set to 0.0 in labels with no predicted samples. Use `zero_division` parameter to control this behavior.
  _warn_prf(average, modifier, msg_start, len(result))

2023-11-23 17:23:36,146 [INFO] Fitted model for WESAD dataset, classifier: resnetM, setup: it_01, iteration: tune_05
INFO:mylogger:Fitted model for WESAD dataset, classifier: resnetM, setup: it_01, iteration: tune_05
2023-11-23 17:23:36,147 [INFO] Finished experiment for WESAD dataset, classifier: resnetM, setup: it_01, iteration: tune_05
INFO:mylogger:Finished experiment for WESAD dataset, classifier: resnetM, setup: it_01, iteration: tune_05
2023-11-23 17:23:42,166 [INFO] Experiment for WESAD dataset, classifier: resnetM, setup: it_02, iteration: tune_05
INFO:mylogger:Experiment for WESAD dataset, classifier: resnetM, setup: it_02, iteration: tune_05
2023-11-23 17:23:42,168 [INFO] Created model for WESAD dataset, classifier: resnetM, setup: it_02, iteration: tune_05
INFO:mylogger:Created model for WESAD dataset, classifier: resnetM, setup: it_02, iteration: tune_05
2023-11-23 17:23:42,168 [INFO] Fitting model
INFO:mylogger:Fitting model
2023-11-23 17:44:22,017 [INFO] Loading weights and predicting
INFO:mylogger:Loading weights and predicting
/u/alkurdi/.conda/envs/TFwesad/lib/python3.8/site-packages/sklearn/metrics/_classification.py:1334: UndefinedMetricWarning: Precision is ill-defined and being set to 0.0 in labels with no predicted samples. Use `zero_division` parameter to control this behavior.
  _warn_prf(average, modifier, msg_start, len(result))

2023-11-23 17:44:25,854 [INFO] Fitted model for WESAD dataset, classifier: resnetM, setup: it_02, iteration: tune_05
INFO:mylogger:Fitted model for WESAD dataset, classifier: resnetM, setup: it_02, iteration: tune_05
2023-11-23 17:44:25,854 [INFO] Finished experiment for WESAD dataset, classifier: resnetM, setup: it_02, iteration: tune_05
INFO:mylogger:Finished experiment for WESAD dataset, classifier: resnetM, setup: it_02, iteration: tune_05
2023-11-23 17:44:36,331 [INFO] Experiment for WESAD dataset, classifier: resnetM, setup: it_03, iteration: tune_05
INFO:mylogger:Experiment for WESAD dataset, classifier: resnetM, setup: it_03, iteration: tune_05
2023-11-23 17:44:36,351 [INFO] Created model for WESAD dataset, classifier: resnetM, setup: it_03, iteration: tune_05
INFO:mylogger:Created model for WESAD dataset, classifier: resnetM, setup: it_03, iteration: tune_05
2023-11-23 17:44:36,378 [INFO] Fitting model
INFO:mylogger:Fitting model
2023-11-23 18:14:15,698 [INFO] Loading weights and predicting
INFO:mylogger:Loading weights and predicting
2023-11-23 18:14:22,438 [INFO] Fitted model for WESAD dataset, classifier: resnetM, setup: it_03, iteration: tune_05
INFO:mylogger:Fitted model for WESAD dataset, classifier: resnetM, setup: it_03, iteration: tune_05
2023-11-23 18:14:22,439 [INFO] Finished experiment for WESAD dataset, classifier: resnetM, setup: it_03, iteration: tune_05
INFO:mylogger:Finished experiment for WESAD dataset, classifier: resnetM, setup: it_03, iteration: tune_05
2023-11-23 18:14:30,471 [INFO] Experiment for WESAD dataset, classifier: resnetM, setup: it_04, iteration: tune_05
INFO:mylogger:Experiment for WESAD dataset, classifier: resnetM, setup: it_04, iteration: tune_05
2023-11-23 18:14:30,472 [INFO] Created model for WESAD dataset, classifier: resnetM, setup: it_04, iteration: tune_05
INFO:mylogger:Created model for WESAD dataset, classifier: resnetM, setup: it_04, iteration: tune_05
2023-11-23 18:14:30,472 [INFO] Fitting model
INFO:mylogger:Fitting model
2023-11-23 18:34:55,675 [INFO] Loading weights and predicting
INFO:mylogger:Loading weights and predicting
2023-11-23 18:35:01,402 [INFO] Fitted model for WESAD dataset, classifier: resnetM, setup: it_04, iteration: tune_05
INFO:mylogger:Fitted model for WESAD dataset, classifier: resnetM, setup: it_04, iteration: tune_05
2023-11-23 18:35:01,403 [INFO] Finished experiment for WESAD dataset, classifier: resnetM, setup: it_04, iteration: tune_05
INFO:mylogger:Finished experiment for WESAD dataset, classifier: resnetM, setup: it_04, iteration: tune_05
2023-11-23 18:35:01,413 [INFO] GPU 0 was released by resnetM, tune_05.
INFO:mylogger:GPU 0 was released by resnetM, tune_05.
 
 ******************************
 ******* i_fold=02 *******
 ******************************
 
Thu Nov 23 18:35:26 CST 2023
WARNING:tensorflow:Deprecation warnings have been disabled. Set TF_ENABLE_DEPRECATION_WARNINGS=1 to re-enable them.
WARNING:root:Limited tf.compat.v2.summary API due to missing TensorBoard installation.
Using TensorFlow backend.
2023-11-23 18:36:30,821 [INFO] Loading data for subjects [16, 9, 14] and channels (0, 1, 2, 3, 4, 5, 6, 7, 8, 9, 10)
INFO:mylogger:Loading data for subjects [16, 9, 14] and channels (0, 1, 2, 3, 4, 5, 6, 7, 8, 9, 10)
2023-11-23 18:36:31,219 [INFO] Finished loading data for subjects [16, 9, 14] and channels (0, 1, 2, 3, 4, 5, 6, 7, 8, 9, 10)
INFO:mylogger:Finished loading data for subjects [16, 9, 14] and channels (0, 1, 2, 3, 4, 5, 6, 7, 8, 9, 10)
2023-11-23 18:36:31,219 [INFO] Loading data for subjects [17, 4, 11] and channels (0, 1, 2, 3, 4, 5, 6, 7, 8, 9, 10)
INFO:mylogger:Loading data for subjects [17, 4, 11] and channels (0, 1, 2, 3, 4, 5, 6, 7, 8, 9, 10)
2023-11-23 18:36:31,548 [INFO] Finished loading data for subjects [17, 4, 11] and channels (0, 1, 2, 3, 4, 5, 6, 7, 8, 9, 10)
INFO:mylogger:Finished loading data for subjects [17, 4, 11] and channels (0, 1, 2, 3, 4, 5, 6, 7, 8, 9, 10)
2023-11-23 18:36:31,549 [INFO] Loading data for subjects [5, 15, 3, 8, 2, 10, 13, 7, 6] and channels (0, 1, 2, 3, 4, 5, 6, 7, 8, 9, 10)
INFO:mylogger:Loading data for subjects [5, 15, 3, 8, 2, 10, 13, 7, 6] and channels (0, 1, 2, 3, 4, 5, 6, 7, 8, 9, 10)
2023-11-23 18:36:32,883 [INFO] Finished loading data for subjects [5, 15, 3, 8, 2, 10, 13, 7, 6] and channels (0, 1, 2, 3, 4, 5, 6, 7, 8, 9, 10)
INFO:mylogger:Finished loading data for subjects [5, 15, 3, 8, 2, 10, 13, 7, 6] and channels (0, 1, 2, 3, 4, 5, 6, 7, 8, 9, 10)
2023-11-23 18:36:33,050 [INFO] Loading data for subjects [16, 9, 14] and channels (0, 1, 2, 3, 4, 5, 6, 7, 8, 9, 10)
INFO:mylogger:Loading data for subjects [16, 9, 14] and channels (0, 1, 2, 3, 4, 5, 6, 7, 8, 9, 10)
2023-11-23 18:36:33,071 [INFO] Finished loading data for subjects [16, 9, 14] and channels (0, 1, 2, 3, 4, 5, 6, 7, 8, 9, 10)
INFO:mylogger:Finished loading data for subjects [16, 9, 14] and channels (0, 1, 2, 3, 4, 5, 6, 7, 8, 9, 10)
2023-11-23 18:36:33,072 [INFO] Loading data for subjects [17, 4, 11] and channels (0, 1, 2, 3, 4, 5, 6, 7, 8, 9, 10)
INFO:mylogger:Loading data for subjects [17, 4, 11] and channels (0, 1, 2, 3, 4, 5, 6, 7, 8, 9, 10)
2023-11-23 18:36:33,093 [INFO] Finished loading data for subjects [17, 4, 11] and channels (0, 1, 2, 3, 4, 5, 6, 7, 8, 9, 10)
INFO:mylogger:Finished loading data for subjects [17, 4, 11] and channels (0, 1, 2, 3, 4, 5, 6, 7, 8, 9, 10)
2023-11-23 18:36:33,093 [INFO] Loading data for subjects [5, 15, 3, 8, 2, 10, 13, 7, 6] and channels (0, 1, 2, 3, 4, 5, 6, 7, 8, 9, 10)
INFO:mylogger:Loading data for subjects [5, 15, 3, 8, 2, 10, 13, 7, 6] and channels (0, 1, 2, 3, 4, 5, 6, 7, 8, 9, 10)
2023-11-23 18:36:33,169 [INFO] Finished loading data for subjects [5, 15, 3, 8, 2, 10, 13, 7, 6] and channels (0, 1, 2, 3, 4, 5, 6, 7, 8, 9, 10)
INFO:mylogger:Finished loading data for subjects [5, 15, 3, 8, 2, 10, 13, 7, 6] and channels (0, 1, 2, 3, 4, 5, 6, 7, 8, 9, 10)
2023-11-23 18:36:33,190 [INFO] Loading data for subjects [16, 9, 14] and channels (0, 1, 2, 3, 4, 5, 6, 7, 8, 9, 10)
INFO:mylogger:Loading data for subjects [16, 9, 14] and channels (0, 1, 2, 3, 4, 5, 6, 7, 8, 9, 10)
2023-11-23 18:36:33,212 [INFO] Finished loading data for subjects [16, 9, 14] and channels (0, 1, 2, 3, 4, 5, 6, 7, 8, 9, 10)
INFO:mylogger:Finished loading data for subjects [16, 9, 14] and channels (0, 1, 2, 3, 4, 5, 6, 7, 8, 9, 10)
2023-11-23 18:36:33,213 [INFO] Loading data for subjects [17, 4, 11] and channels (0, 1, 2, 3, 4, 5, 6, 7, 8, 9, 10)
INFO:mylogger:Loading data for subjects [17, 4, 11] and channels (0, 1, 2, 3, 4, 5, 6, 7, 8, 9, 10)
2023-11-23 18:36:33,234 [INFO] Finished loading data for subjects [17, 4, 11] and channels (0, 1, 2, 3, 4, 5, 6, 7, 8, 9, 10)
INFO:mylogger:Finished loading data for subjects [17, 4, 11] and channels (0, 1, 2, 3, 4, 5, 6, 7, 8, 9, 10)
2023-11-23 18:36:33,235 [INFO] Loading data for subjects [5, 15, 3, 8, 2, 10, 13, 7, 6] and channels (0, 1, 2, 3, 4, 5, 6, 7, 8, 9, 10)
INFO:mylogger:Loading data for subjects [5, 15, 3, 8, 2, 10, 13, 7, 6] and channels (0, 1, 2, 3, 4, 5, 6, 7, 8, 9, 10)
2023-11-23 18:36:33,306 [INFO] Finished loading data for subjects [5, 15, 3, 8, 2, 10, 13, 7, 6] and channels (0, 1, 2, 3, 4, 5, 6, 7, 8, 9, 10)
INFO:mylogger:Finished loading data for subjects [5, 15, 3, 8, 2, 10, 13, 7, 6] and channels (0, 1, 2, 3, 4, 5, 6, 7, 8, 9, 10)
2023-11-23 18:36:33,327 [INFO] Loading data for subjects [16, 9, 14] and channels (0, 1, 2, 3, 4, 5, 6, 7, 8, 9, 10)
INFO:mylogger:Loading data for subjects [16, 9, 14] and channels (0, 1, 2, 3, 4, 5, 6, 7, 8, 9, 10)
2023-11-23 18:36:33,348 [INFO] Finished loading data for subjects [16, 9, 14] and channels (0, 1, 2, 3, 4, 5, 6, 7, 8, 9, 10)
INFO:mylogger:Finished loading data for subjects [16, 9, 14] and channels (0, 1, 2, 3, 4, 5, 6, 7, 8, 9, 10)
2023-11-23 18:36:33,348 [INFO] Loading data for subjects [17, 4, 11] and channels (0, 1, 2, 3, 4, 5, 6, 7, 8, 9, 10)
INFO:mylogger:Loading data for subjects [17, 4, 11] and channels (0, 1, 2, 3, 4, 5, 6, 7, 8, 9, 10)
2023-11-23 18:36:33,369 [INFO] Finished loading data for subjects [17, 4, 11] and channels (0, 1, 2, 3, 4, 5, 6, 7, 8, 9, 10)
INFO:mylogger:Finished loading data for subjects [17, 4, 11] and channels (0, 1, 2, 3, 4, 5, 6, 7, 8, 9, 10)
2023-11-23 18:36:33,369 [INFO] Loading data for subjects [5, 15, 3, 8, 2, 10, 13, 7, 6] and channels (0, 1, 2, 3, 4, 5, 6, 7, 8, 9, 10)
INFO:mylogger:Loading data for subjects [5, 15, 3, 8, 2, 10, 13, 7, 6] and channels (0, 1, 2, 3, 4, 5, 6, 7, 8, 9, 10)
2023-11-23 18:36:33,437 [INFO] Finished loading data for subjects [5, 15, 3, 8, 2, 10, 13, 7, 6] and channels (0, 1, 2, 3, 4, 5, 6, 7, 8, 9, 10)
INFO:mylogger:Finished loading data for subjects [5, 15, 3, 8, 2, 10, 13, 7, 6] and channels (0, 1, 2, 3, 4, 5, 6, 7, 8, 9, 10)
2023-11-23 18:36:33,459 [INFO] Loading data for subjects [16, 9, 14] and channels (0, 1, 2, 3, 4, 5, 6, 7, 8, 9, 10)
INFO:mylogger:Loading data for subjects [16, 9, 14] and channels (0, 1, 2, 3, 4, 5, 6, 7, 8, 9, 10)
2023-11-23 18:36:33,485 [INFO] Finished loading data for subjects [16, 9, 14] and channels (0, 1, 2, 3, 4, 5, 6, 7, 8, 9, 10)
INFO:mylogger:Finished loading data for subjects [16, 9, 14] and channels (0, 1, 2, 3, 4, 5, 6, 7, 8, 9, 10)
2023-11-23 18:36:33,485 [INFO] Loading data for subjects [17, 4, 11] and channels (0, 1, 2, 3, 4, 5, 6, 7, 8, 9, 10)
INFO:mylogger:Loading data for subjects [17, 4, 11] and channels (0, 1, 2, 3, 4, 5, 6, 7, 8, 9, 10)
2023-11-23 18:36:33,506 [INFO] Finished loading data for subjects [17, 4, 11] and channels (0, 1, 2, 3, 4, 5, 6, 7, 8, 9, 10)
INFO:mylogger:Finished loading data for subjects [17, 4, 11] and channels (0, 1, 2, 3, 4, 5, 6, 7, 8, 9, 10)
2023-11-23 18:36:33,506 [INFO] Loading data for subjects [5, 15, 3, 8, 2, 10, 13, 7, 6] and channels (0, 1, 2, 3, 4, 5, 6, 7, 8, 9, 10)
INFO:mylogger:Loading data for subjects [5, 15, 3, 8, 2, 10, 13, 7, 6] and channels (0, 1, 2, 3, 4, 5, 6, 7, 8, 9, 10)
2023-11-23 18:36:33,576 [INFO] Finished loading data for subjects [5, 15, 3, 8, 2, 10, 13, 7, 6] and channels (0, 1, 2, 3, 4, 5, 6, 7, 8, 9, 10)
INFO:mylogger:Finished loading data for subjects [5, 15, 3, 8, 2, 10, 13, 7, 6] and channels (0, 1, 2, 3, 4, 5, 6, 7, 8, 9, 10)
2023-11-23 18:36:33,599 [INFO] Tuning of resnetM, max_evals: 6
INFO:mylogger:Tuning of resnetM, max_evals: 6
 
 ******************************
 ******* i_fold=03 *******
 ******************************
 
Thu Nov 23 18:36:34 CST 2023
WARNING:tensorflow:Deprecation warnings have been disabled. Set TF_ENABLE_DEPRECATION_WARNINGS=1 to re-enable them.
WARNING:root:Limited tf.compat.v2.summary API due to missing TensorBoard installation.
Using TensorFlow backend.
2023-11-23 18:36:39,086 [INFO] Loading data for subjects [15, 2, 6] and channels (0, 1, 2, 3, 4, 5, 6, 7, 8, 9, 10)
INFO:mylogger:Loading data for subjects [15, 2, 6] and channels (0, 1, 2, 3, 4, 5, 6, 7, 8, 9, 10)
2023-11-23 18:36:39,113 [INFO] Finished loading data for subjects [15, 2, 6] and channels (0, 1, 2, 3, 4, 5, 6, 7, 8, 9, 10)
INFO:mylogger:Finished loading data for subjects [15, 2, 6] and channels (0, 1, 2, 3, 4, 5, 6, 7, 8, 9, 10)
2023-11-23 18:36:39,114 [INFO] Loading data for subjects [9, 3, 16] and channels (0, 1, 2, 3, 4, 5, 6, 7, 8, 9, 10)
INFO:mylogger:Loading data for subjects [9, 3, 16] and channels (0, 1, 2, 3, 4, 5, 6, 7, 8, 9, 10)
2023-11-23 18:36:39,139 [INFO] Finished loading data for subjects [9, 3, 16] and channels (0, 1, 2, 3, 4, 5, 6, 7, 8, 9, 10)
INFO:mylogger:Finished loading data for subjects [9, 3, 16] and channels (0, 1, 2, 3, 4, 5, 6, 7, 8, 9, 10)
2023-11-23 18:36:39,139 [INFO] Loading data for subjects [4, 5, 17, 8, 10, 13, 7, 14, 11] and channels (0, 1, 2, 3, 4, 5, 6, 7, 8, 9, 10)
INFO:mylogger:Loading data for subjects [4, 5, 17, 8, 10, 13, 7, 14, 11] and channels (0, 1, 2, 3, 4, 5, 6, 7, 8, 9, 10)
2023-11-23 18:36:39,215 [INFO] Finished loading data for subjects [4, 5, 17, 8, 10, 13, 7, 14, 11] and channels (0, 1, 2, 3, 4, 5, 6, 7, 8, 9, 10)
INFO:mylogger:Finished loading data for subjects [4, 5, 17, 8, 10, 13, 7, 14, 11] and channels (0, 1, 2, 3, 4, 5, 6, 7, 8, 9, 10)
2023-11-23 18:36:39,236 [INFO] Loading data for subjects [15, 2, 6] and channels (0, 1, 2, 3, 4, 5, 6, 7, 8, 9, 10)
INFO:mylogger:Loading data for subjects [15, 2, 6] and channels (0, 1, 2, 3, 4, 5, 6, 7, 8, 9, 10)
2023-11-23 18:36:39,258 [INFO] Finished loading data for subjects [15, 2, 6] and channels (0, 1, 2, 3, 4, 5, 6, 7, 8, 9, 10)
INFO:mylogger:Finished loading data for subjects [15, 2, 6] and channels (0, 1, 2, 3, 4, 5, 6, 7, 8, 9, 10)
2023-11-23 18:36:39,258 [INFO] Loading data for subjects [9, 3, 16] and channels (0, 1, 2, 3, 4, 5, 6, 7, 8, 9, 10)
INFO:mylogger:Loading data for subjects [9, 3, 16] and channels (0, 1, 2, 3, 4, 5, 6, 7, 8, 9, 10)
2023-11-23 18:36:39,279 [INFO] Finished loading data for subjects [9, 3, 16] and channels (0, 1, 2, 3, 4, 5, 6, 7, 8, 9, 10)
INFO:mylogger:Finished loading data for subjects [9, 3, 16] and channels (0, 1, 2, 3, 4, 5, 6, 7, 8, 9, 10)
2023-11-23 18:36:39,279 [INFO] Loading data for subjects [4, 5, 17, 8, 10, 13, 7, 14, 11] and channels (0, 1, 2, 3, 4, 5, 6, 7, 8, 9, 10)
INFO:mylogger:Loading data for subjects [4, 5, 17, 8, 10, 13, 7, 14, 11] and channels (0, 1, 2, 3, 4, 5, 6, 7, 8, 9, 10)
2023-11-23 18:36:39,351 [INFO] Finished loading data for subjects [4, 5, 17, 8, 10, 13, 7, 14, 11] and channels (0, 1, 2, 3, 4, 5, 6, 7, 8, 9, 10)
INFO:mylogger:Finished loading data for subjects [4, 5, 17, 8, 10, 13, 7, 14, 11] and channels (0, 1, 2, 3, 4, 5, 6, 7, 8, 9, 10)
2023-11-23 18:36:39,373 [INFO] Loading data for subjects [15, 2, 6] and channels (0, 1, 2, 3, 4, 5, 6, 7, 8, 9, 10)
INFO:mylogger:Loading data for subjects [15, 2, 6] and channels (0, 1, 2, 3, 4, 5, 6, 7, 8, 9, 10)
2023-11-23 18:36:39,394 [INFO] Finished loading data for subjects [15, 2, 6] and channels (0, 1, 2, 3, 4, 5, 6, 7, 8, 9, 10)
INFO:mylogger:Finished loading data for subjects [15, 2, 6] and channels (0, 1, 2, 3, 4, 5, 6, 7, 8, 9, 10)
2023-11-23 18:36:39,394 [INFO] Loading data for subjects [9, 3, 16] and channels (0, 1, 2, 3, 4, 5, 6, 7, 8, 9, 10)
INFO:mylogger:Loading data for subjects [9, 3, 16] and channels (0, 1, 2, 3, 4, 5, 6, 7, 8, 9, 10)
2023-11-23 18:36:39,414 [INFO] Finished loading data for subjects [9, 3, 16] and channels (0, 1, 2, 3, 4, 5, 6, 7, 8, 9, 10)
INFO:mylogger:Finished loading data for subjects [9, 3, 16] and channels (0, 1, 2, 3, 4, 5, 6, 7, 8, 9, 10)
2023-11-23 18:36:39,414 [INFO] Loading data for subjects [4, 5, 17, 8, 10, 13, 7, 14, 11] and channels (0, 1, 2, 3, 4, 5, 6, 7, 8, 9, 10)
INFO:mylogger:Loading data for subjects [4, 5, 17, 8, 10, 13, 7, 14, 11] and channels (0, 1, 2, 3, 4, 5, 6, 7, 8, 9, 10)
2023-11-23 18:36:39,486 [INFO] Finished loading data for subjects [4, 5, 17, 8, 10, 13, 7, 14, 11] and channels (0, 1, 2, 3, 4, 5, 6, 7, 8, 9, 10)
INFO:mylogger:Finished loading data for subjects [4, 5, 17, 8, 10, 13, 7, 14, 11] and channels (0, 1, 2, 3, 4, 5, 6, 7, 8, 9, 10)
2023-11-23 18:36:39,509 [INFO] Loading data for subjects [15, 2, 6] and channels (0, 1, 2, 3, 4, 5, 6, 7, 8, 9, 10)
INFO:mylogger:Loading data for subjects [15, 2, 6] and channels (0, 1, 2, 3, 4, 5, 6, 7, 8, 9, 10)
2023-11-23 18:36:39,530 [INFO] Finished loading data for subjects [15, 2, 6] and channels (0, 1, 2, 3, 4, 5, 6, 7, 8, 9, 10)
INFO:mylogger:Finished loading data for subjects [15, 2, 6] and channels (0, 1, 2, 3, 4, 5, 6, 7, 8, 9, 10)
2023-11-23 18:36:39,530 [INFO] Loading data for subjects [9, 3, 16] and channels (0, 1, 2, 3, 4, 5, 6, 7, 8, 9, 10)
INFO:mylogger:Loading data for subjects [9, 3, 16] and channels (0, 1, 2, 3, 4, 5, 6, 7, 8, 9, 10)
2023-11-23 18:36:39,549 [INFO] Finished loading data for subjects [9, 3, 16] and channels (0, 1, 2, 3, 4, 5, 6, 7, 8, 9, 10)
INFO:mylogger:Finished loading data for subjects [9, 3, 16] and channels (0, 1, 2, 3, 4, 5, 6, 7, 8, 9, 10)
2023-11-23 18:36:39,549 [INFO] Loading data for subjects [4, 5, 17, 8, 10, 13, 7, 14, 11] and channels (0, 1, 2, 3, 4, 5, 6, 7, 8, 9, 10)
INFO:mylogger:Loading data for subjects [4, 5, 17, 8, 10, 13, 7, 14, 11] and channels (0, 1, 2, 3, 4, 5, 6, 7, 8, 9, 10)
2023-11-23 18:36:39,619 [INFO] Finished loading data for subjects [4, 5, 17, 8, 10, 13, 7, 14, 11] and channels (0, 1, 2, 3, 4, 5, 6, 7, 8, 9, 10)
INFO:mylogger:Finished loading data for subjects [4, 5, 17, 8, 10, 13, 7, 14, 11] and channels (0, 1, 2, 3, 4, 5, 6, 7, 8, 9, 10)
2023-11-23 18:36:39,641 [INFO] Loading data for subjects [15, 2, 6] and channels (0, 1, 2, 3, 4, 5, 6, 7, 8, 9, 10)
INFO:mylogger:Loading data for subjects [15, 2, 6] and channels (0, 1, 2, 3, 4, 5, 6, 7, 8, 9, 10)
2023-11-23 18:36:39,663 [INFO] Finished loading data for subjects [15, 2, 6] and channels (0, 1, 2, 3, 4, 5, 6, 7, 8, 9, 10)
INFO:mylogger:Finished loading data for subjects [15, 2, 6] and channels (0, 1, 2, 3, 4, 5, 6, 7, 8, 9, 10)
2023-11-23 18:36:39,663 [INFO] Loading data for subjects [9, 3, 16] and channels (0, 1, 2, 3, 4, 5, 6, 7, 8, 9, 10)
INFO:mylogger:Loading data for subjects [9, 3, 16] and channels (0, 1, 2, 3, 4, 5, 6, 7, 8, 9, 10)
2023-11-23 18:36:39,684 [INFO] Finished loading data for subjects [9, 3, 16] and channels (0, 1, 2, 3, 4, 5, 6, 7, 8, 9, 10)
INFO:mylogger:Finished loading data for subjects [9, 3, 16] and channels (0, 1, 2, 3, 4, 5, 6, 7, 8, 9, 10)
2023-11-23 18:36:39,684 [INFO] Loading data for subjects [4, 5, 17, 8, 10, 13, 7, 14, 11] and channels (0, 1, 2, 3, 4, 5, 6, 7, 8, 9, 10)
INFO:mylogger:Loading data for subjects [4, 5, 17, 8, 10, 13, 7, 14, 11] and channels (0, 1, 2, 3, 4, 5, 6, 7, 8, 9, 10)
2023-11-23 18:36:39,755 [INFO] Finished loading data for subjects [4, 5, 17, 8, 10, 13, 7, 14, 11] and channels (0, 1, 2, 3, 4, 5, 6, 7, 8, 9, 10)
INFO:mylogger:Finished loading data for subjects [4, 5, 17, 8, 10, 13, 7, 14, 11] and channels (0, 1, 2, 3, 4, 5, 6, 7, 8, 9, 10)
2023-11-23 18:36:39,779 [INFO] Tuning of resnetM, max_evals: 6
INFO:mylogger:Tuning of resnetM, max_evals: 6
2023-11-23 18:36:39,781 [INFO] Tuning of resnetM (max_evals: 6) is being performed by another process
INFO:mylogger:Tuning of resnetM (max_evals: 6) is being performed by another process
 
 ******************************
 ******* i_fold=04 *******
 ******************************
 
Thu Nov 23 18:36:40 CST 2023
WARNING:tensorflow:Deprecation warnings have been disabled. Set TF_ENABLE_DEPRECATION_WARNINGS=1 to re-enable them.
WARNING:root:Limited tf.compat.v2.summary API due to missing TensorBoard installation.
Using TensorFlow backend.
2023-11-23 18:36:44,565 [INFO] Loading data for subjects [17, 10, 11] and channels (0, 1, 2, 3, 4, 5, 6, 7, 8, 9, 10)
INFO:mylogger:Loading data for subjects [17, 10, 11] and channels (0, 1, 2, 3, 4, 5, 6, 7, 8, 9, 10)
2023-11-23 18:36:44,600 [INFO] Finished loading data for subjects [17, 10, 11] and channels (0, 1, 2, 3, 4, 5, 6, 7, 8, 9, 10)
INFO:mylogger:Finished loading data for subjects [17, 10, 11] and channels (0, 1, 2, 3, 4, 5, 6, 7, 8, 9, 10)
2023-11-23 18:36:44,600 [INFO] Loading data for subjects [9, 16, 5] and channels (0, 1, 2, 3, 4, 5, 6, 7, 8, 9, 10)
INFO:mylogger:Loading data for subjects [9, 16, 5] and channels (0, 1, 2, 3, 4, 5, 6, 7, 8, 9, 10)
2023-11-23 18:36:44,633 [INFO] Finished loading data for subjects [9, 16, 5] and channels (0, 1, 2, 3, 4, 5, 6, 7, 8, 9, 10)
INFO:mylogger:Finished loading data for subjects [9, 16, 5] and channels (0, 1, 2, 3, 4, 5, 6, 7, 8, 9, 10)
2023-11-23 18:36:44,633 [INFO] Loading data for subjects [4, 15, 3, 8, 2, 13, 7, 14, 6] and channels (0, 1, 2, 3, 4, 5, 6, 7, 8, 9, 10)
INFO:mylogger:Loading data for subjects [4, 15, 3, 8, 2, 13, 7, 14, 6] and channels (0, 1, 2, 3, 4, 5, 6, 7, 8, 9, 10)
2023-11-23 18:36:44,727 [INFO] Finished loading data for subjects [4, 15, 3, 8, 2, 13, 7, 14, 6] and channels (0, 1, 2, 3, 4, 5, 6, 7, 8, 9, 10)
INFO:mylogger:Finished loading data for subjects [4, 15, 3, 8, 2, 13, 7, 14, 6] and channels (0, 1, 2, 3, 4, 5, 6, 7, 8, 9, 10)
2023-11-23 18:36:44,748 [INFO] Loading data for subjects [17, 10, 11] and channels (0, 1, 2, 3, 4, 5, 6, 7, 8, 9, 10)
INFO:mylogger:Loading data for subjects [17, 10, 11] and channels (0, 1, 2, 3, 4, 5, 6, 7, 8, 9, 10)
2023-11-23 18:36:44,770 [INFO] Finished loading data for subjects [17, 10, 11] and channels (0, 1, 2, 3, 4, 5, 6, 7, 8, 9, 10)
INFO:mylogger:Finished loading data for subjects [17, 10, 11] and channels (0, 1, 2, 3, 4, 5, 6, 7, 8, 9, 10)
2023-11-23 18:36:44,770 [INFO] Loading data for subjects [9, 16, 5] and channels (0, 1, 2, 3, 4, 5, 6, 7, 8, 9, 10)
INFO:mylogger:Loading data for subjects [9, 16, 5] and channels (0, 1, 2, 3, 4, 5, 6, 7, 8, 9, 10)
2023-11-23 18:36:44,790 [INFO] Finished loading data for subjects [9, 16, 5] and channels (0, 1, 2, 3, 4, 5, 6, 7, 8, 9, 10)
INFO:mylogger:Finished loading data for subjects [9, 16, 5] and channels (0, 1, 2, 3, 4, 5, 6, 7, 8, 9, 10)
2023-11-23 18:36:44,790 [INFO] Loading data for subjects [4, 15, 3, 8, 2, 13, 7, 14, 6] and channels (0, 1, 2, 3, 4, 5, 6, 7, 8, 9, 10)
INFO:mylogger:Loading data for subjects [4, 15, 3, 8, 2, 13, 7, 14, 6] and channels (0, 1, 2, 3, 4, 5, 6, 7, 8, 9, 10)
2023-11-23 18:36:44,861 [INFO] Finished loading data for subjects [4, 15, 3, 8, 2, 13, 7, 14, 6] and channels (0, 1, 2, 3, 4, 5, 6, 7, 8, 9, 10)
INFO:mylogger:Finished loading data for subjects [4, 15, 3, 8, 2, 13, 7, 14, 6] and channels (0, 1, 2, 3, 4, 5, 6, 7, 8, 9, 10)
2023-11-23 18:36:44,883 [INFO] Loading data for subjects [17, 10, 11] and channels (0, 1, 2, 3, 4, 5, 6, 7, 8, 9, 10)
INFO:mylogger:Loading data for subjects [17, 10, 11] and channels (0, 1, 2, 3, 4, 5, 6, 7, 8, 9, 10)
2023-11-23 18:36:44,904 [INFO] Finished loading data for subjects [17, 10, 11] and channels (0, 1, 2, 3, 4, 5, 6, 7, 8, 9, 10)
INFO:mylogger:Finished loading data for subjects [17, 10, 11] and channels (0, 1, 2, 3, 4, 5, 6, 7, 8, 9, 10)
2023-11-23 18:36:44,904 [INFO] Loading data for subjects [9, 16, 5] and channels (0, 1, 2, 3, 4, 5, 6, 7, 8, 9, 10)
INFO:mylogger:Loading data for subjects [9, 16, 5] and channels (0, 1, 2, 3, 4, 5, 6, 7, 8, 9, 10)
2023-11-23 18:36:44,924 [INFO] Finished loading data for subjects [9, 16, 5] and channels (0, 1, 2, 3, 4, 5, 6, 7, 8, 9, 10)
INFO:mylogger:Finished loading data for subjects [9, 16, 5] and channels (0, 1, 2, 3, 4, 5, 6, 7, 8, 9, 10)
2023-11-23 18:36:44,925 [INFO] Loading data for subjects [4, 15, 3, 8, 2, 13, 7, 14, 6] and channels (0, 1, 2, 3, 4, 5, 6, 7, 8, 9, 10)
INFO:mylogger:Loading data for subjects [4, 15, 3, 8, 2, 13, 7, 14, 6] and channels (0, 1, 2, 3, 4, 5, 6, 7, 8, 9, 10)
2023-11-23 18:36:44,991 [INFO] Finished loading data for subjects [4, 15, 3, 8, 2, 13, 7, 14, 6] and channels (0, 1, 2, 3, 4, 5, 6, 7, 8, 9, 10)
INFO:mylogger:Finished loading data for subjects [4, 15, 3, 8, 2, 13, 7, 14, 6] and channels (0, 1, 2, 3, 4, 5, 6, 7, 8, 9, 10)
2023-11-23 18:36:45,013 [INFO] Loading data for subjects [17, 10, 11] and channels (0, 1, 2, 3, 4, 5, 6, 7, 8, 9, 10)
INFO:mylogger:Loading data for subjects [17, 10, 11] and channels (0, 1, 2, 3, 4, 5, 6, 7, 8, 9, 10)
2023-11-23 18:36:45,034 [INFO] Finished loading data for subjects [17, 10, 11] and channels (0, 1, 2, 3, 4, 5, 6, 7, 8, 9, 10)
INFO:mylogger:Finished loading data for subjects [17, 10, 11] and channels (0, 1, 2, 3, 4, 5, 6, 7, 8, 9, 10)
2023-11-23 18:36:45,034 [INFO] Loading data for subjects [9, 16, 5] and channels (0, 1, 2, 3, 4, 5, 6, 7, 8, 9, 10)
INFO:mylogger:Loading data for subjects [9, 16, 5] and channels (0, 1, 2, 3, 4, 5, 6, 7, 8, 9, 10)
2023-11-23 18:36:45,054 [INFO] Finished loading data for subjects [9, 16, 5] and channels (0, 1, 2, 3, 4, 5, 6, 7, 8, 9, 10)
INFO:mylogger:Finished loading data for subjects [9, 16, 5] and channels (0, 1, 2, 3, 4, 5, 6, 7, 8, 9, 10)
2023-11-23 18:36:45,054 [INFO] Loading data for subjects [4, 15, 3, 8, 2, 13, 7, 14, 6] and channels (0, 1, 2, 3, 4, 5, 6, 7, 8, 9, 10)
INFO:mylogger:Loading data for subjects [4, 15, 3, 8, 2, 13, 7, 14, 6] and channels (0, 1, 2, 3, 4, 5, 6, 7, 8, 9, 10)
2023-11-23 18:36:45,122 [INFO] Finished loading data for subjects [4, 15, 3, 8, 2, 13, 7, 14, 6] and channels (0, 1, 2, 3, 4, 5, 6, 7, 8, 9, 10)
INFO:mylogger:Finished loading data for subjects [4, 15, 3, 8, 2, 13, 7, 14, 6] and channels (0, 1, 2, 3, 4, 5, 6, 7, 8, 9, 10)
2023-11-23 18:36:45,144 [INFO] Loading data for subjects [17, 10, 11] and channels (0, 1, 2, 3, 4, 5, 6, 7, 8, 9, 10)
INFO:mylogger:Loading data for subjects [17, 10, 11] and channels (0, 1, 2, 3, 4, 5, 6, 7, 8, 9, 10)
2023-11-23 18:36:45,165 [INFO] Finished loading data for subjects [17, 10, 11] and channels (0, 1, 2, 3, 4, 5, 6, 7, 8, 9, 10)
INFO:mylogger:Finished loading data for subjects [17, 10, 11] and channels (0, 1, 2, 3, 4, 5, 6, 7, 8, 9, 10)
2023-11-23 18:36:45,166 [INFO] Loading data for subjects [9, 16, 5] and channels (0, 1, 2, 3, 4, 5, 6, 7, 8, 9, 10)
INFO:mylogger:Loading data for subjects [9, 16, 5] and channels (0, 1, 2, 3, 4, 5, 6, 7, 8, 9, 10)
2023-11-23 18:36:45,185 [INFO] Finished loading data for subjects [9, 16, 5] and channels (0, 1, 2, 3, 4, 5, 6, 7, 8, 9, 10)
INFO:mylogger:Finished loading data for subjects [9, 16, 5] and channels (0, 1, 2, 3, 4, 5, 6, 7, 8, 9, 10)
2023-11-23 18:36:45,185 [INFO] Loading data for subjects [4, 15, 3, 8, 2, 13, 7, 14, 6] and channels (0, 1, 2, 3, 4, 5, 6, 7, 8, 9, 10)
INFO:mylogger:Loading data for subjects [4, 15, 3, 8, 2, 13, 7, 14, 6] and channels (0, 1, 2, 3, 4, 5, 6, 7, 8, 9, 10)
2023-11-23 18:36:45,252 [INFO] Finished loading data for subjects [4, 15, 3, 8, 2, 13, 7, 14, 6] and channels (0, 1, 2, 3, 4, 5, 6, 7, 8, 9, 10)
INFO:mylogger:Finished loading data for subjects [4, 15, 3, 8, 2, 13, 7, 14, 6] and channels (0, 1, 2, 3, 4, 5, 6, 7, 8, 9, 10)
2023-11-23 18:36:45,276 [INFO] Tuning of resnetM, max_evals: 6
INFO:mylogger:Tuning of resnetM, max_evals: 6
2023-11-23 18:36:45,406 [INFO] GPU 0 was taken for resnetM, tune_05.
INFO:mylogger:GPU 0 was taken for resnetM, tune_05.
WARNING:tensorflow:From /projects/bbnp/anxietyE2E/experiment/experiment.py:128: The name tf.global_variables_initializer is deprecated. Please use tf.compat.v1.global_variables_initializer instead.

WARNING:tensorflow:From /projects/bbnp/anxietyE2E/experiment/experiment.py:128: The name tf.global_variables_initializer is deprecated. Please use tf.compat.v1.global_variables_initializer instead.

2023-11-23 18:37:00,569 [INFO] Experiment for WESAD dataset, classifier: resnetM, setup: it_00, iteration: tune_05
INFO:mylogger:Experiment for WESAD dataset, classifier: resnetM, setup: it_00, iteration: tune_05
WARNING:tensorflow:From /u/alkurdi/.conda/envs/TFwesad/lib/python3.8/site-packages/keras/backend/tensorflow_backend.py:541: The name tf.placeholder is deprecated. Please use tf.compat.v1.placeholder instead.

WARNING:tensorflow:From /u/alkurdi/.conda/envs/TFwesad/lib/python3.8/site-packages/keras/backend/tensorflow_backend.py:541: The name tf.placeholder is deprecated. Please use tf.compat.v1.placeholder instead.

WARNING:tensorflow:From /u/alkurdi/.conda/envs/TFwesad/lib/python3.8/site-packages/keras/backend/tensorflow_backend.py:66: The name tf.get_default_graph is deprecated. Please use tf.compat.v1.get_default_graph instead.

WARNING:tensorflow:From /u/alkurdi/.conda/envs/TFwesad/lib/python3.8/site-packages/keras/backend/tensorflow_backend.py:66: The name tf.get_default_graph is deprecated. Please use tf.compat.v1.get_default_graph instead.

WARNING:tensorflow:From /u/alkurdi/.conda/envs/TFwesad/lib/python3.8/site-packages/keras/backend/tensorflow_backend.py:4432: The name tf.random_uniform is deprecated. Please use tf.random.uniform instead.

WARNING:tensorflow:From /u/alkurdi/.conda/envs/TFwesad/lib/python3.8/site-packages/keras/backend/tensorflow_backend.py:4432: The name tf.random_uniform is deprecated. Please use tf.random.uniform instead.

WARNING:tensorflow:From /u/alkurdi/.conda/envs/TFwesad/lib/python3.8/site-packages/keras/backend/tensorflow_backend.py:148: The name tf.placeholder_with_default is deprecated. Please use tf.compat.v1.placeholder_with_default instead.

WARNING:tensorflow:From /u/alkurdi/.conda/envs/TFwesad/lib/python3.8/site-packages/keras/backend/tensorflow_backend.py:148: The name tf.placeholder_with_default is deprecated. Please use tf.compat.v1.placeholder_with_default instead.

WARNING:tensorflow:From /u/alkurdi/.conda/envs/TFwesad/lib/python3.8/site-packages/keras/optimizers.py:793: The name tf.train.Optimizer is deprecated. Please use tf.compat.v1.train.Optimizer instead.

WARNING:tensorflow:From /u/alkurdi/.conda/envs/TFwesad/lib/python3.8/site-packages/keras/optimizers.py:793: The name tf.train.Optimizer is deprecated. Please use tf.compat.v1.train.Optimizer instead.

WARNING:tensorflow:From /u/alkurdi/.conda/envs/TFwesad/lib/python3.8/site-packages/keras/backend/tensorflow_backend.py:3576: The name tf.log is deprecated. Please use tf.math.log instead.

WARNING:tensorflow:From /u/alkurdi/.conda/envs/TFwesad/lib/python3.8/site-packages/keras/backend/tensorflow_backend.py:3576: The name tf.log is deprecated. Please use tf.math.log instead.

2023-11-23 18:37:07,932 [INFO] Created model for WESAD dataset, classifier: resnetM, setup: it_00, iteration: tune_05
INFO:mylogger:Created model for WESAD dataset, classifier: resnetM, setup: it_00, iteration: tune_05
2023-11-23 18:37:07,932 [INFO] Fitting model
INFO:mylogger:Fitting model
WARNING:tensorflow:From /u/alkurdi/.conda/envs/TFwesad/lib/python3.8/site-packages/keras/backend/tensorflow_backend.py:1033: The name tf.assign_add is deprecated. Please use tf.compat.v1.assign_add instead.

WARNING:tensorflow:From /u/alkurdi/.conda/envs/TFwesad/lib/python3.8/site-packages/keras/backend/tensorflow_backend.py:1033: The name tf.assign_add is deprecated. Please use tf.compat.v1.assign_add instead.

WARNING:tensorflow:From /u/alkurdi/.conda/envs/TFwesad/lib/python3.8/site-packages/keras/backend/tensorflow_backend.py:1020: The name tf.assign is deprecated. Please use tf.compat.v1.assign instead.

WARNING:tensorflow:From /u/alkurdi/.conda/envs/TFwesad/lib/python3.8/site-packages/keras/backend/tensorflow_backend.py:1020: The name tf.assign is deprecated. Please use tf.compat.v1.assign instead.

WARNING:tensorflow:From /u/alkurdi/.conda/envs/TFwesad/lib/python3.8/site-packages/keras/backend/tensorflow_backend.py:3005: The name tf.Session is deprecated. Please use tf.compat.v1.Session instead.

WARNING:tensorflow:From /u/alkurdi/.conda/envs/TFwesad/lib/python3.8/site-packages/keras/backend/tensorflow_backend.py:3005: The name tf.Session is deprecated. Please use tf.compat.v1.Session instead.

WARNING:tensorflow:From /u/alkurdi/.conda/envs/TFwesad/lib/python3.8/site-packages/keras/backend/tensorflow_backend.py:190: The name tf.get_default_session is deprecated. Please use tf.compat.v1.get_default_session instead.

WARNING:tensorflow:From /u/alkurdi/.conda/envs/TFwesad/lib/python3.8/site-packages/keras/backend/tensorflow_backend.py:190: The name tf.get_default_session is deprecated. Please use tf.compat.v1.get_default_session instead.

WARNING:tensorflow:From /u/alkurdi/.conda/envs/TFwesad/lib/python3.8/site-packages/keras/backend/tensorflow_backend.py:207: The name tf.global_variables is deprecated. Please use tf.compat.v1.global_variables instead.

WARNING:tensorflow:From /u/alkurdi/.conda/envs/TFwesad/lib/python3.8/site-packages/keras/backend/tensorflow_backend.py:207: The name tf.global_variables is deprecated. Please use tf.compat.v1.global_variables instead.

WARNING:tensorflow:From /u/alkurdi/.conda/envs/TFwesad/lib/python3.8/site-packages/keras/backend/tensorflow_backend.py:216: The name tf.is_variable_initialized is deprecated. Please use tf.compat.v1.is_variable_initialized instead.

WARNING:tensorflow:From /u/alkurdi/.conda/envs/TFwesad/lib/python3.8/site-packages/keras/backend/tensorflow_backend.py:216: The name tf.is_variable_initialized is deprecated. Please use tf.compat.v1.is_variable_initialized instead.

WARNING:tensorflow:From /u/alkurdi/.conda/envs/TFwesad/lib/python3.8/site-packages/keras/backend/tensorflow_backend.py:223: The name tf.variables_initializer is deprecated. Please use tf.compat.v1.variables_initializer instead.

WARNING:tensorflow:From /u/alkurdi/.conda/envs/TFwesad/lib/python3.8/site-packages/keras/backend/tensorflow_backend.py:223: The name tf.variables_initializer is deprecated. Please use tf.compat.v1.variables_initializer instead.

2023-11-23 18:59:58,407 [INFO] Loading weights and predicting
INFO:mylogger:Loading weights and predicting
2023-11-23 19:00:23,834 [INFO] Fitted model for WESAD dataset, classifier: resnetM, setup: it_00, iteration: tune_05
INFO:mylogger:Fitted model for WESAD dataset, classifier: resnetM, setup: it_00, iteration: tune_05
2023-11-23 19:00:23,836 [INFO] Finished experiment for WESAD dataset, classifier: resnetM, setup: it_00, iteration: tune_05
INFO:mylogger:Finished experiment for WESAD dataset, classifier: resnetM, setup: it_00, iteration: tune_05
2023-11-23 19:00:32,972 [INFO] Experiment for WESAD dataset, classifier: resnetM, setup: it_01, iteration: tune_05
INFO:mylogger:Experiment for WESAD dataset, classifier: resnetM, setup: it_01, iteration: tune_05
2023-11-23 19:00:33,001 [INFO] Created model for WESAD dataset, classifier: resnetM, setup: it_01, iteration: tune_05
INFO:mylogger:Created model for WESAD dataset, classifier: resnetM, setup: it_01, iteration: tune_05
2023-11-23 19:00:33,024 [INFO] Fitting model
INFO:mylogger:Fitting model
slurmstepd: error: *** STEP 2687207.4 ON gpub046 CANCELLED AT 2023-11-23T19:05:37 DUE TO TIME LIMIT ***
slurmstepd: error: *** JOB 2687207 ON gpub046 CANCELLED AT 2023-11-23T19:05:37 DUE TO TIME LIMIT ***
srun: Job step aborted: Waiting up to 32 seconds for job step to finish.
