
Currently Loaded Modules:
  1) cue-login-env/1.0   3) ucx/1.11.2      5) cuda/11.6.1   7) default
  2) gcc/11.2.0          4) openmpi/4.1.2   6) modtree/gpu

 

job is starting on gpub079.delta.ncsa.illinois.edu
dataset=wesad
clas=inceptionM
max_eval=6
CUDA_VISIBLE_DEVICES=0
 
 ******************************
 ******* i_fold=00 *******
 ******************************
 
Thu Nov 23 13:06:58 CST 2023
WARNING:tensorflow:Deprecation warnings have been disabled. Set TF_ENABLE_DEPRECATION_WARNINGS=1 to re-enable them.
WARNING:root:Limited tf.compat.v2.summary API due to missing TensorBoard installation.
Using TensorFlow backend.
2023-11-23 13:07:02,843 [INFO] Loading data for subjects [4, 3, 13] and channels (0, 1, 2, 3, 4, 5, 6, 7, 8, 9, 10)
INFO:mylogger:Loading data for subjects [4, 3, 13] and channels (0, 1, 2, 3, 4, 5, 6, 7, 8, 9, 10)
2023-11-23 13:07:02,870 [INFO] Finished loading data for subjects [4, 3, 13] and channels (0, 1, 2, 3, 4, 5, 6, 7, 8, 9, 10)
INFO:mylogger:Finished loading data for subjects [4, 3, 13] and channels (0, 1, 2, 3, 4, 5, 6, 7, 8, 9, 10)
2023-11-23 13:07:02,870 [INFO] Loading data for subjects [10, 17, 2] and channels (0, 1, 2, 3, 4, 5, 6, 7, 8, 9, 10)
INFO:mylogger:Loading data for subjects [10, 17, 2] and channels (0, 1, 2, 3, 4, 5, 6, 7, 8, 9, 10)
2023-11-23 13:07:02,895 [INFO] Finished loading data for subjects [10, 17, 2] and channels (0, 1, 2, 3, 4, 5, 6, 7, 8, 9, 10)
INFO:mylogger:Finished loading data for subjects [10, 17, 2] and channels (0, 1, 2, 3, 4, 5, 6, 7, 8, 9, 10)
2023-11-23 13:07:02,895 [INFO] Loading data for subjects [5, 16, 15, 8, 9, 7, 14, 6, 11] and channels (0, 1, 2, 3, 4, 5, 6, 7, 8, 9, 10)
INFO:mylogger:Loading data for subjects [5, 16, 15, 8, 9, 7, 14, 6, 11] and channels (0, 1, 2, 3, 4, 5, 6, 7, 8, 9, 10)
2023-11-23 13:07:02,968 [INFO] Finished loading data for subjects [5, 16, 15, 8, 9, 7, 14, 6, 11] and channels (0, 1, 2, 3, 4, 5, 6, 7, 8, 9, 10)
INFO:mylogger:Finished loading data for subjects [5, 16, 15, 8, 9, 7, 14, 6, 11] and channels (0, 1, 2, 3, 4, 5, 6, 7, 8, 9, 10)
2023-11-23 13:07:02,989 [INFO] Loading data for subjects [4, 3, 13] and channels (0, 1, 2, 3, 4, 5, 6, 7, 8, 9, 10)
INFO:mylogger:Loading data for subjects [4, 3, 13] and channels (0, 1, 2, 3, 4, 5, 6, 7, 8, 9, 10)
2023-11-23 13:07:03,011 [INFO] Finished loading data for subjects [4, 3, 13] and channels (0, 1, 2, 3, 4, 5, 6, 7, 8, 9, 10)
INFO:mylogger:Finished loading data for subjects [4, 3, 13] and channels (0, 1, 2, 3, 4, 5, 6, 7, 8, 9, 10)
2023-11-23 13:07:03,011 [INFO] Loading data for subjects [10, 17, 2] and channels (0, 1, 2, 3, 4, 5, 6, 7, 8, 9, 10)
INFO:mylogger:Loading data for subjects [10, 17, 2] and channels (0, 1, 2, 3, 4, 5, 6, 7, 8, 9, 10)
2023-11-23 13:07:03,033 [INFO] Finished loading data for subjects [10, 17, 2] and channels (0, 1, 2, 3, 4, 5, 6, 7, 8, 9, 10)
INFO:mylogger:Finished loading data for subjects [10, 17, 2] and channels (0, 1, 2, 3, 4, 5, 6, 7, 8, 9, 10)
2023-11-23 13:07:03,033 [INFO] Loading data for subjects [5, 16, 15, 8, 9, 7, 14, 6, 11] and channels (0, 1, 2, 3, 4, 5, 6, 7, 8, 9, 10)
INFO:mylogger:Loading data for subjects [5, 16, 15, 8, 9, 7, 14, 6, 11] and channels (0, 1, 2, 3, 4, 5, 6, 7, 8, 9, 10)
2023-11-23 13:07:03,104 [INFO] Finished loading data for subjects [5, 16, 15, 8, 9, 7, 14, 6, 11] and channels (0, 1, 2, 3, 4, 5, 6, 7, 8, 9, 10)
INFO:mylogger:Finished loading data for subjects [5, 16, 15, 8, 9, 7, 14, 6, 11] and channels (0, 1, 2, 3, 4, 5, 6, 7, 8, 9, 10)
2023-11-23 13:07:03,123 [INFO] Loading data for subjects [4, 3, 13] and channels (0, 1, 2, 3, 4, 5, 6, 7, 8, 9, 10)
INFO:mylogger:Loading data for subjects [4, 3, 13] and channels (0, 1, 2, 3, 4, 5, 6, 7, 8, 9, 10)
2023-11-23 13:07:03,147 [INFO] Finished loading data for subjects [4, 3, 13] and channels (0, 1, 2, 3, 4, 5, 6, 7, 8, 9, 10)
INFO:mylogger:Finished loading data for subjects [4, 3, 13] and channels (0, 1, 2, 3, 4, 5, 6, 7, 8, 9, 10)
2023-11-23 13:07:03,147 [INFO] Loading data for subjects [10, 17, 2] and channels (0, 1, 2, 3, 4, 5, 6, 7, 8, 9, 10)
INFO:mylogger:Loading data for subjects [10, 17, 2] and channels (0, 1, 2, 3, 4, 5, 6, 7, 8, 9, 10)
2023-11-23 13:07:03,169 [INFO] Finished loading data for subjects [10, 17, 2] and channels (0, 1, 2, 3, 4, 5, 6, 7, 8, 9, 10)
INFO:mylogger:Finished loading data for subjects [10, 17, 2] and channels (0, 1, 2, 3, 4, 5, 6, 7, 8, 9, 10)
2023-11-23 13:07:03,169 [INFO] Loading data for subjects [5, 16, 15, 8, 9, 7, 14, 6, 11] and channels (0, 1, 2, 3, 4, 5, 6, 7, 8, 9, 10)
INFO:mylogger:Loading data for subjects [5, 16, 15, 8, 9, 7, 14, 6, 11] and channels (0, 1, 2, 3, 4, 5, 6, 7, 8, 9, 10)
2023-11-23 13:07:03,242 [INFO] Finished loading data for subjects [5, 16, 15, 8, 9, 7, 14, 6, 11] and channels (0, 1, 2, 3, 4, 5, 6, 7, 8, 9, 10)
INFO:mylogger:Finished loading data for subjects [5, 16, 15, 8, 9, 7, 14, 6, 11] and channels (0, 1, 2, 3, 4, 5, 6, 7, 8, 9, 10)
2023-11-23 13:07:03,262 [INFO] Loading data for subjects [4, 3, 13] and channels (0, 1, 2, 3, 4, 5, 6, 7, 8, 9, 10)
INFO:mylogger:Loading data for subjects [4, 3, 13] and channels (0, 1, 2, 3, 4, 5, 6, 7, 8, 9, 10)
2023-11-23 13:07:03,283 [INFO] Finished loading data for subjects [4, 3, 13] and channels (0, 1, 2, 3, 4, 5, 6, 7, 8, 9, 10)
INFO:mylogger:Finished loading data for subjects [4, 3, 13] and channels (0, 1, 2, 3, 4, 5, 6, 7, 8, 9, 10)
2023-11-23 13:07:03,283 [INFO] Loading data for subjects [10, 17, 2] and channels (0, 1, 2, 3, 4, 5, 6, 7, 8, 9, 10)
INFO:mylogger:Loading data for subjects [10, 17, 2] and channels (0, 1, 2, 3, 4, 5, 6, 7, 8, 9, 10)
2023-11-23 13:07:03,304 [INFO] Finished loading data for subjects [10, 17, 2] and channels (0, 1, 2, 3, 4, 5, 6, 7, 8, 9, 10)
INFO:mylogger:Finished loading data for subjects [10, 17, 2] and channels (0, 1, 2, 3, 4, 5, 6, 7, 8, 9, 10)
2023-11-23 13:07:03,304 [INFO] Loading data for subjects [5, 16, 15, 8, 9, 7, 14, 6, 11] and channels (0, 1, 2, 3, 4, 5, 6, 7, 8, 9, 10)
INFO:mylogger:Loading data for subjects [5, 16, 15, 8, 9, 7, 14, 6, 11] and channels (0, 1, 2, 3, 4, 5, 6, 7, 8, 9, 10)
2023-11-23 13:07:03,376 [INFO] Finished loading data for subjects [5, 16, 15, 8, 9, 7, 14, 6, 11] and channels (0, 1, 2, 3, 4, 5, 6, 7, 8, 9, 10)
INFO:mylogger:Finished loading data for subjects [5, 16, 15, 8, 9, 7, 14, 6, 11] and channels (0, 1, 2, 3, 4, 5, 6, 7, 8, 9, 10)
2023-11-23 13:07:03,397 [INFO] Loading data for subjects [4, 3, 13] and channels (0, 1, 2, 3, 4, 5, 6, 7, 8, 9, 10)
INFO:mylogger:Loading data for subjects [4, 3, 13] and channels (0, 1, 2, 3, 4, 5, 6, 7, 8, 9, 10)
2023-11-23 13:07:03,418 [INFO] Finished loading data for subjects [4, 3, 13] and channels (0, 1, 2, 3, 4, 5, 6, 7, 8, 9, 10)
INFO:mylogger:Finished loading data for subjects [4, 3, 13] and channels (0, 1, 2, 3, 4, 5, 6, 7, 8, 9, 10)
2023-11-23 13:07:03,418 [INFO] Loading data for subjects [10, 17, 2] and channels (0, 1, 2, 3, 4, 5, 6, 7, 8, 9, 10)
INFO:mylogger:Loading data for subjects [10, 17, 2] and channels (0, 1, 2, 3, 4, 5, 6, 7, 8, 9, 10)
2023-11-23 13:07:03,439 [INFO] Finished loading data for subjects [10, 17, 2] and channels (0, 1, 2, 3, 4, 5, 6, 7, 8, 9, 10)
INFO:mylogger:Finished loading data for subjects [10, 17, 2] and channels (0, 1, 2, 3, 4, 5, 6, 7, 8, 9, 10)
2023-11-23 13:07:03,439 [INFO] Loading data for subjects [5, 16, 15, 8, 9, 7, 14, 6, 11] and channels (0, 1, 2, 3, 4, 5, 6, 7, 8, 9, 10)
INFO:mylogger:Loading data for subjects [5, 16, 15, 8, 9, 7, 14, 6, 11] and channels (0, 1, 2, 3, 4, 5, 6, 7, 8, 9, 10)
2023-11-23 13:07:03,509 [INFO] Finished loading data for subjects [5, 16, 15, 8, 9, 7, 14, 6, 11] and channels (0, 1, 2, 3, 4, 5, 6, 7, 8, 9, 10)
INFO:mylogger:Finished loading data for subjects [5, 16, 15, 8, 9, 7, 14, 6, 11] and channels (0, 1, 2, 3, 4, 5, 6, 7, 8, 9, 10)
2023-11-23 13:07:03,530 [INFO] Tuning of inceptionM, max_evals: 6
INFO:mylogger:Tuning of inceptionM, max_evals: 6
2023-11-23 13:07:03,532 [INFO] Tuning of inceptionM (max_evals: 6) is being performed by another process
INFO:mylogger:Tuning of inceptionM (max_evals: 6) is being performed by another process
 
 ******************************
 ******* i_fold=01 *******
 ******************************
 
Thu Nov 23 13:07:03 CST 2023
WARNING:tensorflow:Deprecation warnings have been disabled. Set TF_ENABLE_DEPRECATION_WARNINGS=1 to re-enable them.
WARNING:root:Limited tf.compat.v2.summary API due to missing TensorBoard installation.
Using TensorFlow backend.
2023-11-23 13:07:08,376 [INFO] Loading data for subjects [5, 8, 7] and channels (0, 1, 2, 3, 4, 5, 6, 7, 8, 9, 10)
INFO:mylogger:Loading data for subjects [5, 8, 7] and channels (0, 1, 2, 3, 4, 5, 6, 7, 8, 9, 10)
2023-11-23 13:07:08,404 [INFO] Finished loading data for subjects [5, 8, 7] and channels (0, 1, 2, 3, 4, 5, 6, 7, 8, 9, 10)
INFO:mylogger:Finished loading data for subjects [5, 8, 7] and channels (0, 1, 2, 3, 4, 5, 6, 7, 8, 9, 10)
2023-11-23 13:07:08,404 [INFO] Loading data for subjects [13, 16, 14] and channels (0, 1, 2, 3, 4, 5, 6, 7, 8, 9, 10)
INFO:mylogger:Loading data for subjects [13, 16, 14] and channels (0, 1, 2, 3, 4, 5, 6, 7, 8, 9, 10)
2023-11-23 13:07:08,431 [INFO] Finished loading data for subjects [13, 16, 14] and channels (0, 1, 2, 3, 4, 5, 6, 7, 8, 9, 10)
INFO:mylogger:Finished loading data for subjects [13, 16, 14] and channels (0, 1, 2, 3, 4, 5, 6, 7, 8, 9, 10)
2023-11-23 13:07:08,431 [INFO] Loading data for subjects [4, 15, 17, 3, 9, 2, 10, 6, 11] and channels (0, 1, 2, 3, 4, 5, 6, 7, 8, 9, 10)
INFO:mylogger:Loading data for subjects [4, 15, 17, 3, 9, 2, 10, 6, 11] and channels (0, 1, 2, 3, 4, 5, 6, 7, 8, 9, 10)
2023-11-23 13:07:08,506 [INFO] Finished loading data for subjects [4, 15, 17, 3, 9, 2, 10, 6, 11] and channels (0, 1, 2, 3, 4, 5, 6, 7, 8, 9, 10)
INFO:mylogger:Finished loading data for subjects [4, 15, 17, 3, 9, 2, 10, 6, 11] and channels (0, 1, 2, 3, 4, 5, 6, 7, 8, 9, 10)
2023-11-23 13:07:08,529 [INFO] Loading data for subjects [5, 8, 7] and channels (0, 1, 2, 3, 4, 5, 6, 7, 8, 9, 10)
INFO:mylogger:Loading data for subjects [5, 8, 7] and channels (0, 1, 2, 3, 4, 5, 6, 7, 8, 9, 10)
2023-11-23 13:07:08,551 [INFO] Finished loading data for subjects [5, 8, 7] and channels (0, 1, 2, 3, 4, 5, 6, 7, 8, 9, 10)
INFO:mylogger:Finished loading data for subjects [5, 8, 7] and channels (0, 1, 2, 3, 4, 5, 6, 7, 8, 9, 10)
2023-11-23 13:07:08,551 [INFO] Loading data for subjects [13, 16, 14] and channels (0, 1, 2, 3, 4, 5, 6, 7, 8, 9, 10)
INFO:mylogger:Loading data for subjects [13, 16, 14] and channels (0, 1, 2, 3, 4, 5, 6, 7, 8, 9, 10)
2023-11-23 13:07:08,573 [INFO] Finished loading data for subjects [13, 16, 14] and channels (0, 1, 2, 3, 4, 5, 6, 7, 8, 9, 10)
INFO:mylogger:Finished loading data for subjects [13, 16, 14] and channels (0, 1, 2, 3, 4, 5, 6, 7, 8, 9, 10)
2023-11-23 13:07:08,574 [INFO] Loading data for subjects [4, 15, 17, 3, 9, 2, 10, 6, 11] and channels (0, 1, 2, 3, 4, 5, 6, 7, 8, 9, 10)
INFO:mylogger:Loading data for subjects [4, 15, 17, 3, 9, 2, 10, 6, 11] and channels (0, 1, 2, 3, 4, 5, 6, 7, 8, 9, 10)
2023-11-23 13:07:08,645 [INFO] Finished loading data for subjects [4, 15, 17, 3, 9, 2, 10, 6, 11] and channels (0, 1, 2, 3, 4, 5, 6, 7, 8, 9, 10)
INFO:mylogger:Finished loading data for subjects [4, 15, 17, 3, 9, 2, 10, 6, 11] and channels (0, 1, 2, 3, 4, 5, 6, 7, 8, 9, 10)
2023-11-23 13:07:08,668 [INFO] Loading data for subjects [5, 8, 7] and channels (0, 1, 2, 3, 4, 5, 6, 7, 8, 9, 10)
INFO:mylogger:Loading data for subjects [5, 8, 7] and channels (0, 1, 2, 3, 4, 5, 6, 7, 8, 9, 10)
2023-11-23 13:07:08,693 [INFO] Finished loading data for subjects [5, 8, 7] and channels (0, 1, 2, 3, 4, 5, 6, 7, 8, 9, 10)
INFO:mylogger:Finished loading data for subjects [5, 8, 7] and channels (0, 1, 2, 3, 4, 5, 6, 7, 8, 9, 10)
2023-11-23 13:07:08,693 [INFO] Loading data for subjects [13, 16, 14] and channels (0, 1, 2, 3, 4, 5, 6, 7, 8, 9, 10)
INFO:mylogger:Loading data for subjects [13, 16, 14] and channels (0, 1, 2, 3, 4, 5, 6, 7, 8, 9, 10)
2023-11-23 13:07:08,714 [INFO] Finished loading data for subjects [13, 16, 14] and channels (0, 1, 2, 3, 4, 5, 6, 7, 8, 9, 10)
INFO:mylogger:Finished loading data for subjects [13, 16, 14] and channels (0, 1, 2, 3, 4, 5, 6, 7, 8, 9, 10)
2023-11-23 13:07:08,715 [INFO] Loading data for subjects [4, 15, 17, 3, 9, 2, 10, 6, 11] and channels (0, 1, 2, 3, 4, 5, 6, 7, 8, 9, 10)
INFO:mylogger:Loading data for subjects [4, 15, 17, 3, 9, 2, 10, 6, 11] and channels (0, 1, 2, 3, 4, 5, 6, 7, 8, 9, 10)
2023-11-23 13:07:08,786 [INFO] Finished loading data for subjects [4, 15, 17, 3, 9, 2, 10, 6, 11] and channels (0, 1, 2, 3, 4, 5, 6, 7, 8, 9, 10)
INFO:mylogger:Finished loading data for subjects [4, 15, 17, 3, 9, 2, 10, 6, 11] and channels (0, 1, 2, 3, 4, 5, 6, 7, 8, 9, 10)
2023-11-23 13:07:08,808 [INFO] Loading data for subjects [5, 8, 7] and channels (0, 1, 2, 3, 4, 5, 6, 7, 8, 9, 10)
INFO:mylogger:Loading data for subjects [5, 8, 7] and channels (0, 1, 2, 3, 4, 5, 6, 7, 8, 9, 10)
2023-11-23 13:07:08,831 [INFO] Finished loading data for subjects [5, 8, 7] and channels (0, 1, 2, 3, 4, 5, 6, 7, 8, 9, 10)
INFO:mylogger:Finished loading data for subjects [5, 8, 7] and channels (0, 1, 2, 3, 4, 5, 6, 7, 8, 9, 10)
2023-11-23 13:07:08,831 [INFO] Loading data for subjects [13, 16, 14] and channels (0, 1, 2, 3, 4, 5, 6, 7, 8, 9, 10)
INFO:mylogger:Loading data for subjects [13, 16, 14] and channels (0, 1, 2, 3, 4, 5, 6, 7, 8, 9, 10)
2023-11-23 13:07:08,853 [INFO] Finished loading data for subjects [13, 16, 14] and channels (0, 1, 2, 3, 4, 5, 6, 7, 8, 9, 10)
INFO:mylogger:Finished loading data for subjects [13, 16, 14] and channels (0, 1, 2, 3, 4, 5, 6, 7, 8, 9, 10)
2023-11-23 13:07:08,853 [INFO] Loading data for subjects [4, 15, 17, 3, 9, 2, 10, 6, 11] and channels (0, 1, 2, 3, 4, 5, 6, 7, 8, 9, 10)
INFO:mylogger:Loading data for subjects [4, 15, 17, 3, 9, 2, 10, 6, 11] and channels (0, 1, 2, 3, 4, 5, 6, 7, 8, 9, 10)
2023-11-23 13:07:08,922 [INFO] Finished loading data for subjects [4, 15, 17, 3, 9, 2, 10, 6, 11] and channels (0, 1, 2, 3, 4, 5, 6, 7, 8, 9, 10)
INFO:mylogger:Finished loading data for subjects [4, 15, 17, 3, 9, 2, 10, 6, 11] and channels (0, 1, 2, 3, 4, 5, 6, 7, 8, 9, 10)
2023-11-23 13:07:08,943 [INFO] Loading data for subjects [5, 8, 7] and channels (0, 1, 2, 3, 4, 5, 6, 7, 8, 9, 10)
INFO:mylogger:Loading data for subjects [5, 8, 7] and channels (0, 1, 2, 3, 4, 5, 6, 7, 8, 9, 10)
2023-11-23 13:07:08,965 [INFO] Finished loading data for subjects [5, 8, 7] and channels (0, 1, 2, 3, 4, 5, 6, 7, 8, 9, 10)
INFO:mylogger:Finished loading data for subjects [5, 8, 7] and channels (0, 1, 2, 3, 4, 5, 6, 7, 8, 9, 10)
2023-11-23 13:07:08,965 [INFO] Loading data for subjects [13, 16, 14] and channels (0, 1, 2, 3, 4, 5, 6, 7, 8, 9, 10)
INFO:mylogger:Loading data for subjects [13, 16, 14] and channels (0, 1, 2, 3, 4, 5, 6, 7, 8, 9, 10)
2023-11-23 13:07:08,987 [INFO] Finished loading data for subjects [13, 16, 14] and channels (0, 1, 2, 3, 4, 5, 6, 7, 8, 9, 10)
INFO:mylogger:Finished loading data for subjects [13, 16, 14] and channels (0, 1, 2, 3, 4, 5, 6, 7, 8, 9, 10)
2023-11-23 13:07:08,988 [INFO] Loading data for subjects [4, 15, 17, 3, 9, 2, 10, 6, 11] and channels (0, 1, 2, 3, 4, 5, 6, 7, 8, 9, 10)
INFO:mylogger:Loading data for subjects [4, 15, 17, 3, 9, 2, 10, 6, 11] and channels (0, 1, 2, 3, 4, 5, 6, 7, 8, 9, 10)
2023-11-23 13:07:09,061 [INFO] Finished loading data for subjects [4, 15, 17, 3, 9, 2, 10, 6, 11] and channels (0, 1, 2, 3, 4, 5, 6, 7, 8, 9, 10)
INFO:mylogger:Finished loading data for subjects [4, 15, 17, 3, 9, 2, 10, 6, 11] and channels (0, 1, 2, 3, 4, 5, 6, 7, 8, 9, 10)
2023-11-23 13:07:09,086 [INFO] Tuning of inceptionM, max_evals: 6
INFO:mylogger:Tuning of inceptionM, max_evals: 6
2023-11-23 13:07:09,111 [INFO] GPU 0 was taken for inceptionM, tune_02.
INFO:mylogger:GPU 0 was taken for inceptionM, tune_02.
WARNING:tensorflow:From /projects/bbnp/anxietyE2E/experiment/experiment.py:128: The name tf.global_variables_initializer is deprecated. Please use tf.compat.v1.global_variables_initializer instead.

WARNING:tensorflow:From /projects/bbnp/anxietyE2E/experiment/experiment.py:128: The name tf.global_variables_initializer is deprecated. Please use tf.compat.v1.global_variables_initializer instead.

2023-11-23 13:07:09,423 [INFO] Experiment for WESAD dataset, classifier: inceptionM, setup: it_00, iteration: tune_02
INFO:mylogger:Experiment for WESAD dataset, classifier: inceptionM, setup: it_00, iteration: tune_02
WARNING:tensorflow:From /u/alkurdi/.conda/envs/TFwesad/lib/python3.8/site-packages/keras/backend/tensorflow_backend.py:66: The name tf.get_default_graph is deprecated. Please use tf.compat.v1.get_default_graph instead.

WARNING:tensorflow:From /u/alkurdi/.conda/envs/TFwesad/lib/python3.8/site-packages/keras/backend/tensorflow_backend.py:66: The name tf.get_default_graph is deprecated. Please use tf.compat.v1.get_default_graph instead.

WARNING:tensorflow:From /u/alkurdi/.conda/envs/TFwesad/lib/python3.8/site-packages/keras/backend/tensorflow_backend.py:541: The name tf.placeholder is deprecated. Please use tf.compat.v1.placeholder instead.

WARNING:tensorflow:From /u/alkurdi/.conda/envs/TFwesad/lib/python3.8/site-packages/keras/backend/tensorflow_backend.py:541: The name tf.placeholder is deprecated. Please use tf.compat.v1.placeholder instead.

WARNING:tensorflow:From /u/alkurdi/.conda/envs/TFwesad/lib/python3.8/site-packages/keras/backend/tensorflow_backend.py:4432: The name tf.random_uniform is deprecated. Please use tf.random.uniform instead.

WARNING:tensorflow:From /u/alkurdi/.conda/envs/TFwesad/lib/python3.8/site-packages/keras/backend/tensorflow_backend.py:4432: The name tf.random_uniform is deprecated. Please use tf.random.uniform instead.

WARNING:tensorflow:From /u/alkurdi/.conda/envs/TFwesad/lib/python3.8/site-packages/keras/backend/tensorflow_backend.py:4267: The name tf.nn.max_pool is deprecated. Please use tf.nn.max_pool2d instead.

WARNING:tensorflow:From /u/alkurdi/.conda/envs/TFwesad/lib/python3.8/site-packages/keras/backend/tensorflow_backend.py:4267: The name tf.nn.max_pool is deprecated. Please use tf.nn.max_pool2d instead.

WARNING:tensorflow:From /u/alkurdi/.conda/envs/TFwesad/lib/python3.8/site-packages/keras/backend/tensorflow_backend.py:148: The name tf.placeholder_with_default is deprecated. Please use tf.compat.v1.placeholder_with_default instead.

WARNING:tensorflow:From /u/alkurdi/.conda/envs/TFwesad/lib/python3.8/site-packages/keras/backend/tensorflow_backend.py:148: The name tf.placeholder_with_default is deprecated. Please use tf.compat.v1.placeholder_with_default instead.

WARNING:tensorflow:From /u/alkurdi/.conda/envs/TFwesad/lib/python3.8/site-packages/keras/optimizers.py:793: The name tf.train.Optimizer is deprecated. Please use tf.compat.v1.train.Optimizer instead.

WARNING:tensorflow:From /u/alkurdi/.conda/envs/TFwesad/lib/python3.8/site-packages/keras/optimizers.py:793: The name tf.train.Optimizer is deprecated. Please use tf.compat.v1.train.Optimizer instead.

WARNING:tensorflow:From /u/alkurdi/.conda/envs/TFwesad/lib/python3.8/site-packages/keras/backend/tensorflow_backend.py:3576: The name tf.log is deprecated. Please use tf.math.log instead.

WARNING:tensorflow:From /u/alkurdi/.conda/envs/TFwesad/lib/python3.8/site-packages/keras/backend/tensorflow_backend.py:3576: The name tf.log is deprecated. Please use tf.math.log instead.

2023-11-23 13:07:13,664 [INFO] Created model for WESAD dataset, classifier: inceptionM, setup: it_00, iteration: tune_02
INFO:mylogger:Created model for WESAD dataset, classifier: inceptionM, setup: it_00, iteration: tune_02
2023-11-23 13:07:13,664 [INFO] Fitting model
INFO:mylogger:Fitting model
WARNING:tensorflow:From /u/alkurdi/.conda/envs/TFwesad/lib/python3.8/site-packages/keras/backend/tensorflow_backend.py:1033: The name tf.assign_add is deprecated. Please use tf.compat.v1.assign_add instead.

WARNING:tensorflow:From /u/alkurdi/.conda/envs/TFwesad/lib/python3.8/site-packages/keras/backend/tensorflow_backend.py:1033: The name tf.assign_add is deprecated. Please use tf.compat.v1.assign_add instead.

WARNING:tensorflow:From /u/alkurdi/.conda/envs/TFwesad/lib/python3.8/site-packages/keras/backend/tensorflow_backend.py:1020: The name tf.assign is deprecated. Please use tf.compat.v1.assign instead.

WARNING:tensorflow:From /u/alkurdi/.conda/envs/TFwesad/lib/python3.8/site-packages/keras/backend/tensorflow_backend.py:1020: The name tf.assign is deprecated. Please use tf.compat.v1.assign instead.

WARNING:tensorflow:From /u/alkurdi/.conda/envs/TFwesad/lib/python3.8/site-packages/keras/backend/tensorflow_backend.py:3005: The name tf.Session is deprecated. Please use tf.compat.v1.Session instead.

WARNING:tensorflow:From /u/alkurdi/.conda/envs/TFwesad/lib/python3.8/site-packages/keras/backend/tensorflow_backend.py:3005: The name tf.Session is deprecated. Please use tf.compat.v1.Session instead.

WARNING:tensorflow:From /u/alkurdi/.conda/envs/TFwesad/lib/python3.8/site-packages/keras/backend/tensorflow_backend.py:190: The name tf.get_default_session is deprecated. Please use tf.compat.v1.get_default_session instead.

WARNING:tensorflow:From /u/alkurdi/.conda/envs/TFwesad/lib/python3.8/site-packages/keras/backend/tensorflow_backend.py:190: The name tf.get_default_session is deprecated. Please use tf.compat.v1.get_default_session instead.

WARNING:tensorflow:From /u/alkurdi/.conda/envs/TFwesad/lib/python3.8/site-packages/keras/backend/tensorflow_backend.py:207: The name tf.global_variables is deprecated. Please use tf.compat.v1.global_variables instead.

WARNING:tensorflow:From /u/alkurdi/.conda/envs/TFwesad/lib/python3.8/site-packages/keras/backend/tensorflow_backend.py:207: The name tf.global_variables is deprecated. Please use tf.compat.v1.global_variables instead.

WARNING:tensorflow:From /u/alkurdi/.conda/envs/TFwesad/lib/python3.8/site-packages/keras/backend/tensorflow_backend.py:216: The name tf.is_variable_initialized is deprecated. Please use tf.compat.v1.is_variable_initialized instead.

WARNING:tensorflow:From /u/alkurdi/.conda/envs/TFwesad/lib/python3.8/site-packages/keras/backend/tensorflow_backend.py:216: The name tf.is_variable_initialized is deprecated. Please use tf.compat.v1.is_variable_initialized instead.

WARNING:tensorflow:From /u/alkurdi/.conda/envs/TFwesad/lib/python3.8/site-packages/keras/backend/tensorflow_backend.py:223: The name tf.variables_initializer is deprecated. Please use tf.compat.v1.variables_initializer instead.

WARNING:tensorflow:From /u/alkurdi/.conda/envs/TFwesad/lib/python3.8/site-packages/keras/backend/tensorflow_backend.py:223: The name tf.variables_initializer is deprecated. Please use tf.compat.v1.variables_initializer instead.

2023-11-23 13:21:38,151 [INFO] Loading weights and predicting
INFO:mylogger:Loading weights and predicting
2023-11-23 13:21:47,423 [INFO] Fitted model for WESAD dataset, classifier: inceptionM, setup: it_00, iteration: tune_02
INFO:mylogger:Fitted model for WESAD dataset, classifier: inceptionM, setup: it_00, iteration: tune_02
2023-11-23 13:21:47,424 [INFO] Finished experiment for WESAD dataset, classifier: inceptionM, setup: it_00, iteration: tune_02
INFO:mylogger:Finished experiment for WESAD dataset, classifier: inceptionM, setup: it_00, iteration: tune_02
2023-11-23 13:21:51,114 [INFO] Experiment for WESAD dataset, classifier: inceptionM, setup: it_01, iteration: tune_02
INFO:mylogger:Experiment for WESAD dataset, classifier: inceptionM, setup: it_01, iteration: tune_02
2023-11-23 13:21:51,116 [INFO] Created model for WESAD dataset, classifier: inceptionM, setup: it_01, iteration: tune_02
INFO:mylogger:Created model for WESAD dataset, classifier: inceptionM, setup: it_01, iteration: tune_02
2023-11-23 13:21:51,116 [INFO] Fitting model
INFO:mylogger:Fitting model
2023-11-23 13:33:19,256 [INFO] Loading weights and predicting
INFO:mylogger:Loading weights and predicting
2023-11-23 13:33:20,192 [INFO] Fitted model for WESAD dataset, classifier: inceptionM, setup: it_01, iteration: tune_02
INFO:mylogger:Fitted model for WESAD dataset, classifier: inceptionM, setup: it_01, iteration: tune_02
2023-11-23 13:33:20,193 [INFO] Finished experiment for WESAD dataset, classifier: inceptionM, setup: it_01, iteration: tune_02
INFO:mylogger:Finished experiment for WESAD dataset, classifier: inceptionM, setup: it_01, iteration: tune_02
2023-11-23 13:33:23,988 [INFO] Experiment for WESAD dataset, classifier: inceptionM, setup: it_02, iteration: tune_02
INFO:mylogger:Experiment for WESAD dataset, classifier: inceptionM, setup: it_02, iteration: tune_02
2023-11-23 13:33:23,990 [INFO] Created model for WESAD dataset, classifier: inceptionM, setup: it_02, iteration: tune_02
INFO:mylogger:Created model for WESAD dataset, classifier: inceptionM, setup: it_02, iteration: tune_02
2023-11-23 13:33:23,990 [INFO] Fitting model
INFO:mylogger:Fitting model
2023-11-23 13:52:10,876 [INFO] Loading weights and predicting
INFO:mylogger:Loading weights and predicting
2023-11-23 13:52:11,818 [INFO] Fitted model for WESAD dataset, classifier: inceptionM, setup: it_02, iteration: tune_02
INFO:mylogger:Fitted model for WESAD dataset, classifier: inceptionM, setup: it_02, iteration: tune_02
2023-11-23 13:52:11,819 [INFO] Finished experiment for WESAD dataset, classifier: inceptionM, setup: it_02, iteration: tune_02
INFO:mylogger:Finished experiment for WESAD dataset, classifier: inceptionM, setup: it_02, iteration: tune_02
2023-11-23 13:52:15,636 [INFO] Experiment for WESAD dataset, classifier: inceptionM, setup: it_03, iteration: tune_02
INFO:mylogger:Experiment for WESAD dataset, classifier: inceptionM, setup: it_03, iteration: tune_02
2023-11-23 13:52:15,638 [INFO] Created model for WESAD dataset, classifier: inceptionM, setup: it_03, iteration: tune_02
INFO:mylogger:Created model for WESAD dataset, classifier: inceptionM, setup: it_03, iteration: tune_02
2023-11-23 13:52:15,638 [INFO] Fitting model
INFO:mylogger:Fitting model
2023-11-23 14:05:20,838 [INFO] Loading weights and predicting
INFO:mylogger:Loading weights and predicting
2023-11-23 14:05:21,777 [INFO] Fitted model for WESAD dataset, classifier: inceptionM, setup: it_03, iteration: tune_02
INFO:mylogger:Fitted model for WESAD dataset, classifier: inceptionM, setup: it_03, iteration: tune_02
2023-11-23 14:05:21,778 [INFO] Finished experiment for WESAD dataset, classifier: inceptionM, setup: it_03, iteration: tune_02
INFO:mylogger:Finished experiment for WESAD dataset, classifier: inceptionM, setup: it_03, iteration: tune_02
2023-11-23 14:05:25,482 [INFO] Experiment for WESAD dataset, classifier: inceptionM, setup: it_04, iteration: tune_02
INFO:mylogger:Experiment for WESAD dataset, classifier: inceptionM, setup: it_04, iteration: tune_02
2023-11-23 14:05:25,484 [INFO] Created model for WESAD dataset, classifier: inceptionM, setup: it_04, iteration: tune_02
INFO:mylogger:Created model for WESAD dataset, classifier: inceptionM, setup: it_04, iteration: tune_02
2023-11-23 14:05:25,484 [INFO] Fitting model
INFO:mylogger:Fitting model
2023-11-23 14:36:54,513 [INFO] Loading weights and predicting
INFO:mylogger:Loading weights and predicting
2023-11-23 14:36:55,445 [INFO] Fitted model for WESAD dataset, classifier: inceptionM, setup: it_04, iteration: tune_02
INFO:mylogger:Fitted model for WESAD dataset, classifier: inceptionM, setup: it_04, iteration: tune_02
2023-11-23 14:36:55,445 [INFO] Finished experiment for WESAD dataset, classifier: inceptionM, setup: it_04, iteration: tune_02
INFO:mylogger:Finished experiment for WESAD dataset, classifier: inceptionM, setup: it_04, iteration: tune_02
2023-11-23 14:36:55,446 [INFO] GPU 0 was released by inceptionM, tune_02.
INFO:mylogger:GPU 0 was released by inceptionM, tune_02.
2023-11-23 14:36:55,484 [INFO] GPU 0 was taken for inceptionM, tune_03.
INFO:mylogger:GPU 0 was taken for inceptionM, tune_03.
2023-11-23 14:36:55,498 [INFO] Experiment for WESAD dataset, classifier: inceptionM, setup: it_00, iteration: tune_03
INFO:mylogger:Experiment for WESAD dataset, classifier: inceptionM, setup: it_00, iteration: tune_03
2023-11-23 14:37:02,342 [INFO] Created model for WESAD dataset, classifier: inceptionM, setup: it_00, iteration: tune_03
INFO:mylogger:Created model for WESAD dataset, classifier: inceptionM, setup: it_00, iteration: tune_03
2023-11-23 14:37:02,342 [INFO] Fitting model
INFO:mylogger:Fitting model
2023-11-23 14:59:13,556 [INFO] Loading weights and predicting
INFO:mylogger:Loading weights and predicting
/u/alkurdi/.conda/envs/TFwesad/lib/python3.8/site-packages/sklearn/metrics/_classification.py:1334: UndefinedMetricWarning: Precision is ill-defined and being set to 0.0 in labels with no predicted samples. Use `zero_division` parameter to control this behavior.
  _warn_prf(average, modifier, msg_start, len(result))

2023-11-23 14:59:26,225 [INFO] Fitted model for WESAD dataset, classifier: inceptionM, setup: it_00, iteration: tune_03
INFO:mylogger:Fitted model for WESAD dataset, classifier: inceptionM, setup: it_00, iteration: tune_03
2023-11-23 14:59:26,226 [INFO] Finished experiment for WESAD dataset, classifier: inceptionM, setup: it_00, iteration: tune_03
INFO:mylogger:Finished experiment for WESAD dataset, classifier: inceptionM, setup: it_00, iteration: tune_03
2023-11-23 14:59:31,394 [INFO] Experiment for WESAD dataset, classifier: inceptionM, setup: it_01, iteration: tune_03
INFO:mylogger:Experiment for WESAD dataset, classifier: inceptionM, setup: it_01, iteration: tune_03
2023-11-23 14:59:31,396 [INFO] Created model for WESAD dataset, classifier: inceptionM, setup: it_01, iteration: tune_03
INFO:mylogger:Created model for WESAD dataset, classifier: inceptionM, setup: it_01, iteration: tune_03
2023-11-23 14:59:31,396 [INFO] Fitting model
INFO:mylogger:Fitting model
2023-11-23 15:20:19,287 [INFO] Loading weights and predicting
INFO:mylogger:Loading weights and predicting
/u/alkurdi/.conda/envs/TFwesad/lib/python3.8/site-packages/sklearn/metrics/_classification.py:1334: UndefinedMetricWarning: Precision is ill-defined and being set to 0.0 in labels with no predicted samples. Use `zero_division` parameter to control this behavior.
  _warn_prf(average, modifier, msg_start, len(result))

2023-11-23 15:20:21,290 [INFO] Fitted model for WESAD dataset, classifier: inceptionM, setup: it_01, iteration: tune_03
INFO:mylogger:Fitted model for WESAD dataset, classifier: inceptionM, setup: it_01, iteration: tune_03
2023-11-23 15:20:21,291 [INFO] Finished experiment for WESAD dataset, classifier: inceptionM, setup: it_01, iteration: tune_03
INFO:mylogger:Finished experiment for WESAD dataset, classifier: inceptionM, setup: it_01, iteration: tune_03
2023-11-23 15:20:26,540 [INFO] Experiment for WESAD dataset, classifier: inceptionM, setup: it_02, iteration: tune_03
INFO:mylogger:Experiment for WESAD dataset, classifier: inceptionM, setup: it_02, iteration: tune_03
2023-11-23 15:20:26,542 [INFO] Created model for WESAD dataset, classifier: inceptionM, setup: it_02, iteration: tune_03
INFO:mylogger:Created model for WESAD dataset, classifier: inceptionM, setup: it_02, iteration: tune_03
2023-11-23 15:20:26,542 [INFO] Fitting model
INFO:mylogger:Fitting model
2023-11-23 15:34:19,419 [INFO] Loading weights and predicting
INFO:mylogger:Loading weights and predicting
/u/alkurdi/.conda/envs/TFwesad/lib/python3.8/site-packages/sklearn/metrics/_classification.py:1334: UndefinedMetricWarning: Precision is ill-defined and being set to 0.0 in labels with no predicted samples. Use `zero_division` parameter to control this behavior.
  _warn_prf(average, modifier, msg_start, len(result))

2023-11-23 15:34:21,428 [INFO] Fitted model for WESAD dataset, classifier: inceptionM, setup: it_02, iteration: tune_03
INFO:mylogger:Fitted model for WESAD dataset, classifier: inceptionM, setup: it_02, iteration: tune_03
2023-11-23 15:34:21,429 [INFO] Finished experiment for WESAD dataset, classifier: inceptionM, setup: it_02, iteration: tune_03
INFO:mylogger:Finished experiment for WESAD dataset, classifier: inceptionM, setup: it_02, iteration: tune_03
2023-11-23 15:34:26,706 [INFO] Experiment for WESAD dataset, classifier: inceptionM, setup: it_03, iteration: tune_03
INFO:mylogger:Experiment for WESAD dataset, classifier: inceptionM, setup: it_03, iteration: tune_03
2023-11-23 15:34:26,708 [INFO] Created model for WESAD dataset, classifier: inceptionM, setup: it_03, iteration: tune_03
INFO:mylogger:Created model for WESAD dataset, classifier: inceptionM, setup: it_03, iteration: tune_03
2023-11-23 15:34:26,708 [INFO] Fitting model
INFO:mylogger:Fitting model
2023-11-23 15:48:14,783 [INFO] Loading weights and predicting
INFO:mylogger:Loading weights and predicting
/u/alkurdi/.conda/envs/TFwesad/lib/python3.8/site-packages/sklearn/metrics/_classification.py:1334: UndefinedMetricWarning: Precision is ill-defined and being set to 0.0 in labels with no predicted samples. Use `zero_division` parameter to control this behavior.
  _warn_prf(average, modifier, msg_start, len(result))

2023-11-23 15:48:16,777 [INFO] Fitted model for WESAD dataset, classifier: inceptionM, setup: it_03, iteration: tune_03
INFO:mylogger:Fitted model for WESAD dataset, classifier: inceptionM, setup: it_03, iteration: tune_03
2023-11-23 15:48:16,778 [INFO] Finished experiment for WESAD dataset, classifier: inceptionM, setup: it_03, iteration: tune_03
INFO:mylogger:Finished experiment for WESAD dataset, classifier: inceptionM, setup: it_03, iteration: tune_03
2023-11-23 15:48:21,882 [INFO] Experiment for WESAD dataset, classifier: inceptionM, setup: it_04, iteration: tune_03
INFO:mylogger:Experiment for WESAD dataset, classifier: inceptionM, setup: it_04, iteration: tune_03
2023-11-23 15:48:21,884 [INFO] Created model for WESAD dataset, classifier: inceptionM, setup: it_04, iteration: tune_03
INFO:mylogger:Created model for WESAD dataset, classifier: inceptionM, setup: it_04, iteration: tune_03
2023-11-23 15:48:21,884 [INFO] Fitting model
INFO:mylogger:Fitting model
2023-11-23 16:07:47,298 [INFO] Loading weights and predicting
INFO:mylogger:Loading weights and predicting
/u/alkurdi/.conda/envs/TFwesad/lib/python3.8/site-packages/sklearn/metrics/_classification.py:1334: UndefinedMetricWarning: Precision is ill-defined and being set to 0.0 in labels with no predicted samples. Use `zero_division` parameter to control this behavior.
  _warn_prf(average, modifier, msg_start, len(result))

2023-11-23 16:07:52,513 [INFO] Fitted model for WESAD dataset, classifier: inceptionM, setup: it_04, iteration: tune_03
INFO:mylogger:Fitted model for WESAD dataset, classifier: inceptionM, setup: it_04, iteration: tune_03
2023-11-23 16:07:52,513 [INFO] Finished experiment for WESAD dataset, classifier: inceptionM, setup: it_04, iteration: tune_03
INFO:mylogger:Finished experiment for WESAD dataset, classifier: inceptionM, setup: it_04, iteration: tune_03
2023-11-23 16:07:52,534 [INFO] GPU 0 was released by inceptionM, tune_03.
INFO:mylogger:GPU 0 was released by inceptionM, tune_03.
2023-11-23 16:07:52,995 [INFO] GPU 0 was taken for inceptionM, tune_04.
INFO:mylogger:GPU 0 was taken for inceptionM, tune_04.
2023-11-23 16:07:54,562 [INFO] Experiment for WESAD dataset, classifier: inceptionM, setup: it_00, iteration: tune_04
INFO:mylogger:Experiment for WESAD dataset, classifier: inceptionM, setup: it_00, iteration: tune_04
2023-11-23 16:08:03,242 [INFO] Created model for WESAD dataset, classifier: inceptionM, setup: it_00, iteration: tune_04
INFO:mylogger:Created model for WESAD dataset, classifier: inceptionM, setup: it_00, iteration: tune_04
2023-11-23 16:08:03,242 [INFO] Fitting model
INFO:mylogger:Fitting model
2023-11-23 16:45:38,505 [INFO] Loading weights and predicting
INFO:mylogger:Loading weights and predicting
2023-11-23 16:45:54,116 [INFO] Fitted model for WESAD dataset, classifier: inceptionM, setup: it_00, iteration: tune_04
INFO:mylogger:Fitted model for WESAD dataset, classifier: inceptionM, setup: it_00, iteration: tune_04
2023-11-23 16:45:54,118 [INFO] Finished experiment for WESAD dataset, classifier: inceptionM, setup: it_00, iteration: tune_04
INFO:mylogger:Finished experiment for WESAD dataset, classifier: inceptionM, setup: it_00, iteration: tune_04
2023-11-23 16:45:59,057 [INFO] Experiment for WESAD dataset, classifier: inceptionM, setup: it_01, iteration: tune_04
INFO:mylogger:Experiment for WESAD dataset, classifier: inceptionM, setup: it_01, iteration: tune_04
2023-11-23 16:45:59,072 [INFO] Created model for WESAD dataset, classifier: inceptionM, setup: it_01, iteration: tune_04
INFO:mylogger:Created model for WESAD dataset, classifier: inceptionM, setup: it_01, iteration: tune_04
2023-11-23 16:45:59,075 [INFO] Fitting model
INFO:mylogger:Fitting model
2023-11-23 17:02:58,093 [INFO] Loading weights and predicting
INFO:mylogger:Loading weights and predicting
2023-11-23 17:03:02,925 [INFO] Fitted model for WESAD dataset, classifier: inceptionM, setup: it_01, iteration: tune_04
INFO:mylogger:Fitted model for WESAD dataset, classifier: inceptionM, setup: it_01, iteration: tune_04
2023-11-23 17:03:02,926 [INFO] Finished experiment for WESAD dataset, classifier: inceptionM, setup: it_01, iteration: tune_04
INFO:mylogger:Finished experiment for WESAD dataset, classifier: inceptionM, setup: it_01, iteration: tune_04
2023-11-23 17:03:10,360 [INFO] Experiment for WESAD dataset, classifier: inceptionM, setup: it_02, iteration: tune_04
INFO:mylogger:Experiment for WESAD dataset, classifier: inceptionM, setup: it_02, iteration: tune_04
2023-11-23 17:03:10,362 [INFO] Created model for WESAD dataset, classifier: inceptionM, setup: it_02, iteration: tune_04
INFO:mylogger:Created model for WESAD dataset, classifier: inceptionM, setup: it_02, iteration: tune_04
2023-11-23 17:03:10,362 [INFO] Fitting model
INFO:mylogger:Fitting model
2023-11-23 17:16:04,728 [INFO] Loading weights and predicting
INFO:mylogger:Loading weights and predicting
2023-11-23 17:16:06,638 [INFO] Fitted model for WESAD dataset, classifier: inceptionM, setup: it_02, iteration: tune_04
INFO:mylogger:Fitted model for WESAD dataset, classifier: inceptionM, setup: it_02, iteration: tune_04
2023-11-23 17:16:06,639 [INFO] Finished experiment for WESAD dataset, classifier: inceptionM, setup: it_02, iteration: tune_04
INFO:mylogger:Finished experiment for WESAD dataset, classifier: inceptionM, setup: it_02, iteration: tune_04
2023-11-23 17:16:10,899 [INFO] Experiment for WESAD dataset, classifier: inceptionM, setup: it_03, iteration: tune_04
INFO:mylogger:Experiment for WESAD dataset, classifier: inceptionM, setup: it_03, iteration: tune_04
2023-11-23 17:16:10,901 [INFO] Created model for WESAD dataset, classifier: inceptionM, setup: it_03, iteration: tune_04
INFO:mylogger:Created model for WESAD dataset, classifier: inceptionM, setup: it_03, iteration: tune_04
2023-11-23 17:16:10,901 [INFO] Fitting model
INFO:mylogger:Fitting model
2023-11-23 17:27:35,189 [INFO] Loading weights and predicting
INFO:mylogger:Loading weights and predicting
2023-11-23 17:27:37,075 [INFO] Fitted model for WESAD dataset, classifier: inceptionM, setup: it_03, iteration: tune_04
INFO:mylogger:Fitted model for WESAD dataset, classifier: inceptionM, setup: it_03, iteration: tune_04
2023-11-23 17:27:37,075 [INFO] Finished experiment for WESAD dataset, classifier: inceptionM, setup: it_03, iteration: tune_04
INFO:mylogger:Finished experiment for WESAD dataset, classifier: inceptionM, setup: it_03, iteration: tune_04
2023-11-23 17:27:41,588 [INFO] Experiment for WESAD dataset, classifier: inceptionM, setup: it_04, iteration: tune_04
INFO:mylogger:Experiment for WESAD dataset, classifier: inceptionM, setup: it_04, iteration: tune_04
2023-11-23 17:27:41,589 [INFO] Created model for WESAD dataset, classifier: inceptionM, setup: it_04, iteration: tune_04
INFO:mylogger:Created model for WESAD dataset, classifier: inceptionM, setup: it_04, iteration: tune_04
2023-11-23 17:27:41,589 [INFO] Fitting model
INFO:mylogger:Fitting model
2023-11-23 17:41:21,074 [INFO] Loading weights and predicting
INFO:mylogger:Loading weights and predicting
2023-11-23 17:41:22,944 [INFO] Fitted model for WESAD dataset, classifier: inceptionM, setup: it_04, iteration: tune_04
INFO:mylogger:Fitted model for WESAD dataset, classifier: inceptionM, setup: it_04, iteration: tune_04
2023-11-23 17:41:22,945 [INFO] Finished experiment for WESAD dataset, classifier: inceptionM, setup: it_04, iteration: tune_04
INFO:mylogger:Finished experiment for WESAD dataset, classifier: inceptionM, setup: it_04, iteration: tune_04
2023-11-23 17:41:22,945 [INFO] GPU 0 was released by inceptionM, tune_04.
INFO:mylogger:GPU 0 was released by inceptionM, tune_04.
2023-11-23 17:41:23,318 [INFO] GPU 0 was taken for inceptionM, tune_05.
INFO:mylogger:GPU 0 was taken for inceptionM, tune_05.
2023-11-23 17:41:24,183 [INFO] Experiment for WESAD dataset, classifier: inceptionM, setup: it_00, iteration: tune_05
INFO:mylogger:Experiment for WESAD dataset, classifier: inceptionM, setup: it_00, iteration: tune_05
2023-11-23 17:41:32,612 [INFO] Created model for WESAD dataset, classifier: inceptionM, setup: it_00, iteration: tune_05
INFO:mylogger:Created model for WESAD dataset, classifier: inceptionM, setup: it_00, iteration: tune_05
2023-11-23 17:41:32,612 [INFO] Fitting model
INFO:mylogger:Fitting model
2023-11-23 18:08:22,662 [INFO] Loading weights and predicting
INFO:mylogger:Loading weights and predicting
2023-11-23 18:08:35,313 [INFO] Fitted model for WESAD dataset, classifier: inceptionM, setup: it_00, iteration: tune_05
INFO:mylogger:Fitted model for WESAD dataset, classifier: inceptionM, setup: it_00, iteration: tune_05
2023-11-23 18:08:35,313 [INFO] Finished experiment for WESAD dataset, classifier: inceptionM, setup: it_00, iteration: tune_05
INFO:mylogger:Finished experiment for WESAD dataset, classifier: inceptionM, setup: it_00, iteration: tune_05
2023-11-23 18:08:40,458 [INFO] Experiment for WESAD dataset, classifier: inceptionM, setup: it_01, iteration: tune_05
INFO:mylogger:Experiment for WESAD dataset, classifier: inceptionM, setup: it_01, iteration: tune_05
2023-11-23 18:08:40,459 [INFO] Created model for WESAD dataset, classifier: inceptionM, setup: it_01, iteration: tune_05
INFO:mylogger:Created model for WESAD dataset, classifier: inceptionM, setup: it_01, iteration: tune_05
2023-11-23 18:08:40,459 [INFO] Fitting model
INFO:mylogger:Fitting model
slurmstepd: error: *** JOB 2687227 ON gpub079 CANCELLED AT 2023-11-23T19:07:07 DUE TO TIME LIMIT ***
slurmstepd: error: *** STEP 2687227.1 ON gpub079 CANCELLED AT 2023-11-23T19:07:07 DUE TO TIME LIMIT ***
srun: Job step aborted: Waiting up to 32 seconds for job step to finish.
