
Currently Loaded Modules:
  1) cue-login-env/1.0   3) ucx/1.11.2      5) cuda/11.6.1   7) default
  2) gcc/11.2.0          4) openmpi/4.1.2   6) modtree/gpu

 

job is starting on gpub071.delta.ncsa.illinois.edu
dataset=wesad
clas=mlpLstmM
max_eval=8
CUDA_VISIBLE_DEVICES=0
 
 ******************************
 ******* i_fold=00 *******
 ******************************
 
Thu Nov 23 13:09:11 CST 2023
WARNING:tensorflow:Deprecation warnings have been disabled. Set TF_ENABLE_DEPRECATION_WARNINGS=1 to re-enable them.
WARNING:root:Limited tf.compat.v2.summary API due to missing TensorBoard installation.
Using TensorFlow backend.
2023-11-23 13:09:16,105 [INFO] Loading data for subjects [4, 3, 13] and channels (0, 1, 2, 3, 4, 5, 6, 7, 8, 9, 10)
INFO:mylogger:Loading data for subjects [4, 3, 13] and channels (0, 1, 2, 3, 4, 5, 6, 7, 8, 9, 10)
2023-11-23 13:09:16,131 [INFO] Finished loading data for subjects [4, 3, 13] and channels (0, 1, 2, 3, 4, 5, 6, 7, 8, 9, 10)
INFO:mylogger:Finished loading data for subjects [4, 3, 13] and channels (0, 1, 2, 3, 4, 5, 6, 7, 8, 9, 10)
2023-11-23 13:09:16,132 [INFO] Loading data for subjects [10, 17, 2] and channels (0, 1, 2, 3, 4, 5, 6, 7, 8, 9, 10)
INFO:mylogger:Loading data for subjects [10, 17, 2] and channels (0, 1, 2, 3, 4, 5, 6, 7, 8, 9, 10)
2023-11-23 13:09:16,156 [INFO] Finished loading data for subjects [10, 17, 2] and channels (0, 1, 2, 3, 4, 5, 6, 7, 8, 9, 10)
INFO:mylogger:Finished loading data for subjects [10, 17, 2] and channels (0, 1, 2, 3, 4, 5, 6, 7, 8, 9, 10)
2023-11-23 13:09:16,156 [INFO] Loading data for subjects [5, 16, 15, 8, 9, 7, 14, 6, 11] and channels (0, 1, 2, 3, 4, 5, 6, 7, 8, 9, 10)
INFO:mylogger:Loading data for subjects [5, 16, 15, 8, 9, 7, 14, 6, 11] and channels (0, 1, 2, 3, 4, 5, 6, 7, 8, 9, 10)
2023-11-23 13:09:16,228 [INFO] Finished loading data for subjects [5, 16, 15, 8, 9, 7, 14, 6, 11] and channels (0, 1, 2, 3, 4, 5, 6, 7, 8, 9, 10)
INFO:mylogger:Finished loading data for subjects [5, 16, 15, 8, 9, 7, 14, 6, 11] and channels (0, 1, 2, 3, 4, 5, 6, 7, 8, 9, 10)
2023-11-23 13:09:16,255 [INFO] Loading data for subjects [4, 3, 13] and channels (0, 1, 2, 3, 4, 5, 6, 7, 8, 9, 10)
INFO:mylogger:Loading data for subjects [4, 3, 13] and channels (0, 1, 2, 3, 4, 5, 6, 7, 8, 9, 10)
2023-11-23 13:09:16,277 [INFO] Finished loading data for subjects [4, 3, 13] and channels (0, 1, 2, 3, 4, 5, 6, 7, 8, 9, 10)
INFO:mylogger:Finished loading data for subjects [4, 3, 13] and channels (0, 1, 2, 3, 4, 5, 6, 7, 8, 9, 10)
2023-11-23 13:09:16,277 [INFO] Loading data for subjects [10, 17, 2] and channels (0, 1, 2, 3, 4, 5, 6, 7, 8, 9, 10)
INFO:mylogger:Loading data for subjects [10, 17, 2] and channels (0, 1, 2, 3, 4, 5, 6, 7, 8, 9, 10)
2023-11-23 13:09:16,297 [INFO] Finished loading data for subjects [10, 17, 2] and channels (0, 1, 2, 3, 4, 5, 6, 7, 8, 9, 10)
INFO:mylogger:Finished loading data for subjects [10, 17, 2] and channels (0, 1, 2, 3, 4, 5, 6, 7, 8, 9, 10)
2023-11-23 13:09:16,297 [INFO] Loading data for subjects [5, 16, 15, 8, 9, 7, 14, 6, 11] and channels (0, 1, 2, 3, 4, 5, 6, 7, 8, 9, 10)
INFO:mylogger:Loading data for subjects [5, 16, 15, 8, 9, 7, 14, 6, 11] and channels (0, 1, 2, 3, 4, 5, 6, 7, 8, 9, 10)
2023-11-23 13:09:16,367 [INFO] Finished loading data for subjects [5, 16, 15, 8, 9, 7, 14, 6, 11] and channels (0, 1, 2, 3, 4, 5, 6, 7, 8, 9, 10)
INFO:mylogger:Finished loading data for subjects [5, 16, 15, 8, 9, 7, 14, 6, 11] and channels (0, 1, 2, 3, 4, 5, 6, 7, 8, 9, 10)
2023-11-23 13:09:16,394 [INFO] Loading data for subjects [4, 3, 13] and channels (0, 1, 2, 3, 4, 5, 6, 7, 8, 9, 10)
INFO:mylogger:Loading data for subjects [4, 3, 13] and channels (0, 1, 2, 3, 4, 5, 6, 7, 8, 9, 10)
2023-11-23 13:09:16,416 [INFO] Finished loading data for subjects [4, 3, 13] and channels (0, 1, 2, 3, 4, 5, 6, 7, 8, 9, 10)
INFO:mylogger:Finished loading data for subjects [4, 3, 13] and channels (0, 1, 2, 3, 4, 5, 6, 7, 8, 9, 10)
2023-11-23 13:09:16,416 [INFO] Loading data for subjects [10, 17, 2] and channels (0, 1, 2, 3, 4, 5, 6, 7, 8, 9, 10)
INFO:mylogger:Loading data for subjects [10, 17, 2] and channels (0, 1, 2, 3, 4, 5, 6, 7, 8, 9, 10)
2023-11-23 13:09:16,436 [INFO] Finished loading data for subjects [10, 17, 2] and channels (0, 1, 2, 3, 4, 5, 6, 7, 8, 9, 10)
INFO:mylogger:Finished loading data for subjects [10, 17, 2] and channels (0, 1, 2, 3, 4, 5, 6, 7, 8, 9, 10)
2023-11-23 13:09:16,436 [INFO] Loading data for subjects [5, 16, 15, 8, 9, 7, 14, 6, 11] and channels (0, 1, 2, 3, 4, 5, 6, 7, 8, 9, 10)
INFO:mylogger:Loading data for subjects [5, 16, 15, 8, 9, 7, 14, 6, 11] and channels (0, 1, 2, 3, 4, 5, 6, 7, 8, 9, 10)
2023-11-23 13:09:16,506 [INFO] Finished loading data for subjects [5, 16, 15, 8, 9, 7, 14, 6, 11] and channels (0, 1, 2, 3, 4, 5, 6, 7, 8, 9, 10)
INFO:mylogger:Finished loading data for subjects [5, 16, 15, 8, 9, 7, 14, 6, 11] and channels (0, 1, 2, 3, 4, 5, 6, 7, 8, 9, 10)
2023-11-23 13:09:16,533 [INFO] Loading data for subjects [4, 3, 13] and channels (0, 1, 2, 3, 4, 5, 6, 7, 8, 9, 10)
INFO:mylogger:Loading data for subjects [4, 3, 13] and channels (0, 1, 2, 3, 4, 5, 6, 7, 8, 9, 10)
2023-11-23 13:09:16,552 [INFO] Finished loading data for subjects [4, 3, 13] and channels (0, 1, 2, 3, 4, 5, 6, 7, 8, 9, 10)
INFO:mylogger:Finished loading data for subjects [4, 3, 13] and channels (0, 1, 2, 3, 4, 5, 6, 7, 8, 9, 10)
2023-11-23 13:09:16,552 [INFO] Loading data for subjects [10, 17, 2] and channels (0, 1, 2, 3, 4, 5, 6, 7, 8, 9, 10)
INFO:mylogger:Loading data for subjects [10, 17, 2] and channels (0, 1, 2, 3, 4, 5, 6, 7, 8, 9, 10)
2023-11-23 13:09:16,572 [INFO] Finished loading data for subjects [10, 17, 2] and channels (0, 1, 2, 3, 4, 5, 6, 7, 8, 9, 10)
INFO:mylogger:Finished loading data for subjects [10, 17, 2] and channels (0, 1, 2, 3, 4, 5, 6, 7, 8, 9, 10)
2023-11-23 13:09:16,572 [INFO] Loading data for subjects [5, 16, 15, 8, 9, 7, 14, 6, 11] and channels (0, 1, 2, 3, 4, 5, 6, 7, 8, 9, 10)
INFO:mylogger:Loading data for subjects [5, 16, 15, 8, 9, 7, 14, 6, 11] and channels (0, 1, 2, 3, 4, 5, 6, 7, 8, 9, 10)
2023-11-23 13:09:16,642 [INFO] Finished loading data for subjects [5, 16, 15, 8, 9, 7, 14, 6, 11] and channels (0, 1, 2, 3, 4, 5, 6, 7, 8, 9, 10)
INFO:mylogger:Finished loading data for subjects [5, 16, 15, 8, 9, 7, 14, 6, 11] and channels (0, 1, 2, 3, 4, 5, 6, 7, 8, 9, 10)
2023-11-23 13:09:16,669 [INFO] Loading data for subjects [4, 3, 13] and channels (0, 1, 2, 3, 4, 5, 6, 7, 8, 9, 10)
INFO:mylogger:Loading data for subjects [4, 3, 13] and channels (0, 1, 2, 3, 4, 5, 6, 7, 8, 9, 10)
2023-11-23 13:09:16,689 [INFO] Finished loading data for subjects [4, 3, 13] and channels (0, 1, 2, 3, 4, 5, 6, 7, 8, 9, 10)
INFO:mylogger:Finished loading data for subjects [4, 3, 13] and channels (0, 1, 2, 3, 4, 5, 6, 7, 8, 9, 10)
2023-11-23 13:09:16,689 [INFO] Loading data for subjects [10, 17, 2] and channels (0, 1, 2, 3, 4, 5, 6, 7, 8, 9, 10)
INFO:mylogger:Loading data for subjects [10, 17, 2] and channels (0, 1, 2, 3, 4, 5, 6, 7, 8, 9, 10)
2023-11-23 13:09:16,710 [INFO] Finished loading data for subjects [10, 17, 2] and channels (0, 1, 2, 3, 4, 5, 6, 7, 8, 9, 10)
INFO:mylogger:Finished loading data for subjects [10, 17, 2] and channels (0, 1, 2, 3, 4, 5, 6, 7, 8, 9, 10)
2023-11-23 13:09:16,710 [INFO] Loading data for subjects [5, 16, 15, 8, 9, 7, 14, 6, 11] and channels (0, 1, 2, 3, 4, 5, 6, 7, 8, 9, 10)
INFO:mylogger:Loading data for subjects [5, 16, 15, 8, 9, 7, 14, 6, 11] and channels (0, 1, 2, 3, 4, 5, 6, 7, 8, 9, 10)
2023-11-23 13:09:16,780 [INFO] Finished loading data for subjects [5, 16, 15, 8, 9, 7, 14, 6, 11] and channels (0, 1, 2, 3, 4, 5, 6, 7, 8, 9, 10)
INFO:mylogger:Finished loading data for subjects [5, 16, 15, 8, 9, 7, 14, 6, 11] and channels (0, 1, 2, 3, 4, 5, 6, 7, 8, 9, 10)
2023-11-23 13:09:16,807 [INFO] Tuning of mlpLstmM, max_evals: 8
INFO:mylogger:Tuning of mlpLstmM, max_evals: 8
2023-11-23 13:09:16,808 [INFO] Tuning of mlpLstmM (max_evals: 8) is being performed by another process
INFO:mylogger:Tuning of mlpLstmM (max_evals: 8) is being performed by another process
 
 ******************************
 ******* i_fold=01 *******
 ******************************
 
Thu Nov 23 13:09:17 CST 2023
WARNING:tensorflow:Deprecation warnings have been disabled. Set TF_ENABLE_DEPRECATION_WARNINGS=1 to re-enable them.
WARNING:root:Limited tf.compat.v2.summary API due to missing TensorBoard installation.
Using TensorFlow backend.
2023-11-23 13:09:22,311 [INFO] Loading data for subjects [5, 8, 7] and channels (0, 1, 2, 3, 4, 5, 6, 7, 8, 9, 10)
INFO:mylogger:Loading data for subjects [5, 8, 7] and channels (0, 1, 2, 3, 4, 5, 6, 7, 8, 9, 10)
2023-11-23 13:09:22,344 [INFO] Finished loading data for subjects [5, 8, 7] and channels (0, 1, 2, 3, 4, 5, 6, 7, 8, 9, 10)
INFO:mylogger:Finished loading data for subjects [5, 8, 7] and channels (0, 1, 2, 3, 4, 5, 6, 7, 8, 9, 10)
2023-11-23 13:09:22,344 [INFO] Loading data for subjects [13, 16, 14] and channels (0, 1, 2, 3, 4, 5, 6, 7, 8, 9, 10)
INFO:mylogger:Loading data for subjects [13, 16, 14] and channels (0, 1, 2, 3, 4, 5, 6, 7, 8, 9, 10)
2023-11-23 13:09:22,373 [INFO] Finished loading data for subjects [13, 16, 14] and channels (0, 1, 2, 3, 4, 5, 6, 7, 8, 9, 10)
INFO:mylogger:Finished loading data for subjects [13, 16, 14] and channels (0, 1, 2, 3, 4, 5, 6, 7, 8, 9, 10)
2023-11-23 13:09:22,373 [INFO] Loading data for subjects [4, 15, 17, 3, 9, 2, 10, 6, 11] and channels (0, 1, 2, 3, 4, 5, 6, 7, 8, 9, 10)
INFO:mylogger:Loading data for subjects [4, 15, 17, 3, 9, 2, 10, 6, 11] and channels (0, 1, 2, 3, 4, 5, 6, 7, 8, 9, 10)
2023-11-23 13:09:22,462 [INFO] Finished loading data for subjects [4, 15, 17, 3, 9, 2, 10, 6, 11] and channels (0, 1, 2, 3, 4, 5, 6, 7, 8, 9, 10)
INFO:mylogger:Finished loading data for subjects [4, 15, 17, 3, 9, 2, 10, 6, 11] and channels (0, 1, 2, 3, 4, 5, 6, 7, 8, 9, 10)
2023-11-23 13:09:22,489 [INFO] Loading data for subjects [5, 8, 7] and channels (0, 1, 2, 3, 4, 5, 6, 7, 8, 9, 10)
INFO:mylogger:Loading data for subjects [5, 8, 7] and channels (0, 1, 2, 3, 4, 5, 6, 7, 8, 9, 10)
2023-11-23 13:09:22,512 [INFO] Finished loading data for subjects [5, 8, 7] and channels (0, 1, 2, 3, 4, 5, 6, 7, 8, 9, 10)
INFO:mylogger:Finished loading data for subjects [5, 8, 7] and channels (0, 1, 2, 3, 4, 5, 6, 7, 8, 9, 10)
2023-11-23 13:09:22,513 [INFO] Loading data for subjects [13, 16, 14] and channels (0, 1, 2, 3, 4, 5, 6, 7, 8, 9, 10)
INFO:mylogger:Loading data for subjects [13, 16, 14] and channels (0, 1, 2, 3, 4, 5, 6, 7, 8, 9, 10)
2023-11-23 13:09:22,539 [INFO] Finished loading data for subjects [13, 16, 14] and channels (0, 1, 2, 3, 4, 5, 6, 7, 8, 9, 10)
INFO:mylogger:Finished loading data for subjects [13, 16, 14] and channels (0, 1, 2, 3, 4, 5, 6, 7, 8, 9, 10)
2023-11-23 13:09:22,539 [INFO] Loading data for subjects [4, 15, 17, 3, 9, 2, 10, 6, 11] and channels (0, 1, 2, 3, 4, 5, 6, 7, 8, 9, 10)
INFO:mylogger:Loading data for subjects [4, 15, 17, 3, 9, 2, 10, 6, 11] and channels (0, 1, 2, 3, 4, 5, 6, 7, 8, 9, 10)
2023-11-23 13:09:22,626 [INFO] Finished loading data for subjects [4, 15, 17, 3, 9, 2, 10, 6, 11] and channels (0, 1, 2, 3, 4, 5, 6, 7, 8, 9, 10)
INFO:mylogger:Finished loading data for subjects [4, 15, 17, 3, 9, 2, 10, 6, 11] and channels (0, 1, 2, 3, 4, 5, 6, 7, 8, 9, 10)
2023-11-23 13:09:22,652 [INFO] Loading data for subjects [5, 8, 7] and channels (0, 1, 2, 3, 4, 5, 6, 7, 8, 9, 10)
INFO:mylogger:Loading data for subjects [5, 8, 7] and channels (0, 1, 2, 3, 4, 5, 6, 7, 8, 9, 10)
2023-11-23 13:09:22,675 [INFO] Finished loading data for subjects [5, 8, 7] and channels (0, 1, 2, 3, 4, 5, 6, 7, 8, 9, 10)
INFO:mylogger:Finished loading data for subjects [5, 8, 7] and channels (0, 1, 2, 3, 4, 5, 6, 7, 8, 9, 10)
2023-11-23 13:09:22,675 [INFO] Loading data for subjects [13, 16, 14] and channels (0, 1, 2, 3, 4, 5, 6, 7, 8, 9, 10)
INFO:mylogger:Loading data for subjects [13, 16, 14] and channels (0, 1, 2, 3, 4, 5, 6, 7, 8, 9, 10)
2023-11-23 13:09:22,698 [INFO] Finished loading data for subjects [13, 16, 14] and channels (0, 1, 2, 3, 4, 5, 6, 7, 8, 9, 10)
INFO:mylogger:Finished loading data for subjects [13, 16, 14] and channels (0, 1, 2, 3, 4, 5, 6, 7, 8, 9, 10)
2023-11-23 13:09:22,698 [INFO] Loading data for subjects [4, 15, 17, 3, 9, 2, 10, 6, 11] and channels (0, 1, 2, 3, 4, 5, 6, 7, 8, 9, 10)
INFO:mylogger:Loading data for subjects [4, 15, 17, 3, 9, 2, 10, 6, 11] and channels (0, 1, 2, 3, 4, 5, 6, 7, 8, 9, 10)
2023-11-23 13:09:22,776 [INFO] Finished loading data for subjects [4, 15, 17, 3, 9, 2, 10, 6, 11] and channels (0, 1, 2, 3, 4, 5, 6, 7, 8, 9, 10)
INFO:mylogger:Finished loading data for subjects [4, 15, 17, 3, 9, 2, 10, 6, 11] and channels (0, 1, 2, 3, 4, 5, 6, 7, 8, 9, 10)
2023-11-23 13:09:22,802 [INFO] Loading data for subjects [5, 8, 7] and channels (0, 1, 2, 3, 4, 5, 6, 7, 8, 9, 10)
INFO:mylogger:Loading data for subjects [5, 8, 7] and channels (0, 1, 2, 3, 4, 5, 6, 7, 8, 9, 10)
2023-11-23 13:09:22,825 [INFO] Finished loading data for subjects [5, 8, 7] and channels (0, 1, 2, 3, 4, 5, 6, 7, 8, 9, 10)
INFO:mylogger:Finished loading data for subjects [5, 8, 7] and channels (0, 1, 2, 3, 4, 5, 6, 7, 8, 9, 10)
2023-11-23 13:09:22,825 [INFO] Loading data for subjects [13, 16, 14] and channels (0, 1, 2, 3, 4, 5, 6, 7, 8, 9, 10)
INFO:mylogger:Loading data for subjects [13, 16, 14] and channels (0, 1, 2, 3, 4, 5, 6, 7, 8, 9, 10)
2023-11-23 13:09:22,847 [INFO] Finished loading data for subjects [13, 16, 14] and channels (0, 1, 2, 3, 4, 5, 6, 7, 8, 9, 10)
INFO:mylogger:Finished loading data for subjects [13, 16, 14] and channels (0, 1, 2, 3, 4, 5, 6, 7, 8, 9, 10)
2023-11-23 13:09:22,847 [INFO] Loading data for subjects [4, 15, 17, 3, 9, 2, 10, 6, 11] and channels (0, 1, 2, 3, 4, 5, 6, 7, 8, 9, 10)
INFO:mylogger:Loading data for subjects [4, 15, 17, 3, 9, 2, 10, 6, 11] and channels (0, 1, 2, 3, 4, 5, 6, 7, 8, 9, 10)
2023-11-23 13:09:22,926 [INFO] Finished loading data for subjects [4, 15, 17, 3, 9, 2, 10, 6, 11] and channels (0, 1, 2, 3, 4, 5, 6, 7, 8, 9, 10)
INFO:mylogger:Finished loading data for subjects [4, 15, 17, 3, 9, 2, 10, 6, 11] and channels (0, 1, 2, 3, 4, 5, 6, 7, 8, 9, 10)
2023-11-23 13:09:22,953 [INFO] Loading data for subjects [5, 8, 7] and channels (0, 1, 2, 3, 4, 5, 6, 7, 8, 9, 10)
INFO:mylogger:Loading data for subjects [5, 8, 7] and channels (0, 1, 2, 3, 4, 5, 6, 7, 8, 9, 10)
2023-11-23 13:09:22,975 [INFO] Finished loading data for subjects [5, 8, 7] and channels (0, 1, 2, 3, 4, 5, 6, 7, 8, 9, 10)
INFO:mylogger:Finished loading data for subjects [5, 8, 7] and channels (0, 1, 2, 3, 4, 5, 6, 7, 8, 9, 10)
2023-11-23 13:09:22,975 [INFO] Loading data for subjects [13, 16, 14] and channels (0, 1, 2, 3, 4, 5, 6, 7, 8, 9, 10)
INFO:mylogger:Loading data for subjects [13, 16, 14] and channels (0, 1, 2, 3, 4, 5, 6, 7, 8, 9, 10)
2023-11-23 13:09:22,999 [INFO] Finished loading data for subjects [13, 16, 14] and channels (0, 1, 2, 3, 4, 5, 6, 7, 8, 9, 10)
INFO:mylogger:Finished loading data for subjects [13, 16, 14] and channels (0, 1, 2, 3, 4, 5, 6, 7, 8, 9, 10)
2023-11-23 13:09:22,999 [INFO] Loading data for subjects [4, 15, 17, 3, 9, 2, 10, 6, 11] and channels (0, 1, 2, 3, 4, 5, 6, 7, 8, 9, 10)
INFO:mylogger:Loading data for subjects [4, 15, 17, 3, 9, 2, 10, 6, 11] and channels (0, 1, 2, 3, 4, 5, 6, 7, 8, 9, 10)
2023-11-23 13:09:23,077 [INFO] Finished loading data for subjects [4, 15, 17, 3, 9, 2, 10, 6, 11] and channels (0, 1, 2, 3, 4, 5, 6, 7, 8, 9, 10)
INFO:mylogger:Finished loading data for subjects [4, 15, 17, 3, 9, 2, 10, 6, 11] and channels (0, 1, 2, 3, 4, 5, 6, 7, 8, 9, 10)
2023-11-23 13:09:23,100 [INFO] Tuning of mlpLstmM, max_evals: 8
INFO:mylogger:Tuning of mlpLstmM, max_evals: 8
2023-11-23 13:09:23,104 [INFO] Tuning of mlpLstmM (max_evals: 8) is being performed by another process
INFO:mylogger:Tuning of mlpLstmM (max_evals: 8) is being performed by another process
 
 ******************************
 ******* i_fold=02 *******
 ******************************
 
Thu Nov 23 13:09:23 CST 2023
WARNING:tensorflow:Deprecation warnings have been disabled. Set TF_ENABLE_DEPRECATION_WARNINGS=1 to re-enable them.
WARNING:root:Limited tf.compat.v2.summary API due to missing TensorBoard installation.
Using TensorFlow backend.
2023-11-23 13:09:28,245 [INFO] Loading data for subjects [16, 9, 14] and channels (0, 1, 2, 3, 4, 5, 6, 7, 8, 9, 10)
INFO:mylogger:Loading data for subjects [16, 9, 14] and channels (0, 1, 2, 3, 4, 5, 6, 7, 8, 9, 10)
2023-11-23 13:09:28,274 [INFO] Finished loading data for subjects [16, 9, 14] and channels (0, 1, 2, 3, 4, 5, 6, 7, 8, 9, 10)
INFO:mylogger:Finished loading data for subjects [16, 9, 14] and channels (0, 1, 2, 3, 4, 5, 6, 7, 8, 9, 10)
2023-11-23 13:09:28,274 [INFO] Loading data for subjects [17, 4, 11] and channels (0, 1, 2, 3, 4, 5, 6, 7, 8, 9, 10)
INFO:mylogger:Loading data for subjects [17, 4, 11] and channels (0, 1, 2, 3, 4, 5, 6, 7, 8, 9, 10)
2023-11-23 13:09:28,299 [INFO] Finished loading data for subjects [17, 4, 11] and channels (0, 1, 2, 3, 4, 5, 6, 7, 8, 9, 10)
INFO:mylogger:Finished loading data for subjects [17, 4, 11] and channels (0, 1, 2, 3, 4, 5, 6, 7, 8, 9, 10)
2023-11-23 13:09:28,299 [INFO] Loading data for subjects [5, 15, 3, 8, 2, 10, 13, 7, 6] and channels (0, 1, 2, 3, 4, 5, 6, 7, 8, 9, 10)
INFO:mylogger:Loading data for subjects [5, 15, 3, 8, 2, 10, 13, 7, 6] and channels (0, 1, 2, 3, 4, 5, 6, 7, 8, 9, 10)
2023-11-23 13:09:28,378 [INFO] Finished loading data for subjects [5, 15, 3, 8, 2, 10, 13, 7, 6] and channels (0, 1, 2, 3, 4, 5, 6, 7, 8, 9, 10)
INFO:mylogger:Finished loading data for subjects [5, 15, 3, 8, 2, 10, 13, 7, 6] and channels (0, 1, 2, 3, 4, 5, 6, 7, 8, 9, 10)
2023-11-23 13:09:28,401 [INFO] Loading data for subjects [16, 9, 14] and channels (0, 1, 2, 3, 4, 5, 6, 7, 8, 9, 10)
INFO:mylogger:Loading data for subjects [16, 9, 14] and channels (0, 1, 2, 3, 4, 5, 6, 7, 8, 9, 10)
2023-11-23 13:09:28,423 [INFO] Finished loading data for subjects [16, 9, 14] and channels (0, 1, 2, 3, 4, 5, 6, 7, 8, 9, 10)
INFO:mylogger:Finished loading data for subjects [16, 9, 14] and channels (0, 1, 2, 3, 4, 5, 6, 7, 8, 9, 10)
2023-11-23 13:09:28,423 [INFO] Loading data for subjects [17, 4, 11] and channels (0, 1, 2, 3, 4, 5, 6, 7, 8, 9, 10)
INFO:mylogger:Loading data for subjects [17, 4, 11] and channels (0, 1, 2, 3, 4, 5, 6, 7, 8, 9, 10)
2023-11-23 13:09:28,444 [INFO] Finished loading data for subjects [17, 4, 11] and channels (0, 1, 2, 3, 4, 5, 6, 7, 8, 9, 10)
INFO:mylogger:Finished loading data for subjects [17, 4, 11] and channels (0, 1, 2, 3, 4, 5, 6, 7, 8, 9, 10)
2023-11-23 13:09:28,445 [INFO] Loading data for subjects [5, 15, 3, 8, 2, 10, 13, 7, 6] and channels (0, 1, 2, 3, 4, 5, 6, 7, 8, 9, 10)
INFO:mylogger:Loading data for subjects [5, 15, 3, 8, 2, 10, 13, 7, 6] and channels (0, 1, 2, 3, 4, 5, 6, 7, 8, 9, 10)
2023-11-23 13:09:28,521 [INFO] Finished loading data for subjects [5, 15, 3, 8, 2, 10, 13, 7, 6] and channels (0, 1, 2, 3, 4, 5, 6, 7, 8, 9, 10)
INFO:mylogger:Finished loading data for subjects [5, 15, 3, 8, 2, 10, 13, 7, 6] and channels (0, 1, 2, 3, 4, 5, 6, 7, 8, 9, 10)
2023-11-23 13:09:28,543 [INFO] Loading data for subjects [16, 9, 14] and channels (0, 1, 2, 3, 4, 5, 6, 7, 8, 9, 10)
INFO:mylogger:Loading data for subjects [16, 9, 14] and channels (0, 1, 2, 3, 4, 5, 6, 7, 8, 9, 10)
2023-11-23 13:09:28,565 [INFO] Finished loading data for subjects [16, 9, 14] and channels (0, 1, 2, 3, 4, 5, 6, 7, 8, 9, 10)
INFO:mylogger:Finished loading data for subjects [16, 9, 14] and channels (0, 1, 2, 3, 4, 5, 6, 7, 8, 9, 10)
2023-11-23 13:09:28,566 [INFO] Loading data for subjects [17, 4, 11] and channels (0, 1, 2, 3, 4, 5, 6, 7, 8, 9, 10)
INFO:mylogger:Loading data for subjects [17, 4, 11] and channels (0, 1, 2, 3, 4, 5, 6, 7, 8, 9, 10)
2023-11-23 13:09:28,587 [INFO] Finished loading data for subjects [17, 4, 11] and channels (0, 1, 2, 3, 4, 5, 6, 7, 8, 9, 10)
INFO:mylogger:Finished loading data for subjects [17, 4, 11] and channels (0, 1, 2, 3, 4, 5, 6, 7, 8, 9, 10)
2023-11-23 13:09:28,587 [INFO] Loading data for subjects [5, 15, 3, 8, 2, 10, 13, 7, 6] and channels (0, 1, 2, 3, 4, 5, 6, 7, 8, 9, 10)
INFO:mylogger:Loading data for subjects [5, 15, 3, 8, 2, 10, 13, 7, 6] and channels (0, 1, 2, 3, 4, 5, 6, 7, 8, 9, 10)
2023-11-23 13:09:28,659 [INFO] Finished loading data for subjects [5, 15, 3, 8, 2, 10, 13, 7, 6] and channels (0, 1, 2, 3, 4, 5, 6, 7, 8, 9, 10)
INFO:mylogger:Finished loading data for subjects [5, 15, 3, 8, 2, 10, 13, 7, 6] and channels (0, 1, 2, 3, 4, 5, 6, 7, 8, 9, 10)
2023-11-23 13:09:28,682 [INFO] Loading data for subjects [16, 9, 14] and channels (0, 1, 2, 3, 4, 5, 6, 7, 8, 9, 10)
INFO:mylogger:Loading data for subjects [16, 9, 14] and channels (0, 1, 2, 3, 4, 5, 6, 7, 8, 9, 10)
2023-11-23 13:09:28,704 [INFO] Finished loading data for subjects [16, 9, 14] and channels (0, 1, 2, 3, 4, 5, 6, 7, 8, 9, 10)
INFO:mylogger:Finished loading data for subjects [16, 9, 14] and channels (0, 1, 2, 3, 4, 5, 6, 7, 8, 9, 10)
2023-11-23 13:09:28,704 [INFO] Loading data for subjects [17, 4, 11] and channels (0, 1, 2, 3, 4, 5, 6, 7, 8, 9, 10)
INFO:mylogger:Loading data for subjects [17, 4, 11] and channels (0, 1, 2, 3, 4, 5, 6, 7, 8, 9, 10)
2023-11-23 13:09:28,725 [INFO] Finished loading data for subjects [17, 4, 11] and channels (0, 1, 2, 3, 4, 5, 6, 7, 8, 9, 10)
INFO:mylogger:Finished loading data for subjects [17, 4, 11] and channels (0, 1, 2, 3, 4, 5, 6, 7, 8, 9, 10)
2023-11-23 13:09:28,725 [INFO] Loading data for subjects [5, 15, 3, 8, 2, 10, 13, 7, 6] and channels (0, 1, 2, 3, 4, 5, 6, 7, 8, 9, 10)
INFO:mylogger:Loading data for subjects [5, 15, 3, 8, 2, 10, 13, 7, 6] and channels (0, 1, 2, 3, 4, 5, 6, 7, 8, 9, 10)
2023-11-23 13:09:28,800 [INFO] Finished loading data for subjects [5, 15, 3, 8, 2, 10, 13, 7, 6] and channels (0, 1, 2, 3, 4, 5, 6, 7, 8, 9, 10)
INFO:mylogger:Finished loading data for subjects [5, 15, 3, 8, 2, 10, 13, 7, 6] and channels (0, 1, 2, 3, 4, 5, 6, 7, 8, 9, 10)
2023-11-23 13:09:28,822 [INFO] Loading data for subjects [16, 9, 14] and channels (0, 1, 2, 3, 4, 5, 6, 7, 8, 9, 10)
INFO:mylogger:Loading data for subjects [16, 9, 14] and channels (0, 1, 2, 3, 4, 5, 6, 7, 8, 9, 10)
2023-11-23 13:09:28,844 [INFO] Finished loading data for subjects [16, 9, 14] and channels (0, 1, 2, 3, 4, 5, 6, 7, 8, 9, 10)
INFO:mylogger:Finished loading data for subjects [16, 9, 14] and channels (0, 1, 2, 3, 4, 5, 6, 7, 8, 9, 10)
2023-11-23 13:09:28,845 [INFO] Loading data for subjects [17, 4, 11] and channels (0, 1, 2, 3, 4, 5, 6, 7, 8, 9, 10)
INFO:mylogger:Loading data for subjects [17, 4, 11] and channels (0, 1, 2, 3, 4, 5, 6, 7, 8, 9, 10)
2023-11-23 13:09:28,866 [INFO] Finished loading data for subjects [17, 4, 11] and channels (0, 1, 2, 3, 4, 5, 6, 7, 8, 9, 10)
INFO:mylogger:Finished loading data for subjects [17, 4, 11] and channels (0, 1, 2, 3, 4, 5, 6, 7, 8, 9, 10)
2023-11-23 13:09:28,866 [INFO] Loading data for subjects [5, 15, 3, 8, 2, 10, 13, 7, 6] and channels (0, 1, 2, 3, 4, 5, 6, 7, 8, 9, 10)
INFO:mylogger:Loading data for subjects [5, 15, 3, 8, 2, 10, 13, 7, 6] and channels (0, 1, 2, 3, 4, 5, 6, 7, 8, 9, 10)
2023-11-23 13:09:28,940 [INFO] Finished loading data for subjects [5, 15, 3, 8, 2, 10, 13, 7, 6] and channels (0, 1, 2, 3, 4, 5, 6, 7, 8, 9, 10)
INFO:mylogger:Finished loading data for subjects [5, 15, 3, 8, 2, 10, 13, 7, 6] and channels (0, 1, 2, 3, 4, 5, 6, 7, 8, 9, 10)
2023-11-23 13:09:28,963 [INFO] Tuning of mlpLstmM, max_evals: 8
INFO:mylogger:Tuning of mlpLstmM, max_evals: 8
2023-11-23 13:09:28,964 [INFO] Tuning of mlpLstmM (max_evals: 8) is being performed by another process
INFO:mylogger:Tuning of mlpLstmM (max_evals: 8) is being performed by another process
 
 ******************************
 ******* i_fold=03 *******
 ******************************
 
Thu Nov 23 13:09:29 CST 2023
WARNING:tensorflow:Deprecation warnings have been disabled. Set TF_ENABLE_DEPRECATION_WARNINGS=1 to re-enable them.
WARNING:root:Limited tf.compat.v2.summary API due to missing TensorBoard installation.
Using TensorFlow backend.
2023-11-23 13:09:33,894 [INFO] Loading data for subjects [15, 2, 6] and channels (0, 1, 2, 3, 4, 5, 6, 7, 8, 9, 10)
INFO:mylogger:Loading data for subjects [15, 2, 6] and channels (0, 1, 2, 3, 4, 5, 6, 7, 8, 9, 10)
2023-11-23 13:09:33,921 [INFO] Finished loading data for subjects [15, 2, 6] and channels (0, 1, 2, 3, 4, 5, 6, 7, 8, 9, 10)
INFO:mylogger:Finished loading data for subjects [15, 2, 6] and channels (0, 1, 2, 3, 4, 5, 6, 7, 8, 9, 10)
2023-11-23 13:09:33,921 [INFO] Loading data for subjects [9, 3, 16] and channels (0, 1, 2, 3, 4, 5, 6, 7, 8, 9, 10)
INFO:mylogger:Loading data for subjects [9, 3, 16] and channels (0, 1, 2, 3, 4, 5, 6, 7, 8, 9, 10)
2023-11-23 13:09:33,945 [INFO] Finished loading data for subjects [9, 3, 16] and channels (0, 1, 2, 3, 4, 5, 6, 7, 8, 9, 10)
INFO:mylogger:Finished loading data for subjects [9, 3, 16] and channels (0, 1, 2, 3, 4, 5, 6, 7, 8, 9, 10)
2023-11-23 13:09:33,946 [INFO] Loading data for subjects [4, 5, 17, 8, 10, 13, 7, 14, 11] and channels (0, 1, 2, 3, 4, 5, 6, 7, 8, 9, 10)
INFO:mylogger:Loading data for subjects [4, 5, 17, 8, 10, 13, 7, 14, 11] and channels (0, 1, 2, 3, 4, 5, 6, 7, 8, 9, 10)
2023-11-23 13:09:34,021 [INFO] Finished loading data for subjects [4, 5, 17, 8, 10, 13, 7, 14, 11] and channels (0, 1, 2, 3, 4, 5, 6, 7, 8, 9, 10)
INFO:mylogger:Finished loading data for subjects [4, 5, 17, 8, 10, 13, 7, 14, 11] and channels (0, 1, 2, 3, 4, 5, 6, 7, 8, 9, 10)
2023-11-23 13:09:34,044 [INFO] Loading data for subjects [15, 2, 6] and channels (0, 1, 2, 3, 4, 5, 6, 7, 8, 9, 10)
INFO:mylogger:Loading data for subjects [15, 2, 6] and channels (0, 1, 2, 3, 4, 5, 6, 7, 8, 9, 10)
2023-11-23 13:09:34,065 [INFO] Finished loading data for subjects [15, 2, 6] and channels (0, 1, 2, 3, 4, 5, 6, 7, 8, 9, 10)
INFO:mylogger:Finished loading data for subjects [15, 2, 6] and channels (0, 1, 2, 3, 4, 5, 6, 7, 8, 9, 10)
2023-11-23 13:09:34,065 [INFO] Loading data for subjects [9, 3, 16] and channels (0, 1, 2, 3, 4, 5, 6, 7, 8, 9, 10)
INFO:mylogger:Loading data for subjects [9, 3, 16] and channels (0, 1, 2, 3, 4, 5, 6, 7, 8, 9, 10)
2023-11-23 13:09:34,086 [INFO] Finished loading data for subjects [9, 3, 16] and channels (0, 1, 2, 3, 4, 5, 6, 7, 8, 9, 10)
INFO:mylogger:Finished loading data for subjects [9, 3, 16] and channels (0, 1, 2, 3, 4, 5, 6, 7, 8, 9, 10)
2023-11-23 13:09:34,086 [INFO] Loading data for subjects [4, 5, 17, 8, 10, 13, 7, 14, 11] and channels (0, 1, 2, 3, 4, 5, 6, 7, 8, 9, 10)
INFO:mylogger:Loading data for subjects [4, 5, 17, 8, 10, 13, 7, 14, 11] and channels (0, 1, 2, 3, 4, 5, 6, 7, 8, 9, 10)
2023-11-23 13:09:34,156 [INFO] Finished loading data for subjects [4, 5, 17, 8, 10, 13, 7, 14, 11] and channels (0, 1, 2, 3, 4, 5, 6, 7, 8, 9, 10)
INFO:mylogger:Finished loading data for subjects [4, 5, 17, 8, 10, 13, 7, 14, 11] and channels (0, 1, 2, 3, 4, 5, 6, 7, 8, 9, 10)
2023-11-23 13:09:34,177 [INFO] Loading data for subjects [15, 2, 6] and channels (0, 1, 2, 3, 4, 5, 6, 7, 8, 9, 10)
INFO:mylogger:Loading data for subjects [15, 2, 6] and channels (0, 1, 2, 3, 4, 5, 6, 7, 8, 9, 10)
2023-11-23 13:09:34,199 [INFO] Finished loading data for subjects [15, 2, 6] and channels (0, 1, 2, 3, 4, 5, 6, 7, 8, 9, 10)
INFO:mylogger:Finished loading data for subjects [15, 2, 6] and channels (0, 1, 2, 3, 4, 5, 6, 7, 8, 9, 10)
2023-11-23 13:09:34,200 [INFO] Loading data for subjects [9, 3, 16] and channels (0, 1, 2, 3, 4, 5, 6, 7, 8, 9, 10)
INFO:mylogger:Loading data for subjects [9, 3, 16] and channels (0, 1, 2, 3, 4, 5, 6, 7, 8, 9, 10)
2023-11-23 13:09:34,220 [INFO] Finished loading data for subjects [9, 3, 16] and channels (0, 1, 2, 3, 4, 5, 6, 7, 8, 9, 10)
INFO:mylogger:Finished loading data for subjects [9, 3, 16] and channels (0, 1, 2, 3, 4, 5, 6, 7, 8, 9, 10)
2023-11-23 13:09:34,222 [INFO] Loading data for subjects [4, 5, 17, 8, 10, 13, 7, 14, 11] and channels (0, 1, 2, 3, 4, 5, 6, 7, 8, 9, 10)
INFO:mylogger:Loading data for subjects [4, 5, 17, 8, 10, 13, 7, 14, 11] and channels (0, 1, 2, 3, 4, 5, 6, 7, 8, 9, 10)
2023-11-23 13:09:34,292 [INFO] Finished loading data for subjects [4, 5, 17, 8, 10, 13, 7, 14, 11] and channels (0, 1, 2, 3, 4, 5, 6, 7, 8, 9, 10)
INFO:mylogger:Finished loading data for subjects [4, 5, 17, 8, 10, 13, 7, 14, 11] and channels (0, 1, 2, 3, 4, 5, 6, 7, 8, 9, 10)
2023-11-23 13:09:34,315 [INFO] Loading data for subjects [15, 2, 6] and channels (0, 1, 2, 3, 4, 5, 6, 7, 8, 9, 10)
INFO:mylogger:Loading data for subjects [15, 2, 6] and channels (0, 1, 2, 3, 4, 5, 6, 7, 8, 9, 10)
2023-11-23 13:09:34,337 [INFO] Finished loading data for subjects [15, 2, 6] and channels (0, 1, 2, 3, 4, 5, 6, 7, 8, 9, 10)
INFO:mylogger:Finished loading data for subjects [15, 2, 6] and channels (0, 1, 2, 3, 4, 5, 6, 7, 8, 9, 10)
2023-11-23 13:09:34,338 [INFO] Loading data for subjects [9, 3, 16] and channels (0, 1, 2, 3, 4, 5, 6, 7, 8, 9, 10)
INFO:mylogger:Loading data for subjects [9, 3, 16] and channels (0, 1, 2, 3, 4, 5, 6, 7, 8, 9, 10)
2023-11-23 13:09:34,359 [INFO] Finished loading data for subjects [9, 3, 16] and channels (0, 1, 2, 3, 4, 5, 6, 7, 8, 9, 10)
INFO:mylogger:Finished loading data for subjects [9, 3, 16] and channels (0, 1, 2, 3, 4, 5, 6, 7, 8, 9, 10)
2023-11-23 13:09:34,360 [INFO] Loading data for subjects [4, 5, 17, 8, 10, 13, 7, 14, 11] and channels (0, 1, 2, 3, 4, 5, 6, 7, 8, 9, 10)
INFO:mylogger:Loading data for subjects [4, 5, 17, 8, 10, 13, 7, 14, 11] and channels (0, 1, 2, 3, 4, 5, 6, 7, 8, 9, 10)
2023-11-23 13:09:34,431 [INFO] Finished loading data for subjects [4, 5, 17, 8, 10, 13, 7, 14, 11] and channels (0, 1, 2, 3, 4, 5, 6, 7, 8, 9, 10)
INFO:mylogger:Finished loading data for subjects [4, 5, 17, 8, 10, 13, 7, 14, 11] and channels (0, 1, 2, 3, 4, 5, 6, 7, 8, 9, 10)
2023-11-23 13:09:34,454 [INFO] Loading data for subjects [15, 2, 6] and channels (0, 1, 2, 3, 4, 5, 6, 7, 8, 9, 10)
INFO:mylogger:Loading data for subjects [15, 2, 6] and channels (0, 1, 2, 3, 4, 5, 6, 7, 8, 9, 10)
2023-11-23 13:09:34,476 [INFO] Finished loading data for subjects [15, 2, 6] and channels (0, 1, 2, 3, 4, 5, 6, 7, 8, 9, 10)
INFO:mylogger:Finished loading data for subjects [15, 2, 6] and channels (0, 1, 2, 3, 4, 5, 6, 7, 8, 9, 10)
2023-11-23 13:09:34,477 [INFO] Loading data for subjects [9, 3, 16] and channels (0, 1, 2, 3, 4, 5, 6, 7, 8, 9, 10)
INFO:mylogger:Loading data for subjects [9, 3, 16] and channels (0, 1, 2, 3, 4, 5, 6, 7, 8, 9, 10)
2023-11-23 13:09:34,499 [INFO] Finished loading data for subjects [9, 3, 16] and channels (0, 1, 2, 3, 4, 5, 6, 7, 8, 9, 10)
INFO:mylogger:Finished loading data for subjects [9, 3, 16] and channels (0, 1, 2, 3, 4, 5, 6, 7, 8, 9, 10)
2023-11-23 13:09:34,501 [INFO] Loading data for subjects [4, 5, 17, 8, 10, 13, 7, 14, 11] and channels (0, 1, 2, 3, 4, 5, 6, 7, 8, 9, 10)
INFO:mylogger:Loading data for subjects [4, 5, 17, 8, 10, 13, 7, 14, 11] and channels (0, 1, 2, 3, 4, 5, 6, 7, 8, 9, 10)
2023-11-23 13:09:34,568 [INFO] Finished loading data for subjects [4, 5, 17, 8, 10, 13, 7, 14, 11] and channels (0, 1, 2, 3, 4, 5, 6, 7, 8, 9, 10)
INFO:mylogger:Finished loading data for subjects [4, 5, 17, 8, 10, 13, 7, 14, 11] and channels (0, 1, 2, 3, 4, 5, 6, 7, 8, 9, 10)
2023-11-23 13:09:34,591 [INFO] Tuning of mlpLstmM, max_evals: 8
INFO:mylogger:Tuning of mlpLstmM, max_evals: 8
 
 ******************************
 ******* i_fold=04 *******
 ******************************
 
Thu Nov 23 13:09:34 CST 2023
WARNING:tensorflow:Deprecation warnings have been disabled. Set TF_ENABLE_DEPRECATION_WARNINGS=1 to re-enable them.
WARNING:root:Limited tf.compat.v2.summary API due to missing TensorBoard installation.
Using TensorFlow backend.
2023-11-23 13:09:39,429 [INFO] Loading data for subjects [17, 10, 11] and channels (0, 1, 2, 3, 4, 5, 6, 7, 8, 9, 10)
INFO:mylogger:Loading data for subjects [17, 10, 11] and channels (0, 1, 2, 3, 4, 5, 6, 7, 8, 9, 10)
2023-11-23 13:09:39,456 [INFO] Finished loading data for subjects [17, 10, 11] and channels (0, 1, 2, 3, 4, 5, 6, 7, 8, 9, 10)
INFO:mylogger:Finished loading data for subjects [17, 10, 11] and channels (0, 1, 2, 3, 4, 5, 6, 7, 8, 9, 10)
2023-11-23 13:09:39,456 [INFO] Loading data for subjects [9, 16, 5] and channels (0, 1, 2, 3, 4, 5, 6, 7, 8, 9, 10)
INFO:mylogger:Loading data for subjects [9, 16, 5] and channels (0, 1, 2, 3, 4, 5, 6, 7, 8, 9, 10)
2023-11-23 13:09:39,481 [INFO] Finished loading data for subjects [9, 16, 5] and channels (0, 1, 2, 3, 4, 5, 6, 7, 8, 9, 10)
INFO:mylogger:Finished loading data for subjects [9, 16, 5] and channels (0, 1, 2, 3, 4, 5, 6, 7, 8, 9, 10)
2023-11-23 13:09:39,481 [INFO] Loading data for subjects [4, 15, 3, 8, 2, 13, 7, 14, 6] and channels (0, 1, 2, 3, 4, 5, 6, 7, 8, 9, 10)
INFO:mylogger:Loading data for subjects [4, 15, 3, 8, 2, 13, 7, 14, 6] and channels (0, 1, 2, 3, 4, 5, 6, 7, 8, 9, 10)
2023-11-23 13:09:39,553 [INFO] Finished loading data for subjects [4, 15, 3, 8, 2, 13, 7, 14, 6] and channels (0, 1, 2, 3, 4, 5, 6, 7, 8, 9, 10)
INFO:mylogger:Finished loading data for subjects [4, 15, 3, 8, 2, 13, 7, 14, 6] and channels (0, 1, 2, 3, 4, 5, 6, 7, 8, 9, 10)
2023-11-23 13:09:39,574 [INFO] Loading data for subjects [17, 10, 11] and channels (0, 1, 2, 3, 4, 5, 6, 7, 8, 9, 10)
INFO:mylogger:Loading data for subjects [17, 10, 11] and channels (0, 1, 2, 3, 4, 5, 6, 7, 8, 9, 10)
2023-11-23 13:09:39,595 [INFO] Finished loading data for subjects [17, 10, 11] and channels (0, 1, 2, 3, 4, 5, 6, 7, 8, 9, 10)
INFO:mylogger:Finished loading data for subjects [17, 10, 11] and channels (0, 1, 2, 3, 4, 5, 6, 7, 8, 9, 10)
2023-11-23 13:09:39,595 [INFO] Loading data for subjects [9, 16, 5] and channels (0, 1, 2, 3, 4, 5, 6, 7, 8, 9, 10)
INFO:mylogger:Loading data for subjects [9, 16, 5] and channels (0, 1, 2, 3, 4, 5, 6, 7, 8, 9, 10)
2023-11-23 13:09:39,614 [INFO] Finished loading data for subjects [9, 16, 5] and channels (0, 1, 2, 3, 4, 5, 6, 7, 8, 9, 10)
INFO:mylogger:Finished loading data for subjects [9, 16, 5] and channels (0, 1, 2, 3, 4, 5, 6, 7, 8, 9, 10)
2023-11-23 13:09:39,614 [INFO] Loading data for subjects [4, 15, 3, 8, 2, 13, 7, 14, 6] and channels (0, 1, 2, 3, 4, 5, 6, 7, 8, 9, 10)
INFO:mylogger:Loading data for subjects [4, 15, 3, 8, 2, 13, 7, 14, 6] and channels (0, 1, 2, 3, 4, 5, 6, 7, 8, 9, 10)
2023-11-23 13:09:39,683 [INFO] Finished loading data for subjects [4, 15, 3, 8, 2, 13, 7, 14, 6] and channels (0, 1, 2, 3, 4, 5, 6, 7, 8, 9, 10)
INFO:mylogger:Finished loading data for subjects [4, 15, 3, 8, 2, 13, 7, 14, 6] and channels (0, 1, 2, 3, 4, 5, 6, 7, 8, 9, 10)
2023-11-23 13:09:39,705 [INFO] Loading data for subjects [17, 10, 11] and channels (0, 1, 2, 3, 4, 5, 6, 7, 8, 9, 10)
INFO:mylogger:Loading data for subjects [17, 10, 11] and channels (0, 1, 2, 3, 4, 5, 6, 7, 8, 9, 10)
2023-11-23 13:09:39,725 [INFO] Finished loading data for subjects [17, 10, 11] and channels (0, 1, 2, 3, 4, 5, 6, 7, 8, 9, 10)
INFO:mylogger:Finished loading data for subjects [17, 10, 11] and channels (0, 1, 2, 3, 4, 5, 6, 7, 8, 9, 10)
2023-11-23 13:09:39,725 [INFO] Loading data for subjects [9, 16, 5] and channels (0, 1, 2, 3, 4, 5, 6, 7, 8, 9, 10)
INFO:mylogger:Loading data for subjects [9, 16, 5] and channels (0, 1, 2, 3, 4, 5, 6, 7, 8, 9, 10)
2023-11-23 13:09:39,745 [INFO] Finished loading data for subjects [9, 16, 5] and channels (0, 1, 2, 3, 4, 5, 6, 7, 8, 9, 10)
INFO:mylogger:Finished loading data for subjects [9, 16, 5] and channels (0, 1, 2, 3, 4, 5, 6, 7, 8, 9, 10)
2023-11-23 13:09:39,745 [INFO] Loading data for subjects [4, 15, 3, 8, 2, 13, 7, 14, 6] and channels (0, 1, 2, 3, 4, 5, 6, 7, 8, 9, 10)
INFO:mylogger:Loading data for subjects [4, 15, 3, 8, 2, 13, 7, 14, 6] and channels (0, 1, 2, 3, 4, 5, 6, 7, 8, 9, 10)
2023-11-23 13:09:39,809 [INFO] Finished loading data for subjects [4, 15, 3, 8, 2, 13, 7, 14, 6] and channels (0, 1, 2, 3, 4, 5, 6, 7, 8, 9, 10)
INFO:mylogger:Finished loading data for subjects [4, 15, 3, 8, 2, 13, 7, 14, 6] and channels (0, 1, 2, 3, 4, 5, 6, 7, 8, 9, 10)
2023-11-23 13:09:39,831 [INFO] Loading data for subjects [17, 10, 11] and channels (0, 1, 2, 3, 4, 5, 6, 7, 8, 9, 10)
INFO:mylogger:Loading data for subjects [17, 10, 11] and channels (0, 1, 2, 3, 4, 5, 6, 7, 8, 9, 10)
2023-11-23 13:09:39,852 [INFO] Finished loading data for subjects [17, 10, 11] and channels (0, 1, 2, 3, 4, 5, 6, 7, 8, 9, 10)
INFO:mylogger:Finished loading data for subjects [17, 10, 11] and channels (0, 1, 2, 3, 4, 5, 6, 7, 8, 9, 10)
2023-11-23 13:09:39,852 [INFO] Loading data for subjects [9, 16, 5] and channels (0, 1, 2, 3, 4, 5, 6, 7, 8, 9, 10)
INFO:mylogger:Loading data for subjects [9, 16, 5] and channels (0, 1, 2, 3, 4, 5, 6, 7, 8, 9, 10)
2023-11-23 13:09:39,873 [INFO] Finished loading data for subjects [9, 16, 5] and channels (0, 1, 2, 3, 4, 5, 6, 7, 8, 9, 10)
INFO:mylogger:Finished loading data for subjects [9, 16, 5] and channels (0, 1, 2, 3, 4, 5, 6, 7, 8, 9, 10)
2023-11-23 13:09:39,873 [INFO] Loading data for subjects [4, 15, 3, 8, 2, 13, 7, 14, 6] and channels (0, 1, 2, 3, 4, 5, 6, 7, 8, 9, 10)
INFO:mylogger:Loading data for subjects [4, 15, 3, 8, 2, 13, 7, 14, 6] and channels (0, 1, 2, 3, 4, 5, 6, 7, 8, 9, 10)
2023-11-23 13:09:39,938 [INFO] Finished loading data for subjects [4, 15, 3, 8, 2, 13, 7, 14, 6] and channels (0, 1, 2, 3, 4, 5, 6, 7, 8, 9, 10)
INFO:mylogger:Finished loading data for subjects [4, 15, 3, 8, 2, 13, 7, 14, 6] and channels (0, 1, 2, 3, 4, 5, 6, 7, 8, 9, 10)
2023-11-23 13:09:39,961 [INFO] Loading data for subjects [17, 10, 11] and channels (0, 1, 2, 3, 4, 5, 6, 7, 8, 9, 10)
INFO:mylogger:Loading data for subjects [17, 10, 11] and channels (0, 1, 2, 3, 4, 5, 6, 7, 8, 9, 10)
2023-11-23 13:09:39,982 [INFO] Finished loading data for subjects [17, 10, 11] and channels (0, 1, 2, 3, 4, 5, 6, 7, 8, 9, 10)
INFO:mylogger:Finished loading data for subjects [17, 10, 11] and channels (0, 1, 2, 3, 4, 5, 6, 7, 8, 9, 10)
2023-11-23 13:09:39,982 [INFO] Loading data for subjects [9, 16, 5] and channels (0, 1, 2, 3, 4, 5, 6, 7, 8, 9, 10)
INFO:mylogger:Loading data for subjects [9, 16, 5] and channels (0, 1, 2, 3, 4, 5, 6, 7, 8, 9, 10)
2023-11-23 13:09:40,003 [INFO] Finished loading data for subjects [9, 16, 5] and channels (0, 1, 2, 3, 4, 5, 6, 7, 8, 9, 10)
INFO:mylogger:Finished loading data for subjects [9, 16, 5] and channels (0, 1, 2, 3, 4, 5, 6, 7, 8, 9, 10)
2023-11-23 13:09:40,003 [INFO] Loading data for subjects [4, 15, 3, 8, 2, 13, 7, 14, 6] and channels (0, 1, 2, 3, 4, 5, 6, 7, 8, 9, 10)
INFO:mylogger:Loading data for subjects [4, 15, 3, 8, 2, 13, 7, 14, 6] and channels (0, 1, 2, 3, 4, 5, 6, 7, 8, 9, 10)
2023-11-23 13:09:40,069 [INFO] Finished loading data for subjects [4, 15, 3, 8, 2, 13, 7, 14, 6] and channels (0, 1, 2, 3, 4, 5, 6, 7, 8, 9, 10)
INFO:mylogger:Finished loading data for subjects [4, 15, 3, 8, 2, 13, 7, 14, 6] and channels (0, 1, 2, 3, 4, 5, 6, 7, 8, 9, 10)
2023-11-23 13:09:40,094 [INFO] Tuning of mlpLstmM, max_evals: 8
INFO:mylogger:Tuning of mlpLstmM, max_evals: 8
2023-11-23 13:09:40,116 [INFO] GPU 0 was taken for mlpLstmM, tune_02.
INFO:mylogger:GPU 0 was taken for mlpLstmM, tune_02.
WARNING:tensorflow:From /projects/bbnp/anxietyE2E/experiment/experiment.py:128: The name tf.global_variables_initializer is deprecated. Please use tf.compat.v1.global_variables_initializer instead.

WARNING:tensorflow:From /projects/bbnp/anxietyE2E/experiment/experiment.py:128: The name tf.global_variables_initializer is deprecated. Please use tf.compat.v1.global_variables_initializer instead.

2023-11-23 13:09:40,427 [INFO] Experiment for WESAD dataset, classifier: mlpLstmM, setup: it_00, iteration: tune_02
INFO:mylogger:Experiment for WESAD dataset, classifier: mlpLstmM, setup: it_00, iteration: tune_02
WARNING:tensorflow:From /u/alkurdi/.conda/envs/TFwesad/lib/python3.8/site-packages/keras/backend/tensorflow_backend.py:541: The name tf.placeholder is deprecated. Please use tf.compat.v1.placeholder instead.

WARNING:tensorflow:From /u/alkurdi/.conda/envs/TFwesad/lib/python3.8/site-packages/keras/backend/tensorflow_backend.py:541: The name tf.placeholder is deprecated. Please use tf.compat.v1.placeholder instead.

WARNING:tensorflow:From /u/alkurdi/.conda/envs/TFwesad/lib/python3.8/site-packages/keras/backend/tensorflow_backend.py:66: The name tf.get_default_graph is deprecated. Please use tf.compat.v1.get_default_graph instead.

WARNING:tensorflow:From /u/alkurdi/.conda/envs/TFwesad/lib/python3.8/site-packages/keras/backend/tensorflow_backend.py:66: The name tf.get_default_graph is deprecated. Please use tf.compat.v1.get_default_graph instead.

WARNING:tensorflow:From /u/alkurdi/.conda/envs/TFwesad/lib/python3.8/site-packages/keras/backend/tensorflow_backend.py:148: The name tf.placeholder_with_default is deprecated. Please use tf.compat.v1.placeholder_with_default instead.

WARNING:tensorflow:From /u/alkurdi/.conda/envs/TFwesad/lib/python3.8/site-packages/keras/backend/tensorflow_backend.py:148: The name tf.placeholder_with_default is deprecated. Please use tf.compat.v1.placeholder_with_default instead.

WARNING:tensorflow:From /u/alkurdi/.conda/envs/TFwesad/lib/python3.8/site-packages/keras/backend/tensorflow_backend.py:4432: The name tf.random_uniform is deprecated. Please use tf.random.uniform instead.

WARNING:tensorflow:From /u/alkurdi/.conda/envs/TFwesad/lib/python3.8/site-packages/keras/backend/tensorflow_backend.py:4432: The name tf.random_uniform is deprecated. Please use tf.random.uniform instead.

WARNING:tensorflow:From /u/alkurdi/.conda/envs/TFwesad/lib/python3.8/site-packages/keras/optimizers.py:793: The name tf.train.Optimizer is deprecated. Please use tf.compat.v1.train.Optimizer instead.

WARNING:tensorflow:From /u/alkurdi/.conda/envs/TFwesad/lib/python3.8/site-packages/keras/optimizers.py:793: The name tf.train.Optimizer is deprecated. Please use tf.compat.v1.train.Optimizer instead.

WARNING:tensorflow:From /u/alkurdi/.conda/envs/TFwesad/lib/python3.8/site-packages/keras/backend/tensorflow_backend.py:3576: The name tf.log is deprecated. Please use tf.math.log instead.

WARNING:tensorflow:From /u/alkurdi/.conda/envs/TFwesad/lib/python3.8/site-packages/keras/backend/tensorflow_backend.py:3576: The name tf.log is deprecated. Please use tf.math.log instead.

2023-11-23 13:09:47,670 [INFO] Created model for WESAD dataset, classifier: mlpLstmM, setup: it_00, iteration: tune_02
INFO:mylogger:Created model for WESAD dataset, classifier: mlpLstmM, setup: it_00, iteration: tune_02
2023-11-23 13:09:47,670 [INFO] Fitting model
INFO:mylogger:Fitting model
WARNING:tensorflow:From /u/alkurdi/.conda/envs/TFwesad/lib/python3.8/site-packages/keras/backend/tensorflow_backend.py:1033: The name tf.assign_add is deprecated. Please use tf.compat.v1.assign_add instead.

WARNING:tensorflow:From /u/alkurdi/.conda/envs/TFwesad/lib/python3.8/site-packages/keras/backend/tensorflow_backend.py:1033: The name tf.assign_add is deprecated. Please use tf.compat.v1.assign_add instead.

WARNING:tensorflow:From /u/alkurdi/.conda/envs/TFwesad/lib/python3.8/site-packages/keras/backend/tensorflow_backend.py:1020: The name tf.assign is deprecated. Please use tf.compat.v1.assign instead.

WARNING:tensorflow:From /u/alkurdi/.conda/envs/TFwesad/lib/python3.8/site-packages/keras/backend/tensorflow_backend.py:1020: The name tf.assign is deprecated. Please use tf.compat.v1.assign instead.

WARNING:tensorflow:From /u/alkurdi/.conda/envs/TFwesad/lib/python3.8/site-packages/keras/backend/tensorflow_backend.py:3005: The name tf.Session is deprecated. Please use tf.compat.v1.Session instead.

WARNING:tensorflow:From /u/alkurdi/.conda/envs/TFwesad/lib/python3.8/site-packages/keras/backend/tensorflow_backend.py:3005: The name tf.Session is deprecated. Please use tf.compat.v1.Session instead.

WARNING:tensorflow:From /u/alkurdi/.conda/envs/TFwesad/lib/python3.8/site-packages/keras/backend/tensorflow_backend.py:190: The name tf.get_default_session is deprecated. Please use tf.compat.v1.get_default_session instead.

WARNING:tensorflow:From /u/alkurdi/.conda/envs/TFwesad/lib/python3.8/site-packages/keras/backend/tensorflow_backend.py:190: The name tf.get_default_session is deprecated. Please use tf.compat.v1.get_default_session instead.

WARNING:tensorflow:From /u/alkurdi/.conda/envs/TFwesad/lib/python3.8/site-packages/keras/backend/tensorflow_backend.py:207: The name tf.global_variables is deprecated. Please use tf.compat.v1.global_variables instead.

WARNING:tensorflow:From /u/alkurdi/.conda/envs/TFwesad/lib/python3.8/site-packages/keras/backend/tensorflow_backend.py:207: The name tf.global_variables is deprecated. Please use tf.compat.v1.global_variables instead.

WARNING:tensorflow:From /u/alkurdi/.conda/envs/TFwesad/lib/python3.8/site-packages/keras/backend/tensorflow_backend.py:216: The name tf.is_variable_initialized is deprecated. Please use tf.compat.v1.is_variable_initialized instead.

WARNING:tensorflow:From /u/alkurdi/.conda/envs/TFwesad/lib/python3.8/site-packages/keras/backend/tensorflow_backend.py:216: The name tf.is_variable_initialized is deprecated. Please use tf.compat.v1.is_variable_initialized instead.

WARNING:tensorflow:From /u/alkurdi/.conda/envs/TFwesad/lib/python3.8/site-packages/keras/backend/tensorflow_backend.py:223: The name tf.variables_initializer is deprecated. Please use tf.compat.v1.variables_initializer instead.

WARNING:tensorflow:From /u/alkurdi/.conda/envs/TFwesad/lib/python3.8/site-packages/keras/backend/tensorflow_backend.py:223: The name tf.variables_initializer is deprecated. Please use tf.compat.v1.variables_initializer instead.

2023-11-23 13:16:15,099 [INFO] Loading weights and predicting
INFO:mylogger:Loading weights and predicting
/u/alkurdi/.conda/envs/TFwesad/lib/python3.8/site-packages/sklearn/metrics/_classification.py:1334: UndefinedMetricWarning: Precision is ill-defined and being set to 0.0 in labels with no predicted samples. Use `zero_division` parameter to control this behavior.
  _warn_prf(average, modifier, msg_start, len(result))

2023-11-23 13:16:17,260 [INFO] Fitted model for WESAD dataset, classifier: mlpLstmM, setup: it_00, iteration: tune_02
INFO:mylogger:Fitted model for WESAD dataset, classifier: mlpLstmM, setup: it_00, iteration: tune_02
2023-11-23 13:16:17,261 [INFO] Finished experiment for WESAD dataset, classifier: mlpLstmM, setup: it_00, iteration: tune_02
INFO:mylogger:Finished experiment for WESAD dataset, classifier: mlpLstmM, setup: it_00, iteration: tune_02
2023-11-23 13:16:18,626 [INFO] Experiment for WESAD dataset, classifier: mlpLstmM, setup: it_01, iteration: tune_02
INFO:mylogger:Experiment for WESAD dataset, classifier: mlpLstmM, setup: it_01, iteration: tune_02
2023-11-23 13:16:18,627 [INFO] Created model for WESAD dataset, classifier: mlpLstmM, setup: it_01, iteration: tune_02
INFO:mylogger:Created model for WESAD dataset, classifier: mlpLstmM, setup: it_01, iteration: tune_02
2023-11-23 13:16:18,628 [INFO] Fitting model
INFO:mylogger:Fitting model
2023-11-23 13:22:25,349 [INFO] Loading weights and predicting
INFO:mylogger:Loading weights and predicting
/u/alkurdi/.conda/envs/TFwesad/lib/python3.8/site-packages/sklearn/metrics/_classification.py:1334: UndefinedMetricWarning: Precision is ill-defined and being set to 0.0 in labels with no predicted samples. Use `zero_division` parameter to control this behavior.
  _warn_prf(average, modifier, msg_start, len(result))

2023-11-23 13:22:25,712 [INFO] Fitted model for WESAD dataset, classifier: mlpLstmM, setup: it_01, iteration: tune_02
INFO:mylogger:Fitted model for WESAD dataset, classifier: mlpLstmM, setup: it_01, iteration: tune_02
2023-11-23 13:22:25,713 [INFO] Finished experiment for WESAD dataset, classifier: mlpLstmM, setup: it_01, iteration: tune_02
INFO:mylogger:Finished experiment for WESAD dataset, classifier: mlpLstmM, setup: it_01, iteration: tune_02
2023-11-23 13:22:27,087 [INFO] Experiment for WESAD dataset, classifier: mlpLstmM, setup: it_02, iteration: tune_02
INFO:mylogger:Experiment for WESAD dataset, classifier: mlpLstmM, setup: it_02, iteration: tune_02
2023-11-23 13:22:27,089 [INFO] Created model for WESAD dataset, classifier: mlpLstmM, setup: it_02, iteration: tune_02
INFO:mylogger:Created model for WESAD dataset, classifier: mlpLstmM, setup: it_02, iteration: tune_02
2023-11-23 13:22:27,089 [INFO] Fitting model
INFO:mylogger:Fitting model
2023-11-23 13:28:31,977 [INFO] Loading weights and predicting
INFO:mylogger:Loading weights and predicting
/u/alkurdi/.conda/envs/TFwesad/lib/python3.8/site-packages/sklearn/metrics/_classification.py:1334: UndefinedMetricWarning: Precision is ill-defined and being set to 0.0 in labels with no predicted samples. Use `zero_division` parameter to control this behavior.
  _warn_prf(average, modifier, msg_start, len(result))

2023-11-23 13:28:32,330 [INFO] Fitted model for WESAD dataset, classifier: mlpLstmM, setup: it_02, iteration: tune_02
INFO:mylogger:Fitted model for WESAD dataset, classifier: mlpLstmM, setup: it_02, iteration: tune_02
2023-11-23 13:28:32,331 [INFO] Finished experiment for WESAD dataset, classifier: mlpLstmM, setup: it_02, iteration: tune_02
INFO:mylogger:Finished experiment for WESAD dataset, classifier: mlpLstmM, setup: it_02, iteration: tune_02
2023-11-23 13:28:33,749 [INFO] Experiment for WESAD dataset, classifier: mlpLstmM, setup: it_03, iteration: tune_02
INFO:mylogger:Experiment for WESAD dataset, classifier: mlpLstmM, setup: it_03, iteration: tune_02
2023-11-23 13:28:33,750 [INFO] Created model for WESAD dataset, classifier: mlpLstmM, setup: it_03, iteration: tune_02
INFO:mylogger:Created model for WESAD dataset, classifier: mlpLstmM, setup: it_03, iteration: tune_02
2023-11-23 13:28:33,750 [INFO] Fitting model
INFO:mylogger:Fitting model
2023-11-23 13:34:39,030 [INFO] Loading weights and predicting
INFO:mylogger:Loading weights and predicting
/u/alkurdi/.conda/envs/TFwesad/lib/python3.8/site-packages/sklearn/metrics/_classification.py:1334: UndefinedMetricWarning: Precision is ill-defined and being set to 0.0 in labels with no predicted samples. Use `zero_division` parameter to control this behavior.
  _warn_prf(average, modifier, msg_start, len(result))

2023-11-23 13:34:39,399 [INFO] Fitted model for WESAD dataset, classifier: mlpLstmM, setup: it_03, iteration: tune_02
INFO:mylogger:Fitted model for WESAD dataset, classifier: mlpLstmM, setup: it_03, iteration: tune_02
2023-11-23 13:34:39,400 [INFO] Finished experiment for WESAD dataset, classifier: mlpLstmM, setup: it_03, iteration: tune_02
INFO:mylogger:Finished experiment for WESAD dataset, classifier: mlpLstmM, setup: it_03, iteration: tune_02
2023-11-23 13:34:40,833 [INFO] Experiment for WESAD dataset, classifier: mlpLstmM, setup: it_04, iteration: tune_02
INFO:mylogger:Experiment for WESAD dataset, classifier: mlpLstmM, setup: it_04, iteration: tune_02
2023-11-23 13:34:40,834 [INFO] Created model for WESAD dataset, classifier: mlpLstmM, setup: it_04, iteration: tune_02
INFO:mylogger:Created model for WESAD dataset, classifier: mlpLstmM, setup: it_04, iteration: tune_02
2023-11-23 13:34:40,834 [INFO] Fitting model
INFO:mylogger:Fitting model
2023-11-23 13:40:45,843 [INFO] Loading weights and predicting
INFO:mylogger:Loading weights and predicting
/u/alkurdi/.conda/envs/TFwesad/lib/python3.8/site-packages/sklearn/metrics/_classification.py:1334: UndefinedMetricWarning: Precision is ill-defined and being set to 0.0 in labels with no predicted samples. Use `zero_division` parameter to control this behavior.
  _warn_prf(average, modifier, msg_start, len(result))

2023-11-23 13:40:46,206 [INFO] Fitted model for WESAD dataset, classifier: mlpLstmM, setup: it_04, iteration: tune_02
INFO:mylogger:Fitted model for WESAD dataset, classifier: mlpLstmM, setup: it_04, iteration: tune_02
2023-11-23 13:40:46,206 [INFO] Finished experiment for WESAD dataset, classifier: mlpLstmM, setup: it_04, iteration: tune_02
INFO:mylogger:Finished experiment for WESAD dataset, classifier: mlpLstmM, setup: it_04, iteration: tune_02
2023-11-23 13:40:46,207 [INFO] GPU 0 was released by mlpLstmM, tune_02.
INFO:mylogger:GPU 0 was released by mlpLstmM, tune_02.
2023-11-23 13:40:46,235 [INFO] GPU 0 was taken for mlpLstmM, tune_03.
INFO:mylogger:GPU 0 was taken for mlpLstmM, tune_03.
2023-11-23 13:40:46,252 [INFO] Experiment for WESAD dataset, classifier: mlpLstmM, setup: it_00, iteration: tune_03
INFO:mylogger:Experiment for WESAD dataset, classifier: mlpLstmM, setup: it_00, iteration: tune_03
2023-11-23 13:40:55,432 [INFO] Created model for WESAD dataset, classifier: mlpLstmM, setup: it_00, iteration: tune_03
INFO:mylogger:Created model for WESAD dataset, classifier: mlpLstmM, setup: it_00, iteration: tune_03
2023-11-23 13:40:55,433 [INFO] Fitting model
INFO:mylogger:Fitting model
2023-11-23 13:42:23,250 [INFO] Loading weights and predicting
INFO:mylogger:Loading weights and predicting
2023-11-23 13:42:25,668 [INFO] Fitted model for WESAD dataset, classifier: mlpLstmM, setup: it_00, iteration: tune_03
INFO:mylogger:Fitted model for WESAD dataset, classifier: mlpLstmM, setup: it_00, iteration: tune_03
2023-11-23 13:42:25,669 [INFO] Finished experiment for WESAD dataset, classifier: mlpLstmM, setup: it_00, iteration: tune_03
INFO:mylogger:Finished experiment for WESAD dataset, classifier: mlpLstmM, setup: it_00, iteration: tune_03
2023-11-23 13:42:27,350 [INFO] Experiment for WESAD dataset, classifier: mlpLstmM, setup: it_01, iteration: tune_03
INFO:mylogger:Experiment for WESAD dataset, classifier: mlpLstmM, setup: it_01, iteration: tune_03
2023-11-23 13:42:27,351 [INFO] Created model for WESAD dataset, classifier: mlpLstmM, setup: it_01, iteration: tune_03
INFO:mylogger:Created model for WESAD dataset, classifier: mlpLstmM, setup: it_01, iteration: tune_03
2023-11-23 13:42:27,351 [INFO] Fitting model
INFO:mylogger:Fitting model
2023-11-23 13:44:11,009 [INFO] Loading weights and predicting
INFO:mylogger:Loading weights and predicting
2023-11-23 13:44:11,408 [INFO] Fitted model for WESAD dataset, classifier: mlpLstmM, setup: it_01, iteration: tune_03
INFO:mylogger:Fitted model for WESAD dataset, classifier: mlpLstmM, setup: it_01, iteration: tune_03
2023-11-23 13:44:11,409 [INFO] Finished experiment for WESAD dataset, classifier: mlpLstmM, setup: it_01, iteration: tune_03
INFO:mylogger:Finished experiment for WESAD dataset, classifier: mlpLstmM, setup: it_01, iteration: tune_03
2023-11-23 13:44:13,117 [INFO] Experiment for WESAD dataset, classifier: mlpLstmM, setup: it_02, iteration: tune_03
INFO:mylogger:Experiment for WESAD dataset, classifier: mlpLstmM, setup: it_02, iteration: tune_03
2023-11-23 13:44:13,119 [INFO] Created model for WESAD dataset, classifier: mlpLstmM, setup: it_02, iteration: tune_03
INFO:mylogger:Created model for WESAD dataset, classifier: mlpLstmM, setup: it_02, iteration: tune_03
2023-11-23 13:44:13,119 [INFO] Fitting model
INFO:mylogger:Fitting model
2023-11-23 13:46:27,663 [INFO] Loading weights and predicting
INFO:mylogger:Loading weights and predicting
2023-11-23 13:46:28,061 [INFO] Fitted model for WESAD dataset, classifier: mlpLstmM, setup: it_02, iteration: tune_03
INFO:mylogger:Fitted model for WESAD dataset, classifier: mlpLstmM, setup: it_02, iteration: tune_03
2023-11-23 13:46:28,062 [INFO] Finished experiment for WESAD dataset, classifier: mlpLstmM, setup: it_02, iteration: tune_03
INFO:mylogger:Finished experiment for WESAD dataset, classifier: mlpLstmM, setup: it_02, iteration: tune_03
2023-11-23 13:46:29,769 [INFO] Experiment for WESAD dataset, classifier: mlpLstmM, setup: it_03, iteration: tune_03
INFO:mylogger:Experiment for WESAD dataset, classifier: mlpLstmM, setup: it_03, iteration: tune_03
2023-11-23 13:46:29,771 [INFO] Created model for WESAD dataset, classifier: mlpLstmM, setup: it_03, iteration: tune_03
INFO:mylogger:Created model for WESAD dataset, classifier: mlpLstmM, setup: it_03, iteration: tune_03
2023-11-23 13:46:29,771 [INFO] Fitting model
INFO:mylogger:Fitting model
2023-11-23 13:48:28,197 [INFO] Loading weights and predicting
INFO:mylogger:Loading weights and predicting
2023-11-23 13:48:29,246 [INFO] Fitted model for WESAD dataset, classifier: mlpLstmM, setup: it_03, iteration: tune_03
INFO:mylogger:Fitted model for WESAD dataset, classifier: mlpLstmM, setup: it_03, iteration: tune_03
2023-11-23 13:48:29,247 [INFO] Finished experiment for WESAD dataset, classifier: mlpLstmM, setup: it_03, iteration: tune_03
INFO:mylogger:Finished experiment for WESAD dataset, classifier: mlpLstmM, setup: it_03, iteration: tune_03
2023-11-23 13:48:30,975 [INFO] Experiment for WESAD dataset, classifier: mlpLstmM, setup: it_04, iteration: tune_03
INFO:mylogger:Experiment for WESAD dataset, classifier: mlpLstmM, setup: it_04, iteration: tune_03
2023-11-23 13:48:30,976 [INFO] Created model for WESAD dataset, classifier: mlpLstmM, setup: it_04, iteration: tune_03
INFO:mylogger:Created model for WESAD dataset, classifier: mlpLstmM, setup: it_04, iteration: tune_03
2023-11-23 13:48:30,977 [INFO] Fitting model
INFO:mylogger:Fitting model
2023-11-23 13:50:12,040 [INFO] Loading weights and predicting
INFO:mylogger:Loading weights and predicting
2023-11-23 13:50:12,436 [INFO] Fitted model for WESAD dataset, classifier: mlpLstmM, setup: it_04, iteration: tune_03
INFO:mylogger:Fitted model for WESAD dataset, classifier: mlpLstmM, setup: it_04, iteration: tune_03
2023-11-23 13:50:12,437 [INFO] Finished experiment for WESAD dataset, classifier: mlpLstmM, setup: it_04, iteration: tune_03
INFO:mylogger:Finished experiment for WESAD dataset, classifier: mlpLstmM, setup: it_04, iteration: tune_03
2023-11-23 13:50:12,437 [INFO] GPU 0 was released by mlpLstmM, tune_03.
INFO:mylogger:GPU 0 was released by mlpLstmM, tune_03.
2023-11-23 13:50:12,463 [INFO] GPU 0 was taken for mlpLstmM, tune_04.
INFO:mylogger:GPU 0 was taken for mlpLstmM, tune_04.
2023-11-23 13:50:12,482 [INFO] Experiment for WESAD dataset, classifier: mlpLstmM, setup: it_00, iteration: tune_04
INFO:mylogger:Experiment for WESAD dataset, classifier: mlpLstmM, setup: it_00, iteration: tune_04
2023-11-23 13:50:20,831 [INFO] Created model for WESAD dataset, classifier: mlpLstmM, setup: it_00, iteration: tune_04
INFO:mylogger:Created model for WESAD dataset, classifier: mlpLstmM, setup: it_00, iteration: tune_04
2023-11-23 13:50:20,831 [INFO] Fitting model
INFO:mylogger:Fitting model
2023-11-23 13:56:26,604 [INFO] Loading weights and predicting
INFO:mylogger:Loading weights and predicting
2023-11-23 13:56:28,895 [INFO] Fitted model for WESAD dataset, classifier: mlpLstmM, setup: it_00, iteration: tune_04
INFO:mylogger:Fitted model for WESAD dataset, classifier: mlpLstmM, setup: it_00, iteration: tune_04
2023-11-23 13:56:28,896 [INFO] Finished experiment for WESAD dataset, classifier: mlpLstmM, setup: it_00, iteration: tune_04
INFO:mylogger:Finished experiment for WESAD dataset, classifier: mlpLstmM, setup: it_00, iteration: tune_04
2023-11-23 13:56:30,426 [INFO] Experiment for WESAD dataset, classifier: mlpLstmM, setup: it_01, iteration: tune_04
INFO:mylogger:Experiment for WESAD dataset, classifier: mlpLstmM, setup: it_01, iteration: tune_04
2023-11-23 13:56:30,427 [INFO] Created model for WESAD dataset, classifier: mlpLstmM, setup: it_01, iteration: tune_04
INFO:mylogger:Created model for WESAD dataset, classifier: mlpLstmM, setup: it_01, iteration: tune_04
2023-11-23 13:56:30,427 [INFO] Fitting model
INFO:mylogger:Fitting model
2023-11-23 14:02:57,542 [INFO] Loading weights and predicting
INFO:mylogger:Loading weights and predicting
2023-11-23 14:02:57,927 [INFO] Fitted model for WESAD dataset, classifier: mlpLstmM, setup: it_01, iteration: tune_04
INFO:mylogger:Fitted model for WESAD dataset, classifier: mlpLstmM, setup: it_01, iteration: tune_04
2023-11-23 14:02:57,928 [INFO] Finished experiment for WESAD dataset, classifier: mlpLstmM, setup: it_01, iteration: tune_04
INFO:mylogger:Finished experiment for WESAD dataset, classifier: mlpLstmM, setup: it_01, iteration: tune_04
2023-11-23 14:02:59,427 [INFO] Experiment for WESAD dataset, classifier: mlpLstmM, setup: it_02, iteration: tune_04
INFO:mylogger:Experiment for WESAD dataset, classifier: mlpLstmM, setup: it_02, iteration: tune_04
2023-11-23 14:02:59,428 [INFO] Created model for WESAD dataset, classifier: mlpLstmM, setup: it_02, iteration: tune_04
INFO:mylogger:Created model for WESAD dataset, classifier: mlpLstmM, setup: it_02, iteration: tune_04
2023-11-23 14:02:59,428 [INFO] Fitting model
INFO:mylogger:Fitting model
2023-11-23 14:09:24,112 [INFO] Loading weights and predicting
INFO:mylogger:Loading weights and predicting
2023-11-23 14:09:24,490 [INFO] Fitted model for WESAD dataset, classifier: mlpLstmM, setup: it_02, iteration: tune_04
INFO:mylogger:Fitted model for WESAD dataset, classifier: mlpLstmM, setup: it_02, iteration: tune_04
2023-11-23 14:09:24,491 [INFO] Finished experiment for WESAD dataset, classifier: mlpLstmM, setup: it_02, iteration: tune_04
INFO:mylogger:Finished experiment for WESAD dataset, classifier: mlpLstmM, setup: it_02, iteration: tune_04
2023-11-23 14:09:26,085 [INFO] Experiment for WESAD dataset, classifier: mlpLstmM, setup: it_03, iteration: tune_04
INFO:mylogger:Experiment for WESAD dataset, classifier: mlpLstmM, setup: it_03, iteration: tune_04
2023-11-23 14:09:26,087 [INFO] Created model for WESAD dataset, classifier: mlpLstmM, setup: it_03, iteration: tune_04
INFO:mylogger:Created model for WESAD dataset, classifier: mlpLstmM, setup: it_03, iteration: tune_04
2023-11-23 14:09:26,087 [INFO] Fitting model
INFO:mylogger:Fitting model
2023-11-23 14:15:48,028 [INFO] Loading weights and predicting
INFO:mylogger:Loading weights and predicting
2023-11-23 14:15:48,408 [INFO] Fitted model for WESAD dataset, classifier: mlpLstmM, setup: it_03, iteration: tune_04
INFO:mylogger:Fitted model for WESAD dataset, classifier: mlpLstmM, setup: it_03, iteration: tune_04
2023-11-23 14:15:48,409 [INFO] Finished experiment for WESAD dataset, classifier: mlpLstmM, setup: it_03, iteration: tune_04
INFO:mylogger:Finished experiment for WESAD dataset, classifier: mlpLstmM, setup: it_03, iteration: tune_04
2023-11-23 14:15:49,876 [INFO] Experiment for WESAD dataset, classifier: mlpLstmM, setup: it_04, iteration: tune_04
INFO:mylogger:Experiment for WESAD dataset, classifier: mlpLstmM, setup: it_04, iteration: tune_04
2023-11-23 14:15:49,877 [INFO] Created model for WESAD dataset, classifier: mlpLstmM, setup: it_04, iteration: tune_04
INFO:mylogger:Created model for WESAD dataset, classifier: mlpLstmM, setup: it_04, iteration: tune_04
2023-11-23 14:15:49,877 [INFO] Fitting model
INFO:mylogger:Fitting model
2023-11-23 14:22:11,164 [INFO] Loading weights and predicting
INFO:mylogger:Loading weights and predicting
2023-11-23 14:22:11,538 [INFO] Fitted model for WESAD dataset, classifier: mlpLstmM, setup: it_04, iteration: tune_04
INFO:mylogger:Fitted model for WESAD dataset, classifier: mlpLstmM, setup: it_04, iteration: tune_04
2023-11-23 14:22:11,539 [INFO] Finished experiment for WESAD dataset, classifier: mlpLstmM, setup: it_04, iteration: tune_04
INFO:mylogger:Finished experiment for WESAD dataset, classifier: mlpLstmM, setup: it_04, iteration: tune_04
2023-11-23 14:22:11,539 [INFO] GPU 0 was released by mlpLstmM, tune_04.
INFO:mylogger:GPU 0 was released by mlpLstmM, tune_04.
2023-11-23 14:22:11,567 [INFO] GPU 0 was taken for mlpLstmM, tune_05.
INFO:mylogger:GPU 0 was taken for mlpLstmM, tune_05.
2023-11-23 14:22:11,611 [INFO] Experiment for WESAD dataset, classifier: mlpLstmM, setup: it_00, iteration: tune_05
INFO:mylogger:Experiment for WESAD dataset, classifier: mlpLstmM, setup: it_00, iteration: tune_05
2023-11-23 14:22:17,768 [INFO] Created model for WESAD dataset, classifier: mlpLstmM, setup: it_00, iteration: tune_05
INFO:mylogger:Created model for WESAD dataset, classifier: mlpLstmM, setup: it_00, iteration: tune_05
2023-11-23 14:22:17,768 [INFO] Fitting model
INFO:mylogger:Fitting model
2023-11-23 14:28:28,768 [INFO] Loading weights and predicting
INFO:mylogger:Loading weights and predicting
/u/alkurdi/.conda/envs/TFwesad/lib/python3.8/site-packages/sklearn/metrics/_classification.py:1334: UndefinedMetricWarning: Precision is ill-defined and being set to 0.0 in labels with no predicted samples. Use `zero_division` parameter to control this behavior.
  _warn_prf(average, modifier, msg_start, len(result))

2023-11-23 14:28:30,744 [INFO] Fitted model for WESAD dataset, classifier: mlpLstmM, setup: it_00, iteration: tune_05
INFO:mylogger:Fitted model for WESAD dataset, classifier: mlpLstmM, setup: it_00, iteration: tune_05
2023-11-23 14:28:30,745 [INFO] Finished experiment for WESAD dataset, classifier: mlpLstmM, setup: it_00, iteration: tune_05
INFO:mylogger:Finished experiment for WESAD dataset, classifier: mlpLstmM, setup: it_00, iteration: tune_05
2023-11-23 14:28:31,984 [INFO] Experiment for WESAD dataset, classifier: mlpLstmM, setup: it_01, iteration: tune_05
INFO:mylogger:Experiment for WESAD dataset, classifier: mlpLstmM, setup: it_01, iteration: tune_05
2023-11-23 14:28:31,985 [INFO] Created model for WESAD dataset, classifier: mlpLstmM, setup: it_01, iteration: tune_05
INFO:mylogger:Created model for WESAD dataset, classifier: mlpLstmM, setup: it_01, iteration: tune_05
2023-11-23 14:28:31,985 [INFO] Fitting model
INFO:mylogger:Fitting model
2023-11-23 14:33:26,226 [INFO] Loading weights and predicting
INFO:mylogger:Loading weights and predicting
/u/alkurdi/.conda/envs/TFwesad/lib/python3.8/site-packages/sklearn/metrics/_classification.py:1334: UndefinedMetricWarning: Precision is ill-defined and being set to 0.0 in labels with no predicted samples. Use `zero_division` parameter to control this behavior.
  _warn_prf(average, modifier, msg_start, len(result))

2023-11-23 14:33:26,723 [INFO] Fitted model for WESAD dataset, classifier: mlpLstmM, setup: it_01, iteration: tune_05
INFO:mylogger:Fitted model for WESAD dataset, classifier: mlpLstmM, setup: it_01, iteration: tune_05
2023-11-23 14:33:26,724 [INFO] Finished experiment for WESAD dataset, classifier: mlpLstmM, setup: it_01, iteration: tune_05
INFO:mylogger:Finished experiment for WESAD dataset, classifier: mlpLstmM, setup: it_01, iteration: tune_05
2023-11-23 14:33:27,957 [INFO] Experiment for WESAD dataset, classifier: mlpLstmM, setup: it_02, iteration: tune_05
INFO:mylogger:Experiment for WESAD dataset, classifier: mlpLstmM, setup: it_02, iteration: tune_05
2023-11-23 14:33:27,959 [INFO] Created model for WESAD dataset, classifier: mlpLstmM, setup: it_02, iteration: tune_05
INFO:mylogger:Created model for WESAD dataset, classifier: mlpLstmM, setup: it_02, iteration: tune_05
2023-11-23 14:33:27,959 [INFO] Fitting model
INFO:mylogger:Fitting model
2023-11-23 14:39:11,990 [INFO] Loading weights and predicting
INFO:mylogger:Loading weights and predicting
/u/alkurdi/.conda/envs/TFwesad/lib/python3.8/site-packages/sklearn/metrics/_classification.py:1334: UndefinedMetricWarning: Precision is ill-defined and being set to 0.0 in labels with no predicted samples. Use `zero_division` parameter to control this behavior.
  _warn_prf(average, modifier, msg_start, len(result))

2023-11-23 14:39:12,326 [INFO] Fitted model for WESAD dataset, classifier: mlpLstmM, setup: it_02, iteration: tune_05
INFO:mylogger:Fitted model for WESAD dataset, classifier: mlpLstmM, setup: it_02, iteration: tune_05
2023-11-23 14:39:12,327 [INFO] Finished experiment for WESAD dataset, classifier: mlpLstmM, setup: it_02, iteration: tune_05
INFO:mylogger:Finished experiment for WESAD dataset, classifier: mlpLstmM, setup: it_02, iteration: tune_05
2023-11-23 14:39:13,549 [INFO] Experiment for WESAD dataset, classifier: mlpLstmM, setup: it_03, iteration: tune_05
INFO:mylogger:Experiment for WESAD dataset, classifier: mlpLstmM, setup: it_03, iteration: tune_05
2023-11-23 14:39:13,551 [INFO] Created model for WESAD dataset, classifier: mlpLstmM, setup: it_03, iteration: tune_05
INFO:mylogger:Created model for WESAD dataset, classifier: mlpLstmM, setup: it_03, iteration: tune_05
2023-11-23 14:39:13,551 [INFO] Fitting model
INFO:mylogger:Fitting model
2023-11-23 14:44:10,825 [INFO] Loading weights and predicting
INFO:mylogger:Loading weights and predicting
/u/alkurdi/.conda/envs/TFwesad/lib/python3.8/site-packages/sklearn/metrics/_classification.py:1334: UndefinedMetricWarning: Precision is ill-defined and being set to 0.0 in labels with no predicted samples. Use `zero_division` parameter to control this behavior.
  _warn_prf(average, modifier, msg_start, len(result))

2023-11-23 14:44:11,488 [INFO] Fitted model for WESAD dataset, classifier: mlpLstmM, setup: it_03, iteration: tune_05
INFO:mylogger:Fitted model for WESAD dataset, classifier: mlpLstmM, setup: it_03, iteration: tune_05
2023-11-23 14:44:11,489 [INFO] Finished experiment for WESAD dataset, classifier: mlpLstmM, setup: it_03, iteration: tune_05
INFO:mylogger:Finished experiment for WESAD dataset, classifier: mlpLstmM, setup: it_03, iteration: tune_05
2023-11-23 14:44:12,778 [INFO] Experiment for WESAD dataset, classifier: mlpLstmM, setup: it_04, iteration: tune_05
INFO:mylogger:Experiment for WESAD dataset, classifier: mlpLstmM, setup: it_04, iteration: tune_05
2023-11-23 14:44:12,779 [INFO] Created model for WESAD dataset, classifier: mlpLstmM, setup: it_04, iteration: tune_05
INFO:mylogger:Created model for WESAD dataset, classifier: mlpLstmM, setup: it_04, iteration: tune_05
2023-11-23 14:44:12,780 [INFO] Fitting model
INFO:mylogger:Fitting model
2023-11-23 14:49:06,365 [INFO] Loading weights and predicting
INFO:mylogger:Loading weights and predicting
/u/alkurdi/.conda/envs/TFwesad/lib/python3.8/site-packages/sklearn/metrics/_classification.py:1334: UndefinedMetricWarning: Precision is ill-defined and being set to 0.0 in labels with no predicted samples. Use `zero_division` parameter to control this behavior.
  _warn_prf(average, modifier, msg_start, len(result))

2023-11-23 14:49:06,713 [INFO] Fitted model for WESAD dataset, classifier: mlpLstmM, setup: it_04, iteration: tune_05
INFO:mylogger:Fitted model for WESAD dataset, classifier: mlpLstmM, setup: it_04, iteration: tune_05
2023-11-23 14:49:06,714 [INFO] Finished experiment for WESAD dataset, classifier: mlpLstmM, setup: it_04, iteration: tune_05
INFO:mylogger:Finished experiment for WESAD dataset, classifier: mlpLstmM, setup: it_04, iteration: tune_05
2023-11-23 14:49:06,714 [INFO] GPU 0 was released by mlpLstmM, tune_05.
INFO:mylogger:GPU 0 was released by mlpLstmM, tune_05.
2023-11-23 14:49:06,740 [INFO] GPU 0 was taken for mlpLstmM, tune_06.
INFO:mylogger:GPU 0 was taken for mlpLstmM, tune_06.
2023-11-23 14:49:06,756 [INFO] Experiment for WESAD dataset, classifier: mlpLstmM, setup: it_00, iteration: tune_06
INFO:mylogger:Experiment for WESAD dataset, classifier: mlpLstmM, setup: it_00, iteration: tune_06
2023-11-23 14:49:16,707 [INFO] Created model for WESAD dataset, classifier: mlpLstmM, setup: it_00, iteration: tune_06
INFO:mylogger:Created model for WESAD dataset, classifier: mlpLstmM, setup: it_00, iteration: tune_06
2023-11-23 14:49:16,707 [INFO] Fitting model
INFO:mylogger:Fitting model
2023-11-23 14:50:24,311 [INFO] Loading weights and predicting
INFO:mylogger:Loading weights and predicting
/u/alkurdi/.conda/envs/TFwesad/lib/python3.8/site-packages/sklearn/metrics/_classification.py:1334: UndefinedMetricWarning: Precision is ill-defined and being set to 0.0 in labels with no predicted samples. Use `zero_division` parameter to control this behavior.
  _warn_prf(average, modifier, msg_start, len(result))

2023-11-23 14:50:27,725 [INFO] Fitted model for WESAD dataset, classifier: mlpLstmM, setup: it_00, iteration: tune_06
INFO:mylogger:Fitted model for WESAD dataset, classifier: mlpLstmM, setup: it_00, iteration: tune_06
2023-11-23 14:50:27,727 [INFO] Finished experiment for WESAD dataset, classifier: mlpLstmM, setup: it_00, iteration: tune_06
INFO:mylogger:Finished experiment for WESAD dataset, classifier: mlpLstmM, setup: it_00, iteration: tune_06
2023-11-23 14:50:29,429 [INFO] Experiment for WESAD dataset, classifier: mlpLstmM, setup: it_01, iteration: tune_06
INFO:mylogger:Experiment for WESAD dataset, classifier: mlpLstmM, setup: it_01, iteration: tune_06
2023-11-23 14:50:29,431 [INFO] Created model for WESAD dataset, classifier: mlpLstmM, setup: it_01, iteration: tune_06
INFO:mylogger:Created model for WESAD dataset, classifier: mlpLstmM, setup: it_01, iteration: tune_06
2023-11-23 14:50:29,431 [INFO] Fitting model
INFO:mylogger:Fitting model
2023-11-23 14:51:12,139 [INFO] Loading weights and predicting
INFO:mylogger:Loading weights and predicting
/u/alkurdi/.conda/envs/TFwesad/lib/python3.8/site-packages/sklearn/metrics/_classification.py:1334: UndefinedMetricWarning: Precision is ill-defined and being set to 0.0 in labels with no predicted samples. Use `zero_division` parameter to control this behavior.
  _warn_prf(average, modifier, msg_start, len(result))

2023-11-23 14:51:13,145 [INFO] Fitted model for WESAD dataset, classifier: mlpLstmM, setup: it_01, iteration: tune_06
INFO:mylogger:Fitted model for WESAD dataset, classifier: mlpLstmM, setup: it_01, iteration: tune_06
2023-11-23 14:51:13,147 [INFO] Finished experiment for WESAD dataset, classifier: mlpLstmM, setup: it_01, iteration: tune_06
INFO:mylogger:Finished experiment for WESAD dataset, classifier: mlpLstmM, setup: it_01, iteration: tune_06
2023-11-23 14:51:14,827 [INFO] Experiment for WESAD dataset, classifier: mlpLstmM, setup: it_02, iteration: tune_06
INFO:mylogger:Experiment for WESAD dataset, classifier: mlpLstmM, setup: it_02, iteration: tune_06
2023-11-23 14:51:14,828 [INFO] Created model for WESAD dataset, classifier: mlpLstmM, setup: it_02, iteration: tune_06
INFO:mylogger:Created model for WESAD dataset, classifier: mlpLstmM, setup: it_02, iteration: tune_06
2023-11-23 14:51:14,828 [INFO] Fitting model
INFO:mylogger:Fitting model
2023-11-23 14:51:57,204 [INFO] Loading weights and predicting
INFO:mylogger:Loading weights and predicting
/u/alkurdi/.conda/envs/TFwesad/lib/python3.8/site-packages/sklearn/metrics/_classification.py:1334: UndefinedMetricWarning: Precision is ill-defined and being set to 0.0 in labels with no predicted samples. Use `zero_division` parameter to control this behavior.
  _warn_prf(average, modifier, msg_start, len(result))

2023-11-23 14:51:58,334 [INFO] Fitted model for WESAD dataset, classifier: mlpLstmM, setup: it_02, iteration: tune_06
INFO:mylogger:Fitted model for WESAD dataset, classifier: mlpLstmM, setup: it_02, iteration: tune_06
2023-11-23 14:51:58,336 [INFO] Finished experiment for WESAD dataset, classifier: mlpLstmM, setup: it_02, iteration: tune_06
INFO:mylogger:Finished experiment for WESAD dataset, classifier: mlpLstmM, setup: it_02, iteration: tune_06
2023-11-23 14:52:00,003 [INFO] Experiment for WESAD dataset, classifier: mlpLstmM, setup: it_03, iteration: tune_06
INFO:mylogger:Experiment for WESAD dataset, classifier: mlpLstmM, setup: it_03, iteration: tune_06
2023-11-23 14:52:00,005 [INFO] Created model for WESAD dataset, classifier: mlpLstmM, setup: it_03, iteration: tune_06
INFO:mylogger:Created model for WESAD dataset, classifier: mlpLstmM, setup: it_03, iteration: tune_06
2023-11-23 14:52:00,005 [INFO] Fitting model
INFO:mylogger:Fitting model
2023-11-23 14:52:42,385 [INFO] Loading weights and predicting
INFO:mylogger:Loading weights and predicting
/u/alkurdi/.conda/envs/TFwesad/lib/python3.8/site-packages/sklearn/metrics/_classification.py:1334: UndefinedMetricWarning: Precision is ill-defined and being set to 0.0 in labels with no predicted samples. Use `zero_division` parameter to control this behavior.
  _warn_prf(average, modifier, msg_start, len(result))

2023-11-23 14:52:43,358 [INFO] Fitted model for WESAD dataset, classifier: mlpLstmM, setup: it_03, iteration: tune_06
INFO:mylogger:Fitted model for WESAD dataset, classifier: mlpLstmM, setup: it_03, iteration: tune_06
2023-11-23 14:52:43,362 [INFO] Finished experiment for WESAD dataset, classifier: mlpLstmM, setup: it_03, iteration: tune_06
INFO:mylogger:Finished experiment for WESAD dataset, classifier: mlpLstmM, setup: it_03, iteration: tune_06
2023-11-23 14:52:45,085 [INFO] Experiment for WESAD dataset, classifier: mlpLstmM, setup: it_04, iteration: tune_06
INFO:mylogger:Experiment for WESAD dataset, classifier: mlpLstmM, setup: it_04, iteration: tune_06
2023-11-23 14:52:45,086 [INFO] Created model for WESAD dataset, classifier: mlpLstmM, setup: it_04, iteration: tune_06
INFO:mylogger:Created model for WESAD dataset, classifier: mlpLstmM, setup: it_04, iteration: tune_06
2023-11-23 14:52:45,086 [INFO] Fitting model
INFO:mylogger:Fitting model
2023-11-23 14:53:27,485 [INFO] Loading weights and predicting
INFO:mylogger:Loading weights and predicting
/u/alkurdi/.conda/envs/TFwesad/lib/python3.8/site-packages/sklearn/metrics/_classification.py:1334: UndefinedMetricWarning: Precision is ill-defined and being set to 0.0 in labels with no predicted samples. Use `zero_division` parameter to control this behavior.
  _warn_prf(average, modifier, msg_start, len(result))

2023-11-23 14:53:28,463 [INFO] Fitted model for WESAD dataset, classifier: mlpLstmM, setup: it_04, iteration: tune_06
INFO:mylogger:Fitted model for WESAD dataset, classifier: mlpLstmM, setup: it_04, iteration: tune_06
2023-11-23 14:53:28,463 [INFO] Finished experiment for WESAD dataset, classifier: mlpLstmM, setup: it_04, iteration: tune_06
INFO:mylogger:Finished experiment for WESAD dataset, classifier: mlpLstmM, setup: it_04, iteration: tune_06
2023-11-23 14:53:28,464 [INFO] GPU 0 was released by mlpLstmM, tune_06.
INFO:mylogger:GPU 0 was released by mlpLstmM, tune_06.
2023-11-23 14:53:28,489 [INFO] GPU 0 was taken for mlpLstmM, tune_07.
INFO:mylogger:GPU 0 was taken for mlpLstmM, tune_07.
2023-11-23 14:53:28,503 [INFO] Experiment for WESAD dataset, classifier: mlpLstmM, setup: it_00, iteration: tune_07
INFO:mylogger:Experiment for WESAD dataset, classifier: mlpLstmM, setup: it_00, iteration: tune_07
2023-11-23 14:53:33,371 [INFO] Created model for WESAD dataset, classifier: mlpLstmM, setup: it_00, iteration: tune_07
INFO:mylogger:Created model for WESAD dataset, classifier: mlpLstmM, setup: it_00, iteration: tune_07
2023-11-23 14:53:33,372 [INFO] Fitting model
INFO:mylogger:Fitting model
2023-11-23 14:54:56,156 [INFO] Loading weights and predicting
INFO:mylogger:Loading weights and predicting
2023-11-23 14:54:58,401 [INFO] Fitted model for WESAD dataset, classifier: mlpLstmM, setup: it_00, iteration: tune_07
INFO:mylogger:Fitted model for WESAD dataset, classifier: mlpLstmM, setup: it_00, iteration: tune_07
2023-11-23 14:54:58,402 [INFO] Finished experiment for WESAD dataset, classifier: mlpLstmM, setup: it_00, iteration: tune_07
INFO:mylogger:Finished experiment for WESAD dataset, classifier: mlpLstmM, setup: it_00, iteration: tune_07
2023-11-23 14:54:59,726 [INFO] Experiment for WESAD dataset, classifier: mlpLstmM, setup: it_01, iteration: tune_07
INFO:mylogger:Experiment for WESAD dataset, classifier: mlpLstmM, setup: it_01, iteration: tune_07
2023-11-23 14:54:59,727 [INFO] Created model for WESAD dataset, classifier: mlpLstmM, setup: it_01, iteration: tune_07
INFO:mylogger:Created model for WESAD dataset, classifier: mlpLstmM, setup: it_01, iteration: tune_07
2023-11-23 14:54:59,727 [INFO] Fitting model
INFO:mylogger:Fitting model
2023-11-23 14:56:01,285 [INFO] Loading weights and predicting
INFO:mylogger:Loading weights and predicting
2023-11-23 14:56:01,609 [INFO] Fitted model for WESAD dataset, classifier: mlpLstmM, setup: it_01, iteration: tune_07
INFO:mylogger:Fitted model for WESAD dataset, classifier: mlpLstmM, setup: it_01, iteration: tune_07
2023-11-23 14:56:01,609 [INFO] Finished experiment for WESAD dataset, classifier: mlpLstmM, setup: it_01, iteration: tune_07
INFO:mylogger:Finished experiment for WESAD dataset, classifier: mlpLstmM, setup: it_01, iteration: tune_07
2023-11-23 14:56:02,926 [INFO] Experiment for WESAD dataset, classifier: mlpLstmM, setup: it_02, iteration: tune_07
INFO:mylogger:Experiment for WESAD dataset, classifier: mlpLstmM, setup: it_02, iteration: tune_07
2023-11-23 14:56:02,927 [INFO] Created model for WESAD dataset, classifier: mlpLstmM, setup: it_02, iteration: tune_07
INFO:mylogger:Created model for WESAD dataset, classifier: mlpLstmM, setup: it_02, iteration: tune_07
2023-11-23 14:56:02,927 [INFO] Fitting model
INFO:mylogger:Fitting model
2023-11-23 14:56:58,572 [INFO] Loading weights and predicting
INFO:mylogger:Loading weights and predicting
2023-11-23 14:56:58,894 [INFO] Fitted model for WESAD dataset, classifier: mlpLstmM, setup: it_02, iteration: tune_07
INFO:mylogger:Fitted model for WESAD dataset, classifier: mlpLstmM, setup: it_02, iteration: tune_07
2023-11-23 14:56:58,895 [INFO] Finished experiment for WESAD dataset, classifier: mlpLstmM, setup: it_02, iteration: tune_07
INFO:mylogger:Finished experiment for WESAD dataset, classifier: mlpLstmM, setup: it_02, iteration: tune_07
2023-11-23 14:57:00,199 [INFO] Experiment for WESAD dataset, classifier: mlpLstmM, setup: it_03, iteration: tune_07
INFO:mylogger:Experiment for WESAD dataset, classifier: mlpLstmM, setup: it_03, iteration: tune_07
2023-11-23 14:57:00,200 [INFO] Created model for WESAD dataset, classifier: mlpLstmM, setup: it_03, iteration: tune_07
INFO:mylogger:Created model for WESAD dataset, classifier: mlpLstmM, setup: it_03, iteration: tune_07
2023-11-23 14:57:00,201 [INFO] Fitting model
INFO:mylogger:Fitting model
2023-11-23 14:57:53,321 [INFO] Loading weights and predicting
INFO:mylogger:Loading weights and predicting
2023-11-23 14:57:53,660 [INFO] Fitted model for WESAD dataset, classifier: mlpLstmM, setup: it_03, iteration: tune_07
INFO:mylogger:Fitted model for WESAD dataset, classifier: mlpLstmM, setup: it_03, iteration: tune_07
2023-11-23 14:57:53,660 [INFO] Finished experiment for WESAD dataset, classifier: mlpLstmM, setup: it_03, iteration: tune_07
INFO:mylogger:Finished experiment for WESAD dataset, classifier: mlpLstmM, setup: it_03, iteration: tune_07
2023-11-23 14:57:54,968 [INFO] Experiment for WESAD dataset, classifier: mlpLstmM, setup: it_04, iteration: tune_07
INFO:mylogger:Experiment for WESAD dataset, classifier: mlpLstmM, setup: it_04, iteration: tune_07
2023-11-23 14:57:54,970 [INFO] Created model for WESAD dataset, classifier: mlpLstmM, setup: it_04, iteration: tune_07
INFO:mylogger:Created model for WESAD dataset, classifier: mlpLstmM, setup: it_04, iteration: tune_07
2023-11-23 14:57:54,970 [INFO] Fitting model
INFO:mylogger:Fitting model
2023-11-23 14:58:52,458 [INFO] Loading weights and predicting
INFO:mylogger:Loading weights and predicting
2023-11-23 14:58:52,784 [INFO] Fitted model for WESAD dataset, classifier: mlpLstmM, setup: it_04, iteration: tune_07
INFO:mylogger:Fitted model for WESAD dataset, classifier: mlpLstmM, setup: it_04, iteration: tune_07
2023-11-23 14:58:52,784 [INFO] Finished experiment for WESAD dataset, classifier: mlpLstmM, setup: it_04, iteration: tune_07
INFO:mylogger:Finished experiment for WESAD dataset, classifier: mlpLstmM, setup: it_04, iteration: tune_07
2023-11-23 14:58:52,785 [INFO] GPU 0 was released by mlpLstmM, tune_07.
INFO:mylogger:GPU 0 was released by mlpLstmM, tune_07.
Done
Thu Nov 23 14:58:58 CST 2023
