
Currently Loaded Modules:
  1) cue-login-env/1.0   7) default           13) libxcrypt/4.4.35
  2) gcc/11.2.0          8) libmd/1.0.4       14) zlib-ng/2.1.3
  3) ucx/1.11.2          9) libbsd/0.11.7     15) openssl/3.1.3
  4) openmpi/4.1.2      10) expat/2.5.0       16) util-linux-uuid/2.38.1
  5) cuda/11.6.1        11) gettext/0.19.8.1  17) xz/5.2.4
  6) modtree/gpu        12) libffi/3.4.4      18) python/3.11.6

 

job is starting on gpub079.delta.ncsa.illinois.edu
dataset=wesad
clas=mcdcnnM
max_eval=7
i_fold=04
CUDA_VISIBLE_DEVICES=0
 
 ******************************
 ******* i_fold=04 *******
 ******************************
 
Thu Nov 23 20:32:40 CST 2023
WARNING:tensorflow:Deprecation warnings have been disabled. Set TF_ENABLE_DEPRECATION_WARNINGS=1 to re-enable them.
WARNING:root:Limited tf.compat.v2.summary API due to missing TensorBoard installation.
Using TensorFlow backend.
2023-11-23 20:32:44,795 [INFO] Loading data for subjects [17, 10, 11] and channels (0, 1, 2, 3, 4, 5, 6, 7, 8, 9, 10)
INFO:mylogger:Loading data for subjects [17, 10, 11] and channels (0, 1, 2, 3, 4, 5, 6, 7, 8, 9, 10)
2023-11-23 20:32:44,826 [INFO] Finished loading data for subjects [17, 10, 11] and channels (0, 1, 2, 3, 4, 5, 6, 7, 8, 9, 10)
INFO:mylogger:Finished loading data for subjects [17, 10, 11] and channels (0, 1, 2, 3, 4, 5, 6, 7, 8, 9, 10)
2023-11-23 20:32:44,826 [INFO] Loading data for subjects [9, 16, 5] and channels (0, 1, 2, 3, 4, 5, 6, 7, 8, 9, 10)
INFO:mylogger:Loading data for subjects [9, 16, 5] and channels (0, 1, 2, 3, 4, 5, 6, 7, 8, 9, 10)
2023-11-23 20:32:44,853 [INFO] Finished loading data for subjects [9, 16, 5] and channels (0, 1, 2, 3, 4, 5, 6, 7, 8, 9, 10)
INFO:mylogger:Finished loading data for subjects [9, 16, 5] and channels (0, 1, 2, 3, 4, 5, 6, 7, 8, 9, 10)
2023-11-23 20:32:44,854 [INFO] Loading data for subjects [4, 15, 3, 8, 2, 13, 7, 14, 6] and channels (0, 1, 2, 3, 4, 5, 6, 7, 8, 9, 10)
INFO:mylogger:Loading data for subjects [4, 15, 3, 8, 2, 13, 7, 14, 6] and channels (0, 1, 2, 3, 4, 5, 6, 7, 8, 9, 10)
2023-11-23 20:32:44,933 [INFO] Finished loading data for subjects [4, 15, 3, 8, 2, 13, 7, 14, 6] and channels (0, 1, 2, 3, 4, 5, 6, 7, 8, 9, 10)
INFO:mylogger:Finished loading data for subjects [4, 15, 3, 8, 2, 13, 7, 14, 6] and channels (0, 1, 2, 3, 4, 5, 6, 7, 8, 9, 10)
2023-11-23 20:32:44,956 [INFO] Loading data for subjects [17, 10, 11] and channels (0, 1, 2, 3, 4, 5, 6, 7, 8, 9, 10)
INFO:mylogger:Loading data for subjects [17, 10, 11] and channels (0, 1, 2, 3, 4, 5, 6, 7, 8, 9, 10)
2023-11-23 20:32:44,978 [INFO] Finished loading data for subjects [17, 10, 11] and channels (0, 1, 2, 3, 4, 5, 6, 7, 8, 9, 10)
INFO:mylogger:Finished loading data for subjects [17, 10, 11] and channels (0, 1, 2, 3, 4, 5, 6, 7, 8, 9, 10)
2023-11-23 20:32:44,979 [INFO] Loading data for subjects [9, 16, 5] and channels (0, 1, 2, 3, 4, 5, 6, 7, 8, 9, 10)
INFO:mylogger:Loading data for subjects [9, 16, 5] and channels (0, 1, 2, 3, 4, 5, 6, 7, 8, 9, 10)
2023-11-23 20:32:45,000 [INFO] Finished loading data for subjects [9, 16, 5] and channels (0, 1, 2, 3, 4, 5, 6, 7, 8, 9, 10)
INFO:mylogger:Finished loading data for subjects [9, 16, 5] and channels (0, 1, 2, 3, 4, 5, 6, 7, 8, 9, 10)
2023-11-23 20:32:45,001 [INFO] Loading data for subjects [4, 15, 3, 8, 2, 13, 7, 14, 6] and channels (0, 1, 2, 3, 4, 5, 6, 7, 8, 9, 10)
INFO:mylogger:Loading data for subjects [4, 15, 3, 8, 2, 13, 7, 14, 6] and channels (0, 1, 2, 3, 4, 5, 6, 7, 8, 9, 10)
2023-11-23 20:32:45,075 [INFO] Finished loading data for subjects [4, 15, 3, 8, 2, 13, 7, 14, 6] and channels (0, 1, 2, 3, 4, 5, 6, 7, 8, 9, 10)
INFO:mylogger:Finished loading data for subjects [4, 15, 3, 8, 2, 13, 7, 14, 6] and channels (0, 1, 2, 3, 4, 5, 6, 7, 8, 9, 10)
2023-11-23 20:32:45,097 [INFO] Loading data for subjects [17, 10, 11] and channels (0, 1, 2, 3, 4, 5, 6, 7, 8, 9, 10)
INFO:mylogger:Loading data for subjects [17, 10, 11] and channels (0, 1, 2, 3, 4, 5, 6, 7, 8, 9, 10)
2023-11-23 20:32:45,119 [INFO] Finished loading data for subjects [17, 10, 11] and channels (0, 1, 2, 3, 4, 5, 6, 7, 8, 9, 10)
INFO:mylogger:Finished loading data for subjects [17, 10, 11] and channels (0, 1, 2, 3, 4, 5, 6, 7, 8, 9, 10)
2023-11-23 20:32:45,119 [INFO] Loading data for subjects [9, 16, 5] and channels (0, 1, 2, 3, 4, 5, 6, 7, 8, 9, 10)
INFO:mylogger:Loading data for subjects [9, 16, 5] and channels (0, 1, 2, 3, 4, 5, 6, 7, 8, 9, 10)
2023-11-23 20:32:45,140 [INFO] Finished loading data for subjects [9, 16, 5] and channels (0, 1, 2, 3, 4, 5, 6, 7, 8, 9, 10)
INFO:mylogger:Finished loading data for subjects [9, 16, 5] and channels (0, 1, 2, 3, 4, 5, 6, 7, 8, 9, 10)
2023-11-23 20:32:45,140 [INFO] Loading data for subjects [4, 15, 3, 8, 2, 13, 7, 14, 6] and channels (0, 1, 2, 3, 4, 5, 6, 7, 8, 9, 10)
INFO:mylogger:Loading data for subjects [4, 15, 3, 8, 2, 13, 7, 14, 6] and channels (0, 1, 2, 3, 4, 5, 6, 7, 8, 9, 10)
2023-11-23 20:32:45,211 [INFO] Finished loading data for subjects [4, 15, 3, 8, 2, 13, 7, 14, 6] and channels (0, 1, 2, 3, 4, 5, 6, 7, 8, 9, 10)
INFO:mylogger:Finished loading data for subjects [4, 15, 3, 8, 2, 13, 7, 14, 6] and channels (0, 1, 2, 3, 4, 5, 6, 7, 8, 9, 10)
2023-11-23 20:32:45,233 [INFO] Loading data for subjects [17, 10, 11] and channels (0, 1, 2, 3, 4, 5, 6, 7, 8, 9, 10)
INFO:mylogger:Loading data for subjects [17, 10, 11] and channels (0, 1, 2, 3, 4, 5, 6, 7, 8, 9, 10)
2023-11-23 20:32:45,256 [INFO] Finished loading data for subjects [17, 10, 11] and channels (0, 1, 2, 3, 4, 5, 6, 7, 8, 9, 10)
INFO:mylogger:Finished loading data for subjects [17, 10, 11] and channels (0, 1, 2, 3, 4, 5, 6, 7, 8, 9, 10)
2023-11-23 20:32:45,256 [INFO] Loading data for subjects [9, 16, 5] and channels (0, 1, 2, 3, 4, 5, 6, 7, 8, 9, 10)
INFO:mylogger:Loading data for subjects [9, 16, 5] and channels (0, 1, 2, 3, 4, 5, 6, 7, 8, 9, 10)
2023-11-23 20:32:45,278 [INFO] Finished loading data for subjects [9, 16, 5] and channels (0, 1, 2, 3, 4, 5, 6, 7, 8, 9, 10)
INFO:mylogger:Finished loading data for subjects [9, 16, 5] and channels (0, 1, 2, 3, 4, 5, 6, 7, 8, 9, 10)
2023-11-23 20:32:45,278 [INFO] Loading data for subjects [4, 15, 3, 8, 2, 13, 7, 14, 6] and channels (0, 1, 2, 3, 4, 5, 6, 7, 8, 9, 10)
INFO:mylogger:Loading data for subjects [4, 15, 3, 8, 2, 13, 7, 14, 6] and channels (0, 1, 2, 3, 4, 5, 6, 7, 8, 9, 10)
2023-11-23 20:32:45,348 [INFO] Finished loading data for subjects [4, 15, 3, 8, 2, 13, 7, 14, 6] and channels (0, 1, 2, 3, 4, 5, 6, 7, 8, 9, 10)
INFO:mylogger:Finished loading data for subjects [4, 15, 3, 8, 2, 13, 7, 14, 6] and channels (0, 1, 2, 3, 4, 5, 6, 7, 8, 9, 10)
2023-11-23 20:32:45,370 [INFO] Loading data for subjects [17, 10, 11] and channels (0, 1, 2, 3, 4, 5, 6, 7, 8, 9, 10)
INFO:mylogger:Loading data for subjects [17, 10, 11] and channels (0, 1, 2, 3, 4, 5, 6, 7, 8, 9, 10)
2023-11-23 20:32:45,392 [INFO] Finished loading data for subjects [17, 10, 11] and channels (0, 1, 2, 3, 4, 5, 6, 7, 8, 9, 10)
INFO:mylogger:Finished loading data for subjects [17, 10, 11] and channels (0, 1, 2, 3, 4, 5, 6, 7, 8, 9, 10)
2023-11-23 20:32:45,392 [INFO] Loading data for subjects [9, 16, 5] and channels (0, 1, 2, 3, 4, 5, 6, 7, 8, 9, 10)
INFO:mylogger:Loading data for subjects [9, 16, 5] and channels (0, 1, 2, 3, 4, 5, 6, 7, 8, 9, 10)
2023-11-23 20:32:45,414 [INFO] Finished loading data for subjects [9, 16, 5] and channels (0, 1, 2, 3, 4, 5, 6, 7, 8, 9, 10)
INFO:mylogger:Finished loading data for subjects [9, 16, 5] and channels (0, 1, 2, 3, 4, 5, 6, 7, 8, 9, 10)
2023-11-23 20:32:45,414 [INFO] Loading data for subjects [4, 15, 3, 8, 2, 13, 7, 14, 6] and channels (0, 1, 2, 3, 4, 5, 6, 7, 8, 9, 10)
INFO:mylogger:Loading data for subjects [4, 15, 3, 8, 2, 13, 7, 14, 6] and channels (0, 1, 2, 3, 4, 5, 6, 7, 8, 9, 10)
2023-11-23 20:32:45,481 [INFO] Finished loading data for subjects [4, 15, 3, 8, 2, 13, 7, 14, 6] and channels (0, 1, 2, 3, 4, 5, 6, 7, 8, 9, 10)
INFO:mylogger:Finished loading data for subjects [4, 15, 3, 8, 2, 13, 7, 14, 6] and channels (0, 1, 2, 3, 4, 5, 6, 7, 8, 9, 10)
2023-11-23 20:32:45,506 [INFO] Tuning of mcdcnnM, max_evals: 7
INFO:mylogger:Tuning of mcdcnnM, max_evals: 7
Done
Thu Nov 23 20:32:45 CST 2023
