
Currently Loaded Modules:
  1) cue-login-env/1.0   3) ucx/1.11.2      5) cuda/11.6.1   7) default
  2) gcc/11.2.0          4) openmpi/4.1.2   6) modtree/gpu

 

job is starting on gpub029.delta.ncsa.illinois.edu
dataset=wesad
clas=mlpM
max_eval=1
CUDA_VISIBLE_DEVICES=0
 
 ******************************
 ******* i_fold=00 *******
 ******************************
 
Thu Nov 23 13:08:05 CST 2023
WARNING:tensorflow:Deprecation warnings have been disabled. Set TF_ENABLE_DEPRECATION_WARNINGS=1 to re-enable them.
WARNING:root:Limited tf.compat.v2.summary API due to missing TensorBoard installation.
Using TensorFlow backend.
2023-11-23 13:09:01,450 [INFO] Loading data for subjects [4, 3, 13] and channels (0, 1, 2, 3, 4, 5, 6, 7, 8, 9, 10)
INFO:mylogger:Loading data for subjects [4, 3, 13] and channels (0, 1, 2, 3, 4, 5, 6, 7, 8, 9, 10)
2023-11-23 13:09:01,529 [INFO] Finished loading data for subjects [4, 3, 13] and channels (0, 1, 2, 3, 4, 5, 6, 7, 8, 9, 10)
INFO:mylogger:Finished loading data for subjects [4, 3, 13] and channels (0, 1, 2, 3, 4, 5, 6, 7, 8, 9, 10)
2023-11-23 13:09:01,529 [INFO] Loading data for subjects [10, 17, 2] and channels (0, 1, 2, 3, 4, 5, 6, 7, 8, 9, 10)
INFO:mylogger:Loading data for subjects [10, 17, 2] and channels (0, 1, 2, 3, 4, 5, 6, 7, 8, 9, 10)
2023-11-23 13:09:01,601 [INFO] Finished loading data for subjects [10, 17, 2] and channels (0, 1, 2, 3, 4, 5, 6, 7, 8, 9, 10)
INFO:mylogger:Finished loading data for subjects [10, 17, 2] and channels (0, 1, 2, 3, 4, 5, 6, 7, 8, 9, 10)
2023-11-23 13:09:01,601 [INFO] Loading data for subjects [5, 16, 15, 8, 9, 7, 14, 6, 11] and channels (0, 1, 2, 3, 4, 5, 6, 7, 8, 9, 10)
INFO:mylogger:Loading data for subjects [5, 16, 15, 8, 9, 7, 14, 6, 11] and channels (0, 1, 2, 3, 4, 5, 6, 7, 8, 9, 10)
2023-11-23 13:09:01,811 [INFO] Finished loading data for subjects [5, 16, 15, 8, 9, 7, 14, 6, 11] and channels (0, 1, 2, 3, 4, 5, 6, 7, 8, 9, 10)
INFO:mylogger:Finished loading data for subjects [5, 16, 15, 8, 9, 7, 14, 6, 11] and channels (0, 1, 2, 3, 4, 5, 6, 7, 8, 9, 10)
2023-11-23 13:09:01,943 [INFO] Loading data for subjects [4, 3, 13] and channels (0, 1, 2, 3, 4, 5, 6, 7, 8, 9, 10)
INFO:mylogger:Loading data for subjects [4, 3, 13] and channels (0, 1, 2, 3, 4, 5, 6, 7, 8, 9, 10)
2023-11-23 13:09:01,968 [INFO] Finished loading data for subjects [4, 3, 13] and channels (0, 1, 2, 3, 4, 5, 6, 7, 8, 9, 10)
INFO:mylogger:Finished loading data for subjects [4, 3, 13] and channels (0, 1, 2, 3, 4, 5, 6, 7, 8, 9, 10)
2023-11-23 13:09:01,968 [INFO] Loading data for subjects [10, 17, 2] and channels (0, 1, 2, 3, 4, 5, 6, 7, 8, 9, 10)
INFO:mylogger:Loading data for subjects [10, 17, 2] and channels (0, 1, 2, 3, 4, 5, 6, 7, 8, 9, 10)
2023-11-23 13:09:01,993 [INFO] Finished loading data for subjects [10, 17, 2] and channels (0, 1, 2, 3, 4, 5, 6, 7, 8, 9, 10)
INFO:mylogger:Finished loading data for subjects [10, 17, 2] and channels (0, 1, 2, 3, 4, 5, 6, 7, 8, 9, 10)
2023-11-23 13:09:01,993 [INFO] Loading data for subjects [5, 16, 15, 8, 9, 7, 14, 6, 11] and channels (0, 1, 2, 3, 4, 5, 6, 7, 8, 9, 10)
INFO:mylogger:Loading data for subjects [5, 16, 15, 8, 9, 7, 14, 6, 11] and channels (0, 1, 2, 3, 4, 5, 6, 7, 8, 9, 10)
2023-11-23 13:09:02,073 [INFO] Finished loading data for subjects [5, 16, 15, 8, 9, 7, 14, 6, 11] and channels (0, 1, 2, 3, 4, 5, 6, 7, 8, 9, 10)
INFO:mylogger:Finished loading data for subjects [5, 16, 15, 8, 9, 7, 14, 6, 11] and channels (0, 1, 2, 3, 4, 5, 6, 7, 8, 9, 10)
2023-11-23 13:09:02,107 [INFO] Loading data for subjects [4, 3, 13] and channels (0, 1, 2, 3, 4, 5, 6, 7, 8, 9, 10)
INFO:mylogger:Loading data for subjects [4, 3, 13] and channels (0, 1, 2, 3, 4, 5, 6, 7, 8, 9, 10)
2023-11-23 13:09:02,132 [INFO] Finished loading data for subjects [4, 3, 13] and channels (0, 1, 2, 3, 4, 5, 6, 7, 8, 9, 10)
INFO:mylogger:Finished loading data for subjects [4, 3, 13] and channels (0, 1, 2, 3, 4, 5, 6, 7, 8, 9, 10)
2023-11-23 13:09:02,132 [INFO] Loading data for subjects [10, 17, 2] and channels (0, 1, 2, 3, 4, 5, 6, 7, 8, 9, 10)
INFO:mylogger:Loading data for subjects [10, 17, 2] and channels (0, 1, 2, 3, 4, 5, 6, 7, 8, 9, 10)
2023-11-23 13:09:02,153 [INFO] Finished loading data for subjects [10, 17, 2] and channels (0, 1, 2, 3, 4, 5, 6, 7, 8, 9, 10)
INFO:mylogger:Finished loading data for subjects [10, 17, 2] and channels (0, 1, 2, 3, 4, 5, 6, 7, 8, 9, 10)
2023-11-23 13:09:02,154 [INFO] Loading data for subjects [5, 16, 15, 8, 9, 7, 14, 6, 11] and channels (0, 1, 2, 3, 4, 5, 6, 7, 8, 9, 10)
INFO:mylogger:Loading data for subjects [5, 16, 15, 8, 9, 7, 14, 6, 11] and channels (0, 1, 2, 3, 4, 5, 6, 7, 8, 9, 10)
2023-11-23 13:09:02,233 [INFO] Finished loading data for subjects [5, 16, 15, 8, 9, 7, 14, 6, 11] and channels (0, 1, 2, 3, 4, 5, 6, 7, 8, 9, 10)
INFO:mylogger:Finished loading data for subjects [5, 16, 15, 8, 9, 7, 14, 6, 11] and channels (0, 1, 2, 3, 4, 5, 6, 7, 8, 9, 10)
2023-11-23 13:09:02,268 [INFO] Loading data for subjects [4, 3, 13] and channels (0, 1, 2, 3, 4, 5, 6, 7, 8, 9, 10)
INFO:mylogger:Loading data for subjects [4, 3, 13] and channels (0, 1, 2, 3, 4, 5, 6, 7, 8, 9, 10)
2023-11-23 13:09:02,291 [INFO] Finished loading data for subjects [4, 3, 13] and channels (0, 1, 2, 3, 4, 5, 6, 7, 8, 9, 10)
INFO:mylogger:Finished loading data for subjects [4, 3, 13] and channels (0, 1, 2, 3, 4, 5, 6, 7, 8, 9, 10)
2023-11-23 13:09:02,291 [INFO] Loading data for subjects [10, 17, 2] and channels (0, 1, 2, 3, 4, 5, 6, 7, 8, 9, 10)
INFO:mylogger:Loading data for subjects [10, 17, 2] and channels (0, 1, 2, 3, 4, 5, 6, 7, 8, 9, 10)
2023-11-23 13:09:02,311 [INFO] Finished loading data for subjects [10, 17, 2] and channels (0, 1, 2, 3, 4, 5, 6, 7, 8, 9, 10)
INFO:mylogger:Finished loading data for subjects [10, 17, 2] and channels (0, 1, 2, 3, 4, 5, 6, 7, 8, 9, 10)
2023-11-23 13:09:02,311 [INFO] Loading data for subjects [5, 16, 15, 8, 9, 7, 14, 6, 11] and channels (0, 1, 2, 3, 4, 5, 6, 7, 8, 9, 10)
INFO:mylogger:Loading data for subjects [5, 16, 15, 8, 9, 7, 14, 6, 11] and channels (0, 1, 2, 3, 4, 5, 6, 7, 8, 9, 10)
2023-11-23 13:09:02,385 [INFO] Finished loading data for subjects [5, 16, 15, 8, 9, 7, 14, 6, 11] and channels (0, 1, 2, 3, 4, 5, 6, 7, 8, 9, 10)
INFO:mylogger:Finished loading data for subjects [5, 16, 15, 8, 9, 7, 14, 6, 11] and channels (0, 1, 2, 3, 4, 5, 6, 7, 8, 9, 10)
2023-11-23 13:09:02,419 [INFO] Loading data for subjects [4, 3, 13] and channels (0, 1, 2, 3, 4, 5, 6, 7, 8, 9, 10)
INFO:mylogger:Loading data for subjects [4, 3, 13] and channels (0, 1, 2, 3, 4, 5, 6, 7, 8, 9, 10)
2023-11-23 13:09:02,442 [INFO] Finished loading data for subjects [4, 3, 13] and channels (0, 1, 2, 3, 4, 5, 6, 7, 8, 9, 10)
INFO:mylogger:Finished loading data for subjects [4, 3, 13] and channels (0, 1, 2, 3, 4, 5, 6, 7, 8, 9, 10)
2023-11-23 13:09:02,442 [INFO] Loading data for subjects [10, 17, 2] and channels (0, 1, 2, 3, 4, 5, 6, 7, 8, 9, 10)
INFO:mylogger:Loading data for subjects [10, 17, 2] and channels (0, 1, 2, 3, 4, 5, 6, 7, 8, 9, 10)
2023-11-23 13:09:02,471 [INFO] Finished loading data for subjects [10, 17, 2] and channels (0, 1, 2, 3, 4, 5, 6, 7, 8, 9, 10)
INFO:mylogger:Finished loading data for subjects [10, 17, 2] and channels (0, 1, 2, 3, 4, 5, 6, 7, 8, 9, 10)
2023-11-23 13:09:02,472 [INFO] Loading data for subjects [5, 16, 15, 8, 9, 7, 14, 6, 11] and channels (0, 1, 2, 3, 4, 5, 6, 7, 8, 9, 10)
INFO:mylogger:Loading data for subjects [5, 16, 15, 8, 9, 7, 14, 6, 11] and channels (0, 1, 2, 3, 4, 5, 6, 7, 8, 9, 10)
2023-11-23 13:09:02,554 [INFO] Finished loading data for subjects [5, 16, 15, 8, 9, 7, 14, 6, 11] and channels (0, 1, 2, 3, 4, 5, 6, 7, 8, 9, 10)
INFO:mylogger:Finished loading data for subjects [5, 16, 15, 8, 9, 7, 14, 6, 11] and channels (0, 1, 2, 3, 4, 5, 6, 7, 8, 9, 10)
2023-11-23 13:09:02,589 [INFO] Tuning of mlpM, max_evals: 1
INFO:mylogger:Tuning of mlpM, max_evals: 1
 
 ******************************
 ******* i_fold=01 *******
 ******************************
 
Thu Nov 23 13:09:06 CST 2023
WARNING:tensorflow:Deprecation warnings have been disabled. Set TF_ENABLE_DEPRECATION_WARNINGS=1 to re-enable them.
WARNING:root:Limited tf.compat.v2.summary API due to missing TensorBoard installation.
Using TensorFlow backend.
2023-11-23 13:09:12,542 [INFO] Loading data for subjects [5, 8, 7] and channels (0, 1, 2, 3, 4, 5, 6, 7, 8, 9, 10)
INFO:mylogger:Loading data for subjects [5, 8, 7] and channels (0, 1, 2, 3, 4, 5, 6, 7, 8, 9, 10)
2023-11-23 13:09:12,573 [INFO] Finished loading data for subjects [5, 8, 7] and channels (0, 1, 2, 3, 4, 5, 6, 7, 8, 9, 10)
INFO:mylogger:Finished loading data for subjects [5, 8, 7] and channels (0, 1, 2, 3, 4, 5, 6, 7, 8, 9, 10)
2023-11-23 13:09:12,573 [INFO] Loading data for subjects [13, 16, 14] and channels (0, 1, 2, 3, 4, 5, 6, 7, 8, 9, 10)
INFO:mylogger:Loading data for subjects [13, 16, 14] and channels (0, 1, 2, 3, 4, 5, 6, 7, 8, 9, 10)
2023-11-23 13:09:12,601 [INFO] Finished loading data for subjects [13, 16, 14] and channels (0, 1, 2, 3, 4, 5, 6, 7, 8, 9, 10)
INFO:mylogger:Finished loading data for subjects [13, 16, 14] and channels (0, 1, 2, 3, 4, 5, 6, 7, 8, 9, 10)
2023-11-23 13:09:12,601 [INFO] Loading data for subjects [4, 15, 17, 3, 9, 2, 10, 6, 11] and channels (0, 1, 2, 3, 4, 5, 6, 7, 8, 9, 10)
INFO:mylogger:Loading data for subjects [4, 15, 17, 3, 9, 2, 10, 6, 11] and channels (0, 1, 2, 3, 4, 5, 6, 7, 8, 9, 10)
2023-11-23 13:09:12,689 [INFO] Finished loading data for subjects [4, 15, 17, 3, 9, 2, 10, 6, 11] and channels (0, 1, 2, 3, 4, 5, 6, 7, 8, 9, 10)
INFO:mylogger:Finished loading data for subjects [4, 15, 17, 3, 9, 2, 10, 6, 11] and channels (0, 1, 2, 3, 4, 5, 6, 7, 8, 9, 10)
2023-11-23 13:09:12,716 [INFO] Loading data for subjects [5, 8, 7] and channels (0, 1, 2, 3, 4, 5, 6, 7, 8, 9, 10)
INFO:mylogger:Loading data for subjects [5, 8, 7] and channels (0, 1, 2, 3, 4, 5, 6, 7, 8, 9, 10)
2023-11-23 13:09:12,741 [INFO] Finished loading data for subjects [5, 8, 7] and channels (0, 1, 2, 3, 4, 5, 6, 7, 8, 9, 10)
INFO:mylogger:Finished loading data for subjects [5, 8, 7] and channels (0, 1, 2, 3, 4, 5, 6, 7, 8, 9, 10)
2023-11-23 13:09:12,741 [INFO] Loading data for subjects [13, 16, 14] and channels (0, 1, 2, 3, 4, 5, 6, 7, 8, 9, 10)
INFO:mylogger:Loading data for subjects [13, 16, 14] and channels (0, 1, 2, 3, 4, 5, 6, 7, 8, 9, 10)
2023-11-23 13:09:12,766 [INFO] Finished loading data for subjects [13, 16, 14] and channels (0, 1, 2, 3, 4, 5, 6, 7, 8, 9, 10)
INFO:mylogger:Finished loading data for subjects [13, 16, 14] and channels (0, 1, 2, 3, 4, 5, 6, 7, 8, 9, 10)
2023-11-23 13:09:12,766 [INFO] Loading data for subjects [4, 15, 17, 3, 9, 2, 10, 6, 11] and channels (0, 1, 2, 3, 4, 5, 6, 7, 8, 9, 10)
INFO:mylogger:Loading data for subjects [4, 15, 17, 3, 9, 2, 10, 6, 11] and channels (0, 1, 2, 3, 4, 5, 6, 7, 8, 9, 10)
2023-11-23 13:09:12,848 [INFO] Finished loading data for subjects [4, 15, 17, 3, 9, 2, 10, 6, 11] and channels (0, 1, 2, 3, 4, 5, 6, 7, 8, 9, 10)
INFO:mylogger:Finished loading data for subjects [4, 15, 17, 3, 9, 2, 10, 6, 11] and channels (0, 1, 2, 3, 4, 5, 6, 7, 8, 9, 10)
2023-11-23 13:09:12,879 [INFO] Loading data for subjects [5, 8, 7] and channels (0, 1, 2, 3, 4, 5, 6, 7, 8, 9, 10)
INFO:mylogger:Loading data for subjects [5, 8, 7] and channels (0, 1, 2, 3, 4, 5, 6, 7, 8, 9, 10)
2023-11-23 13:09:12,901 [INFO] Finished loading data for subjects [5, 8, 7] and channels (0, 1, 2, 3, 4, 5, 6, 7, 8, 9, 10)
INFO:mylogger:Finished loading data for subjects [5, 8, 7] and channels (0, 1, 2, 3, 4, 5, 6, 7, 8, 9, 10)
2023-11-23 13:09:12,902 [INFO] Loading data for subjects [13, 16, 14] and channels (0, 1, 2, 3, 4, 5, 6, 7, 8, 9, 10)
INFO:mylogger:Loading data for subjects [13, 16, 14] and channels (0, 1, 2, 3, 4, 5, 6, 7, 8, 9, 10)
2023-11-23 13:09:12,924 [INFO] Finished loading data for subjects [13, 16, 14] and channels (0, 1, 2, 3, 4, 5, 6, 7, 8, 9, 10)
INFO:mylogger:Finished loading data for subjects [13, 16, 14] and channels (0, 1, 2, 3, 4, 5, 6, 7, 8, 9, 10)
2023-11-23 13:09:12,924 [INFO] Loading data for subjects [4, 15, 17, 3, 9, 2, 10, 6, 11] and channels (0, 1, 2, 3, 4, 5, 6, 7, 8, 9, 10)
INFO:mylogger:Loading data for subjects [4, 15, 17, 3, 9, 2, 10, 6, 11] and channels (0, 1, 2, 3, 4, 5, 6, 7, 8, 9, 10)
2023-11-23 13:09:13,005 [INFO] Finished loading data for subjects [4, 15, 17, 3, 9, 2, 10, 6, 11] and channels (0, 1, 2, 3, 4, 5, 6, 7, 8, 9, 10)
INFO:mylogger:Finished loading data for subjects [4, 15, 17, 3, 9, 2, 10, 6, 11] and channels (0, 1, 2, 3, 4, 5, 6, 7, 8, 9, 10)
2023-11-23 13:09:13,036 [INFO] Loading data for subjects [5, 8, 7] and channels (0, 1, 2, 3, 4, 5, 6, 7, 8, 9, 10)
INFO:mylogger:Loading data for subjects [5, 8, 7] and channels (0, 1, 2, 3, 4, 5, 6, 7, 8, 9, 10)
2023-11-23 13:09:13,062 [INFO] Finished loading data for subjects [5, 8, 7] and channels (0, 1, 2, 3, 4, 5, 6, 7, 8, 9, 10)
INFO:mylogger:Finished loading data for subjects [5, 8, 7] and channels (0, 1, 2, 3, 4, 5, 6, 7, 8, 9, 10)
2023-11-23 13:09:13,062 [INFO] Loading data for subjects [13, 16, 14] and channels (0, 1, 2, 3, 4, 5, 6, 7, 8, 9, 10)
INFO:mylogger:Loading data for subjects [13, 16, 14] and channels (0, 1, 2, 3, 4, 5, 6, 7, 8, 9, 10)
2023-11-23 13:09:13,087 [INFO] Finished loading data for subjects [13, 16, 14] and channels (0, 1, 2, 3, 4, 5, 6, 7, 8, 9, 10)
INFO:mylogger:Finished loading data for subjects [13, 16, 14] and channels (0, 1, 2, 3, 4, 5, 6, 7, 8, 9, 10)
2023-11-23 13:09:13,087 [INFO] Loading data for subjects [4, 15, 17, 3, 9, 2, 10, 6, 11] and channels (0, 1, 2, 3, 4, 5, 6, 7, 8, 9, 10)
INFO:mylogger:Loading data for subjects [4, 15, 17, 3, 9, 2, 10, 6, 11] and channels (0, 1, 2, 3, 4, 5, 6, 7, 8, 9, 10)
2023-11-23 13:09:13,170 [INFO] Finished loading data for subjects [4, 15, 17, 3, 9, 2, 10, 6, 11] and channels (0, 1, 2, 3, 4, 5, 6, 7, 8, 9, 10)
INFO:mylogger:Finished loading data for subjects [4, 15, 17, 3, 9, 2, 10, 6, 11] and channels (0, 1, 2, 3, 4, 5, 6, 7, 8, 9, 10)
2023-11-23 13:09:13,202 [INFO] Loading data for subjects [5, 8, 7] and channels (0, 1, 2, 3, 4, 5, 6, 7, 8, 9, 10)
INFO:mylogger:Loading data for subjects [5, 8, 7] and channels (0, 1, 2, 3, 4, 5, 6, 7, 8, 9, 10)
2023-11-23 13:09:13,227 [INFO] Finished loading data for subjects [5, 8, 7] and channels (0, 1, 2, 3, 4, 5, 6, 7, 8, 9, 10)
INFO:mylogger:Finished loading data for subjects [5, 8, 7] and channels (0, 1, 2, 3, 4, 5, 6, 7, 8, 9, 10)
2023-11-23 13:09:13,228 [INFO] Loading data for subjects [13, 16, 14] and channels (0, 1, 2, 3, 4, 5, 6, 7, 8, 9, 10)
INFO:mylogger:Loading data for subjects [13, 16, 14] and channels (0, 1, 2, 3, 4, 5, 6, 7, 8, 9, 10)
2023-11-23 13:09:13,253 [INFO] Finished loading data for subjects [13, 16, 14] and channels (0, 1, 2, 3, 4, 5, 6, 7, 8, 9, 10)
INFO:mylogger:Finished loading data for subjects [13, 16, 14] and channels (0, 1, 2, 3, 4, 5, 6, 7, 8, 9, 10)
2023-11-23 13:09:13,253 [INFO] Loading data for subjects [4, 15, 17, 3, 9, 2, 10, 6, 11] and channels (0, 1, 2, 3, 4, 5, 6, 7, 8, 9, 10)
INFO:mylogger:Loading data for subjects [4, 15, 17, 3, 9, 2, 10, 6, 11] and channels (0, 1, 2, 3, 4, 5, 6, 7, 8, 9, 10)
2023-11-23 13:09:13,351 [INFO] Finished loading data for subjects [4, 15, 17, 3, 9, 2, 10, 6, 11] and channels (0, 1, 2, 3, 4, 5, 6, 7, 8, 9, 10)
INFO:mylogger:Finished loading data for subjects [4, 15, 17, 3, 9, 2, 10, 6, 11] and channels (0, 1, 2, 3, 4, 5, 6, 7, 8, 9, 10)
2023-11-23 13:09:13,379 [INFO] Tuning of mlpM, max_evals: 1
INFO:mylogger:Tuning of mlpM, max_evals: 1
2023-11-23 13:09:13,380 [INFO] Tuning of mlpM (max_evals: 1) is being performed by another process
INFO:mylogger:Tuning of mlpM (max_evals: 1) is being performed by another process
 
 ******************************
 ******* i_fold=02 *******
 ******************************
 
Thu Nov 23 13:09:13 CST 2023
WARNING:tensorflow:Deprecation warnings have been disabled. Set TF_ENABLE_DEPRECATION_WARNINGS=1 to re-enable them.
WARNING:root:Limited tf.compat.v2.summary API due to missing TensorBoard installation.
Using TensorFlow backend.
2023-11-23 13:09:19,105 [INFO] Loading data for subjects [16, 9, 14] and channels (0, 1, 2, 3, 4, 5, 6, 7, 8, 9, 10)
INFO:mylogger:Loading data for subjects [16, 9, 14] and channels (0, 1, 2, 3, 4, 5, 6, 7, 8, 9, 10)
2023-11-23 13:09:19,138 [INFO] Finished loading data for subjects [16, 9, 14] and channels (0, 1, 2, 3, 4, 5, 6, 7, 8, 9, 10)
INFO:mylogger:Finished loading data for subjects [16, 9, 14] and channels (0, 1, 2, 3, 4, 5, 6, 7, 8, 9, 10)
2023-11-23 13:09:19,138 [INFO] Loading data for subjects [17, 4, 11] and channels (0, 1, 2, 3, 4, 5, 6, 7, 8, 9, 10)
INFO:mylogger:Loading data for subjects [17, 4, 11] and channels (0, 1, 2, 3, 4, 5, 6, 7, 8, 9, 10)
2023-11-23 13:09:19,168 [INFO] Finished loading data for subjects [17, 4, 11] and channels (0, 1, 2, 3, 4, 5, 6, 7, 8, 9, 10)
INFO:mylogger:Finished loading data for subjects [17, 4, 11] and channels (0, 1, 2, 3, 4, 5, 6, 7, 8, 9, 10)
2023-11-23 13:09:19,168 [INFO] Loading data for subjects [5, 15, 3, 8, 2, 10, 13, 7, 6] and channels (0, 1, 2, 3, 4, 5, 6, 7, 8, 9, 10)
INFO:mylogger:Loading data for subjects [5, 15, 3, 8, 2, 10, 13, 7, 6] and channels (0, 1, 2, 3, 4, 5, 6, 7, 8, 9, 10)
2023-11-23 13:09:19,252 [INFO] Finished loading data for subjects [5, 15, 3, 8, 2, 10, 13, 7, 6] and channels (0, 1, 2, 3, 4, 5, 6, 7, 8, 9, 10)
INFO:mylogger:Finished loading data for subjects [5, 15, 3, 8, 2, 10, 13, 7, 6] and channels (0, 1, 2, 3, 4, 5, 6, 7, 8, 9, 10)
2023-11-23 13:09:19,282 [INFO] Loading data for subjects [16, 9, 14] and channels (0, 1, 2, 3, 4, 5, 6, 7, 8, 9, 10)
INFO:mylogger:Loading data for subjects [16, 9, 14] and channels (0, 1, 2, 3, 4, 5, 6, 7, 8, 9, 10)
2023-11-23 13:09:19,306 [INFO] Finished loading data for subjects [16, 9, 14] and channels (0, 1, 2, 3, 4, 5, 6, 7, 8, 9, 10)
INFO:mylogger:Finished loading data for subjects [16, 9, 14] and channels (0, 1, 2, 3, 4, 5, 6, 7, 8, 9, 10)
2023-11-23 13:09:19,306 [INFO] Loading data for subjects [17, 4, 11] and channels (0, 1, 2, 3, 4, 5, 6, 7, 8, 9, 10)
INFO:mylogger:Loading data for subjects [17, 4, 11] and channels (0, 1, 2, 3, 4, 5, 6, 7, 8, 9, 10)
2023-11-23 13:09:19,328 [INFO] Finished loading data for subjects [17, 4, 11] and channels (0, 1, 2, 3, 4, 5, 6, 7, 8, 9, 10)
INFO:mylogger:Finished loading data for subjects [17, 4, 11] and channels (0, 1, 2, 3, 4, 5, 6, 7, 8, 9, 10)
2023-11-23 13:09:19,328 [INFO] Loading data for subjects [5, 15, 3, 8, 2, 10, 13, 7, 6] and channels (0, 1, 2, 3, 4, 5, 6, 7, 8, 9, 10)
INFO:mylogger:Loading data for subjects [5, 15, 3, 8, 2, 10, 13, 7, 6] and channels (0, 1, 2, 3, 4, 5, 6, 7, 8, 9, 10)
2023-11-23 13:09:19,407 [INFO] Finished loading data for subjects [5, 15, 3, 8, 2, 10, 13, 7, 6] and channels (0, 1, 2, 3, 4, 5, 6, 7, 8, 9, 10)
INFO:mylogger:Finished loading data for subjects [5, 15, 3, 8, 2, 10, 13, 7, 6] and channels (0, 1, 2, 3, 4, 5, 6, 7, 8, 9, 10)
2023-11-23 13:09:19,437 [INFO] Loading data for subjects [16, 9, 14] and channels (0, 1, 2, 3, 4, 5, 6, 7, 8, 9, 10)
INFO:mylogger:Loading data for subjects [16, 9, 14] and channels (0, 1, 2, 3, 4, 5, 6, 7, 8, 9, 10)
2023-11-23 13:09:19,461 [INFO] Finished loading data for subjects [16, 9, 14] and channels (0, 1, 2, 3, 4, 5, 6, 7, 8, 9, 10)
INFO:mylogger:Finished loading data for subjects [16, 9, 14] and channels (0, 1, 2, 3, 4, 5, 6, 7, 8, 9, 10)
2023-11-23 13:09:19,461 [INFO] Loading data for subjects [17, 4, 11] and channels (0, 1, 2, 3, 4, 5, 6, 7, 8, 9, 10)
INFO:mylogger:Loading data for subjects [17, 4, 11] and channels (0, 1, 2, 3, 4, 5, 6, 7, 8, 9, 10)
2023-11-23 13:09:19,483 [INFO] Finished loading data for subjects [17, 4, 11] and channels (0, 1, 2, 3, 4, 5, 6, 7, 8, 9, 10)
INFO:mylogger:Finished loading data for subjects [17, 4, 11] and channels (0, 1, 2, 3, 4, 5, 6, 7, 8, 9, 10)
2023-11-23 13:09:19,483 [INFO] Loading data for subjects [5, 15, 3, 8, 2, 10, 13, 7, 6] and channels (0, 1, 2, 3, 4, 5, 6, 7, 8, 9, 10)
INFO:mylogger:Loading data for subjects [5, 15, 3, 8, 2, 10, 13, 7, 6] and channels (0, 1, 2, 3, 4, 5, 6, 7, 8, 9, 10)
2023-11-23 13:09:19,563 [INFO] Finished loading data for subjects [5, 15, 3, 8, 2, 10, 13, 7, 6] and channels (0, 1, 2, 3, 4, 5, 6, 7, 8, 9, 10)
INFO:mylogger:Finished loading data for subjects [5, 15, 3, 8, 2, 10, 13, 7, 6] and channels (0, 1, 2, 3, 4, 5, 6, 7, 8, 9, 10)
2023-11-23 13:09:19,593 [INFO] Loading data for subjects [16, 9, 14] and channels (0, 1, 2, 3, 4, 5, 6, 7, 8, 9, 10)
INFO:mylogger:Loading data for subjects [16, 9, 14] and channels (0, 1, 2, 3, 4, 5, 6, 7, 8, 9, 10)
2023-11-23 13:09:19,617 [INFO] Finished loading data for subjects [16, 9, 14] and channels (0, 1, 2, 3, 4, 5, 6, 7, 8, 9, 10)
INFO:mylogger:Finished loading data for subjects [16, 9, 14] and channels (0, 1, 2, 3, 4, 5, 6, 7, 8, 9, 10)
2023-11-23 13:09:19,617 [INFO] Loading data for subjects [17, 4, 11] and channels (0, 1, 2, 3, 4, 5, 6, 7, 8, 9, 10)
INFO:mylogger:Loading data for subjects [17, 4, 11] and channels (0, 1, 2, 3, 4, 5, 6, 7, 8, 9, 10)
2023-11-23 13:09:19,641 [INFO] Finished loading data for subjects [17, 4, 11] and channels (0, 1, 2, 3, 4, 5, 6, 7, 8, 9, 10)
INFO:mylogger:Finished loading data for subjects [17, 4, 11] and channels (0, 1, 2, 3, 4, 5, 6, 7, 8, 9, 10)
2023-11-23 13:09:19,641 [INFO] Loading data for subjects [5, 15, 3, 8, 2, 10, 13, 7, 6] and channels (0, 1, 2, 3, 4, 5, 6, 7, 8, 9, 10)
INFO:mylogger:Loading data for subjects [5, 15, 3, 8, 2, 10, 13, 7, 6] and channels (0, 1, 2, 3, 4, 5, 6, 7, 8, 9, 10)
2023-11-23 13:09:19,722 [INFO] Finished loading data for subjects [5, 15, 3, 8, 2, 10, 13, 7, 6] and channels (0, 1, 2, 3, 4, 5, 6, 7, 8, 9, 10)
INFO:mylogger:Finished loading data for subjects [5, 15, 3, 8, 2, 10, 13, 7, 6] and channels (0, 1, 2, 3, 4, 5, 6, 7, 8, 9, 10)
2023-11-23 13:09:19,746 [INFO] Loading data for subjects [16, 9, 14] and channels (0, 1, 2, 3, 4, 5, 6, 7, 8, 9, 10)
INFO:mylogger:Loading data for subjects [16, 9, 14] and channels (0, 1, 2, 3, 4, 5, 6, 7, 8, 9, 10)
2023-11-23 13:09:19,771 [INFO] Finished loading data for subjects [16, 9, 14] and channels (0, 1, 2, 3, 4, 5, 6, 7, 8, 9, 10)
INFO:mylogger:Finished loading data for subjects [16, 9, 14] and channels (0, 1, 2, 3, 4, 5, 6, 7, 8, 9, 10)
2023-11-23 13:09:19,771 [INFO] Loading data for subjects [17, 4, 11] and channels (0, 1, 2, 3, 4, 5, 6, 7, 8, 9, 10)
INFO:mylogger:Loading data for subjects [17, 4, 11] and channels (0, 1, 2, 3, 4, 5, 6, 7, 8, 9, 10)
2023-11-23 13:09:19,795 [INFO] Finished loading data for subjects [17, 4, 11] and channels (0, 1, 2, 3, 4, 5, 6, 7, 8, 9, 10)
INFO:mylogger:Finished loading data for subjects [17, 4, 11] and channels (0, 1, 2, 3, 4, 5, 6, 7, 8, 9, 10)
2023-11-23 13:09:19,795 [INFO] Loading data for subjects [5, 15, 3, 8, 2, 10, 13, 7, 6] and channels (0, 1, 2, 3, 4, 5, 6, 7, 8, 9, 10)
INFO:mylogger:Loading data for subjects [5, 15, 3, 8, 2, 10, 13, 7, 6] and channels (0, 1, 2, 3, 4, 5, 6, 7, 8, 9, 10)
2023-11-23 13:09:19,879 [INFO] Finished loading data for subjects [5, 15, 3, 8, 2, 10, 13, 7, 6] and channels (0, 1, 2, 3, 4, 5, 6, 7, 8, 9, 10)
INFO:mylogger:Finished loading data for subjects [5, 15, 3, 8, 2, 10, 13, 7, 6] and channels (0, 1, 2, 3, 4, 5, 6, 7, 8, 9, 10)
2023-11-23 13:09:19,903 [INFO] Tuning of mlpM, max_evals: 1
INFO:mylogger:Tuning of mlpM, max_evals: 1
 
 ******************************
 ******* i_fold=03 *******
 ******************************
 
Thu Nov 23 13:09:20 CST 2023
WARNING:tensorflow:Deprecation warnings have been disabled. Set TF_ENABLE_DEPRECATION_WARNINGS=1 to re-enable them.
WARNING:root:Limited tf.compat.v2.summary API due to missing TensorBoard installation.
Using TensorFlow backend.
2023-11-23 13:09:25,333 [INFO] Loading data for subjects [15, 2, 6] and channels (0, 1, 2, 3, 4, 5, 6, 7, 8, 9, 10)
INFO:mylogger:Loading data for subjects [15, 2, 6] and channels (0, 1, 2, 3, 4, 5, 6, 7, 8, 9, 10)
2023-11-23 13:09:25,363 [INFO] Finished loading data for subjects [15, 2, 6] and channels (0, 1, 2, 3, 4, 5, 6, 7, 8, 9, 10)
INFO:mylogger:Finished loading data for subjects [15, 2, 6] and channels (0, 1, 2, 3, 4, 5, 6, 7, 8, 9, 10)
2023-11-23 13:09:25,363 [INFO] Loading data for subjects [9, 3, 16] and channels (0, 1, 2, 3, 4, 5, 6, 7, 8, 9, 10)
INFO:mylogger:Loading data for subjects [9, 3, 16] and channels (0, 1, 2, 3, 4, 5, 6, 7, 8, 9, 10)
2023-11-23 13:09:25,392 [INFO] Finished loading data for subjects [9, 3, 16] and channels (0, 1, 2, 3, 4, 5, 6, 7, 8, 9, 10)
INFO:mylogger:Finished loading data for subjects [9, 3, 16] and channels (0, 1, 2, 3, 4, 5, 6, 7, 8, 9, 10)
2023-11-23 13:09:25,393 [INFO] Loading data for subjects [4, 5, 17, 8, 10, 13, 7, 14, 11] and channels (0, 1, 2, 3, 4, 5, 6, 7, 8, 9, 10)
INFO:mylogger:Loading data for subjects [4, 5, 17, 8, 10, 13, 7, 14, 11] and channels (0, 1, 2, 3, 4, 5, 6, 7, 8, 9, 10)
2023-11-23 13:09:25,484 [INFO] Finished loading data for subjects [4, 5, 17, 8, 10, 13, 7, 14, 11] and channels (0, 1, 2, 3, 4, 5, 6, 7, 8, 9, 10)
INFO:mylogger:Finished loading data for subjects [4, 5, 17, 8, 10, 13, 7, 14, 11] and channels (0, 1, 2, 3, 4, 5, 6, 7, 8, 9, 10)
2023-11-23 13:09:25,508 [INFO] Loading data for subjects [15, 2, 6] and channels (0, 1, 2, 3, 4, 5, 6, 7, 8, 9, 10)
INFO:mylogger:Loading data for subjects [15, 2, 6] and channels (0, 1, 2, 3, 4, 5, 6, 7, 8, 9, 10)
2023-11-23 13:09:25,533 [INFO] Finished loading data for subjects [15, 2, 6] and channels (0, 1, 2, 3, 4, 5, 6, 7, 8, 9, 10)
INFO:mylogger:Finished loading data for subjects [15, 2, 6] and channels (0, 1, 2, 3, 4, 5, 6, 7, 8, 9, 10)
2023-11-23 13:09:25,533 [INFO] Loading data for subjects [9, 3, 16] and channels (0, 1, 2, 3, 4, 5, 6, 7, 8, 9, 10)
INFO:mylogger:Loading data for subjects [9, 3, 16] and channels (0, 1, 2, 3, 4, 5, 6, 7, 8, 9, 10)
2023-11-23 13:09:25,558 [INFO] Finished loading data for subjects [9, 3, 16] and channels (0, 1, 2, 3, 4, 5, 6, 7, 8, 9, 10)
INFO:mylogger:Finished loading data for subjects [9, 3, 16] and channels (0, 1, 2, 3, 4, 5, 6, 7, 8, 9, 10)
2023-11-23 13:09:25,559 [INFO] Loading data for subjects [4, 5, 17, 8, 10, 13, 7, 14, 11] and channels (0, 1, 2, 3, 4, 5, 6, 7, 8, 9, 10)
INFO:mylogger:Loading data for subjects [4, 5, 17, 8, 10, 13, 7, 14, 11] and channels (0, 1, 2, 3, 4, 5, 6, 7, 8, 9, 10)
2023-11-23 13:09:25,641 [INFO] Finished loading data for subjects [4, 5, 17, 8, 10, 13, 7, 14, 11] and channels (0, 1, 2, 3, 4, 5, 6, 7, 8, 9, 10)
INFO:mylogger:Finished loading data for subjects [4, 5, 17, 8, 10, 13, 7, 14, 11] and channels (0, 1, 2, 3, 4, 5, 6, 7, 8, 9, 10)
2023-11-23 13:09:25,666 [INFO] Loading data for subjects [15, 2, 6] and channels (0, 1, 2, 3, 4, 5, 6, 7, 8, 9, 10)
INFO:mylogger:Loading data for subjects [15, 2, 6] and channels (0, 1, 2, 3, 4, 5, 6, 7, 8, 9, 10)
2023-11-23 13:09:25,691 [INFO] Finished loading data for subjects [15, 2, 6] and channels (0, 1, 2, 3, 4, 5, 6, 7, 8, 9, 10)
INFO:mylogger:Finished loading data for subjects [15, 2, 6] and channels (0, 1, 2, 3, 4, 5, 6, 7, 8, 9, 10)
2023-11-23 13:09:25,691 [INFO] Loading data for subjects [9, 3, 16] and channels (0, 1, 2, 3, 4, 5, 6, 7, 8, 9, 10)
INFO:mylogger:Loading data for subjects [9, 3, 16] and channels (0, 1, 2, 3, 4, 5, 6, 7, 8, 9, 10)
2023-11-23 13:09:25,716 [INFO] Finished loading data for subjects [9, 3, 16] and channels (0, 1, 2, 3, 4, 5, 6, 7, 8, 9, 10)
INFO:mylogger:Finished loading data for subjects [9, 3, 16] and channels (0, 1, 2, 3, 4, 5, 6, 7, 8, 9, 10)
2023-11-23 13:09:25,716 [INFO] Loading data for subjects [4, 5, 17, 8, 10, 13, 7, 14, 11] and channels (0, 1, 2, 3, 4, 5, 6, 7, 8, 9, 10)
INFO:mylogger:Loading data for subjects [4, 5, 17, 8, 10, 13, 7, 14, 11] and channels (0, 1, 2, 3, 4, 5, 6, 7, 8, 9, 10)
2023-11-23 13:09:25,799 [INFO] Finished loading data for subjects [4, 5, 17, 8, 10, 13, 7, 14, 11] and channels (0, 1, 2, 3, 4, 5, 6, 7, 8, 9, 10)
INFO:mylogger:Finished loading data for subjects [4, 5, 17, 8, 10, 13, 7, 14, 11] and channels (0, 1, 2, 3, 4, 5, 6, 7, 8, 9, 10)
2023-11-23 13:09:25,825 [INFO] Loading data for subjects [15, 2, 6] and channels (0, 1, 2, 3, 4, 5, 6, 7, 8, 9, 10)
INFO:mylogger:Loading data for subjects [15, 2, 6] and channels (0, 1, 2, 3, 4, 5, 6, 7, 8, 9, 10)
2023-11-23 13:09:25,855 [INFO] Finished loading data for subjects [15, 2, 6] and channels (0, 1, 2, 3, 4, 5, 6, 7, 8, 9, 10)
INFO:mylogger:Finished loading data for subjects [15, 2, 6] and channels (0, 1, 2, 3, 4, 5, 6, 7, 8, 9, 10)
2023-11-23 13:09:25,855 [INFO] Loading data for subjects [9, 3, 16] and channels (0, 1, 2, 3, 4, 5, 6, 7, 8, 9, 10)
INFO:mylogger:Loading data for subjects [9, 3, 16] and channels (0, 1, 2, 3, 4, 5, 6, 7, 8, 9, 10)
2023-11-23 13:09:25,887 [INFO] Finished loading data for subjects [9, 3, 16] and channels (0, 1, 2, 3, 4, 5, 6, 7, 8, 9, 10)
INFO:mylogger:Finished loading data for subjects [9, 3, 16] and channels (0, 1, 2, 3, 4, 5, 6, 7, 8, 9, 10)
2023-11-23 13:09:25,887 [INFO] Loading data for subjects [4, 5, 17, 8, 10, 13, 7, 14, 11] and channels (0, 1, 2, 3, 4, 5, 6, 7, 8, 9, 10)
INFO:mylogger:Loading data for subjects [4, 5, 17, 8, 10, 13, 7, 14, 11] and channels (0, 1, 2, 3, 4, 5, 6, 7, 8, 9, 10)
2023-11-23 13:09:25,982 [INFO] Finished loading data for subjects [4, 5, 17, 8, 10, 13, 7, 14, 11] and channels (0, 1, 2, 3, 4, 5, 6, 7, 8, 9, 10)
INFO:mylogger:Finished loading data for subjects [4, 5, 17, 8, 10, 13, 7, 14, 11] and channels (0, 1, 2, 3, 4, 5, 6, 7, 8, 9, 10)
2023-11-23 13:09:26,010 [INFO] Loading data for subjects [15, 2, 6] and channels (0, 1, 2, 3, 4, 5, 6, 7, 8, 9, 10)
INFO:mylogger:Loading data for subjects [15, 2, 6] and channels (0, 1, 2, 3, 4, 5, 6, 7, 8, 9, 10)
2023-11-23 13:09:26,035 [INFO] Finished loading data for subjects [15, 2, 6] and channels (0, 1, 2, 3, 4, 5, 6, 7, 8, 9, 10)
INFO:mylogger:Finished loading data for subjects [15, 2, 6] and channels (0, 1, 2, 3, 4, 5, 6, 7, 8, 9, 10)
2023-11-23 13:09:26,035 [INFO] Loading data for subjects [9, 3, 16] and channels (0, 1, 2, 3, 4, 5, 6, 7, 8, 9, 10)
INFO:mylogger:Loading data for subjects [9, 3, 16] and channels (0, 1, 2, 3, 4, 5, 6, 7, 8, 9, 10)
2023-11-23 13:09:26,059 [INFO] Finished loading data for subjects [9, 3, 16] and channels (0, 1, 2, 3, 4, 5, 6, 7, 8, 9, 10)
INFO:mylogger:Finished loading data for subjects [9, 3, 16] and channels (0, 1, 2, 3, 4, 5, 6, 7, 8, 9, 10)
2023-11-23 13:09:26,059 [INFO] Loading data for subjects [4, 5, 17, 8, 10, 13, 7, 14, 11] and channels (0, 1, 2, 3, 4, 5, 6, 7, 8, 9, 10)
INFO:mylogger:Loading data for subjects [4, 5, 17, 8, 10, 13, 7, 14, 11] and channels (0, 1, 2, 3, 4, 5, 6, 7, 8, 9, 10)
2023-11-23 13:09:26,134 [INFO] Finished loading data for subjects [4, 5, 17, 8, 10, 13, 7, 14, 11] and channels (0, 1, 2, 3, 4, 5, 6, 7, 8, 9, 10)
INFO:mylogger:Finished loading data for subjects [4, 5, 17, 8, 10, 13, 7, 14, 11] and channels (0, 1, 2, 3, 4, 5, 6, 7, 8, 9, 10)
2023-11-23 13:09:26,157 [INFO] Tuning of mlpM, max_evals: 1
INFO:mylogger:Tuning of mlpM, max_evals: 1
 
 ******************************
 ******* i_fold=04 *******
 ******************************
 
Thu Nov 23 13:09:26 CST 2023
WARNING:tensorflow:Deprecation warnings have been disabled. Set TF_ENABLE_DEPRECATION_WARNINGS=1 to re-enable them.
WARNING:root:Limited tf.compat.v2.summary API due to missing TensorBoard installation.
Using TensorFlow backend.
2023-11-23 13:09:31,640 [INFO] Loading data for subjects [17, 10, 11] and channels (0, 1, 2, 3, 4, 5, 6, 7, 8, 9, 10)
INFO:mylogger:Loading data for subjects [17, 10, 11] and channels (0, 1, 2, 3, 4, 5, 6, 7, 8, 9, 10)
2023-11-23 13:09:31,671 [INFO] Finished loading data for subjects [17, 10, 11] and channels (0, 1, 2, 3, 4, 5, 6, 7, 8, 9, 10)
INFO:mylogger:Finished loading data for subjects [17, 10, 11] and channels (0, 1, 2, 3, 4, 5, 6, 7, 8, 9, 10)
2023-11-23 13:09:31,671 [INFO] Loading data for subjects [9, 16, 5] and channels (0, 1, 2, 3, 4, 5, 6, 7, 8, 9, 10)
INFO:mylogger:Loading data for subjects [9, 16, 5] and channels (0, 1, 2, 3, 4, 5, 6, 7, 8, 9, 10)
2023-11-23 13:09:31,700 [INFO] Finished loading data for subjects [9, 16, 5] and channels (0, 1, 2, 3, 4, 5, 6, 7, 8, 9, 10)
INFO:mylogger:Finished loading data for subjects [9, 16, 5] and channels (0, 1, 2, 3, 4, 5, 6, 7, 8, 9, 10)
2023-11-23 13:09:31,700 [INFO] Loading data for subjects [4, 15, 3, 8, 2, 13, 7, 14, 6] and channels (0, 1, 2, 3, 4, 5, 6, 7, 8, 9, 10)
INFO:mylogger:Loading data for subjects [4, 15, 3, 8, 2, 13, 7, 14, 6] and channels (0, 1, 2, 3, 4, 5, 6, 7, 8, 9, 10)
2023-11-23 13:09:31,783 [INFO] Finished loading data for subjects [4, 15, 3, 8, 2, 13, 7, 14, 6] and channels (0, 1, 2, 3, 4, 5, 6, 7, 8, 9, 10)
INFO:mylogger:Finished loading data for subjects [4, 15, 3, 8, 2, 13, 7, 14, 6] and channels (0, 1, 2, 3, 4, 5, 6, 7, 8, 9, 10)
2023-11-23 13:09:31,808 [INFO] Loading data for subjects [17, 10, 11] and channels (0, 1, 2, 3, 4, 5, 6, 7, 8, 9, 10)
INFO:mylogger:Loading data for subjects [17, 10, 11] and channels (0, 1, 2, 3, 4, 5, 6, 7, 8, 9, 10)
2023-11-23 13:09:31,833 [INFO] Finished loading data for subjects [17, 10, 11] and channels (0, 1, 2, 3, 4, 5, 6, 7, 8, 9, 10)
INFO:mylogger:Finished loading data for subjects [17, 10, 11] and channels (0, 1, 2, 3, 4, 5, 6, 7, 8, 9, 10)
2023-11-23 13:09:31,834 [INFO] Loading data for subjects [9, 16, 5] and channels (0, 1, 2, 3, 4, 5, 6, 7, 8, 9, 10)
INFO:mylogger:Loading data for subjects [9, 16, 5] and channels (0, 1, 2, 3, 4, 5, 6, 7, 8, 9, 10)
2023-11-23 13:09:31,858 [INFO] Finished loading data for subjects [9, 16, 5] and channels (0, 1, 2, 3, 4, 5, 6, 7, 8, 9, 10)
INFO:mylogger:Finished loading data for subjects [9, 16, 5] and channels (0, 1, 2, 3, 4, 5, 6, 7, 8, 9, 10)
2023-11-23 13:09:31,858 [INFO] Loading data for subjects [4, 15, 3, 8, 2, 13, 7, 14, 6] and channels (0, 1, 2, 3, 4, 5, 6, 7, 8, 9, 10)
INFO:mylogger:Loading data for subjects [4, 15, 3, 8, 2, 13, 7, 14, 6] and channels (0, 1, 2, 3, 4, 5, 6, 7, 8, 9, 10)
2023-11-23 13:09:31,937 [INFO] Finished loading data for subjects [4, 15, 3, 8, 2, 13, 7, 14, 6] and channels (0, 1, 2, 3, 4, 5, 6, 7, 8, 9, 10)
INFO:mylogger:Finished loading data for subjects [4, 15, 3, 8, 2, 13, 7, 14, 6] and channels (0, 1, 2, 3, 4, 5, 6, 7, 8, 9, 10)
2023-11-23 13:09:31,965 [INFO] Loading data for subjects [17, 10, 11] and channels (0, 1, 2, 3, 4, 5, 6, 7, 8, 9, 10)
INFO:mylogger:Loading data for subjects [17, 10, 11] and channels (0, 1, 2, 3, 4, 5, 6, 7, 8, 9, 10)
2023-11-23 13:09:31,989 [INFO] Finished loading data for subjects [17, 10, 11] and channels (0, 1, 2, 3, 4, 5, 6, 7, 8, 9, 10)
INFO:mylogger:Finished loading data for subjects [17, 10, 11] and channels (0, 1, 2, 3, 4, 5, 6, 7, 8, 9, 10)
2023-11-23 13:09:31,989 [INFO] Loading data for subjects [9, 16, 5] and channels (0, 1, 2, 3, 4, 5, 6, 7, 8, 9, 10)
INFO:mylogger:Loading data for subjects [9, 16, 5] and channels (0, 1, 2, 3, 4, 5, 6, 7, 8, 9, 10)
2023-11-23 13:09:32,012 [INFO] Finished loading data for subjects [9, 16, 5] and channels (0, 1, 2, 3, 4, 5, 6, 7, 8, 9, 10)
INFO:mylogger:Finished loading data for subjects [9, 16, 5] and channels (0, 1, 2, 3, 4, 5, 6, 7, 8, 9, 10)
2023-11-23 13:09:32,012 [INFO] Loading data for subjects [4, 15, 3, 8, 2, 13, 7, 14, 6] and channels (0, 1, 2, 3, 4, 5, 6, 7, 8, 9, 10)
INFO:mylogger:Loading data for subjects [4, 15, 3, 8, 2, 13, 7, 14, 6] and channels (0, 1, 2, 3, 4, 5, 6, 7, 8, 9, 10)
2023-11-23 13:09:32,086 [INFO] Finished loading data for subjects [4, 15, 3, 8, 2, 13, 7, 14, 6] and channels (0, 1, 2, 3, 4, 5, 6, 7, 8, 9, 10)
INFO:mylogger:Finished loading data for subjects [4, 15, 3, 8, 2, 13, 7, 14, 6] and channels (0, 1, 2, 3, 4, 5, 6, 7, 8, 9, 10)
2023-11-23 13:09:32,114 [INFO] Loading data for subjects [17, 10, 11] and channels (0, 1, 2, 3, 4, 5, 6, 7, 8, 9, 10)
INFO:mylogger:Loading data for subjects [17, 10, 11] and channels (0, 1, 2, 3, 4, 5, 6, 7, 8, 9, 10)
2023-11-23 13:09:32,138 [INFO] Finished loading data for subjects [17, 10, 11] and channels (0, 1, 2, 3, 4, 5, 6, 7, 8, 9, 10)
INFO:mylogger:Finished loading data for subjects [17, 10, 11] and channels (0, 1, 2, 3, 4, 5, 6, 7, 8, 9, 10)
2023-11-23 13:09:32,138 [INFO] Loading data for subjects [9, 16, 5] and channels (0, 1, 2, 3, 4, 5, 6, 7, 8, 9, 10)
INFO:mylogger:Loading data for subjects [9, 16, 5] and channels (0, 1, 2, 3, 4, 5, 6, 7, 8, 9, 10)
2023-11-23 13:09:32,161 [INFO] Finished loading data for subjects [9, 16, 5] and channels (0, 1, 2, 3, 4, 5, 6, 7, 8, 9, 10)
INFO:mylogger:Finished loading data for subjects [9, 16, 5] and channels (0, 1, 2, 3, 4, 5, 6, 7, 8, 9, 10)
2023-11-23 13:09:32,161 [INFO] Loading data for subjects [4, 15, 3, 8, 2, 13, 7, 14, 6] and channels (0, 1, 2, 3, 4, 5, 6, 7, 8, 9, 10)
INFO:mylogger:Loading data for subjects [4, 15, 3, 8, 2, 13, 7, 14, 6] and channels (0, 1, 2, 3, 4, 5, 6, 7, 8, 9, 10)
2023-11-23 13:09:32,233 [INFO] Finished loading data for subjects [4, 15, 3, 8, 2, 13, 7, 14, 6] and channels (0, 1, 2, 3, 4, 5, 6, 7, 8, 9, 10)
INFO:mylogger:Finished loading data for subjects [4, 15, 3, 8, 2, 13, 7, 14, 6] and channels (0, 1, 2, 3, 4, 5, 6, 7, 8, 9, 10)
2023-11-23 13:09:32,260 [INFO] Loading data for subjects [17, 10, 11] and channels (0, 1, 2, 3, 4, 5, 6, 7, 8, 9, 10)
INFO:mylogger:Loading data for subjects [17, 10, 11] and channels (0, 1, 2, 3, 4, 5, 6, 7, 8, 9, 10)
2023-11-23 13:09:32,283 [INFO] Finished loading data for subjects [17, 10, 11] and channels (0, 1, 2, 3, 4, 5, 6, 7, 8, 9, 10)
INFO:mylogger:Finished loading data for subjects [17, 10, 11] and channels (0, 1, 2, 3, 4, 5, 6, 7, 8, 9, 10)
2023-11-23 13:09:32,283 [INFO] Loading data for subjects [9, 16, 5] and channels (0, 1, 2, 3, 4, 5, 6, 7, 8, 9, 10)
INFO:mylogger:Loading data for subjects [9, 16, 5] and channels (0, 1, 2, 3, 4, 5, 6, 7, 8, 9, 10)
2023-11-23 13:09:32,306 [INFO] Finished loading data for subjects [9, 16, 5] and channels (0, 1, 2, 3, 4, 5, 6, 7, 8, 9, 10)
INFO:mylogger:Finished loading data for subjects [9, 16, 5] and channels (0, 1, 2, 3, 4, 5, 6, 7, 8, 9, 10)
2023-11-23 13:09:32,306 [INFO] Loading data for subjects [4, 15, 3, 8, 2, 13, 7, 14, 6] and channels (0, 1, 2, 3, 4, 5, 6, 7, 8, 9, 10)
INFO:mylogger:Loading data for subjects [4, 15, 3, 8, 2, 13, 7, 14, 6] and channels (0, 1, 2, 3, 4, 5, 6, 7, 8, 9, 10)
2023-11-23 13:09:32,375 [INFO] Finished loading data for subjects [4, 15, 3, 8, 2, 13, 7, 14, 6] and channels (0, 1, 2, 3, 4, 5, 6, 7, 8, 9, 10)
INFO:mylogger:Finished loading data for subjects [4, 15, 3, 8, 2, 13, 7, 14, 6] and channels (0, 1, 2, 3, 4, 5, 6, 7, 8, 9, 10)
2023-11-23 13:09:32,400 [INFO] Tuning of mlpM, max_evals: 1
INFO:mylogger:Tuning of mlpM, max_evals: 1
Done
Thu Nov 23 13:09:33 CST 2023
