
Currently Loaded Modules:
  1) cue-login-env/1.0   7) default           13) libxcrypt/4.4.35
  2) gcc/11.2.0          8) libmd/1.0.4       14) zlib-ng/2.1.3
  3) ucx/1.11.2          9) libbsd/0.11.7     15) openssl/3.1.3
  4) openmpi/4.1.2      10) expat/2.5.0       16) util-linux-uuid/2.38.1
  5) cuda/11.6.1        11) gettext/0.19.8.1  17) xz/5.2.4
  6) modtree/gpu        12) libffi/3.4.4      18) python/3.11.6

 

job is starting on gpub036.delta.ncsa.illinois.edu
dataset=wesad
clas=fcnM
max_eval=9
i_fold=02
CUDA_VISIBLE_DEVICES=0
 
 ******************************
 ******* i_fold=02 *******
 ******************************
 
Thu Nov 23 20:34:00 CST 2023
WARNING:tensorflow:Deprecation warnings have been disabled. Set TF_ENABLE_DEPRECATION_WARNINGS=1 to re-enable them.
WARNING:root:Limited tf.compat.v2.summary API due to missing TensorBoard installation.
Using TensorFlow backend.
2023-11-23 20:34:05,273 [INFO] Loading data for subjects [16, 9, 14] and channels (0, 1, 2, 3, 4, 5, 6, 7, 8, 9, 10)
INFO:mylogger:Loading data for subjects [16, 9, 14] and channels (0, 1, 2, 3, 4, 5, 6, 7, 8, 9, 10)
2023-11-23 20:34:05,303 [INFO] Finished loading data for subjects [16, 9, 14] and channels (0, 1, 2, 3, 4, 5, 6, 7, 8, 9, 10)
INFO:mylogger:Finished loading data for subjects [16, 9, 14] and channels (0, 1, 2, 3, 4, 5, 6, 7, 8, 9, 10)
2023-11-23 20:34:05,303 [INFO] Loading data for subjects [17, 4, 11] and channels (0, 1, 2, 3, 4, 5, 6, 7, 8, 9, 10)
INFO:mylogger:Loading data for subjects [17, 4, 11] and channels (0, 1, 2, 3, 4, 5, 6, 7, 8, 9, 10)
2023-11-23 20:34:05,331 [INFO] Finished loading data for subjects [17, 4, 11] and channels (0, 1, 2, 3, 4, 5, 6, 7, 8, 9, 10)
INFO:mylogger:Finished loading data for subjects [17, 4, 11] and channels (0, 1, 2, 3, 4, 5, 6, 7, 8, 9, 10)
2023-11-23 20:34:05,331 [INFO] Loading data for subjects [5, 15, 3, 8, 2, 10, 13, 7, 6] and channels (0, 1, 2, 3, 4, 5, 6, 7, 8, 9, 10)
INFO:mylogger:Loading data for subjects [5, 15, 3, 8, 2, 10, 13, 7, 6] and channels (0, 1, 2, 3, 4, 5, 6, 7, 8, 9, 10)
2023-11-23 20:34:05,412 [INFO] Finished loading data for subjects [5, 15, 3, 8, 2, 10, 13, 7, 6] and channels (0, 1, 2, 3, 4, 5, 6, 7, 8, 9, 10)
INFO:mylogger:Finished loading data for subjects [5, 15, 3, 8, 2, 10, 13, 7, 6] and channels (0, 1, 2, 3, 4, 5, 6, 7, 8, 9, 10)
2023-11-23 20:34:05,436 [INFO] Loading data for subjects [16, 9, 14] and channels (0, 1, 2, 3, 4, 5, 6, 7, 8, 9, 10)
INFO:mylogger:Loading data for subjects [16, 9, 14] and channels (0, 1, 2, 3, 4, 5, 6, 7, 8, 9, 10)
2023-11-23 20:34:05,460 [INFO] Finished loading data for subjects [16, 9, 14] and channels (0, 1, 2, 3, 4, 5, 6, 7, 8, 9, 10)
INFO:mylogger:Finished loading data for subjects [16, 9, 14] and channels (0, 1, 2, 3, 4, 5, 6, 7, 8, 9, 10)
2023-11-23 20:34:05,461 [INFO] Loading data for subjects [17, 4, 11] and channels (0, 1, 2, 3, 4, 5, 6, 7, 8, 9, 10)
INFO:mylogger:Loading data for subjects [17, 4, 11] and channels (0, 1, 2, 3, 4, 5, 6, 7, 8, 9, 10)
2023-11-23 20:34:05,484 [INFO] Finished loading data for subjects [17, 4, 11] and channels (0, 1, 2, 3, 4, 5, 6, 7, 8, 9, 10)
INFO:mylogger:Finished loading data for subjects [17, 4, 11] and channels (0, 1, 2, 3, 4, 5, 6, 7, 8, 9, 10)
2023-11-23 20:34:05,484 [INFO] Loading data for subjects [5, 15, 3, 8, 2, 10, 13, 7, 6] and channels (0, 1, 2, 3, 4, 5, 6, 7, 8, 9, 10)
INFO:mylogger:Loading data for subjects [5, 15, 3, 8, 2, 10, 13, 7, 6] and channels (0, 1, 2, 3, 4, 5, 6, 7, 8, 9, 10)
2023-11-23 20:34:05,566 [INFO] Finished loading data for subjects [5, 15, 3, 8, 2, 10, 13, 7, 6] and channels (0, 1, 2, 3, 4, 5, 6, 7, 8, 9, 10)
INFO:mylogger:Finished loading data for subjects [5, 15, 3, 8, 2, 10, 13, 7, 6] and channels (0, 1, 2, 3, 4, 5, 6, 7, 8, 9, 10)
2023-11-23 20:34:05,592 [INFO] Loading data for subjects [16, 9, 14] and channels (0, 1, 2, 3, 4, 5, 6, 7, 8, 9, 10)
INFO:mylogger:Loading data for subjects [16, 9, 14] and channels (0, 1, 2, 3, 4, 5, 6, 7, 8, 9, 10)
2023-11-23 20:34:05,617 [INFO] Finished loading data for subjects [16, 9, 14] and channels (0, 1, 2, 3, 4, 5, 6, 7, 8, 9, 10)
INFO:mylogger:Finished loading data for subjects [16, 9, 14] and channels (0, 1, 2, 3, 4, 5, 6, 7, 8, 9, 10)
2023-11-23 20:34:05,617 [INFO] Loading data for subjects [17, 4, 11] and channels (0, 1, 2, 3, 4, 5, 6, 7, 8, 9, 10)
INFO:mylogger:Loading data for subjects [17, 4, 11] and channels (0, 1, 2, 3, 4, 5, 6, 7, 8, 9, 10)
2023-11-23 20:34:05,641 [INFO] Finished loading data for subjects [17, 4, 11] and channels (0, 1, 2, 3, 4, 5, 6, 7, 8, 9, 10)
INFO:mylogger:Finished loading data for subjects [17, 4, 11] and channels (0, 1, 2, 3, 4, 5, 6, 7, 8, 9, 10)
2023-11-23 20:34:05,642 [INFO] Loading data for subjects [5, 15, 3, 8, 2, 10, 13, 7, 6] and channels (0, 1, 2, 3, 4, 5, 6, 7, 8, 9, 10)
INFO:mylogger:Loading data for subjects [5, 15, 3, 8, 2, 10, 13, 7, 6] and channels (0, 1, 2, 3, 4, 5, 6, 7, 8, 9, 10)
2023-11-23 20:34:05,723 [INFO] Finished loading data for subjects [5, 15, 3, 8, 2, 10, 13, 7, 6] and channels (0, 1, 2, 3, 4, 5, 6, 7, 8, 9, 10)
INFO:mylogger:Finished loading data for subjects [5, 15, 3, 8, 2, 10, 13, 7, 6] and channels (0, 1, 2, 3, 4, 5, 6, 7, 8, 9, 10)
2023-11-23 20:34:05,747 [INFO] Loading data for subjects [16, 9, 14] and channels (0, 1, 2, 3, 4, 5, 6, 7, 8, 9, 10)
INFO:mylogger:Loading data for subjects [16, 9, 14] and channels (0, 1, 2, 3, 4, 5, 6, 7, 8, 9, 10)
2023-11-23 20:34:05,773 [INFO] Finished loading data for subjects [16, 9, 14] and channels (0, 1, 2, 3, 4, 5, 6, 7, 8, 9, 10)
INFO:mylogger:Finished loading data for subjects [16, 9, 14] and channels (0, 1, 2, 3, 4, 5, 6, 7, 8, 9, 10)
2023-11-23 20:34:05,774 [INFO] Loading data for subjects [17, 4, 11] and channels (0, 1, 2, 3, 4, 5, 6, 7, 8, 9, 10)
INFO:mylogger:Loading data for subjects [17, 4, 11] and channels (0, 1, 2, 3, 4, 5, 6, 7, 8, 9, 10)
2023-11-23 20:34:05,799 [INFO] Finished loading data for subjects [17, 4, 11] and channels (0, 1, 2, 3, 4, 5, 6, 7, 8, 9, 10)
INFO:mylogger:Finished loading data for subjects [17, 4, 11] and channels (0, 1, 2, 3, 4, 5, 6, 7, 8, 9, 10)
2023-11-23 20:34:05,800 [INFO] Loading data for subjects [5, 15, 3, 8, 2, 10, 13, 7, 6] and channels (0, 1, 2, 3, 4, 5, 6, 7, 8, 9, 10)
INFO:mylogger:Loading data for subjects [5, 15, 3, 8, 2, 10, 13, 7, 6] and channels (0, 1, 2, 3, 4, 5, 6, 7, 8, 9, 10)
2023-11-23 20:34:05,885 [INFO] Finished loading data for subjects [5, 15, 3, 8, 2, 10, 13, 7, 6] and channels (0, 1, 2, 3, 4, 5, 6, 7, 8, 9, 10)
INFO:mylogger:Finished loading data for subjects [5, 15, 3, 8, 2, 10, 13, 7, 6] and channels (0, 1, 2, 3, 4, 5, 6, 7, 8, 9, 10)
2023-11-23 20:34:05,912 [INFO] Loading data for subjects [16, 9, 14] and channels (0, 1, 2, 3, 4, 5, 6, 7, 8, 9, 10)
INFO:mylogger:Loading data for subjects [16, 9, 14] and channels (0, 1, 2, 3, 4, 5, 6, 7, 8, 9, 10)
2023-11-23 20:34:05,937 [INFO] Finished loading data for subjects [16, 9, 14] and channels (0, 1, 2, 3, 4, 5, 6, 7, 8, 9, 10)
INFO:mylogger:Finished loading data for subjects [16, 9, 14] and channels (0, 1, 2, 3, 4, 5, 6, 7, 8, 9, 10)
2023-11-23 20:34:05,938 [INFO] Loading data for subjects [17, 4, 11] and channels (0, 1, 2, 3, 4, 5, 6, 7, 8, 9, 10)
INFO:mylogger:Loading data for subjects [17, 4, 11] and channels (0, 1, 2, 3, 4, 5, 6, 7, 8, 9, 10)
2023-11-23 20:34:05,962 [INFO] Finished loading data for subjects [17, 4, 11] and channels (0, 1, 2, 3, 4, 5, 6, 7, 8, 9, 10)
INFO:mylogger:Finished loading data for subjects [17, 4, 11] and channels (0, 1, 2, 3, 4, 5, 6, 7, 8, 9, 10)
2023-11-23 20:34:05,963 [INFO] Loading data for subjects [5, 15, 3, 8, 2, 10, 13, 7, 6] and channels (0, 1, 2, 3, 4, 5, 6, 7, 8, 9, 10)
INFO:mylogger:Loading data for subjects [5, 15, 3, 8, 2, 10, 13, 7, 6] and channels (0, 1, 2, 3, 4, 5, 6, 7, 8, 9, 10)
2023-11-23 20:34:06,047 [INFO] Finished loading data for subjects [5, 15, 3, 8, 2, 10, 13, 7, 6] and channels (0, 1, 2, 3, 4, 5, 6, 7, 8, 9, 10)
INFO:mylogger:Finished loading data for subjects [5, 15, 3, 8, 2, 10, 13, 7, 6] and channels (0, 1, 2, 3, 4, 5, 6, 7, 8, 9, 10)
2023-11-23 20:34:06,074 [INFO] Tuning of fcnM, max_evals: 9
INFO:mylogger:Tuning of fcnM, max_evals: 9
Done
Thu Nov 23 20:34:06 CST 2023
