
Currently Loaded Modules:
  1) cue-login-env/1.0   3) ucx/1.11.2      5) cuda/11.6.1   7) default
  2) gcc/11.2.0          4) openmpi/4.1.2   6) modtree/gpu

 

job is starting on gpub079.delta.ncsa.illinois.edu
dataset=wesad
clas=resnetM
max_eval=5
CUDA_VISIBLE_DEVICES=0
 
 ******************************
 ******* i_fold=00 *******
 ******************************
 
Thu Nov 23 13:05:32 CST 2023
WARNING:tensorflow:Deprecation warnings have been disabled. Set TF_ENABLE_DEPRECATION_WARNINGS=1 to re-enable them.
WARNING:root:Limited tf.compat.v2.summary API due to missing TensorBoard installation.
Using TensorFlow backend.
2023-11-23 13:06:25,133 [INFO] Loading data for subjects [4, 3, 13] and channels (0, 1, 2, 3, 4, 5, 6, 7, 8, 9, 10)
INFO:mylogger:Loading data for subjects [4, 3, 13] and channels (0, 1, 2, 3, 4, 5, 6, 7, 8, 9, 10)
2023-11-23 13:06:25,217 [INFO] Finished loading data for subjects [4, 3, 13] and channels (0, 1, 2, 3, 4, 5, 6, 7, 8, 9, 10)
INFO:mylogger:Finished loading data for subjects [4, 3, 13] and channels (0, 1, 2, 3, 4, 5, 6, 7, 8, 9, 10)
2023-11-23 13:06:25,217 [INFO] Loading data for subjects [10, 17, 2] and channels (0, 1, 2, 3, 4, 5, 6, 7, 8, 9, 10)
INFO:mylogger:Loading data for subjects [10, 17, 2] and channels (0, 1, 2, 3, 4, 5, 6, 7, 8, 9, 10)
2023-11-23 13:06:25,284 [INFO] Finished loading data for subjects [10, 17, 2] and channels (0, 1, 2, 3, 4, 5, 6, 7, 8, 9, 10)
INFO:mylogger:Finished loading data for subjects [10, 17, 2] and channels (0, 1, 2, 3, 4, 5, 6, 7, 8, 9, 10)
2023-11-23 13:06:25,285 [INFO] Loading data for subjects [5, 16, 15, 8, 9, 7, 14, 6, 11] and channels (0, 1, 2, 3, 4, 5, 6, 7, 8, 9, 10)
INFO:mylogger:Loading data for subjects [5, 16, 15, 8, 9, 7, 14, 6, 11] and channels (0, 1, 2, 3, 4, 5, 6, 7, 8, 9, 10)
2023-11-23 13:06:25,467 [INFO] Finished loading data for subjects [5, 16, 15, 8, 9, 7, 14, 6, 11] and channels (0, 1, 2, 3, 4, 5, 6, 7, 8, 9, 10)
INFO:mylogger:Finished loading data for subjects [5, 16, 15, 8, 9, 7, 14, 6, 11] and channels (0, 1, 2, 3, 4, 5, 6, 7, 8, 9, 10)
2023-11-23 13:06:25,692 [INFO] Loading data for subjects [4, 3, 13] and channels (0, 1, 2, 3, 4, 5, 6, 7, 8, 9, 10)
INFO:mylogger:Loading data for subjects [4, 3, 13] and channels (0, 1, 2, 3, 4, 5, 6, 7, 8, 9, 10)
2023-11-23 13:06:25,718 [INFO] Finished loading data for subjects [4, 3, 13] and channels (0, 1, 2, 3, 4, 5, 6, 7, 8, 9, 10)
INFO:mylogger:Finished loading data for subjects [4, 3, 13] and channels (0, 1, 2, 3, 4, 5, 6, 7, 8, 9, 10)
2023-11-23 13:06:25,723 [INFO] Loading data for subjects [10, 17, 2] and channels (0, 1, 2, 3, 4, 5, 6, 7, 8, 9, 10)
INFO:mylogger:Loading data for subjects [10, 17, 2] and channels (0, 1, 2, 3, 4, 5, 6, 7, 8, 9, 10)
2023-11-23 13:06:25,750 [INFO] Finished loading data for subjects [10, 17, 2] and channels (0, 1, 2, 3, 4, 5, 6, 7, 8, 9, 10)
INFO:mylogger:Finished loading data for subjects [10, 17, 2] and channels (0, 1, 2, 3, 4, 5, 6, 7, 8, 9, 10)
2023-11-23 13:06:25,750 [INFO] Loading data for subjects [5, 16, 15, 8, 9, 7, 14, 6, 11] and channels (0, 1, 2, 3, 4, 5, 6, 7, 8, 9, 10)
INFO:mylogger:Loading data for subjects [5, 16, 15, 8, 9, 7, 14, 6, 11] and channels (0, 1, 2, 3, 4, 5, 6, 7, 8, 9, 10)
2023-11-23 13:06:25,824 [INFO] Finished loading data for subjects [5, 16, 15, 8, 9, 7, 14, 6, 11] and channels (0, 1, 2, 3, 4, 5, 6, 7, 8, 9, 10)
INFO:mylogger:Finished loading data for subjects [5, 16, 15, 8, 9, 7, 14, 6, 11] and channels (0, 1, 2, 3, 4, 5, 6, 7, 8, 9, 10)
2023-11-23 13:06:25,860 [INFO] Loading data for subjects [4, 3, 13] and channels (0, 1, 2, 3, 4, 5, 6, 7, 8, 9, 10)
INFO:mylogger:Loading data for subjects [4, 3, 13] and channels (0, 1, 2, 3, 4, 5, 6, 7, 8, 9, 10)
2023-11-23 13:06:25,884 [INFO] Finished loading data for subjects [4, 3, 13] and channels (0, 1, 2, 3, 4, 5, 6, 7, 8, 9, 10)
INFO:mylogger:Finished loading data for subjects [4, 3, 13] and channels (0, 1, 2, 3, 4, 5, 6, 7, 8, 9, 10)
2023-11-23 13:06:25,885 [INFO] Loading data for subjects [10, 17, 2] and channels (0, 1, 2, 3, 4, 5, 6, 7, 8, 9, 10)
INFO:mylogger:Loading data for subjects [10, 17, 2] and channels (0, 1, 2, 3, 4, 5, 6, 7, 8, 9, 10)
2023-11-23 13:06:25,906 [INFO] Finished loading data for subjects [10, 17, 2] and channels (0, 1, 2, 3, 4, 5, 6, 7, 8, 9, 10)
INFO:mylogger:Finished loading data for subjects [10, 17, 2] and channels (0, 1, 2, 3, 4, 5, 6, 7, 8, 9, 10)
2023-11-23 13:06:25,908 [INFO] Loading data for subjects [5, 16, 15, 8, 9, 7, 14, 6, 11] and channels (0, 1, 2, 3, 4, 5, 6, 7, 8, 9, 10)
INFO:mylogger:Loading data for subjects [5, 16, 15, 8, 9, 7, 14, 6, 11] and channels (0, 1, 2, 3, 4, 5, 6, 7, 8, 9, 10)
2023-11-23 13:06:25,979 [INFO] Finished loading data for subjects [5, 16, 15, 8, 9, 7, 14, 6, 11] and channels (0, 1, 2, 3, 4, 5, 6, 7, 8, 9, 10)
INFO:mylogger:Finished loading data for subjects [5, 16, 15, 8, 9, 7, 14, 6, 11] and channels (0, 1, 2, 3, 4, 5, 6, 7, 8, 9, 10)
2023-11-23 13:06:26,012 [INFO] Loading data for subjects [4, 3, 13] and channels (0, 1, 2, 3, 4, 5, 6, 7, 8, 9, 10)
INFO:mylogger:Loading data for subjects [4, 3, 13] and channels (0, 1, 2, 3, 4, 5, 6, 7, 8, 9, 10)
2023-11-23 13:06:26,037 [INFO] Finished loading data for subjects [4, 3, 13] and channels (0, 1, 2, 3, 4, 5, 6, 7, 8, 9, 10)
INFO:mylogger:Finished loading data for subjects [4, 3, 13] and channels (0, 1, 2, 3, 4, 5, 6, 7, 8, 9, 10)
2023-11-23 13:06:26,038 [INFO] Loading data for subjects [10, 17, 2] and channels (0, 1, 2, 3, 4, 5, 6, 7, 8, 9, 10)
INFO:mylogger:Loading data for subjects [10, 17, 2] and channels (0, 1, 2, 3, 4, 5, 6, 7, 8, 9, 10)
2023-11-23 13:06:26,063 [INFO] Finished loading data for subjects [10, 17, 2] and channels (0, 1, 2, 3, 4, 5, 6, 7, 8, 9, 10)
INFO:mylogger:Finished loading data for subjects [10, 17, 2] and channels (0, 1, 2, 3, 4, 5, 6, 7, 8, 9, 10)
2023-11-23 13:06:26,064 [INFO] Loading data for subjects [5, 16, 15, 8, 9, 7, 14, 6, 11] and channels (0, 1, 2, 3, 4, 5, 6, 7, 8, 9, 10)
INFO:mylogger:Loading data for subjects [5, 16, 15, 8, 9, 7, 14, 6, 11] and channels (0, 1, 2, 3, 4, 5, 6, 7, 8, 9, 10)
2023-11-23 13:06:26,136 [INFO] Finished loading data for subjects [5, 16, 15, 8, 9, 7, 14, 6, 11] and channels (0, 1, 2, 3, 4, 5, 6, 7, 8, 9, 10)
INFO:mylogger:Finished loading data for subjects [5, 16, 15, 8, 9, 7, 14, 6, 11] and channels (0, 1, 2, 3, 4, 5, 6, 7, 8, 9, 10)
2023-11-23 13:06:26,169 [INFO] Loading data for subjects [4, 3, 13] and channels (0, 1, 2, 3, 4, 5, 6, 7, 8, 9, 10)
INFO:mylogger:Loading data for subjects [4, 3, 13] and channels (0, 1, 2, 3, 4, 5, 6, 7, 8, 9, 10)
2023-11-23 13:06:26,193 [INFO] Finished loading data for subjects [4, 3, 13] and channels (0, 1, 2, 3, 4, 5, 6, 7, 8, 9, 10)
INFO:mylogger:Finished loading data for subjects [4, 3, 13] and channels (0, 1, 2, 3, 4, 5, 6, 7, 8, 9, 10)
2023-11-23 13:06:26,193 [INFO] Loading data for subjects [10, 17, 2] and channels (0, 1, 2, 3, 4, 5, 6, 7, 8, 9, 10)
INFO:mylogger:Loading data for subjects [10, 17, 2] and channels (0, 1, 2, 3, 4, 5, 6, 7, 8, 9, 10)
2023-11-23 13:06:26,217 [INFO] Finished loading data for subjects [10, 17, 2] and channels (0, 1, 2, 3, 4, 5, 6, 7, 8, 9, 10)
INFO:mylogger:Finished loading data for subjects [10, 17, 2] and channels (0, 1, 2, 3, 4, 5, 6, 7, 8, 9, 10)
2023-11-23 13:06:26,217 [INFO] Loading data for subjects [5, 16, 15, 8, 9, 7, 14, 6, 11] and channels (0, 1, 2, 3, 4, 5, 6, 7, 8, 9, 10)
INFO:mylogger:Loading data for subjects [5, 16, 15, 8, 9, 7, 14, 6, 11] and channels (0, 1, 2, 3, 4, 5, 6, 7, 8, 9, 10)
2023-11-23 13:06:26,291 [INFO] Finished loading data for subjects [5, 16, 15, 8, 9, 7, 14, 6, 11] and channels (0, 1, 2, 3, 4, 5, 6, 7, 8, 9, 10)
INFO:mylogger:Finished loading data for subjects [5, 16, 15, 8, 9, 7, 14, 6, 11] and channels (0, 1, 2, 3, 4, 5, 6, 7, 8, 9, 10)
2023-11-23 13:06:26,324 [INFO] Tuning of resnetM, max_evals: 5
INFO:mylogger:Tuning of resnetM, max_evals: 5
2023-11-23 13:06:26,326 [INFO] Tuning of resnetM (max_evals: 5) is being performed by another process
INFO:mylogger:Tuning of resnetM (max_evals: 5) is being performed by another process
 
 ******************************
 ******* i_fold=01 *******
 ******************************
 
Thu Nov 23 13:06:29 CST 2023
WARNING:tensorflow:Deprecation warnings have been disabled. Set TF_ENABLE_DEPRECATION_WARNINGS=1 to re-enable them.
WARNING:root:Limited tf.compat.v2.summary API due to missing TensorBoard installation.
Using TensorFlow backend.
2023-11-23 13:06:35,034 [INFO] Loading data for subjects [5, 8, 7] and channels (0, 1, 2, 3, 4, 5, 6, 7, 8, 9, 10)
INFO:mylogger:Loading data for subjects [5, 8, 7] and channels (0, 1, 2, 3, 4, 5, 6, 7, 8, 9, 10)
2023-11-23 13:06:35,063 [INFO] Finished loading data for subjects [5, 8, 7] and channels (0, 1, 2, 3, 4, 5, 6, 7, 8, 9, 10)
INFO:mylogger:Finished loading data for subjects [5, 8, 7] and channels (0, 1, 2, 3, 4, 5, 6, 7, 8, 9, 10)
2023-11-23 13:06:35,063 [INFO] Loading data for subjects [13, 16, 14] and channels (0, 1, 2, 3, 4, 5, 6, 7, 8, 9, 10)
INFO:mylogger:Loading data for subjects [13, 16, 14] and channels (0, 1, 2, 3, 4, 5, 6, 7, 8, 9, 10)
2023-11-23 13:06:35,092 [INFO] Finished loading data for subjects [13, 16, 14] and channels (0, 1, 2, 3, 4, 5, 6, 7, 8, 9, 10)
INFO:mylogger:Finished loading data for subjects [13, 16, 14] and channels (0, 1, 2, 3, 4, 5, 6, 7, 8, 9, 10)
2023-11-23 13:06:35,092 [INFO] Loading data for subjects [4, 15, 17, 3, 9, 2, 10, 6, 11] and channels (0, 1, 2, 3, 4, 5, 6, 7, 8, 9, 10)
INFO:mylogger:Loading data for subjects [4, 15, 17, 3, 9, 2, 10, 6, 11] and channels (0, 1, 2, 3, 4, 5, 6, 7, 8, 9, 10)
2023-11-23 13:06:35,187 [INFO] Finished loading data for subjects [4, 15, 17, 3, 9, 2, 10, 6, 11] and channels (0, 1, 2, 3, 4, 5, 6, 7, 8, 9, 10)
INFO:mylogger:Finished loading data for subjects [4, 15, 17, 3, 9, 2, 10, 6, 11] and channels (0, 1, 2, 3, 4, 5, 6, 7, 8, 9, 10)
2023-11-23 13:06:35,215 [INFO] Loading data for subjects [5, 8, 7] and channels (0, 1, 2, 3, 4, 5, 6, 7, 8, 9, 10)
INFO:mylogger:Loading data for subjects [5, 8, 7] and channels (0, 1, 2, 3, 4, 5, 6, 7, 8, 9, 10)
2023-11-23 13:06:35,240 [INFO] Finished loading data for subjects [5, 8, 7] and channels (0, 1, 2, 3, 4, 5, 6, 7, 8, 9, 10)
INFO:mylogger:Finished loading data for subjects [5, 8, 7] and channels (0, 1, 2, 3, 4, 5, 6, 7, 8, 9, 10)
2023-11-23 13:06:35,240 [INFO] Loading data for subjects [13, 16, 14] and channels (0, 1, 2, 3, 4, 5, 6, 7, 8, 9, 10)
INFO:mylogger:Loading data for subjects [13, 16, 14] and channels (0, 1, 2, 3, 4, 5, 6, 7, 8, 9, 10)
2023-11-23 13:06:35,263 [INFO] Finished loading data for subjects [13, 16, 14] and channels (0, 1, 2, 3, 4, 5, 6, 7, 8, 9, 10)
INFO:mylogger:Finished loading data for subjects [13, 16, 14] and channels (0, 1, 2, 3, 4, 5, 6, 7, 8, 9, 10)
2023-11-23 13:06:35,264 [INFO] Loading data for subjects [4, 15, 17, 3, 9, 2, 10, 6, 11] and channels (0, 1, 2, 3, 4, 5, 6, 7, 8, 9, 10)
INFO:mylogger:Loading data for subjects [4, 15, 17, 3, 9, 2, 10, 6, 11] and channels (0, 1, 2, 3, 4, 5, 6, 7, 8, 9, 10)
2023-11-23 13:06:35,350 [INFO] Finished loading data for subjects [4, 15, 17, 3, 9, 2, 10, 6, 11] and channels (0, 1, 2, 3, 4, 5, 6, 7, 8, 9, 10)
INFO:mylogger:Finished loading data for subjects [4, 15, 17, 3, 9, 2, 10, 6, 11] and channels (0, 1, 2, 3, 4, 5, 6, 7, 8, 9, 10)
2023-11-23 13:06:35,378 [INFO] Loading data for subjects [5, 8, 7] and channels (0, 1, 2, 3, 4, 5, 6, 7, 8, 9, 10)
INFO:mylogger:Loading data for subjects [5, 8, 7] and channels (0, 1, 2, 3, 4, 5, 6, 7, 8, 9, 10)
2023-11-23 13:06:35,402 [INFO] Finished loading data for subjects [5, 8, 7] and channels (0, 1, 2, 3, 4, 5, 6, 7, 8, 9, 10)
INFO:mylogger:Finished loading data for subjects [5, 8, 7] and channels (0, 1, 2, 3, 4, 5, 6, 7, 8, 9, 10)
2023-11-23 13:06:35,402 [INFO] Loading data for subjects [13, 16, 14] and channels (0, 1, 2, 3, 4, 5, 6, 7, 8, 9, 10)
INFO:mylogger:Loading data for subjects [13, 16, 14] and channels (0, 1, 2, 3, 4, 5, 6, 7, 8, 9, 10)
2023-11-23 13:06:35,427 [INFO] Finished loading data for subjects [13, 16, 14] and channels (0, 1, 2, 3, 4, 5, 6, 7, 8, 9, 10)
INFO:mylogger:Finished loading data for subjects [13, 16, 14] and channels (0, 1, 2, 3, 4, 5, 6, 7, 8, 9, 10)
2023-11-23 13:06:35,428 [INFO] Loading data for subjects [4, 15, 17, 3, 9, 2, 10, 6, 11] and channels (0, 1, 2, 3, 4, 5, 6, 7, 8, 9, 10)
INFO:mylogger:Loading data for subjects [4, 15, 17, 3, 9, 2, 10, 6, 11] and channels (0, 1, 2, 3, 4, 5, 6, 7, 8, 9, 10)
2023-11-23 13:06:35,512 [INFO] Finished loading data for subjects [4, 15, 17, 3, 9, 2, 10, 6, 11] and channels (0, 1, 2, 3, 4, 5, 6, 7, 8, 9, 10)
INFO:mylogger:Finished loading data for subjects [4, 15, 17, 3, 9, 2, 10, 6, 11] and channels (0, 1, 2, 3, 4, 5, 6, 7, 8, 9, 10)
2023-11-23 13:06:35,542 [INFO] Loading data for subjects [5, 8, 7] and channels (0, 1, 2, 3, 4, 5, 6, 7, 8, 9, 10)
INFO:mylogger:Loading data for subjects [5, 8, 7] and channels (0, 1, 2, 3, 4, 5, 6, 7, 8, 9, 10)
2023-11-23 13:06:35,567 [INFO] Finished loading data for subjects [5, 8, 7] and channels (0, 1, 2, 3, 4, 5, 6, 7, 8, 9, 10)
INFO:mylogger:Finished loading data for subjects [5, 8, 7] and channels (0, 1, 2, 3, 4, 5, 6, 7, 8, 9, 10)
2023-11-23 13:06:35,569 [INFO] Loading data for subjects [13, 16, 14] and channels (0, 1, 2, 3, 4, 5, 6, 7, 8, 9, 10)
INFO:mylogger:Loading data for subjects [13, 16, 14] and channels (0, 1, 2, 3, 4, 5, 6, 7, 8, 9, 10)
2023-11-23 13:06:35,592 [INFO] Finished loading data for subjects [13, 16, 14] and channels (0, 1, 2, 3, 4, 5, 6, 7, 8, 9, 10)
INFO:mylogger:Finished loading data for subjects [13, 16, 14] and channels (0, 1, 2, 3, 4, 5, 6, 7, 8, 9, 10)
2023-11-23 13:06:35,593 [INFO] Loading data for subjects [4, 15, 17, 3, 9, 2, 10, 6, 11] and channels (0, 1, 2, 3, 4, 5, 6, 7, 8, 9, 10)
INFO:mylogger:Loading data for subjects [4, 15, 17, 3, 9, 2, 10, 6, 11] and channels (0, 1, 2, 3, 4, 5, 6, 7, 8, 9, 10)
2023-11-23 13:06:35,673 [INFO] Finished loading data for subjects [4, 15, 17, 3, 9, 2, 10, 6, 11] and channels (0, 1, 2, 3, 4, 5, 6, 7, 8, 9, 10)
INFO:mylogger:Finished loading data for subjects [4, 15, 17, 3, 9, 2, 10, 6, 11] and channels (0, 1, 2, 3, 4, 5, 6, 7, 8, 9, 10)
2023-11-23 13:06:35,702 [INFO] Loading data for subjects [5, 8, 7] and channels (0, 1, 2, 3, 4, 5, 6, 7, 8, 9, 10)
INFO:mylogger:Loading data for subjects [5, 8, 7] and channels (0, 1, 2, 3, 4, 5, 6, 7, 8, 9, 10)
2023-11-23 13:06:35,728 [INFO] Finished loading data for subjects [5, 8, 7] and channels (0, 1, 2, 3, 4, 5, 6, 7, 8, 9, 10)
INFO:mylogger:Finished loading data for subjects [5, 8, 7] and channels (0, 1, 2, 3, 4, 5, 6, 7, 8, 9, 10)
2023-11-23 13:06:35,729 [INFO] Loading data for subjects [13, 16, 14] and channels (0, 1, 2, 3, 4, 5, 6, 7, 8, 9, 10)
INFO:mylogger:Loading data for subjects [13, 16, 14] and channels (0, 1, 2, 3, 4, 5, 6, 7, 8, 9, 10)
2023-11-23 13:06:35,752 [INFO] Finished loading data for subjects [13, 16, 14] and channels (0, 1, 2, 3, 4, 5, 6, 7, 8, 9, 10)
INFO:mylogger:Finished loading data for subjects [13, 16, 14] and channels (0, 1, 2, 3, 4, 5, 6, 7, 8, 9, 10)
2023-11-23 13:06:35,754 [INFO] Loading data for subjects [4, 15, 17, 3, 9, 2, 10, 6, 11] and channels (0, 1, 2, 3, 4, 5, 6, 7, 8, 9, 10)
INFO:mylogger:Loading data for subjects [4, 15, 17, 3, 9, 2, 10, 6, 11] and channels (0, 1, 2, 3, 4, 5, 6, 7, 8, 9, 10)
2023-11-23 13:06:35,832 [INFO] Finished loading data for subjects [4, 15, 17, 3, 9, 2, 10, 6, 11] and channels (0, 1, 2, 3, 4, 5, 6, 7, 8, 9, 10)
INFO:mylogger:Finished loading data for subjects [4, 15, 17, 3, 9, 2, 10, 6, 11] and channels (0, 1, 2, 3, 4, 5, 6, 7, 8, 9, 10)
2023-11-23 13:06:35,857 [INFO] Tuning of resnetM, max_evals: 5
INFO:mylogger:Tuning of resnetM, max_evals: 5
2023-11-23 13:06:35,859 [INFO] Tuning of resnetM (max_evals: 5) is being performed by another process
INFO:mylogger:Tuning of resnetM (max_evals: 5) is being performed by another process
 
 ******************************
 ******* i_fold=02 *******
 ******************************
 
Thu Nov 23 13:06:36 CST 2023
WARNING:tensorflow:Deprecation warnings have been disabled. Set TF_ENABLE_DEPRECATION_WARNINGS=1 to re-enable them.
WARNING:root:Limited tf.compat.v2.summary API due to missing TensorBoard installation.
Using TensorFlow backend.
2023-11-23 13:06:41,337 [INFO] Loading data for subjects [16, 9, 14] and channels (0, 1, 2, 3, 4, 5, 6, 7, 8, 9, 10)
INFO:mylogger:Loading data for subjects [16, 9, 14] and channels (0, 1, 2, 3, 4, 5, 6, 7, 8, 9, 10)
2023-11-23 13:06:41,364 [INFO] Finished loading data for subjects [16, 9, 14] and channels (0, 1, 2, 3, 4, 5, 6, 7, 8, 9, 10)
INFO:mylogger:Finished loading data for subjects [16, 9, 14] and channels (0, 1, 2, 3, 4, 5, 6, 7, 8, 9, 10)
2023-11-23 13:06:41,364 [INFO] Loading data for subjects [17, 4, 11] and channels (0, 1, 2, 3, 4, 5, 6, 7, 8, 9, 10)
INFO:mylogger:Loading data for subjects [17, 4, 11] and channels (0, 1, 2, 3, 4, 5, 6, 7, 8, 9, 10)
2023-11-23 13:06:41,391 [INFO] Finished loading data for subjects [17, 4, 11] and channels (0, 1, 2, 3, 4, 5, 6, 7, 8, 9, 10)
INFO:mylogger:Finished loading data for subjects [17, 4, 11] and channels (0, 1, 2, 3, 4, 5, 6, 7, 8, 9, 10)
2023-11-23 13:06:41,391 [INFO] Loading data for subjects [5, 15, 3, 8, 2, 10, 13, 7, 6] and channels (0, 1, 2, 3, 4, 5, 6, 7, 8, 9, 10)
INFO:mylogger:Loading data for subjects [5, 15, 3, 8, 2, 10, 13, 7, 6] and channels (0, 1, 2, 3, 4, 5, 6, 7, 8, 9, 10)
2023-11-23 13:06:41,469 [INFO] Finished loading data for subjects [5, 15, 3, 8, 2, 10, 13, 7, 6] and channels (0, 1, 2, 3, 4, 5, 6, 7, 8, 9, 10)
INFO:mylogger:Finished loading data for subjects [5, 15, 3, 8, 2, 10, 13, 7, 6] and channels (0, 1, 2, 3, 4, 5, 6, 7, 8, 9, 10)
2023-11-23 13:06:41,493 [INFO] Loading data for subjects [16, 9, 14] and channels (0, 1, 2, 3, 4, 5, 6, 7, 8, 9, 10)
INFO:mylogger:Loading data for subjects [16, 9, 14] and channels (0, 1, 2, 3, 4, 5, 6, 7, 8, 9, 10)
2023-11-23 13:06:41,516 [INFO] Finished loading data for subjects [16, 9, 14] and channels (0, 1, 2, 3, 4, 5, 6, 7, 8, 9, 10)
INFO:mylogger:Finished loading data for subjects [16, 9, 14] and channels (0, 1, 2, 3, 4, 5, 6, 7, 8, 9, 10)
2023-11-23 13:06:41,516 [INFO] Loading data for subjects [17, 4, 11] and channels (0, 1, 2, 3, 4, 5, 6, 7, 8, 9, 10)
INFO:mylogger:Loading data for subjects [17, 4, 11] and channels (0, 1, 2, 3, 4, 5, 6, 7, 8, 9, 10)
2023-11-23 13:06:41,538 [INFO] Finished loading data for subjects [17, 4, 11] and channels (0, 1, 2, 3, 4, 5, 6, 7, 8, 9, 10)
INFO:mylogger:Finished loading data for subjects [17, 4, 11] and channels (0, 1, 2, 3, 4, 5, 6, 7, 8, 9, 10)
2023-11-23 13:06:41,538 [INFO] Loading data for subjects [5, 15, 3, 8, 2, 10, 13, 7, 6] and channels (0, 1, 2, 3, 4, 5, 6, 7, 8, 9, 10)
INFO:mylogger:Loading data for subjects [5, 15, 3, 8, 2, 10, 13, 7, 6] and channels (0, 1, 2, 3, 4, 5, 6, 7, 8, 9, 10)
2023-11-23 13:06:41,612 [INFO] Finished loading data for subjects [5, 15, 3, 8, 2, 10, 13, 7, 6] and channels (0, 1, 2, 3, 4, 5, 6, 7, 8, 9, 10)
INFO:mylogger:Finished loading data for subjects [5, 15, 3, 8, 2, 10, 13, 7, 6] and channels (0, 1, 2, 3, 4, 5, 6, 7, 8, 9, 10)
2023-11-23 13:06:41,638 [INFO] Loading data for subjects [16, 9, 14] and channels (0, 1, 2, 3, 4, 5, 6, 7, 8, 9, 10)
INFO:mylogger:Loading data for subjects [16, 9, 14] and channels (0, 1, 2, 3, 4, 5, 6, 7, 8, 9, 10)
2023-11-23 13:06:41,660 [INFO] Finished loading data for subjects [16, 9, 14] and channels (0, 1, 2, 3, 4, 5, 6, 7, 8, 9, 10)
INFO:mylogger:Finished loading data for subjects [16, 9, 14] and channels (0, 1, 2, 3, 4, 5, 6, 7, 8, 9, 10)
2023-11-23 13:06:41,660 [INFO] Loading data for subjects [17, 4, 11] and channels (0, 1, 2, 3, 4, 5, 6, 7, 8, 9, 10)
INFO:mylogger:Loading data for subjects [17, 4, 11] and channels (0, 1, 2, 3, 4, 5, 6, 7, 8, 9, 10)
2023-11-23 13:06:41,682 [INFO] Finished loading data for subjects [17, 4, 11] and channels (0, 1, 2, 3, 4, 5, 6, 7, 8, 9, 10)
INFO:mylogger:Finished loading data for subjects [17, 4, 11] and channels (0, 1, 2, 3, 4, 5, 6, 7, 8, 9, 10)
2023-11-23 13:06:41,682 [INFO] Loading data for subjects [5, 15, 3, 8, 2, 10, 13, 7, 6] and channels (0, 1, 2, 3, 4, 5, 6, 7, 8, 9, 10)
INFO:mylogger:Loading data for subjects [5, 15, 3, 8, 2, 10, 13, 7, 6] and channels (0, 1, 2, 3, 4, 5, 6, 7, 8, 9, 10)
2023-11-23 13:06:41,751 [INFO] Finished loading data for subjects [5, 15, 3, 8, 2, 10, 13, 7, 6] and channels (0, 1, 2, 3, 4, 5, 6, 7, 8, 9, 10)
INFO:mylogger:Finished loading data for subjects [5, 15, 3, 8, 2, 10, 13, 7, 6] and channels (0, 1, 2, 3, 4, 5, 6, 7, 8, 9, 10)
2023-11-23 13:06:41,778 [INFO] Loading data for subjects [16, 9, 14] and channels (0, 1, 2, 3, 4, 5, 6, 7, 8, 9, 10)
INFO:mylogger:Loading data for subjects [16, 9, 14] and channels (0, 1, 2, 3, 4, 5, 6, 7, 8, 9, 10)
2023-11-23 13:06:41,799 [INFO] Finished loading data for subjects [16, 9, 14] and channels (0, 1, 2, 3, 4, 5, 6, 7, 8, 9, 10)
INFO:mylogger:Finished loading data for subjects [16, 9, 14] and channels (0, 1, 2, 3, 4, 5, 6, 7, 8, 9, 10)
2023-11-23 13:06:41,799 [INFO] Loading data for subjects [17, 4, 11] and channels (0, 1, 2, 3, 4, 5, 6, 7, 8, 9, 10)
INFO:mylogger:Loading data for subjects [17, 4, 11] and channels (0, 1, 2, 3, 4, 5, 6, 7, 8, 9, 10)
2023-11-23 13:06:41,818 [INFO] Finished loading data for subjects [17, 4, 11] and channels (0, 1, 2, 3, 4, 5, 6, 7, 8, 9, 10)
INFO:mylogger:Finished loading data for subjects [17, 4, 11] and channels (0, 1, 2, 3, 4, 5, 6, 7, 8, 9, 10)
2023-11-23 13:06:41,818 [INFO] Loading data for subjects [5, 15, 3, 8, 2, 10, 13, 7, 6] and channels (0, 1, 2, 3, 4, 5, 6, 7, 8, 9, 10)
INFO:mylogger:Loading data for subjects [5, 15, 3, 8, 2, 10, 13, 7, 6] and channels (0, 1, 2, 3, 4, 5, 6, 7, 8, 9, 10)
2023-11-23 13:06:41,887 [INFO] Finished loading data for subjects [5, 15, 3, 8, 2, 10, 13, 7, 6] and channels (0, 1, 2, 3, 4, 5, 6, 7, 8, 9, 10)
INFO:mylogger:Finished loading data for subjects [5, 15, 3, 8, 2, 10, 13, 7, 6] and channels (0, 1, 2, 3, 4, 5, 6, 7, 8, 9, 10)
2023-11-23 13:06:41,913 [INFO] Loading data for subjects [16, 9, 14] and channels (0, 1, 2, 3, 4, 5, 6, 7, 8, 9, 10)
INFO:mylogger:Loading data for subjects [16, 9, 14] and channels (0, 1, 2, 3, 4, 5, 6, 7, 8, 9, 10)
2023-11-23 13:06:41,934 [INFO] Finished loading data for subjects [16, 9, 14] and channels (0, 1, 2, 3, 4, 5, 6, 7, 8, 9, 10)
INFO:mylogger:Finished loading data for subjects [16, 9, 14] and channels (0, 1, 2, 3, 4, 5, 6, 7, 8, 9, 10)
2023-11-23 13:06:41,934 [INFO] Loading data for subjects [17, 4, 11] and channels (0, 1, 2, 3, 4, 5, 6, 7, 8, 9, 10)
INFO:mylogger:Loading data for subjects [17, 4, 11] and channels (0, 1, 2, 3, 4, 5, 6, 7, 8, 9, 10)
2023-11-23 13:06:41,954 [INFO] Finished loading data for subjects [17, 4, 11] and channels (0, 1, 2, 3, 4, 5, 6, 7, 8, 9, 10)
INFO:mylogger:Finished loading data for subjects [17, 4, 11] and channels (0, 1, 2, 3, 4, 5, 6, 7, 8, 9, 10)
2023-11-23 13:06:41,954 [INFO] Loading data for subjects [5, 15, 3, 8, 2, 10, 13, 7, 6] and channels (0, 1, 2, 3, 4, 5, 6, 7, 8, 9, 10)
INFO:mylogger:Loading data for subjects [5, 15, 3, 8, 2, 10, 13, 7, 6] and channels (0, 1, 2, 3, 4, 5, 6, 7, 8, 9, 10)
2023-11-23 13:06:42,020 [INFO] Finished loading data for subjects [5, 15, 3, 8, 2, 10, 13, 7, 6] and channels (0, 1, 2, 3, 4, 5, 6, 7, 8, 9, 10)
INFO:mylogger:Finished loading data for subjects [5, 15, 3, 8, 2, 10, 13, 7, 6] and channels (0, 1, 2, 3, 4, 5, 6, 7, 8, 9, 10)
2023-11-23 13:06:42,050 [INFO] Tuning of resnetM, max_evals: 5
INFO:mylogger:Tuning of resnetM, max_evals: 5
 
 ******************************
 ******* i_fold=03 *******
 ******************************
 
Thu Nov 23 13:06:42 CST 2023
WARNING:tensorflow:Deprecation warnings have been disabled. Set TF_ENABLE_DEPRECATION_WARNINGS=1 to re-enable them.
WARNING:root:Limited tf.compat.v2.summary API due to missing TensorBoard installation.
Using TensorFlow backend.
2023-11-23 13:06:47,588 [INFO] Loading data for subjects [15, 2, 6] and channels (0, 1, 2, 3, 4, 5, 6, 7, 8, 9, 10)
INFO:mylogger:Loading data for subjects [15, 2, 6] and channels (0, 1, 2, 3, 4, 5, 6, 7, 8, 9, 10)
2023-11-23 13:06:47,616 [INFO] Finished loading data for subjects [15, 2, 6] and channels (0, 1, 2, 3, 4, 5, 6, 7, 8, 9, 10)
INFO:mylogger:Finished loading data for subjects [15, 2, 6] and channels (0, 1, 2, 3, 4, 5, 6, 7, 8, 9, 10)
2023-11-23 13:06:47,616 [INFO] Loading data for subjects [9, 3, 16] and channels (0, 1, 2, 3, 4, 5, 6, 7, 8, 9, 10)
INFO:mylogger:Loading data for subjects [9, 3, 16] and channels (0, 1, 2, 3, 4, 5, 6, 7, 8, 9, 10)
2023-11-23 13:06:47,640 [INFO] Finished loading data for subjects [9, 3, 16] and channels (0, 1, 2, 3, 4, 5, 6, 7, 8, 9, 10)
INFO:mylogger:Finished loading data for subjects [9, 3, 16] and channels (0, 1, 2, 3, 4, 5, 6, 7, 8, 9, 10)
2023-11-23 13:06:47,640 [INFO] Loading data for subjects [4, 5, 17, 8, 10, 13, 7, 14, 11] and channels (0, 1, 2, 3, 4, 5, 6, 7, 8, 9, 10)
INFO:mylogger:Loading data for subjects [4, 5, 17, 8, 10, 13, 7, 14, 11] and channels (0, 1, 2, 3, 4, 5, 6, 7, 8, 9, 10)
2023-11-23 13:06:47,715 [INFO] Finished loading data for subjects [4, 5, 17, 8, 10, 13, 7, 14, 11] and channels (0, 1, 2, 3, 4, 5, 6, 7, 8, 9, 10)
INFO:mylogger:Finished loading data for subjects [4, 5, 17, 8, 10, 13, 7, 14, 11] and channels (0, 1, 2, 3, 4, 5, 6, 7, 8, 9, 10)
2023-11-23 13:06:47,739 [INFO] Loading data for subjects [15, 2, 6] and channels (0, 1, 2, 3, 4, 5, 6, 7, 8, 9, 10)
INFO:mylogger:Loading data for subjects [15, 2, 6] and channels (0, 1, 2, 3, 4, 5, 6, 7, 8, 9, 10)
2023-11-23 13:06:47,761 [INFO] Finished loading data for subjects [15, 2, 6] and channels (0, 1, 2, 3, 4, 5, 6, 7, 8, 9, 10)
INFO:mylogger:Finished loading data for subjects [15, 2, 6] and channels (0, 1, 2, 3, 4, 5, 6, 7, 8, 9, 10)
2023-11-23 13:06:47,761 [INFO] Loading data for subjects [9, 3, 16] and channels (0, 1, 2, 3, 4, 5, 6, 7, 8, 9, 10)
INFO:mylogger:Loading data for subjects [9, 3, 16] and channels (0, 1, 2, 3, 4, 5, 6, 7, 8, 9, 10)
2023-11-23 13:06:47,784 [INFO] Finished loading data for subjects [9, 3, 16] and channels (0, 1, 2, 3, 4, 5, 6, 7, 8, 9, 10)
INFO:mylogger:Finished loading data for subjects [9, 3, 16] and channels (0, 1, 2, 3, 4, 5, 6, 7, 8, 9, 10)
2023-11-23 13:06:47,785 [INFO] Loading data for subjects [4, 5, 17, 8, 10, 13, 7, 14, 11] and channels (0, 1, 2, 3, 4, 5, 6, 7, 8, 9, 10)
INFO:mylogger:Loading data for subjects [4, 5, 17, 8, 10, 13, 7, 14, 11] and channels (0, 1, 2, 3, 4, 5, 6, 7, 8, 9, 10)
2023-11-23 13:06:47,864 [INFO] Finished loading data for subjects [4, 5, 17, 8, 10, 13, 7, 14, 11] and channels (0, 1, 2, 3, 4, 5, 6, 7, 8, 9, 10)
INFO:mylogger:Finished loading data for subjects [4, 5, 17, 8, 10, 13, 7, 14, 11] and channels (0, 1, 2, 3, 4, 5, 6, 7, 8, 9, 10)
2023-11-23 13:06:47,891 [INFO] Loading data for subjects [15, 2, 6] and channels (0, 1, 2, 3, 4, 5, 6, 7, 8, 9, 10)
INFO:mylogger:Loading data for subjects [15, 2, 6] and channels (0, 1, 2, 3, 4, 5, 6, 7, 8, 9, 10)
2023-11-23 13:06:47,913 [INFO] Finished loading data for subjects [15, 2, 6] and channels (0, 1, 2, 3, 4, 5, 6, 7, 8, 9, 10)
INFO:mylogger:Finished loading data for subjects [15, 2, 6] and channels (0, 1, 2, 3, 4, 5, 6, 7, 8, 9, 10)
2023-11-23 13:06:47,913 [INFO] Loading data for subjects [9, 3, 16] and channels (0, 1, 2, 3, 4, 5, 6, 7, 8, 9, 10)
INFO:mylogger:Loading data for subjects [9, 3, 16] and channels (0, 1, 2, 3, 4, 5, 6, 7, 8, 9, 10)
2023-11-23 13:06:47,936 [INFO] Finished loading data for subjects [9, 3, 16] and channels (0, 1, 2, 3, 4, 5, 6, 7, 8, 9, 10)
INFO:mylogger:Finished loading data for subjects [9, 3, 16] and channels (0, 1, 2, 3, 4, 5, 6, 7, 8, 9, 10)
2023-11-23 13:06:47,937 [INFO] Loading data for subjects [4, 5, 17, 8, 10, 13, 7, 14, 11] and channels (0, 1, 2, 3, 4, 5, 6, 7, 8, 9, 10)
INFO:mylogger:Loading data for subjects [4, 5, 17, 8, 10, 13, 7, 14, 11] and channels (0, 1, 2, 3, 4, 5, 6, 7, 8, 9, 10)
2023-11-23 13:06:48,011 [INFO] Finished loading data for subjects [4, 5, 17, 8, 10, 13, 7, 14, 11] and channels (0, 1, 2, 3, 4, 5, 6, 7, 8, 9, 10)
INFO:mylogger:Finished loading data for subjects [4, 5, 17, 8, 10, 13, 7, 14, 11] and channels (0, 1, 2, 3, 4, 5, 6, 7, 8, 9, 10)
2023-11-23 13:06:48,038 [INFO] Loading data for subjects [15, 2, 6] and channels (0, 1, 2, 3, 4, 5, 6, 7, 8, 9, 10)
INFO:mylogger:Loading data for subjects [15, 2, 6] and channels (0, 1, 2, 3, 4, 5, 6, 7, 8, 9, 10)
2023-11-23 13:06:48,061 [INFO] Finished loading data for subjects [15, 2, 6] and channels (0, 1, 2, 3, 4, 5, 6, 7, 8, 9, 10)
INFO:mylogger:Finished loading data for subjects [15, 2, 6] and channels (0, 1, 2, 3, 4, 5, 6, 7, 8, 9, 10)
2023-11-23 13:06:48,061 [INFO] Loading data for subjects [9, 3, 16] and channels (0, 1, 2, 3, 4, 5, 6, 7, 8, 9, 10)
INFO:mylogger:Loading data for subjects [9, 3, 16] and channels (0, 1, 2, 3, 4, 5, 6, 7, 8, 9, 10)
2023-11-23 13:06:48,085 [INFO] Finished loading data for subjects [9, 3, 16] and channels (0, 1, 2, 3, 4, 5, 6, 7, 8, 9, 10)
INFO:mylogger:Finished loading data for subjects [9, 3, 16] and channels (0, 1, 2, 3, 4, 5, 6, 7, 8, 9, 10)
2023-11-23 13:06:48,086 [INFO] Loading data for subjects [4, 5, 17, 8, 10, 13, 7, 14, 11] and channels (0, 1, 2, 3, 4, 5, 6, 7, 8, 9, 10)
INFO:mylogger:Loading data for subjects [4, 5, 17, 8, 10, 13, 7, 14, 11] and channels (0, 1, 2, 3, 4, 5, 6, 7, 8, 9, 10)
2023-11-23 13:06:48,162 [INFO] Finished loading data for subjects [4, 5, 17, 8, 10, 13, 7, 14, 11] and channels (0, 1, 2, 3, 4, 5, 6, 7, 8, 9, 10)
INFO:mylogger:Finished loading data for subjects [4, 5, 17, 8, 10, 13, 7, 14, 11] and channels (0, 1, 2, 3, 4, 5, 6, 7, 8, 9, 10)
2023-11-23 13:06:48,191 [INFO] Loading data for subjects [15, 2, 6] and channels (0, 1, 2, 3, 4, 5, 6, 7, 8, 9, 10)
INFO:mylogger:Loading data for subjects [15, 2, 6] and channels (0, 1, 2, 3, 4, 5, 6, 7, 8, 9, 10)
2023-11-23 13:06:48,214 [INFO] Finished loading data for subjects [15, 2, 6] and channels (0, 1, 2, 3, 4, 5, 6, 7, 8, 9, 10)
INFO:mylogger:Finished loading data for subjects [15, 2, 6] and channels (0, 1, 2, 3, 4, 5, 6, 7, 8, 9, 10)
2023-11-23 13:06:48,214 [INFO] Loading data for subjects [9, 3, 16] and channels (0, 1, 2, 3, 4, 5, 6, 7, 8, 9, 10)
INFO:mylogger:Loading data for subjects [9, 3, 16] and channels (0, 1, 2, 3, 4, 5, 6, 7, 8, 9, 10)
2023-11-23 13:06:48,237 [INFO] Finished loading data for subjects [9, 3, 16] and channels (0, 1, 2, 3, 4, 5, 6, 7, 8, 9, 10)
INFO:mylogger:Finished loading data for subjects [9, 3, 16] and channels (0, 1, 2, 3, 4, 5, 6, 7, 8, 9, 10)
2023-11-23 13:06:48,237 [INFO] Loading data for subjects [4, 5, 17, 8, 10, 13, 7, 14, 11] and channels (0, 1, 2, 3, 4, 5, 6, 7, 8, 9, 10)
INFO:mylogger:Loading data for subjects [4, 5, 17, 8, 10, 13, 7, 14, 11] and channels (0, 1, 2, 3, 4, 5, 6, 7, 8, 9, 10)
2023-11-23 13:06:48,311 [INFO] Finished loading data for subjects [4, 5, 17, 8, 10, 13, 7, 14, 11] and channels (0, 1, 2, 3, 4, 5, 6, 7, 8, 9, 10)
INFO:mylogger:Finished loading data for subjects [4, 5, 17, 8, 10, 13, 7, 14, 11] and channels (0, 1, 2, 3, 4, 5, 6, 7, 8, 9, 10)
2023-11-23 13:06:48,339 [INFO] Tuning of resnetM, max_evals: 5
INFO:mylogger:Tuning of resnetM, max_evals: 5
2023-11-23 13:06:48,364 [INFO] GPU 0 was taken for resnetM, tune_03.
INFO:mylogger:GPU 0 was taken for resnetM, tune_03.
WARNING:tensorflow:From /projects/bbnp/anxietyE2E/experiment/experiment.py:128: The name tf.global_variables_initializer is deprecated. Please use tf.compat.v1.global_variables_initializer instead.

WARNING:tensorflow:From /projects/bbnp/anxietyE2E/experiment/experiment.py:128: The name tf.global_variables_initializer is deprecated. Please use tf.compat.v1.global_variables_initializer instead.

2023-11-23 13:06:48,683 [INFO] Experiment for WESAD dataset, classifier: resnetM, setup: it_00, iteration: tune_03
INFO:mylogger:Experiment for WESAD dataset, classifier: resnetM, setup: it_00, iteration: tune_03
WARNING:tensorflow:From /u/alkurdi/.conda/envs/TFwesad/lib/python3.8/site-packages/keras/backend/tensorflow_backend.py:541: The name tf.placeholder is deprecated. Please use tf.compat.v1.placeholder instead.

WARNING:tensorflow:From /u/alkurdi/.conda/envs/TFwesad/lib/python3.8/site-packages/keras/backend/tensorflow_backend.py:541: The name tf.placeholder is deprecated. Please use tf.compat.v1.placeholder instead.

WARNING:tensorflow:From /u/alkurdi/.conda/envs/TFwesad/lib/python3.8/site-packages/keras/backend/tensorflow_backend.py:66: The name tf.get_default_graph is deprecated. Please use tf.compat.v1.get_default_graph instead.

WARNING:tensorflow:From /u/alkurdi/.conda/envs/TFwesad/lib/python3.8/site-packages/keras/backend/tensorflow_backend.py:66: The name tf.get_default_graph is deprecated. Please use tf.compat.v1.get_default_graph instead.

WARNING:tensorflow:From /u/alkurdi/.conda/envs/TFwesad/lib/python3.8/site-packages/keras/backend/tensorflow_backend.py:4432: The name tf.random_uniform is deprecated. Please use tf.random.uniform instead.

WARNING:tensorflow:From /u/alkurdi/.conda/envs/TFwesad/lib/python3.8/site-packages/keras/backend/tensorflow_backend.py:4432: The name tf.random_uniform is deprecated. Please use tf.random.uniform instead.

WARNING:tensorflow:From /u/alkurdi/.conda/envs/TFwesad/lib/python3.8/site-packages/keras/backend/tensorflow_backend.py:148: The name tf.placeholder_with_default is deprecated. Please use tf.compat.v1.placeholder_with_default instead.

WARNING:tensorflow:From /u/alkurdi/.conda/envs/TFwesad/lib/python3.8/site-packages/keras/backend/tensorflow_backend.py:148: The name tf.placeholder_with_default is deprecated. Please use tf.compat.v1.placeholder_with_default instead.

WARNING:tensorflow:From /u/alkurdi/.conda/envs/TFwesad/lib/python3.8/site-packages/keras/optimizers.py:793: The name tf.train.Optimizer is deprecated. Please use tf.compat.v1.train.Optimizer instead.

WARNING:tensorflow:From /u/alkurdi/.conda/envs/TFwesad/lib/python3.8/site-packages/keras/optimizers.py:793: The name tf.train.Optimizer is deprecated. Please use tf.compat.v1.train.Optimizer instead.

WARNING:tensorflow:From /u/alkurdi/.conda/envs/TFwesad/lib/python3.8/site-packages/keras/backend/tensorflow_backend.py:3576: The name tf.log is deprecated. Please use tf.math.log instead.

WARNING:tensorflow:From /u/alkurdi/.conda/envs/TFwesad/lib/python3.8/site-packages/keras/backend/tensorflow_backend.py:3576: The name tf.log is deprecated. Please use tf.math.log instead.

2023-11-23 13:06:52,916 [INFO] Created model for WESAD dataset, classifier: resnetM, setup: it_00, iteration: tune_03
INFO:mylogger:Created model for WESAD dataset, classifier: resnetM, setup: it_00, iteration: tune_03
2023-11-23 13:06:52,916 [INFO] Fitting model
INFO:mylogger:Fitting model
WARNING:tensorflow:From /u/alkurdi/.conda/envs/TFwesad/lib/python3.8/site-packages/keras/backend/tensorflow_backend.py:1033: The name tf.assign_add is deprecated. Please use tf.compat.v1.assign_add instead.

WARNING:tensorflow:From /u/alkurdi/.conda/envs/TFwesad/lib/python3.8/site-packages/keras/backend/tensorflow_backend.py:1033: The name tf.assign_add is deprecated. Please use tf.compat.v1.assign_add instead.

WARNING:tensorflow:From /u/alkurdi/.conda/envs/TFwesad/lib/python3.8/site-packages/keras/backend/tensorflow_backend.py:1020: The name tf.assign is deprecated. Please use tf.compat.v1.assign instead.

WARNING:tensorflow:From /u/alkurdi/.conda/envs/TFwesad/lib/python3.8/site-packages/keras/backend/tensorflow_backend.py:1020: The name tf.assign is deprecated. Please use tf.compat.v1.assign instead.

WARNING:tensorflow:From /u/alkurdi/.conda/envs/TFwesad/lib/python3.8/site-packages/keras/backend/tensorflow_backend.py:3005: The name tf.Session is deprecated. Please use tf.compat.v1.Session instead.

WARNING:tensorflow:From /u/alkurdi/.conda/envs/TFwesad/lib/python3.8/site-packages/keras/backend/tensorflow_backend.py:3005: The name tf.Session is deprecated. Please use tf.compat.v1.Session instead.

WARNING:tensorflow:From /u/alkurdi/.conda/envs/TFwesad/lib/python3.8/site-packages/keras/backend/tensorflow_backend.py:190: The name tf.get_default_session is deprecated. Please use tf.compat.v1.get_default_session instead.

WARNING:tensorflow:From /u/alkurdi/.conda/envs/TFwesad/lib/python3.8/site-packages/keras/backend/tensorflow_backend.py:190: The name tf.get_default_session is deprecated. Please use tf.compat.v1.get_default_session instead.

WARNING:tensorflow:From /u/alkurdi/.conda/envs/TFwesad/lib/python3.8/site-packages/keras/backend/tensorflow_backend.py:207: The name tf.global_variables is deprecated. Please use tf.compat.v1.global_variables instead.

WARNING:tensorflow:From /u/alkurdi/.conda/envs/TFwesad/lib/python3.8/site-packages/keras/backend/tensorflow_backend.py:207: The name tf.global_variables is deprecated. Please use tf.compat.v1.global_variables instead.

WARNING:tensorflow:From /u/alkurdi/.conda/envs/TFwesad/lib/python3.8/site-packages/keras/backend/tensorflow_backend.py:216: The name tf.is_variable_initialized is deprecated. Please use tf.compat.v1.is_variable_initialized instead.

WARNING:tensorflow:From /u/alkurdi/.conda/envs/TFwesad/lib/python3.8/site-packages/keras/backend/tensorflow_backend.py:216: The name tf.is_variable_initialized is deprecated. Please use tf.compat.v1.is_variable_initialized instead.

WARNING:tensorflow:From /u/alkurdi/.conda/envs/TFwesad/lib/python3.8/site-packages/keras/backend/tensorflow_backend.py:223: The name tf.variables_initializer is deprecated. Please use tf.compat.v1.variables_initializer instead.

WARNING:tensorflow:From /u/alkurdi/.conda/envs/TFwesad/lib/python3.8/site-packages/keras/backend/tensorflow_backend.py:223: The name tf.variables_initializer is deprecated. Please use tf.compat.v1.variables_initializer instead.

2023-11-23 13:16:49,646 [INFO] Loading weights and predicting
INFO:mylogger:Loading weights and predicting
2023-11-23 13:17:03,345 [INFO] Fitted model for WESAD dataset, classifier: resnetM, setup: it_00, iteration: tune_03
INFO:mylogger:Fitted model for WESAD dataset, classifier: resnetM, setup: it_00, iteration: tune_03
2023-11-23 13:17:03,345 [INFO] Finished experiment for WESAD dataset, classifier: resnetM, setup: it_00, iteration: tune_03
INFO:mylogger:Finished experiment for WESAD dataset, classifier: resnetM, setup: it_00, iteration: tune_03
2023-11-23 13:17:06,834 [INFO] Experiment for WESAD dataset, classifier: resnetM, setup: it_01, iteration: tune_03
INFO:mylogger:Experiment for WESAD dataset, classifier: resnetM, setup: it_01, iteration: tune_03
2023-11-23 13:17:06,835 [INFO] Created model for WESAD dataset, classifier: resnetM, setup: it_01, iteration: tune_03
INFO:mylogger:Created model for WESAD dataset, classifier: resnetM, setup: it_01, iteration: tune_03
2023-11-23 13:17:06,835 [INFO] Fitting model
INFO:mylogger:Fitting model
2023-11-23 13:22:50,663 [INFO] Loading weights and predicting
INFO:mylogger:Loading weights and predicting
2023-11-23 13:22:51,757 [INFO] Fitted model for WESAD dataset, classifier: resnetM, setup: it_01, iteration: tune_03
INFO:mylogger:Fitted model for WESAD dataset, classifier: resnetM, setup: it_01, iteration: tune_03
2023-11-23 13:22:51,758 [INFO] Finished experiment for WESAD dataset, classifier: resnetM, setup: it_01, iteration: tune_03
INFO:mylogger:Finished experiment for WESAD dataset, classifier: resnetM, setup: it_01, iteration: tune_03
2023-11-23 13:22:55,317 [INFO] Experiment for WESAD dataset, classifier: resnetM, setup: it_02, iteration: tune_03
INFO:mylogger:Experiment for WESAD dataset, classifier: resnetM, setup: it_02, iteration: tune_03
2023-11-23 13:22:55,318 [INFO] Created model for WESAD dataset, classifier: resnetM, setup: it_02, iteration: tune_03
INFO:mylogger:Created model for WESAD dataset, classifier: resnetM, setup: it_02, iteration: tune_03
2023-11-23 13:22:55,318 [INFO] Fitting model
INFO:mylogger:Fitting model
2023-11-23 13:30:05,161 [INFO] Loading weights and predicting
INFO:mylogger:Loading weights and predicting
2023-11-23 13:30:06,224 [INFO] Fitted model for WESAD dataset, classifier: resnetM, setup: it_02, iteration: tune_03
INFO:mylogger:Fitted model for WESAD dataset, classifier: resnetM, setup: it_02, iteration: tune_03
2023-11-23 13:30:06,225 [INFO] Finished experiment for WESAD dataset, classifier: resnetM, setup: it_02, iteration: tune_03
INFO:mylogger:Finished experiment for WESAD dataset, classifier: resnetM, setup: it_02, iteration: tune_03
2023-11-23 13:30:09,796 [INFO] Experiment for WESAD dataset, classifier: resnetM, setup: it_03, iteration: tune_03
INFO:mylogger:Experiment for WESAD dataset, classifier: resnetM, setup: it_03, iteration: tune_03
2023-11-23 13:30:09,798 [INFO] Created model for WESAD dataset, classifier: resnetM, setup: it_03, iteration: tune_03
INFO:mylogger:Created model for WESAD dataset, classifier: resnetM, setup: it_03, iteration: tune_03
2023-11-23 13:30:09,798 [INFO] Fitting model
INFO:mylogger:Fitting model
2023-11-23 13:35:36,584 [INFO] Loading weights and predicting
INFO:mylogger:Loading weights and predicting
2023-11-23 13:35:37,654 [INFO] Fitted model for WESAD dataset, classifier: resnetM, setup: it_03, iteration: tune_03
INFO:mylogger:Fitted model for WESAD dataset, classifier: resnetM, setup: it_03, iteration: tune_03
2023-11-23 13:35:37,655 [INFO] Finished experiment for WESAD dataset, classifier: resnetM, setup: it_03, iteration: tune_03
INFO:mylogger:Finished experiment for WESAD dataset, classifier: resnetM, setup: it_03, iteration: tune_03
2023-11-23 13:35:41,233 [INFO] Experiment for WESAD dataset, classifier: resnetM, setup: it_04, iteration: tune_03
INFO:mylogger:Experiment for WESAD dataset, classifier: resnetM, setup: it_04, iteration: tune_03
2023-11-23 13:35:41,234 [INFO] Created model for WESAD dataset, classifier: resnetM, setup: it_04, iteration: tune_03
INFO:mylogger:Created model for WESAD dataset, classifier: resnetM, setup: it_04, iteration: tune_03
2023-11-23 13:35:41,234 [INFO] Fitting model
INFO:mylogger:Fitting model
2023-11-23 13:40:14,662 [INFO] Loading weights and predicting
INFO:mylogger:Loading weights and predicting
2023-11-23 13:40:15,724 [INFO] Fitted model for WESAD dataset, classifier: resnetM, setup: it_04, iteration: tune_03
INFO:mylogger:Fitted model for WESAD dataset, classifier: resnetM, setup: it_04, iteration: tune_03
2023-11-23 13:40:15,725 [INFO] Finished experiment for WESAD dataset, classifier: resnetM, setup: it_04, iteration: tune_03
INFO:mylogger:Finished experiment for WESAD dataset, classifier: resnetM, setup: it_04, iteration: tune_03
2023-11-23 13:40:15,726 [INFO] GPU 0 was released by resnetM, tune_03.
INFO:mylogger:GPU 0 was released by resnetM, tune_03.
2023-11-23 13:40:15,861 [INFO] GPU 0 was taken for resnetM, tune_04.
INFO:mylogger:GPU 0 was taken for resnetM, tune_04.
2023-11-23 13:40:15,875 [INFO] Experiment for WESAD dataset, classifier: resnetM, setup: it_00, iteration: tune_04
INFO:mylogger:Experiment for WESAD dataset, classifier: resnetM, setup: it_00, iteration: tune_04
2023-11-23 13:40:22,980 [INFO] Created model for WESAD dataset, classifier: resnetM, setup: it_00, iteration: tune_04
INFO:mylogger:Created model for WESAD dataset, classifier: resnetM, setup: it_00, iteration: tune_04
2023-11-23 13:40:22,980 [INFO] Fitting model
INFO:mylogger:Fitting model
2023-11-23 13:56:35,382 [INFO] Loading weights and predicting
INFO:mylogger:Loading weights and predicting
2023-11-23 13:56:49,486 [INFO] Fitted model for WESAD dataset, classifier: resnetM, setup: it_00, iteration: tune_04
INFO:mylogger:Fitted model for WESAD dataset, classifier: resnetM, setup: it_00, iteration: tune_04
2023-11-23 13:56:49,487 [INFO] Finished experiment for WESAD dataset, classifier: resnetM, setup: it_00, iteration: tune_04
INFO:mylogger:Finished experiment for WESAD dataset, classifier: resnetM, setup: it_00, iteration: tune_04
2023-11-23 13:56:54,787 [INFO] Experiment for WESAD dataset, classifier: resnetM, setup: it_01, iteration: tune_04
INFO:mylogger:Experiment for WESAD dataset, classifier: resnetM, setup: it_01, iteration: tune_04
2023-11-23 13:56:54,789 [INFO] Created model for WESAD dataset, classifier: resnetM, setup: it_01, iteration: tune_04
INFO:mylogger:Created model for WESAD dataset, classifier: resnetM, setup: it_01, iteration: tune_04
2023-11-23 13:56:54,789 [INFO] Fitting model
INFO:mylogger:Fitting model
2023-11-23 14:11:29,615 [INFO] Loading weights and predicting
INFO:mylogger:Loading weights and predicting
2023-11-23 14:11:31,551 [INFO] Fitted model for WESAD dataset, classifier: resnetM, setup: it_01, iteration: tune_04
INFO:mylogger:Fitted model for WESAD dataset, classifier: resnetM, setup: it_01, iteration: tune_04
2023-11-23 14:11:31,552 [INFO] Finished experiment for WESAD dataset, classifier: resnetM, setup: it_01, iteration: tune_04
INFO:mylogger:Finished experiment for WESAD dataset, classifier: resnetM, setup: it_01, iteration: tune_04
2023-11-23 14:11:36,700 [INFO] Experiment for WESAD dataset, classifier: resnetM, setup: it_02, iteration: tune_04
INFO:mylogger:Experiment for WESAD dataset, classifier: resnetM, setup: it_02, iteration: tune_04
2023-11-23 14:11:36,701 [INFO] Created model for WESAD dataset, classifier: resnetM, setup: it_02, iteration: tune_04
INFO:mylogger:Created model for WESAD dataset, classifier: resnetM, setup: it_02, iteration: tune_04
2023-11-23 14:11:36,702 [INFO] Fitting model
INFO:mylogger:Fitting model
2023-11-23 14:21:04,403 [INFO] Loading weights and predicting
INFO:mylogger:Loading weights and predicting
2023-11-23 14:21:06,141 [INFO] Fitted model for WESAD dataset, classifier: resnetM, setup: it_02, iteration: tune_04
INFO:mylogger:Fitted model for WESAD dataset, classifier: resnetM, setup: it_02, iteration: tune_04
2023-11-23 14:21:06,142 [INFO] Finished experiment for WESAD dataset, classifier: resnetM, setup: it_02, iteration: tune_04
INFO:mylogger:Finished experiment for WESAD dataset, classifier: resnetM, setup: it_02, iteration: tune_04
2023-11-23 14:21:11,091 [INFO] Experiment for WESAD dataset, classifier: resnetM, setup: it_03, iteration: tune_04
INFO:mylogger:Experiment for WESAD dataset, classifier: resnetM, setup: it_03, iteration: tune_04
2023-11-23 14:21:11,092 [INFO] Created model for WESAD dataset, classifier: resnetM, setup: it_03, iteration: tune_04
INFO:mylogger:Created model for WESAD dataset, classifier: resnetM, setup: it_03, iteration: tune_04
2023-11-23 14:21:11,093 [INFO] Fitting model
INFO:mylogger:Fitting model
2023-11-23 14:36:17,940 [INFO] Loading weights and predicting
INFO:mylogger:Loading weights and predicting
2023-11-23 14:36:19,630 [INFO] Fitted model for WESAD dataset, classifier: resnetM, setup: it_03, iteration: tune_04
INFO:mylogger:Fitted model for WESAD dataset, classifier: resnetM, setup: it_03, iteration: tune_04
2023-11-23 14:36:19,631 [INFO] Finished experiment for WESAD dataset, classifier: resnetM, setup: it_03, iteration: tune_04
INFO:mylogger:Finished experiment for WESAD dataset, classifier: resnetM, setup: it_03, iteration: tune_04
2023-11-23 14:36:24,575 [INFO] Experiment for WESAD dataset, classifier: resnetM, setup: it_04, iteration: tune_04
INFO:mylogger:Experiment for WESAD dataset, classifier: resnetM, setup: it_04, iteration: tune_04
2023-11-23 14:36:24,577 [INFO] Created model for WESAD dataset, classifier: resnetM, setup: it_04, iteration: tune_04
INFO:mylogger:Created model for WESAD dataset, classifier: resnetM, setup: it_04, iteration: tune_04
2023-11-23 14:36:24,577 [INFO] Fitting model
INFO:mylogger:Fitting model
2023-11-23 14:50:16,619 [INFO] Loading weights and predicting
INFO:mylogger:Loading weights and predicting
2023-11-23 14:50:18,626 [INFO] Fitted model for WESAD dataset, classifier: resnetM, setup: it_04, iteration: tune_04
INFO:mylogger:Fitted model for WESAD dataset, classifier: resnetM, setup: it_04, iteration: tune_04
2023-11-23 14:50:18,627 [INFO] Finished experiment for WESAD dataset, classifier: resnetM, setup: it_04, iteration: tune_04
INFO:mylogger:Finished experiment for WESAD dataset, classifier: resnetM, setup: it_04, iteration: tune_04
2023-11-23 14:50:18,628 [INFO] GPU 0 was released by resnetM, tune_04.
INFO:mylogger:GPU 0 was released by resnetM, tune_04.
 
 ******************************
 ******* i_fold=04 *******
 ******************************
 
Thu Nov 23 14:50:21 CST 2023
WARNING:tensorflow:Deprecation warnings have been disabled. Set TF_ENABLE_DEPRECATION_WARNINGS=1 to re-enable them.
WARNING:root:Limited tf.compat.v2.summary API due to missing TensorBoard installation.
Using TensorFlow backend.
2023-11-23 14:50:25,631 [INFO] Loading data for subjects [17, 10, 11] and channels (0, 1, 2, 3, 4, 5, 6, 7, 8, 9, 10)
INFO:mylogger:Loading data for subjects [17, 10, 11] and channels (0, 1, 2, 3, 4, 5, 6, 7, 8, 9, 10)
2023-11-23 14:50:25,726 [INFO] Finished loading data for subjects [17, 10, 11] and channels (0, 1, 2, 3, 4, 5, 6, 7, 8, 9, 10)
INFO:mylogger:Finished loading data for subjects [17, 10, 11] and channels (0, 1, 2, 3, 4, 5, 6, 7, 8, 9, 10)
2023-11-23 14:50:25,727 [INFO] Loading data for subjects [9, 16, 5] and channels (0, 1, 2, 3, 4, 5, 6, 7, 8, 9, 10)
INFO:mylogger:Loading data for subjects [9, 16, 5] and channels (0, 1, 2, 3, 4, 5, 6, 7, 8, 9, 10)
2023-11-23 14:50:25,771 [INFO] Finished loading data for subjects [9, 16, 5] and channels (0, 1, 2, 3, 4, 5, 6, 7, 8, 9, 10)
INFO:mylogger:Finished loading data for subjects [9, 16, 5] and channels (0, 1, 2, 3, 4, 5, 6, 7, 8, 9, 10)
2023-11-23 14:50:25,771 [INFO] Loading data for subjects [4, 15, 3, 8, 2, 13, 7, 14, 6] and channels (0, 1, 2, 3, 4, 5, 6, 7, 8, 9, 10)
INFO:mylogger:Loading data for subjects [4, 15, 3, 8, 2, 13, 7, 14, 6] and channels (0, 1, 2, 3, 4, 5, 6, 7, 8, 9, 10)
2023-11-23 14:50:25,928 [INFO] Finished loading data for subjects [4, 15, 3, 8, 2, 13, 7, 14, 6] and channels (0, 1, 2, 3, 4, 5, 6, 7, 8, 9, 10)
INFO:mylogger:Finished loading data for subjects [4, 15, 3, 8, 2, 13, 7, 14, 6] and channels (0, 1, 2, 3, 4, 5, 6, 7, 8, 9, 10)
2023-11-23 14:50:25,951 [INFO] Loading data for subjects [17, 10, 11] and channels (0, 1, 2, 3, 4, 5, 6, 7, 8, 9, 10)
INFO:mylogger:Loading data for subjects [17, 10, 11] and channels (0, 1, 2, 3, 4, 5, 6, 7, 8, 9, 10)
2023-11-23 14:50:25,974 [INFO] Finished loading data for subjects [17, 10, 11] and channels (0, 1, 2, 3, 4, 5, 6, 7, 8, 9, 10)
INFO:mylogger:Finished loading data for subjects [17, 10, 11] and channels (0, 1, 2, 3, 4, 5, 6, 7, 8, 9, 10)
2023-11-23 14:50:25,974 [INFO] Loading data for subjects [9, 16, 5] and channels (0, 1, 2, 3, 4, 5, 6, 7, 8, 9, 10)
INFO:mylogger:Loading data for subjects [9, 16, 5] and channels (0, 1, 2, 3, 4, 5, 6, 7, 8, 9, 10)
2023-11-23 14:50:25,997 [INFO] Finished loading data for subjects [9, 16, 5] and channels (0, 1, 2, 3, 4, 5, 6, 7, 8, 9, 10)
INFO:mylogger:Finished loading data for subjects [9, 16, 5] and channels (0, 1, 2, 3, 4, 5, 6, 7, 8, 9, 10)
2023-11-23 14:50:25,997 [INFO] Loading data for subjects [4, 15, 3, 8, 2, 13, 7, 14, 6] and channels (0, 1, 2, 3, 4, 5, 6, 7, 8, 9, 10)
INFO:mylogger:Loading data for subjects [4, 15, 3, 8, 2, 13, 7, 14, 6] and channels (0, 1, 2, 3, 4, 5, 6, 7, 8, 9, 10)
2023-11-23 14:50:26,075 [INFO] Finished loading data for subjects [4, 15, 3, 8, 2, 13, 7, 14, 6] and channels (0, 1, 2, 3, 4, 5, 6, 7, 8, 9, 10)
INFO:mylogger:Finished loading data for subjects [4, 15, 3, 8, 2, 13, 7, 14, 6] and channels (0, 1, 2, 3, 4, 5, 6, 7, 8, 9, 10)
2023-11-23 14:50:26,098 [INFO] Loading data for subjects [17, 10, 11] and channels (0, 1, 2, 3, 4, 5, 6, 7, 8, 9, 10)
INFO:mylogger:Loading data for subjects [17, 10, 11] and channels (0, 1, 2, 3, 4, 5, 6, 7, 8, 9, 10)
2023-11-23 14:50:26,120 [INFO] Finished loading data for subjects [17, 10, 11] and channels (0, 1, 2, 3, 4, 5, 6, 7, 8, 9, 10)
INFO:mylogger:Finished loading data for subjects [17, 10, 11] and channels (0, 1, 2, 3, 4, 5, 6, 7, 8, 9, 10)
2023-11-23 14:50:26,120 [INFO] Loading data for subjects [9, 16, 5] and channels (0, 1, 2, 3, 4, 5, 6, 7, 8, 9, 10)
INFO:mylogger:Loading data for subjects [9, 16, 5] and channels (0, 1, 2, 3, 4, 5, 6, 7, 8, 9, 10)
2023-11-23 14:50:26,142 [INFO] Finished loading data for subjects [9, 16, 5] and channels (0, 1, 2, 3, 4, 5, 6, 7, 8, 9, 10)
INFO:mylogger:Finished loading data for subjects [9, 16, 5] and channels (0, 1, 2, 3, 4, 5, 6, 7, 8, 9, 10)
2023-11-23 14:50:26,143 [INFO] Loading data for subjects [4, 15, 3, 8, 2, 13, 7, 14, 6] and channels (0, 1, 2, 3, 4, 5, 6, 7, 8, 9, 10)
INFO:mylogger:Loading data for subjects [4, 15, 3, 8, 2, 13, 7, 14, 6] and channels (0, 1, 2, 3, 4, 5, 6, 7, 8, 9, 10)
2023-11-23 14:50:26,218 [INFO] Finished loading data for subjects [4, 15, 3, 8, 2, 13, 7, 14, 6] and channels (0, 1, 2, 3, 4, 5, 6, 7, 8, 9, 10)
INFO:mylogger:Finished loading data for subjects [4, 15, 3, 8, 2, 13, 7, 14, 6] and channels (0, 1, 2, 3, 4, 5, 6, 7, 8, 9, 10)
2023-11-23 14:50:26,239 [INFO] Loading data for subjects [17, 10, 11] and channels (0, 1, 2, 3, 4, 5, 6, 7, 8, 9, 10)
INFO:mylogger:Loading data for subjects [17, 10, 11] and channels (0, 1, 2, 3, 4, 5, 6, 7, 8, 9, 10)
2023-11-23 14:50:26,263 [INFO] Finished loading data for subjects [17, 10, 11] and channels (0, 1, 2, 3, 4, 5, 6, 7, 8, 9, 10)
INFO:mylogger:Finished loading data for subjects [17, 10, 11] and channels (0, 1, 2, 3, 4, 5, 6, 7, 8, 9, 10)
2023-11-23 14:50:26,263 [INFO] Loading data for subjects [9, 16, 5] and channels (0, 1, 2, 3, 4, 5, 6, 7, 8, 9, 10)
INFO:mylogger:Loading data for subjects [9, 16, 5] and channels (0, 1, 2, 3, 4, 5, 6, 7, 8, 9, 10)
2023-11-23 14:50:26,286 [INFO] Finished loading data for subjects [9, 16, 5] and channels (0, 1, 2, 3, 4, 5, 6, 7, 8, 9, 10)
INFO:mylogger:Finished loading data for subjects [9, 16, 5] and channels (0, 1, 2, 3, 4, 5, 6, 7, 8, 9, 10)
2023-11-23 14:50:26,286 [INFO] Loading data for subjects [4, 15, 3, 8, 2, 13, 7, 14, 6] and channels (0, 1, 2, 3, 4, 5, 6, 7, 8, 9, 10)
INFO:mylogger:Loading data for subjects [4, 15, 3, 8, 2, 13, 7, 14, 6] and channels (0, 1, 2, 3, 4, 5, 6, 7, 8, 9, 10)
2023-11-23 14:50:26,360 [INFO] Finished loading data for subjects [4, 15, 3, 8, 2, 13, 7, 14, 6] and channels (0, 1, 2, 3, 4, 5, 6, 7, 8, 9, 10)
INFO:mylogger:Finished loading data for subjects [4, 15, 3, 8, 2, 13, 7, 14, 6] and channels (0, 1, 2, 3, 4, 5, 6, 7, 8, 9, 10)
2023-11-23 14:50:26,381 [INFO] Loading data for subjects [17, 10, 11] and channels (0, 1, 2, 3, 4, 5, 6, 7, 8, 9, 10)
INFO:mylogger:Loading data for subjects [17, 10, 11] and channels (0, 1, 2, 3, 4, 5, 6, 7, 8, 9, 10)
2023-11-23 14:50:26,404 [INFO] Finished loading data for subjects [17, 10, 11] and channels (0, 1, 2, 3, 4, 5, 6, 7, 8, 9, 10)
INFO:mylogger:Finished loading data for subjects [17, 10, 11] and channels (0, 1, 2, 3, 4, 5, 6, 7, 8, 9, 10)
2023-11-23 14:50:26,404 [INFO] Loading data for subjects [9, 16, 5] and channels (0, 1, 2, 3, 4, 5, 6, 7, 8, 9, 10)
INFO:mylogger:Loading data for subjects [9, 16, 5] and channels (0, 1, 2, 3, 4, 5, 6, 7, 8, 9, 10)
2023-11-23 14:50:26,427 [INFO] Finished loading data for subjects [9, 16, 5] and channels (0, 1, 2, 3, 4, 5, 6, 7, 8, 9, 10)
INFO:mylogger:Finished loading data for subjects [9, 16, 5] and channels (0, 1, 2, 3, 4, 5, 6, 7, 8, 9, 10)
2023-11-23 14:50:26,427 [INFO] Loading data for subjects [4, 15, 3, 8, 2, 13, 7, 14, 6] and channels (0, 1, 2, 3, 4, 5, 6, 7, 8, 9, 10)
INFO:mylogger:Loading data for subjects [4, 15, 3, 8, 2, 13, 7, 14, 6] and channels (0, 1, 2, 3, 4, 5, 6, 7, 8, 9, 10)
2023-11-23 14:50:26,498 [INFO] Finished loading data for subjects [4, 15, 3, 8, 2, 13, 7, 14, 6] and channels (0, 1, 2, 3, 4, 5, 6, 7, 8, 9, 10)
INFO:mylogger:Finished loading data for subjects [4, 15, 3, 8, 2, 13, 7, 14, 6] and channels (0, 1, 2, 3, 4, 5, 6, 7, 8, 9, 10)
2023-11-23 14:50:26,521 [INFO] Tuning of resnetM, max_evals: 5
INFO:mylogger:Tuning of resnetM, max_evals: 5
2023-11-23 14:50:26,545 [INFO] GPU 0 was taken for resnetM, tune_04.
INFO:mylogger:GPU 0 was taken for resnetM, tune_04.
WARNING:tensorflow:From /projects/bbnp/anxietyE2E/experiment/experiment.py:128: The name tf.global_variables_initializer is deprecated. Please use tf.compat.v1.global_variables_initializer instead.

WARNING:tensorflow:From /projects/bbnp/anxietyE2E/experiment/experiment.py:128: The name tf.global_variables_initializer is deprecated. Please use tf.compat.v1.global_variables_initializer instead.

2023-11-23 14:50:26,803 [INFO] Experiment for WESAD dataset, classifier: resnetM, setup: it_00, iteration: tune_04
INFO:mylogger:Experiment for WESAD dataset, classifier: resnetM, setup: it_00, iteration: tune_04
WARNING:tensorflow:From /u/alkurdi/.conda/envs/TFwesad/lib/python3.8/site-packages/keras/backend/tensorflow_backend.py:541: The name tf.placeholder is deprecated. Please use tf.compat.v1.placeholder instead.

WARNING:tensorflow:From /u/alkurdi/.conda/envs/TFwesad/lib/python3.8/site-packages/keras/backend/tensorflow_backend.py:541: The name tf.placeholder is deprecated. Please use tf.compat.v1.placeholder instead.

WARNING:tensorflow:From /u/alkurdi/.conda/envs/TFwesad/lib/python3.8/site-packages/keras/backend/tensorflow_backend.py:66: The name tf.get_default_graph is deprecated. Please use tf.compat.v1.get_default_graph instead.

WARNING:tensorflow:From /u/alkurdi/.conda/envs/TFwesad/lib/python3.8/site-packages/keras/backend/tensorflow_backend.py:66: The name tf.get_default_graph is deprecated. Please use tf.compat.v1.get_default_graph instead.

WARNING:tensorflow:From /u/alkurdi/.conda/envs/TFwesad/lib/python3.8/site-packages/keras/backend/tensorflow_backend.py:4432: The name tf.random_uniform is deprecated. Please use tf.random.uniform instead.

WARNING:tensorflow:From /u/alkurdi/.conda/envs/TFwesad/lib/python3.8/site-packages/keras/backend/tensorflow_backend.py:4432: The name tf.random_uniform is deprecated. Please use tf.random.uniform instead.

WARNING:tensorflow:From /u/alkurdi/.conda/envs/TFwesad/lib/python3.8/site-packages/keras/backend/tensorflow_backend.py:148: The name tf.placeholder_with_default is deprecated. Please use tf.compat.v1.placeholder_with_default instead.

WARNING:tensorflow:From /u/alkurdi/.conda/envs/TFwesad/lib/python3.8/site-packages/keras/backend/tensorflow_backend.py:148: The name tf.placeholder_with_default is deprecated. Please use tf.compat.v1.placeholder_with_default instead.

WARNING:tensorflow:From /u/alkurdi/.conda/envs/TFwesad/lib/python3.8/site-packages/keras/optimizers.py:793: The name tf.train.Optimizer is deprecated. Please use tf.compat.v1.train.Optimizer instead.

WARNING:tensorflow:From /u/alkurdi/.conda/envs/TFwesad/lib/python3.8/site-packages/keras/optimizers.py:793: The name tf.train.Optimizer is deprecated. Please use tf.compat.v1.train.Optimizer instead.

WARNING:tensorflow:From /u/alkurdi/.conda/envs/TFwesad/lib/python3.8/site-packages/keras/backend/tensorflow_backend.py:3576: The name tf.log is deprecated. Please use tf.math.log instead.

WARNING:tensorflow:From /u/alkurdi/.conda/envs/TFwesad/lib/python3.8/site-packages/keras/backend/tensorflow_backend.py:3576: The name tf.log is deprecated. Please use tf.math.log instead.

2023-11-23 14:50:32,875 [INFO] Created model for WESAD dataset, classifier: resnetM, setup: it_00, iteration: tune_04
INFO:mylogger:Created model for WESAD dataset, classifier: resnetM, setup: it_00, iteration: tune_04
2023-11-23 14:50:32,875 [INFO] Fitting model
INFO:mylogger:Fitting model
WARNING:tensorflow:From /u/alkurdi/.conda/envs/TFwesad/lib/python3.8/site-packages/keras/backend/tensorflow_backend.py:1033: The name tf.assign_add is deprecated. Please use tf.compat.v1.assign_add instead.

WARNING:tensorflow:From /u/alkurdi/.conda/envs/TFwesad/lib/python3.8/site-packages/keras/backend/tensorflow_backend.py:1033: The name tf.assign_add is deprecated. Please use tf.compat.v1.assign_add instead.

WARNING:tensorflow:From /u/alkurdi/.conda/envs/TFwesad/lib/python3.8/site-packages/keras/backend/tensorflow_backend.py:1020: The name tf.assign is deprecated. Please use tf.compat.v1.assign instead.

WARNING:tensorflow:From /u/alkurdi/.conda/envs/TFwesad/lib/python3.8/site-packages/keras/backend/tensorflow_backend.py:1020: The name tf.assign is deprecated. Please use tf.compat.v1.assign instead.

WARNING:tensorflow:From /u/alkurdi/.conda/envs/TFwesad/lib/python3.8/site-packages/keras/backend/tensorflow_backend.py:3005: The name tf.Session is deprecated. Please use tf.compat.v1.Session instead.

WARNING:tensorflow:From /u/alkurdi/.conda/envs/TFwesad/lib/python3.8/site-packages/keras/backend/tensorflow_backend.py:3005: The name tf.Session is deprecated. Please use tf.compat.v1.Session instead.

WARNING:tensorflow:From /u/alkurdi/.conda/envs/TFwesad/lib/python3.8/site-packages/keras/backend/tensorflow_backend.py:190: The name tf.get_default_session is deprecated. Please use tf.compat.v1.get_default_session instead.

WARNING:tensorflow:From /u/alkurdi/.conda/envs/TFwesad/lib/python3.8/site-packages/keras/backend/tensorflow_backend.py:190: The name tf.get_default_session is deprecated. Please use tf.compat.v1.get_default_session instead.

WARNING:tensorflow:From /u/alkurdi/.conda/envs/TFwesad/lib/python3.8/site-packages/keras/backend/tensorflow_backend.py:207: The name tf.global_variables is deprecated. Please use tf.compat.v1.global_variables instead.

WARNING:tensorflow:From /u/alkurdi/.conda/envs/TFwesad/lib/python3.8/site-packages/keras/backend/tensorflow_backend.py:207: The name tf.global_variables is deprecated. Please use tf.compat.v1.global_variables instead.

WARNING:tensorflow:From /u/alkurdi/.conda/envs/TFwesad/lib/python3.8/site-packages/keras/backend/tensorflow_backend.py:216: The name tf.is_variable_initialized is deprecated. Please use tf.compat.v1.is_variable_initialized instead.

WARNING:tensorflow:From /u/alkurdi/.conda/envs/TFwesad/lib/python3.8/site-packages/keras/backend/tensorflow_backend.py:216: The name tf.is_variable_initialized is deprecated. Please use tf.compat.v1.is_variable_initialized instead.

WARNING:tensorflow:From /u/alkurdi/.conda/envs/TFwesad/lib/python3.8/site-packages/keras/backend/tensorflow_backend.py:223: The name tf.variables_initializer is deprecated. Please use tf.compat.v1.variables_initializer instead.

WARNING:tensorflow:From /u/alkurdi/.conda/envs/TFwesad/lib/python3.8/site-packages/keras/backend/tensorflow_backend.py:223: The name tf.variables_initializer is deprecated. Please use tf.compat.v1.variables_initializer instead.

2023-11-23 15:06:56,557 [INFO] Loading weights and predicting
INFO:mylogger:Loading weights and predicting
2023-11-23 15:07:07,576 [INFO] Fitted model for WESAD dataset, classifier: resnetM, setup: it_00, iteration: tune_04
INFO:mylogger:Fitted model for WESAD dataset, classifier: resnetM, setup: it_00, iteration: tune_04
2023-11-23 15:07:07,577 [INFO] Finished experiment for WESAD dataset, classifier: resnetM, setup: it_00, iteration: tune_04
INFO:mylogger:Finished experiment for WESAD dataset, classifier: resnetM, setup: it_00, iteration: tune_04
2023-11-23 15:07:12,793 [INFO] Experiment for WESAD dataset, classifier: resnetM, setup: it_01, iteration: tune_04
INFO:mylogger:Experiment for WESAD dataset, classifier: resnetM, setup: it_01, iteration: tune_04
2023-11-23 15:07:12,795 [INFO] Created model for WESAD dataset, classifier: resnetM, setup: it_01, iteration: tune_04
INFO:mylogger:Created model for WESAD dataset, classifier: resnetM, setup: it_01, iteration: tune_04
2023-11-23 15:07:12,795 [INFO] Fitting model
INFO:mylogger:Fitting model
2023-11-23 15:17:51,046 [INFO] Loading weights and predicting
INFO:mylogger:Loading weights and predicting
/u/alkurdi/.conda/envs/TFwesad/lib/python3.8/site-packages/sklearn/metrics/_classification.py:1334: UndefinedMetricWarning: Precision is ill-defined and being set to 0.0 in labels with no predicted samples. Use `zero_division` parameter to control this behavior.
  _warn_prf(average, modifier, msg_start, len(result))

2023-11-23 15:17:52,466 [INFO] Fitted model for WESAD dataset, classifier: resnetM, setup: it_01, iteration: tune_04
INFO:mylogger:Fitted model for WESAD dataset, classifier: resnetM, setup: it_01, iteration: tune_04
2023-11-23 15:17:52,467 [INFO] Finished experiment for WESAD dataset, classifier: resnetM, setup: it_01, iteration: tune_04
INFO:mylogger:Finished experiment for WESAD dataset, classifier: resnetM, setup: it_01, iteration: tune_04
2023-11-23 15:17:57,620 [INFO] Experiment for WESAD dataset, classifier: resnetM, setup: it_02, iteration: tune_04
INFO:mylogger:Experiment for WESAD dataset, classifier: resnetM, setup: it_02, iteration: tune_04
2023-11-23 15:17:57,622 [INFO] Created model for WESAD dataset, classifier: resnetM, setup: it_02, iteration: tune_04
INFO:mylogger:Created model for WESAD dataset, classifier: resnetM, setup: it_02, iteration: tune_04
2023-11-23 15:17:57,622 [INFO] Fitting model
INFO:mylogger:Fitting model
2023-11-23 15:30:24,398 [INFO] Loading weights and predicting
INFO:mylogger:Loading weights and predicting
2023-11-23 15:30:25,600 [INFO] Fitted model for WESAD dataset, classifier: resnetM, setup: it_02, iteration: tune_04
INFO:mylogger:Fitted model for WESAD dataset, classifier: resnetM, setup: it_02, iteration: tune_04
2023-11-23 15:30:25,601 [INFO] Finished experiment for WESAD dataset, classifier: resnetM, setup: it_02, iteration: tune_04
INFO:mylogger:Finished experiment for WESAD dataset, classifier: resnetM, setup: it_02, iteration: tune_04
2023-11-23 15:30:30,465 [INFO] Experiment for WESAD dataset, classifier: resnetM, setup: it_03, iteration: tune_04
INFO:mylogger:Experiment for WESAD dataset, classifier: resnetM, setup: it_03, iteration: tune_04
2023-11-23 15:30:30,467 [INFO] Created model for WESAD dataset, classifier: resnetM, setup: it_03, iteration: tune_04
INFO:mylogger:Created model for WESAD dataset, classifier: resnetM, setup: it_03, iteration: tune_04
2023-11-23 15:30:30,467 [INFO] Fitting model
INFO:mylogger:Fitting model
2023-11-23 15:36:25,660 [INFO] Loading weights and predicting
INFO:mylogger:Loading weights and predicting
/u/alkurdi/.conda/envs/TFwesad/lib/python3.8/site-packages/sklearn/metrics/_classification.py:1334: UndefinedMetricWarning: Precision is ill-defined and being set to 0.0 in labels with no predicted samples. Use `zero_division` parameter to control this behavior.
  _warn_prf(average, modifier, msg_start, len(result))

2023-11-23 15:36:26,857 [INFO] Fitted model for WESAD dataset, classifier: resnetM, setup: it_03, iteration: tune_04
INFO:mylogger:Fitted model for WESAD dataset, classifier: resnetM, setup: it_03, iteration: tune_04
2023-11-23 15:36:26,858 [INFO] Finished experiment for WESAD dataset, classifier: resnetM, setup: it_03, iteration: tune_04
INFO:mylogger:Finished experiment for WESAD dataset, classifier: resnetM, setup: it_03, iteration: tune_04
2023-11-23 15:36:31,676 [INFO] Experiment for WESAD dataset, classifier: resnetM, setup: it_04, iteration: tune_04
INFO:mylogger:Experiment for WESAD dataset, classifier: resnetM, setup: it_04, iteration: tune_04
2023-11-23 15:36:31,677 [INFO] Created model for WESAD dataset, classifier: resnetM, setup: it_04, iteration: tune_04
INFO:mylogger:Created model for WESAD dataset, classifier: resnetM, setup: it_04, iteration: tune_04
2023-11-23 15:36:31,677 [INFO] Fitting model
INFO:mylogger:Fitting model
2023-11-23 15:46:08,646 [INFO] Loading weights and predicting
INFO:mylogger:Loading weights and predicting
2023-11-23 15:46:09,833 [INFO] Fitted model for WESAD dataset, classifier: resnetM, setup: it_04, iteration: tune_04
INFO:mylogger:Fitted model for WESAD dataset, classifier: resnetM, setup: it_04, iteration: tune_04
2023-11-23 15:46:09,834 [INFO] Finished experiment for WESAD dataset, classifier: resnetM, setup: it_04, iteration: tune_04
INFO:mylogger:Finished experiment for WESAD dataset, classifier: resnetM, setup: it_04, iteration: tune_04
2023-11-23 15:46:09,835 [INFO] GPU 0 was released by resnetM, tune_04.
INFO:mylogger:GPU 0 was released by resnetM, tune_04.
Done
Thu Nov 23 15:46:12 CST 2023
