
Currently Loaded Modules:
  1) cue-login-env/1.0   7) default           13) libxcrypt/4.4.35
  2) gcc/11.2.0          8) libmd/1.0.4       14) zlib-ng/2.1.3
  3) ucx/1.11.2          9) libbsd/0.11.7     15) openssl/3.1.3
  4) openmpi/4.1.2      10) expat/2.5.0       16) util-linux-uuid/2.38.1
  5) cuda/11.6.1        11) gettext/0.19.8.1  17) xz/5.2.4
  6) modtree/gpu        12) libffi/3.4.4      18) python/3.11.6

 

job is starting on gpub036.delta.ncsa.illinois.edu
dataset=wesad
clas=cnnM
max_eval=7
i_fold=00
CUDA_VISIBLE_DEVICES=0
 
 ******************************
 ******* i_fold=00 *******
 ******************************
 
Thu Nov 23 20:32:15 CST 2023
WARNING:tensorflow:Deprecation warnings have been disabled. Set TF_ENABLE_DEPRECATION_WARNINGS=1 to re-enable them.
WARNING:root:Limited tf.compat.v2.summary API due to missing TensorBoard installation.
Using TensorFlow backend.
2023-11-23 20:33:22,399 [INFO] Loading data for subjects [4, 3, 13] and channels (0, 1, 2, 3, 4, 5, 6, 7, 8, 9, 10)
INFO:mylogger:Loading data for subjects [4, 3, 13] and channels (0, 1, 2, 3, 4, 5, 6, 7, 8, 9, 10)
2023-11-23 20:33:22,485 [INFO] Finished loading data for subjects [4, 3, 13] and channels (0, 1, 2, 3, 4, 5, 6, 7, 8, 9, 10)
INFO:mylogger:Finished loading data for subjects [4, 3, 13] and channels (0, 1, 2, 3, 4, 5, 6, 7, 8, 9, 10)
2023-11-23 20:33:22,485 [INFO] Loading data for subjects [10, 17, 2] and channels (0, 1, 2, 3, 4, 5, 6, 7, 8, 9, 10)
INFO:mylogger:Loading data for subjects [10, 17, 2] and channels (0, 1, 2, 3, 4, 5, 6, 7, 8, 9, 10)
2023-11-23 20:33:22,555 [INFO] Finished loading data for subjects [10, 17, 2] and channels (0, 1, 2, 3, 4, 5, 6, 7, 8, 9, 10)
INFO:mylogger:Finished loading data for subjects [10, 17, 2] and channels (0, 1, 2, 3, 4, 5, 6, 7, 8, 9, 10)
2023-11-23 20:33:22,556 [INFO] Loading data for subjects [5, 16, 15, 8, 9, 7, 14, 6, 11] and channels (0, 1, 2, 3, 4, 5, 6, 7, 8, 9, 10)
INFO:mylogger:Loading data for subjects [5, 16, 15, 8, 9, 7, 14, 6, 11] and channels (0, 1, 2, 3, 4, 5, 6, 7, 8, 9, 10)
2023-11-23 20:33:22,766 [INFO] Finished loading data for subjects [5, 16, 15, 8, 9, 7, 14, 6, 11] and channels (0, 1, 2, 3, 4, 5, 6, 7, 8, 9, 10)
INFO:mylogger:Finished loading data for subjects [5, 16, 15, 8, 9, 7, 14, 6, 11] and channels (0, 1, 2, 3, 4, 5, 6, 7, 8, 9, 10)
2023-11-23 20:33:22,937 [INFO] Loading data for subjects [4, 3, 13] and channels (0, 1, 2, 3, 4, 5, 6, 7, 8, 9, 10)
INFO:mylogger:Loading data for subjects [4, 3, 13] and channels (0, 1, 2, 3, 4, 5, 6, 7, 8, 9, 10)
2023-11-23 20:33:22,965 [INFO] Finished loading data for subjects [4, 3, 13] and channels (0, 1, 2, 3, 4, 5, 6, 7, 8, 9, 10)
INFO:mylogger:Finished loading data for subjects [4, 3, 13] and channels (0, 1, 2, 3, 4, 5, 6, 7, 8, 9, 10)
2023-11-23 20:33:22,965 [INFO] Loading data for subjects [10, 17, 2] and channels (0, 1, 2, 3, 4, 5, 6, 7, 8, 9, 10)
INFO:mylogger:Loading data for subjects [10, 17, 2] and channels (0, 1, 2, 3, 4, 5, 6, 7, 8, 9, 10)
2023-11-23 20:33:22,990 [INFO] Finished loading data for subjects [10, 17, 2] and channels (0, 1, 2, 3, 4, 5, 6, 7, 8, 9, 10)
INFO:mylogger:Finished loading data for subjects [10, 17, 2] and channels (0, 1, 2, 3, 4, 5, 6, 7, 8, 9, 10)
2023-11-23 20:33:22,990 [INFO] Loading data for subjects [5, 16, 15, 8, 9, 7, 14, 6, 11] and channels (0, 1, 2, 3, 4, 5, 6, 7, 8, 9, 10)
INFO:mylogger:Loading data for subjects [5, 16, 15, 8, 9, 7, 14, 6, 11] and channels (0, 1, 2, 3, 4, 5, 6, 7, 8, 9, 10)
2023-11-23 20:33:23,078 [INFO] Finished loading data for subjects [5, 16, 15, 8, 9, 7, 14, 6, 11] and channels (0, 1, 2, 3, 4, 5, 6, 7, 8, 9, 10)
INFO:mylogger:Finished loading data for subjects [5, 16, 15, 8, 9, 7, 14, 6, 11] and channels (0, 1, 2, 3, 4, 5, 6, 7, 8, 9, 10)
2023-11-23 20:33:23,110 [INFO] Loading data for subjects [4, 3, 13] and channels (0, 1, 2, 3, 4, 5, 6, 7, 8, 9, 10)
INFO:mylogger:Loading data for subjects [4, 3, 13] and channels (0, 1, 2, 3, 4, 5, 6, 7, 8, 9, 10)
2023-11-23 20:33:23,134 [INFO] Finished loading data for subjects [4, 3, 13] and channels (0, 1, 2, 3, 4, 5, 6, 7, 8, 9, 10)
INFO:mylogger:Finished loading data for subjects [4, 3, 13] and channels (0, 1, 2, 3, 4, 5, 6, 7, 8, 9, 10)
2023-11-23 20:33:23,135 [INFO] Loading data for subjects [10, 17, 2] and channels (0, 1, 2, 3, 4, 5, 6, 7, 8, 9, 10)
INFO:mylogger:Loading data for subjects [10, 17, 2] and channels (0, 1, 2, 3, 4, 5, 6, 7, 8, 9, 10)
2023-11-23 20:33:23,159 [INFO] Finished loading data for subjects [10, 17, 2] and channels (0, 1, 2, 3, 4, 5, 6, 7, 8, 9, 10)
INFO:mylogger:Finished loading data for subjects [10, 17, 2] and channels (0, 1, 2, 3, 4, 5, 6, 7, 8, 9, 10)
2023-11-23 20:33:23,159 [INFO] Loading data for subjects [5, 16, 15, 8, 9, 7, 14, 6, 11] and channels (0, 1, 2, 3, 4, 5, 6, 7, 8, 9, 10)
INFO:mylogger:Loading data for subjects [5, 16, 15, 8, 9, 7, 14, 6, 11] and channels (0, 1, 2, 3, 4, 5, 6, 7, 8, 9, 10)
2023-11-23 20:33:23,245 [INFO] Finished loading data for subjects [5, 16, 15, 8, 9, 7, 14, 6, 11] and channels (0, 1, 2, 3, 4, 5, 6, 7, 8, 9, 10)
INFO:mylogger:Finished loading data for subjects [5, 16, 15, 8, 9, 7, 14, 6, 11] and channels (0, 1, 2, 3, 4, 5, 6, 7, 8, 9, 10)
2023-11-23 20:33:23,276 [INFO] Loading data for subjects [4, 3, 13] and channels (0, 1, 2, 3, 4, 5, 6, 7, 8, 9, 10)
INFO:mylogger:Loading data for subjects [4, 3, 13] and channels (0, 1, 2, 3, 4, 5, 6, 7, 8, 9, 10)
2023-11-23 20:33:23,301 [INFO] Finished loading data for subjects [4, 3, 13] and channels (0, 1, 2, 3, 4, 5, 6, 7, 8, 9, 10)
INFO:mylogger:Finished loading data for subjects [4, 3, 13] and channels (0, 1, 2, 3, 4, 5, 6, 7, 8, 9, 10)
2023-11-23 20:33:23,302 [INFO] Loading data for subjects [10, 17, 2] and channels (0, 1, 2, 3, 4, 5, 6, 7, 8, 9, 10)
INFO:mylogger:Loading data for subjects [10, 17, 2] and channels (0, 1, 2, 3, 4, 5, 6, 7, 8, 9, 10)
2023-11-23 20:33:23,327 [INFO] Finished loading data for subjects [10, 17, 2] and channels (0, 1, 2, 3, 4, 5, 6, 7, 8, 9, 10)
INFO:mylogger:Finished loading data for subjects [10, 17, 2] and channels (0, 1, 2, 3, 4, 5, 6, 7, 8, 9, 10)
2023-11-23 20:33:23,327 [INFO] Loading data for subjects [5, 16, 15, 8, 9, 7, 14, 6, 11] and channels (0, 1, 2, 3, 4, 5, 6, 7, 8, 9, 10)
INFO:mylogger:Loading data for subjects [5, 16, 15, 8, 9, 7, 14, 6, 11] and channels (0, 1, 2, 3, 4, 5, 6, 7, 8, 9, 10)
2023-11-23 20:33:23,413 [INFO] Finished loading data for subjects [5, 16, 15, 8, 9, 7, 14, 6, 11] and channels (0, 1, 2, 3, 4, 5, 6, 7, 8, 9, 10)
INFO:mylogger:Finished loading data for subjects [5, 16, 15, 8, 9, 7, 14, 6, 11] and channels (0, 1, 2, 3, 4, 5, 6, 7, 8, 9, 10)
2023-11-23 20:33:23,443 [INFO] Loading data for subjects [4, 3, 13] and channels (0, 1, 2, 3, 4, 5, 6, 7, 8, 9, 10)
INFO:mylogger:Loading data for subjects [4, 3, 13] and channels (0, 1, 2, 3, 4, 5, 6, 7, 8, 9, 10)
2023-11-23 20:33:23,469 [INFO] Finished loading data for subjects [4, 3, 13] and channels (0, 1, 2, 3, 4, 5, 6, 7, 8, 9, 10)
INFO:mylogger:Finished loading data for subjects [4, 3, 13] and channels (0, 1, 2, 3, 4, 5, 6, 7, 8, 9, 10)
2023-11-23 20:33:23,469 [INFO] Loading data for subjects [10, 17, 2] and channels (0, 1, 2, 3, 4, 5, 6, 7, 8, 9, 10)
INFO:mylogger:Loading data for subjects [10, 17, 2] and channels (0, 1, 2, 3, 4, 5, 6, 7, 8, 9, 10)
2023-11-23 20:33:23,493 [INFO] Finished loading data for subjects [10, 17, 2] and channels (0, 1, 2, 3, 4, 5, 6, 7, 8, 9, 10)
INFO:mylogger:Finished loading data for subjects [10, 17, 2] and channels (0, 1, 2, 3, 4, 5, 6, 7, 8, 9, 10)
2023-11-23 20:33:23,493 [INFO] Loading data for subjects [5, 16, 15, 8, 9, 7, 14, 6, 11] and channels (0, 1, 2, 3, 4, 5, 6, 7, 8, 9, 10)
INFO:mylogger:Loading data for subjects [5, 16, 15, 8, 9, 7, 14, 6, 11] and channels (0, 1, 2, 3, 4, 5, 6, 7, 8, 9, 10)
2023-11-23 20:33:23,574 [INFO] Finished loading data for subjects [5, 16, 15, 8, 9, 7, 14, 6, 11] and channels (0, 1, 2, 3, 4, 5, 6, 7, 8, 9, 10)
INFO:mylogger:Finished loading data for subjects [5, 16, 15, 8, 9, 7, 14, 6, 11] and channels (0, 1, 2, 3, 4, 5, 6, 7, 8, 9, 10)
2023-11-23 20:33:23,599 [INFO] Tuning of cnnM, max_evals: 7
INFO:mylogger:Tuning of cnnM, max_evals: 7
2023-11-23 20:33:23,601 [INFO] Tuning of cnnM (max_evals: 7) is being performed by another process
INFO:mylogger:Tuning of cnnM (max_evals: 7) is being performed by another process
Done
Thu Nov 23 20:33:27 CST 2023
