
Currently Loaded Modules:
  1) cue-login-env/1.0   7) default           13) libxcrypt/4.4.35
  2) gcc/11.2.0          8) libmd/1.0.4       14) zlib-ng/2.1.3
  3) ucx/1.11.2          9) libbsd/0.11.7     15) openssl/3.1.3
  4) openmpi/4.1.2      10) expat/2.5.0       16) util-linux-uuid/2.38.1
  5) cuda/11.6.1        11) gettext/0.19.8.1  17) xz/5.2.4
  6) modtree/gpu        12) libffi/3.4.4      18) python/3.11.6

 

job is starting on gpub071.delta.ncsa.illinois.edu
dataset=wesad
clas=encoderM
max_eval=3
i_fold=03
CUDA_VISIBLE_DEVICES=0
 
 ******************************
 ******* i_fold=03 *******
 ******************************
 
Thu Nov 23 20:30:47 CST 2023
WARNING:tensorflow:Deprecation warnings have been disabled. Set TF_ENABLE_DEPRECATION_WARNINGS=1 to re-enable them.
WARNING:root:Limited tf.compat.v2.summary API due to missing TensorBoard installation.
Using TensorFlow backend.
2023-11-23 20:30:52,522 [INFO] Loading data for subjects [15, 2, 6] and channels (0, 1, 2, 3, 4, 5, 6, 7, 8, 9, 10)
INFO:mylogger:Loading data for subjects [15, 2, 6] and channels (0, 1, 2, 3, 4, 5, 6, 7, 8, 9, 10)
2023-11-23 20:30:52,548 [INFO] Finished loading data for subjects [15, 2, 6] and channels (0, 1, 2, 3, 4, 5, 6, 7, 8, 9, 10)
INFO:mylogger:Finished loading data for subjects [15, 2, 6] and channels (0, 1, 2, 3, 4, 5, 6, 7, 8, 9, 10)
2023-11-23 20:30:52,548 [INFO] Loading data for subjects [9, 3, 16] and channels (0, 1, 2, 3, 4, 5, 6, 7, 8, 9, 10)
INFO:mylogger:Loading data for subjects [9, 3, 16] and channels (0, 1, 2, 3, 4, 5, 6, 7, 8, 9, 10)
2023-11-23 20:30:52,573 [INFO] Finished loading data for subjects [9, 3, 16] and channels (0, 1, 2, 3, 4, 5, 6, 7, 8, 9, 10)
INFO:mylogger:Finished loading data for subjects [9, 3, 16] and channels (0, 1, 2, 3, 4, 5, 6, 7, 8, 9, 10)
2023-11-23 20:30:52,573 [INFO] Loading data for subjects [4, 5, 17, 8, 10, 13, 7, 14, 11] and channels (0, 1, 2, 3, 4, 5, 6, 7, 8, 9, 10)
INFO:mylogger:Loading data for subjects [4, 5, 17, 8, 10, 13, 7, 14, 11] and channels (0, 1, 2, 3, 4, 5, 6, 7, 8, 9, 10)
2023-11-23 20:30:52,650 [INFO] Finished loading data for subjects [4, 5, 17, 8, 10, 13, 7, 14, 11] and channels (0, 1, 2, 3, 4, 5, 6, 7, 8, 9, 10)
INFO:mylogger:Finished loading data for subjects [4, 5, 17, 8, 10, 13, 7, 14, 11] and channels (0, 1, 2, 3, 4, 5, 6, 7, 8, 9, 10)
2023-11-23 20:30:52,673 [INFO] Loading data for subjects [15, 2, 6] and channels (0, 1, 2, 3, 4, 5, 6, 7, 8, 9, 10)
INFO:mylogger:Loading data for subjects [15, 2, 6] and channels (0, 1, 2, 3, 4, 5, 6, 7, 8, 9, 10)
2023-11-23 20:30:52,695 [INFO] Finished loading data for subjects [15, 2, 6] and channels (0, 1, 2, 3, 4, 5, 6, 7, 8, 9, 10)
INFO:mylogger:Finished loading data for subjects [15, 2, 6] and channels (0, 1, 2, 3, 4, 5, 6, 7, 8, 9, 10)
2023-11-23 20:30:52,695 [INFO] Loading data for subjects [9, 3, 16] and channels (0, 1, 2, 3, 4, 5, 6, 7, 8, 9, 10)
INFO:mylogger:Loading data for subjects [9, 3, 16] and channels (0, 1, 2, 3, 4, 5, 6, 7, 8, 9, 10)
2023-11-23 20:30:52,715 [INFO] Finished loading data for subjects [9, 3, 16] and channels (0, 1, 2, 3, 4, 5, 6, 7, 8, 9, 10)
INFO:mylogger:Finished loading data for subjects [9, 3, 16] and channels (0, 1, 2, 3, 4, 5, 6, 7, 8, 9, 10)
2023-11-23 20:30:52,715 [INFO] Loading data for subjects [4, 5, 17, 8, 10, 13, 7, 14, 11] and channels (0, 1, 2, 3, 4, 5, 6, 7, 8, 9, 10)
INFO:mylogger:Loading data for subjects [4, 5, 17, 8, 10, 13, 7, 14, 11] and channels (0, 1, 2, 3, 4, 5, 6, 7, 8, 9, 10)
2023-11-23 20:30:52,789 [INFO] Finished loading data for subjects [4, 5, 17, 8, 10, 13, 7, 14, 11] and channels (0, 1, 2, 3, 4, 5, 6, 7, 8, 9, 10)
INFO:mylogger:Finished loading data for subjects [4, 5, 17, 8, 10, 13, 7, 14, 11] and channels (0, 1, 2, 3, 4, 5, 6, 7, 8, 9, 10)
2023-11-23 20:30:52,811 [INFO] Loading data for subjects [15, 2, 6] and channels (0, 1, 2, 3, 4, 5, 6, 7, 8, 9, 10)
INFO:mylogger:Loading data for subjects [15, 2, 6] and channels (0, 1, 2, 3, 4, 5, 6, 7, 8, 9, 10)
2023-11-23 20:30:52,833 [INFO] Finished loading data for subjects [15, 2, 6] and channels (0, 1, 2, 3, 4, 5, 6, 7, 8, 9, 10)
INFO:mylogger:Finished loading data for subjects [15, 2, 6] and channels (0, 1, 2, 3, 4, 5, 6, 7, 8, 9, 10)
2023-11-23 20:30:52,833 [INFO] Loading data for subjects [9, 3, 16] and channels (0, 1, 2, 3, 4, 5, 6, 7, 8, 9, 10)
INFO:mylogger:Loading data for subjects [9, 3, 16] and channels (0, 1, 2, 3, 4, 5, 6, 7, 8, 9, 10)
2023-11-23 20:30:52,854 [INFO] Finished loading data for subjects [9, 3, 16] and channels (0, 1, 2, 3, 4, 5, 6, 7, 8, 9, 10)
INFO:mylogger:Finished loading data for subjects [9, 3, 16] and channels (0, 1, 2, 3, 4, 5, 6, 7, 8, 9, 10)
2023-11-23 20:30:52,854 [INFO] Loading data for subjects [4, 5, 17, 8, 10, 13, 7, 14, 11] and channels (0, 1, 2, 3, 4, 5, 6, 7, 8, 9, 10)
INFO:mylogger:Loading data for subjects [4, 5, 17, 8, 10, 13, 7, 14, 11] and channels (0, 1, 2, 3, 4, 5, 6, 7, 8, 9, 10)
2023-11-23 20:30:52,924 [INFO] Finished loading data for subjects [4, 5, 17, 8, 10, 13, 7, 14, 11] and channels (0, 1, 2, 3, 4, 5, 6, 7, 8, 9, 10)
INFO:mylogger:Finished loading data for subjects [4, 5, 17, 8, 10, 13, 7, 14, 11] and channels (0, 1, 2, 3, 4, 5, 6, 7, 8, 9, 10)
2023-11-23 20:30:52,947 [INFO] Loading data for subjects [15, 2, 6] and channels (0, 1, 2, 3, 4, 5, 6, 7, 8, 9, 10)
INFO:mylogger:Loading data for subjects [15, 2, 6] and channels (0, 1, 2, 3, 4, 5, 6, 7, 8, 9, 10)
2023-11-23 20:30:52,967 [INFO] Finished loading data for subjects [15, 2, 6] and channels (0, 1, 2, 3, 4, 5, 6, 7, 8, 9, 10)
INFO:mylogger:Finished loading data for subjects [15, 2, 6] and channels (0, 1, 2, 3, 4, 5, 6, 7, 8, 9, 10)
2023-11-23 20:30:52,967 [INFO] Loading data for subjects [9, 3, 16] and channels (0, 1, 2, 3, 4, 5, 6, 7, 8, 9, 10)
INFO:mylogger:Loading data for subjects [9, 3, 16] and channels (0, 1, 2, 3, 4, 5, 6, 7, 8, 9, 10)
2023-11-23 20:30:52,991 [INFO] Finished loading data for subjects [9, 3, 16] and channels (0, 1, 2, 3, 4, 5, 6, 7, 8, 9, 10)
INFO:mylogger:Finished loading data for subjects [9, 3, 16] and channels (0, 1, 2, 3, 4, 5, 6, 7, 8, 9, 10)
2023-11-23 20:30:52,991 [INFO] Loading data for subjects [4, 5, 17, 8, 10, 13, 7, 14, 11] and channels (0, 1, 2, 3, 4, 5, 6, 7, 8, 9, 10)
INFO:mylogger:Loading data for subjects [4, 5, 17, 8, 10, 13, 7, 14, 11] and channels (0, 1, 2, 3, 4, 5, 6, 7, 8, 9, 10)
2023-11-23 20:30:53,063 [INFO] Finished loading data for subjects [4, 5, 17, 8, 10, 13, 7, 14, 11] and channels (0, 1, 2, 3, 4, 5, 6, 7, 8, 9, 10)
INFO:mylogger:Finished loading data for subjects [4, 5, 17, 8, 10, 13, 7, 14, 11] and channels (0, 1, 2, 3, 4, 5, 6, 7, 8, 9, 10)
2023-11-23 20:30:53,086 [INFO] Loading data for subjects [15, 2, 6] and channels (0, 1, 2, 3, 4, 5, 6, 7, 8, 9, 10)
INFO:mylogger:Loading data for subjects [15, 2, 6] and channels (0, 1, 2, 3, 4, 5, 6, 7, 8, 9, 10)
2023-11-23 20:30:53,108 [INFO] Finished loading data for subjects [15, 2, 6] and channels (0, 1, 2, 3, 4, 5, 6, 7, 8, 9, 10)
INFO:mylogger:Finished loading data for subjects [15, 2, 6] and channels (0, 1, 2, 3, 4, 5, 6, 7, 8, 9, 10)
2023-11-23 20:30:53,109 [INFO] Loading data for subjects [9, 3, 16] and channels (0, 1, 2, 3, 4, 5, 6, 7, 8, 9, 10)
INFO:mylogger:Loading data for subjects [9, 3, 16] and channels (0, 1, 2, 3, 4, 5, 6, 7, 8, 9, 10)
2023-11-23 20:30:53,129 [INFO] Finished loading data for subjects [9, 3, 16] and channels (0, 1, 2, 3, 4, 5, 6, 7, 8, 9, 10)
INFO:mylogger:Finished loading data for subjects [9, 3, 16] and channels (0, 1, 2, 3, 4, 5, 6, 7, 8, 9, 10)
2023-11-23 20:30:53,129 [INFO] Loading data for subjects [4, 5, 17, 8, 10, 13, 7, 14, 11] and channels (0, 1, 2, 3, 4, 5, 6, 7, 8, 9, 10)
INFO:mylogger:Loading data for subjects [4, 5, 17, 8, 10, 13, 7, 14, 11] and channels (0, 1, 2, 3, 4, 5, 6, 7, 8, 9, 10)
2023-11-23 20:30:53,198 [INFO] Finished loading data for subjects [4, 5, 17, 8, 10, 13, 7, 14, 11] and channels (0, 1, 2, 3, 4, 5, 6, 7, 8, 9, 10)
INFO:mylogger:Finished loading data for subjects [4, 5, 17, 8, 10, 13, 7, 14, 11] and channels (0, 1, 2, 3, 4, 5, 6, 7, 8, 9, 10)
2023-11-23 20:30:53,223 [INFO] Tuning of encoderM, max_evals: 3
INFO:mylogger:Tuning of encoderM, max_evals: 3
Done
Thu Nov 23 20:30:53 CST 2023
