
Currently Loaded Modules:
  1) cue-login-env/1.0   3) ucx/1.11.2      5) cuda/11.6.1   7) default
  2) gcc/11.2.0          4) openmpi/4.1.2   6) modtree/gpu

 

job is starting on gpub009.delta.ncsa.illinois.edu
dataset=wesad
clas=mcdcnnM
max_eval=7
CUDA_VISIBLE_DEVICES=0
 
 ******************************
 ******* i_fold=00 *******
 ******************************
 
Thu Nov 23 13:06:34 CST 2023
WARNING:tensorflow:Deprecation warnings have been disabled. Set TF_ENABLE_DEPRECATION_WARNINGS=1 to re-enable them.
WARNING:root:Limited tf.compat.v2.summary API due to missing TensorBoard installation.
Using TensorFlow backend.
2023-11-23 13:06:40,142 [INFO] Loading data for subjects [4, 3, 13] and channels (0, 1, 2, 3, 4, 5, 6, 7, 8, 9, 10)
INFO:mylogger:Loading data for subjects [4, 3, 13] and channels (0, 1, 2, 3, 4, 5, 6, 7, 8, 9, 10)
2023-11-23 13:06:40,169 [INFO] Finished loading data for subjects [4, 3, 13] and channels (0, 1, 2, 3, 4, 5, 6, 7, 8, 9, 10)
INFO:mylogger:Finished loading data for subjects [4, 3, 13] and channels (0, 1, 2, 3, 4, 5, 6, 7, 8, 9, 10)
2023-11-23 13:06:40,169 [INFO] Loading data for subjects [10, 17, 2] and channels (0, 1, 2, 3, 4, 5, 6, 7, 8, 9, 10)
INFO:mylogger:Loading data for subjects [10, 17, 2] and channels (0, 1, 2, 3, 4, 5, 6, 7, 8, 9, 10)
2023-11-23 13:06:40,195 [INFO] Finished loading data for subjects [10, 17, 2] and channels (0, 1, 2, 3, 4, 5, 6, 7, 8, 9, 10)
INFO:mylogger:Finished loading data for subjects [10, 17, 2] and channels (0, 1, 2, 3, 4, 5, 6, 7, 8, 9, 10)
2023-11-23 13:06:40,195 [INFO] Loading data for subjects [5, 16, 15, 8, 9, 7, 14, 6, 11] and channels (0, 1, 2, 3, 4, 5, 6, 7, 8, 9, 10)
INFO:mylogger:Loading data for subjects [5, 16, 15, 8, 9, 7, 14, 6, 11] and channels (0, 1, 2, 3, 4, 5, 6, 7, 8, 9, 10)
2023-11-23 13:06:40,274 [INFO] Finished loading data for subjects [5, 16, 15, 8, 9, 7, 14, 6, 11] and channels (0, 1, 2, 3, 4, 5, 6, 7, 8, 9, 10)
INFO:mylogger:Finished loading data for subjects [5, 16, 15, 8, 9, 7, 14, 6, 11] and channels (0, 1, 2, 3, 4, 5, 6, 7, 8, 9, 10)
2023-11-23 13:06:40,303 [INFO] Loading data for subjects [4, 3, 13] and channels (0, 1, 2, 3, 4, 5, 6, 7, 8, 9, 10)
INFO:mylogger:Loading data for subjects [4, 3, 13] and channels (0, 1, 2, 3, 4, 5, 6, 7, 8, 9, 10)
2023-11-23 13:06:40,329 [INFO] Finished loading data for subjects [4, 3, 13] and channels (0, 1, 2, 3, 4, 5, 6, 7, 8, 9, 10)
INFO:mylogger:Finished loading data for subjects [4, 3, 13] and channels (0, 1, 2, 3, 4, 5, 6, 7, 8, 9, 10)
2023-11-23 13:06:40,329 [INFO] Loading data for subjects [10, 17, 2] and channels (0, 1, 2, 3, 4, 5, 6, 7, 8, 9, 10)
INFO:mylogger:Loading data for subjects [10, 17, 2] and channels (0, 1, 2, 3, 4, 5, 6, 7, 8, 9, 10)
2023-11-23 13:06:40,352 [INFO] Finished loading data for subjects [10, 17, 2] and channels (0, 1, 2, 3, 4, 5, 6, 7, 8, 9, 10)
INFO:mylogger:Finished loading data for subjects [10, 17, 2] and channels (0, 1, 2, 3, 4, 5, 6, 7, 8, 9, 10)
2023-11-23 13:06:40,352 [INFO] Loading data for subjects [5, 16, 15, 8, 9, 7, 14, 6, 11] and channels (0, 1, 2, 3, 4, 5, 6, 7, 8, 9, 10)
INFO:mylogger:Loading data for subjects [5, 16, 15, 8, 9, 7, 14, 6, 11] and channels (0, 1, 2, 3, 4, 5, 6, 7, 8, 9, 10)
2023-11-23 13:06:40,428 [INFO] Finished loading data for subjects [5, 16, 15, 8, 9, 7, 14, 6, 11] and channels (0, 1, 2, 3, 4, 5, 6, 7, 8, 9, 10)
INFO:mylogger:Finished loading data for subjects [5, 16, 15, 8, 9, 7, 14, 6, 11] and channels (0, 1, 2, 3, 4, 5, 6, 7, 8, 9, 10)
2023-11-23 13:06:40,457 [INFO] Loading data for subjects [4, 3, 13] and channels (0, 1, 2, 3, 4, 5, 6, 7, 8, 9, 10)
INFO:mylogger:Loading data for subjects [4, 3, 13] and channels (0, 1, 2, 3, 4, 5, 6, 7, 8, 9, 10)
2023-11-23 13:06:40,481 [INFO] Finished loading data for subjects [4, 3, 13] and channels (0, 1, 2, 3, 4, 5, 6, 7, 8, 9, 10)
INFO:mylogger:Finished loading data for subjects [4, 3, 13] and channels (0, 1, 2, 3, 4, 5, 6, 7, 8, 9, 10)
2023-11-23 13:06:40,481 [INFO] Loading data for subjects [10, 17, 2] and channels (0, 1, 2, 3, 4, 5, 6, 7, 8, 9, 10)
INFO:mylogger:Loading data for subjects [10, 17, 2] and channels (0, 1, 2, 3, 4, 5, 6, 7, 8, 9, 10)
2023-11-23 13:06:40,502 [INFO] Finished loading data for subjects [10, 17, 2] and channels (0, 1, 2, 3, 4, 5, 6, 7, 8, 9, 10)
INFO:mylogger:Finished loading data for subjects [10, 17, 2] and channels (0, 1, 2, 3, 4, 5, 6, 7, 8, 9, 10)
2023-11-23 13:06:40,503 [INFO] Loading data for subjects [5, 16, 15, 8, 9, 7, 14, 6, 11] and channels (0, 1, 2, 3, 4, 5, 6, 7, 8, 9, 10)
INFO:mylogger:Loading data for subjects [5, 16, 15, 8, 9, 7, 14, 6, 11] and channels (0, 1, 2, 3, 4, 5, 6, 7, 8, 9, 10)
2023-11-23 13:06:40,582 [INFO] Finished loading data for subjects [5, 16, 15, 8, 9, 7, 14, 6, 11] and channels (0, 1, 2, 3, 4, 5, 6, 7, 8, 9, 10)
INFO:mylogger:Finished loading data for subjects [5, 16, 15, 8, 9, 7, 14, 6, 11] and channels (0, 1, 2, 3, 4, 5, 6, 7, 8, 9, 10)
2023-11-23 13:06:40,611 [INFO] Loading data for subjects [4, 3, 13] and channels (0, 1, 2, 3, 4, 5, 6, 7, 8, 9, 10)
INFO:mylogger:Loading data for subjects [4, 3, 13] and channels (0, 1, 2, 3, 4, 5, 6, 7, 8, 9, 10)
2023-11-23 13:06:40,633 [INFO] Finished loading data for subjects [4, 3, 13] and channels (0, 1, 2, 3, 4, 5, 6, 7, 8, 9, 10)
INFO:mylogger:Finished loading data for subjects [4, 3, 13] and channels (0, 1, 2, 3, 4, 5, 6, 7, 8, 9, 10)
2023-11-23 13:06:40,633 [INFO] Loading data for subjects [10, 17, 2] and channels (0, 1, 2, 3, 4, 5, 6, 7, 8, 9, 10)
INFO:mylogger:Loading data for subjects [10, 17, 2] and channels (0, 1, 2, 3, 4, 5, 6, 7, 8, 9, 10)
2023-11-23 13:06:40,657 [INFO] Finished loading data for subjects [10, 17, 2] and channels (0, 1, 2, 3, 4, 5, 6, 7, 8, 9, 10)
INFO:mylogger:Finished loading data for subjects [10, 17, 2] and channels (0, 1, 2, 3, 4, 5, 6, 7, 8, 9, 10)
2023-11-23 13:06:40,658 [INFO] Loading data for subjects [5, 16, 15, 8, 9, 7, 14, 6, 11] and channels (0, 1, 2, 3, 4, 5, 6, 7, 8, 9, 10)
INFO:mylogger:Loading data for subjects [5, 16, 15, 8, 9, 7, 14, 6, 11] and channels (0, 1, 2, 3, 4, 5, 6, 7, 8, 9, 10)
2023-11-23 13:06:40,735 [INFO] Finished loading data for subjects [5, 16, 15, 8, 9, 7, 14, 6, 11] and channels (0, 1, 2, 3, 4, 5, 6, 7, 8, 9, 10)
INFO:mylogger:Finished loading data for subjects [5, 16, 15, 8, 9, 7, 14, 6, 11] and channels (0, 1, 2, 3, 4, 5, 6, 7, 8, 9, 10)
2023-11-23 13:06:40,764 [INFO] Loading data for subjects [4, 3, 13] and channels (0, 1, 2, 3, 4, 5, 6, 7, 8, 9, 10)
INFO:mylogger:Loading data for subjects [4, 3, 13] and channels (0, 1, 2, 3, 4, 5, 6, 7, 8, 9, 10)
2023-11-23 13:06:40,785 [INFO] Finished loading data for subjects [4, 3, 13] and channels (0, 1, 2, 3, 4, 5, 6, 7, 8, 9, 10)
INFO:mylogger:Finished loading data for subjects [4, 3, 13] and channels (0, 1, 2, 3, 4, 5, 6, 7, 8, 9, 10)
2023-11-23 13:06:40,786 [INFO] Loading data for subjects [10, 17, 2] and channels (0, 1, 2, 3, 4, 5, 6, 7, 8, 9, 10)
INFO:mylogger:Loading data for subjects [10, 17, 2] and channels (0, 1, 2, 3, 4, 5, 6, 7, 8, 9, 10)
2023-11-23 13:06:40,808 [INFO] Finished loading data for subjects [10, 17, 2] and channels (0, 1, 2, 3, 4, 5, 6, 7, 8, 9, 10)
INFO:mylogger:Finished loading data for subjects [10, 17, 2] and channels (0, 1, 2, 3, 4, 5, 6, 7, 8, 9, 10)
2023-11-23 13:06:40,809 [INFO] Loading data for subjects [5, 16, 15, 8, 9, 7, 14, 6, 11] and channels (0, 1, 2, 3, 4, 5, 6, 7, 8, 9, 10)
INFO:mylogger:Loading data for subjects [5, 16, 15, 8, 9, 7, 14, 6, 11] and channels (0, 1, 2, 3, 4, 5, 6, 7, 8, 9, 10)
2023-11-23 13:06:40,883 [INFO] Finished loading data for subjects [5, 16, 15, 8, 9, 7, 14, 6, 11] and channels (0, 1, 2, 3, 4, 5, 6, 7, 8, 9, 10)
INFO:mylogger:Finished loading data for subjects [5, 16, 15, 8, 9, 7, 14, 6, 11] and channels (0, 1, 2, 3, 4, 5, 6, 7, 8, 9, 10)
2023-11-23 13:06:40,911 [INFO] Tuning of mcdcnnM, max_evals: 7
INFO:mylogger:Tuning of mcdcnnM, max_evals: 7
2023-11-23 13:06:40,913 [INFO] Tuning of mcdcnnM (max_evals: 7) is being performed by another process
INFO:mylogger:Tuning of mcdcnnM (max_evals: 7) is being performed by another process
 
 ******************************
 ******* i_fold=01 *******
 ******************************
 
Thu Nov 23 13:06:41 CST 2023
WARNING:tensorflow:Deprecation warnings have been disabled. Set TF_ENABLE_DEPRECATION_WARNINGS=1 to re-enable them.
WARNING:root:Limited tf.compat.v2.summary API due to missing TensorBoard installation.
Using TensorFlow backend.
2023-11-23 13:06:46,557 [INFO] Loading data for subjects [5, 8, 7] and channels (0, 1, 2, 3, 4, 5, 6, 7, 8, 9, 10)
INFO:mylogger:Loading data for subjects [5, 8, 7] and channels (0, 1, 2, 3, 4, 5, 6, 7, 8, 9, 10)
2023-11-23 13:06:46,586 [INFO] Finished loading data for subjects [5, 8, 7] and channels (0, 1, 2, 3, 4, 5, 6, 7, 8, 9, 10)
INFO:mylogger:Finished loading data for subjects [5, 8, 7] and channels (0, 1, 2, 3, 4, 5, 6, 7, 8, 9, 10)
2023-11-23 13:06:46,586 [INFO] Loading data for subjects [13, 16, 14] and channels (0, 1, 2, 3, 4, 5, 6, 7, 8, 9, 10)
INFO:mylogger:Loading data for subjects [13, 16, 14] and channels (0, 1, 2, 3, 4, 5, 6, 7, 8, 9, 10)
2023-11-23 13:06:46,613 [INFO] Finished loading data for subjects [13, 16, 14] and channels (0, 1, 2, 3, 4, 5, 6, 7, 8, 9, 10)
INFO:mylogger:Finished loading data for subjects [13, 16, 14] and channels (0, 1, 2, 3, 4, 5, 6, 7, 8, 9, 10)
2023-11-23 13:06:46,613 [INFO] Loading data for subjects [4, 15, 17, 3, 9, 2, 10, 6, 11] and channels (0, 1, 2, 3, 4, 5, 6, 7, 8, 9, 10)
INFO:mylogger:Loading data for subjects [4, 15, 17, 3, 9, 2, 10, 6, 11] and channels (0, 1, 2, 3, 4, 5, 6, 7, 8, 9, 10)
2023-11-23 13:06:46,698 [INFO] Finished loading data for subjects [4, 15, 17, 3, 9, 2, 10, 6, 11] and channels (0, 1, 2, 3, 4, 5, 6, 7, 8, 9, 10)
INFO:mylogger:Finished loading data for subjects [4, 15, 17, 3, 9, 2, 10, 6, 11] and channels (0, 1, 2, 3, 4, 5, 6, 7, 8, 9, 10)
2023-11-23 13:06:46,727 [INFO] Loading data for subjects [5, 8, 7] and channels (0, 1, 2, 3, 4, 5, 6, 7, 8, 9, 10)
INFO:mylogger:Loading data for subjects [5, 8, 7] and channels (0, 1, 2, 3, 4, 5, 6, 7, 8, 9, 10)
2023-11-23 13:06:46,752 [INFO] Finished loading data for subjects [5, 8, 7] and channels (0, 1, 2, 3, 4, 5, 6, 7, 8, 9, 10)
INFO:mylogger:Finished loading data for subjects [5, 8, 7] and channels (0, 1, 2, 3, 4, 5, 6, 7, 8, 9, 10)
2023-11-23 13:06:46,752 [INFO] Loading data for subjects [13, 16, 14] and channels (0, 1, 2, 3, 4, 5, 6, 7, 8, 9, 10)
INFO:mylogger:Loading data for subjects [13, 16, 14] and channels (0, 1, 2, 3, 4, 5, 6, 7, 8, 9, 10)
2023-11-23 13:06:46,776 [INFO] Finished loading data for subjects [13, 16, 14] and channels (0, 1, 2, 3, 4, 5, 6, 7, 8, 9, 10)
INFO:mylogger:Finished loading data for subjects [13, 16, 14] and channels (0, 1, 2, 3, 4, 5, 6, 7, 8, 9, 10)
2023-11-23 13:06:46,776 [INFO] Loading data for subjects [4, 15, 17, 3, 9, 2, 10, 6, 11] and channels (0, 1, 2, 3, 4, 5, 6, 7, 8, 9, 10)
INFO:mylogger:Loading data for subjects [4, 15, 17, 3, 9, 2, 10, 6, 11] and channels (0, 1, 2, 3, 4, 5, 6, 7, 8, 9, 10)
2023-11-23 13:06:46,856 [INFO] Finished loading data for subjects [4, 15, 17, 3, 9, 2, 10, 6, 11] and channels (0, 1, 2, 3, 4, 5, 6, 7, 8, 9, 10)
INFO:mylogger:Finished loading data for subjects [4, 15, 17, 3, 9, 2, 10, 6, 11] and channels (0, 1, 2, 3, 4, 5, 6, 7, 8, 9, 10)
2023-11-23 13:06:46,885 [INFO] Loading data for subjects [5, 8, 7] and channels (0, 1, 2, 3, 4, 5, 6, 7, 8, 9, 10)
INFO:mylogger:Loading data for subjects [5, 8, 7] and channels (0, 1, 2, 3, 4, 5, 6, 7, 8, 9, 10)
2023-11-23 13:06:46,909 [INFO] Finished loading data for subjects [5, 8, 7] and channels (0, 1, 2, 3, 4, 5, 6, 7, 8, 9, 10)
INFO:mylogger:Finished loading data for subjects [5, 8, 7] and channels (0, 1, 2, 3, 4, 5, 6, 7, 8, 9, 10)
2023-11-23 13:06:46,909 [INFO] Loading data for subjects [13, 16, 14] and channels (0, 1, 2, 3, 4, 5, 6, 7, 8, 9, 10)
INFO:mylogger:Loading data for subjects [13, 16, 14] and channels (0, 1, 2, 3, 4, 5, 6, 7, 8, 9, 10)
2023-11-23 13:06:46,932 [INFO] Finished loading data for subjects [13, 16, 14] and channels (0, 1, 2, 3, 4, 5, 6, 7, 8, 9, 10)
INFO:mylogger:Finished loading data for subjects [13, 16, 14] and channels (0, 1, 2, 3, 4, 5, 6, 7, 8, 9, 10)
2023-11-23 13:06:46,932 [INFO] Loading data for subjects [4, 15, 17, 3, 9, 2, 10, 6, 11] and channels (0, 1, 2, 3, 4, 5, 6, 7, 8, 9, 10)
INFO:mylogger:Loading data for subjects [4, 15, 17, 3, 9, 2, 10, 6, 11] and channels (0, 1, 2, 3, 4, 5, 6, 7, 8, 9, 10)
2023-11-23 13:06:47,009 [INFO] Finished loading data for subjects [4, 15, 17, 3, 9, 2, 10, 6, 11] and channels (0, 1, 2, 3, 4, 5, 6, 7, 8, 9, 10)
INFO:mylogger:Finished loading data for subjects [4, 15, 17, 3, 9, 2, 10, 6, 11] and channels (0, 1, 2, 3, 4, 5, 6, 7, 8, 9, 10)
2023-11-23 13:06:47,037 [INFO] Loading data for subjects [5, 8, 7] and channels (0, 1, 2, 3, 4, 5, 6, 7, 8, 9, 10)
INFO:mylogger:Loading data for subjects [5, 8, 7] and channels (0, 1, 2, 3, 4, 5, 6, 7, 8, 9, 10)
2023-11-23 13:06:47,061 [INFO] Finished loading data for subjects [5, 8, 7] and channels (0, 1, 2, 3, 4, 5, 6, 7, 8, 9, 10)
INFO:mylogger:Finished loading data for subjects [5, 8, 7] and channels (0, 1, 2, 3, 4, 5, 6, 7, 8, 9, 10)
2023-11-23 13:06:47,061 [INFO] Loading data for subjects [13, 16, 14] and channels (0, 1, 2, 3, 4, 5, 6, 7, 8, 9, 10)
INFO:mylogger:Loading data for subjects [13, 16, 14] and channels (0, 1, 2, 3, 4, 5, 6, 7, 8, 9, 10)
2023-11-23 13:06:47,084 [INFO] Finished loading data for subjects [13, 16, 14] and channels (0, 1, 2, 3, 4, 5, 6, 7, 8, 9, 10)
INFO:mylogger:Finished loading data for subjects [13, 16, 14] and channels (0, 1, 2, 3, 4, 5, 6, 7, 8, 9, 10)
2023-11-23 13:06:47,084 [INFO] Loading data for subjects [4, 15, 17, 3, 9, 2, 10, 6, 11] and channels (0, 1, 2, 3, 4, 5, 6, 7, 8, 9, 10)
INFO:mylogger:Loading data for subjects [4, 15, 17, 3, 9, 2, 10, 6, 11] and channels (0, 1, 2, 3, 4, 5, 6, 7, 8, 9, 10)
2023-11-23 13:06:47,157 [INFO] Finished loading data for subjects [4, 15, 17, 3, 9, 2, 10, 6, 11] and channels (0, 1, 2, 3, 4, 5, 6, 7, 8, 9, 10)
INFO:mylogger:Finished loading data for subjects [4, 15, 17, 3, 9, 2, 10, 6, 11] and channels (0, 1, 2, 3, 4, 5, 6, 7, 8, 9, 10)
2023-11-23 13:06:47,185 [INFO] Loading data for subjects [5, 8, 7] and channels (0, 1, 2, 3, 4, 5, 6, 7, 8, 9, 10)
INFO:mylogger:Loading data for subjects [5, 8, 7] and channels (0, 1, 2, 3, 4, 5, 6, 7, 8, 9, 10)
2023-11-23 13:06:47,209 [INFO] Finished loading data for subjects [5, 8, 7] and channels (0, 1, 2, 3, 4, 5, 6, 7, 8, 9, 10)
INFO:mylogger:Finished loading data for subjects [5, 8, 7] and channels (0, 1, 2, 3, 4, 5, 6, 7, 8, 9, 10)
2023-11-23 13:06:47,209 [INFO] Loading data for subjects [13, 16, 14] and channels (0, 1, 2, 3, 4, 5, 6, 7, 8, 9, 10)
INFO:mylogger:Loading data for subjects [13, 16, 14] and channels (0, 1, 2, 3, 4, 5, 6, 7, 8, 9, 10)
2023-11-23 13:06:47,232 [INFO] Finished loading data for subjects [13, 16, 14] and channels (0, 1, 2, 3, 4, 5, 6, 7, 8, 9, 10)
INFO:mylogger:Finished loading data for subjects [13, 16, 14] and channels (0, 1, 2, 3, 4, 5, 6, 7, 8, 9, 10)
2023-11-23 13:06:47,233 [INFO] Loading data for subjects [4, 15, 17, 3, 9, 2, 10, 6, 11] and channels (0, 1, 2, 3, 4, 5, 6, 7, 8, 9, 10)
INFO:mylogger:Loading data for subjects [4, 15, 17, 3, 9, 2, 10, 6, 11] and channels (0, 1, 2, 3, 4, 5, 6, 7, 8, 9, 10)
2023-11-23 13:06:47,311 [INFO] Finished loading data for subjects [4, 15, 17, 3, 9, 2, 10, 6, 11] and channels (0, 1, 2, 3, 4, 5, 6, 7, 8, 9, 10)
INFO:mylogger:Finished loading data for subjects [4, 15, 17, 3, 9, 2, 10, 6, 11] and channels (0, 1, 2, 3, 4, 5, 6, 7, 8, 9, 10)
2023-11-23 13:06:47,339 [INFO] Tuning of mcdcnnM, max_evals: 7
INFO:mylogger:Tuning of mcdcnnM, max_evals: 7
 
 ******************************
 ******* i_fold=02 *******
 ******************************
 
Thu Nov 23 13:06:47 CST 2023
WARNING:tensorflow:Deprecation warnings have been disabled. Set TF_ENABLE_DEPRECATION_WARNINGS=1 to re-enable them.
WARNING:root:Limited tf.compat.v2.summary API due to missing TensorBoard installation.
Using TensorFlow backend.
2023-11-23 13:06:52,907 [INFO] Loading data for subjects [16, 9, 14] and channels (0, 1, 2, 3, 4, 5, 6, 7, 8, 9, 10)
INFO:mylogger:Loading data for subjects [16, 9, 14] and channels (0, 1, 2, 3, 4, 5, 6, 7, 8, 9, 10)
2023-11-23 13:06:52,942 [INFO] Finished loading data for subjects [16, 9, 14] and channels (0, 1, 2, 3, 4, 5, 6, 7, 8, 9, 10)
INFO:mylogger:Finished loading data for subjects [16, 9, 14] and channels (0, 1, 2, 3, 4, 5, 6, 7, 8, 9, 10)
2023-11-23 13:06:52,942 [INFO] Loading data for subjects [17, 4, 11] and channels (0, 1, 2, 3, 4, 5, 6, 7, 8, 9, 10)
INFO:mylogger:Loading data for subjects [17, 4, 11] and channels (0, 1, 2, 3, 4, 5, 6, 7, 8, 9, 10)
2023-11-23 13:06:52,967 [INFO] Finished loading data for subjects [17, 4, 11] and channels (0, 1, 2, 3, 4, 5, 6, 7, 8, 9, 10)
INFO:mylogger:Finished loading data for subjects [17, 4, 11] and channels (0, 1, 2, 3, 4, 5, 6, 7, 8, 9, 10)
2023-11-23 13:06:52,968 [INFO] Loading data for subjects [5, 15, 3, 8, 2, 10, 13, 7, 6] and channels (0, 1, 2, 3, 4, 5, 6, 7, 8, 9, 10)
INFO:mylogger:Loading data for subjects [5, 15, 3, 8, 2, 10, 13, 7, 6] and channels (0, 1, 2, 3, 4, 5, 6, 7, 8, 9, 10)
2023-11-23 13:06:53,042 [INFO] Finished loading data for subjects [5, 15, 3, 8, 2, 10, 13, 7, 6] and channels (0, 1, 2, 3, 4, 5, 6, 7, 8, 9, 10)
INFO:mylogger:Finished loading data for subjects [5, 15, 3, 8, 2, 10, 13, 7, 6] and channels (0, 1, 2, 3, 4, 5, 6, 7, 8, 9, 10)
2023-11-23 13:06:53,072 [INFO] Loading data for subjects [16, 9, 14] and channels (0, 1, 2, 3, 4, 5, 6, 7, 8, 9, 10)
INFO:mylogger:Loading data for subjects [16, 9, 14] and channels (0, 1, 2, 3, 4, 5, 6, 7, 8, 9, 10)
2023-11-23 13:06:53,093 [INFO] Finished loading data for subjects [16, 9, 14] and channels (0, 1, 2, 3, 4, 5, 6, 7, 8, 9, 10)
INFO:mylogger:Finished loading data for subjects [16, 9, 14] and channels (0, 1, 2, 3, 4, 5, 6, 7, 8, 9, 10)
2023-11-23 13:06:53,093 [INFO] Loading data for subjects [17, 4, 11] and channels (0, 1, 2, 3, 4, 5, 6, 7, 8, 9, 10)
INFO:mylogger:Loading data for subjects [17, 4, 11] and channels (0, 1, 2, 3, 4, 5, 6, 7, 8, 9, 10)
2023-11-23 13:06:53,114 [INFO] Finished loading data for subjects [17, 4, 11] and channels (0, 1, 2, 3, 4, 5, 6, 7, 8, 9, 10)
INFO:mylogger:Finished loading data for subjects [17, 4, 11] and channels (0, 1, 2, 3, 4, 5, 6, 7, 8, 9, 10)
2023-11-23 13:06:53,114 [INFO] Loading data for subjects [5, 15, 3, 8, 2, 10, 13, 7, 6] and channels (0, 1, 2, 3, 4, 5, 6, 7, 8, 9, 10)
INFO:mylogger:Loading data for subjects [5, 15, 3, 8, 2, 10, 13, 7, 6] and channels (0, 1, 2, 3, 4, 5, 6, 7, 8, 9, 10)
2023-11-23 13:06:53,189 [INFO] Finished loading data for subjects [5, 15, 3, 8, 2, 10, 13, 7, 6] and channels (0, 1, 2, 3, 4, 5, 6, 7, 8, 9, 10)
INFO:mylogger:Finished loading data for subjects [5, 15, 3, 8, 2, 10, 13, 7, 6] and channels (0, 1, 2, 3, 4, 5, 6, 7, 8, 9, 10)
2023-11-23 13:06:53,215 [INFO] Loading data for subjects [16, 9, 14] and channels (0, 1, 2, 3, 4, 5, 6, 7, 8, 9, 10)
INFO:mylogger:Loading data for subjects [16, 9, 14] and channels (0, 1, 2, 3, 4, 5, 6, 7, 8, 9, 10)
2023-11-23 13:06:53,241 [INFO] Finished loading data for subjects [16, 9, 14] and channels (0, 1, 2, 3, 4, 5, 6, 7, 8, 9, 10)
INFO:mylogger:Finished loading data for subjects [16, 9, 14] and channels (0, 1, 2, 3, 4, 5, 6, 7, 8, 9, 10)
2023-11-23 13:06:53,241 [INFO] Loading data for subjects [17, 4, 11] and channels (0, 1, 2, 3, 4, 5, 6, 7, 8, 9, 10)
INFO:mylogger:Loading data for subjects [17, 4, 11] and channels (0, 1, 2, 3, 4, 5, 6, 7, 8, 9, 10)
2023-11-23 13:06:53,262 [INFO] Finished loading data for subjects [17, 4, 11] and channels (0, 1, 2, 3, 4, 5, 6, 7, 8, 9, 10)
INFO:mylogger:Finished loading data for subjects [17, 4, 11] and channels (0, 1, 2, 3, 4, 5, 6, 7, 8, 9, 10)
2023-11-23 13:06:53,262 [INFO] Loading data for subjects [5, 15, 3, 8, 2, 10, 13, 7, 6] and channels (0, 1, 2, 3, 4, 5, 6, 7, 8, 9, 10)
INFO:mylogger:Loading data for subjects [5, 15, 3, 8, 2, 10, 13, 7, 6] and channels (0, 1, 2, 3, 4, 5, 6, 7, 8, 9, 10)
2023-11-23 13:06:53,334 [INFO] Finished loading data for subjects [5, 15, 3, 8, 2, 10, 13, 7, 6] and channels (0, 1, 2, 3, 4, 5, 6, 7, 8, 9, 10)
INFO:mylogger:Finished loading data for subjects [5, 15, 3, 8, 2, 10, 13, 7, 6] and channels (0, 1, 2, 3, 4, 5, 6, 7, 8, 9, 10)
2023-11-23 13:06:53,360 [INFO] Loading data for subjects [16, 9, 14] and channels (0, 1, 2, 3, 4, 5, 6, 7, 8, 9, 10)
INFO:mylogger:Loading data for subjects [16, 9, 14] and channels (0, 1, 2, 3, 4, 5, 6, 7, 8, 9, 10)
2023-11-23 13:06:53,382 [INFO] Finished loading data for subjects [16, 9, 14] and channels (0, 1, 2, 3, 4, 5, 6, 7, 8, 9, 10)
INFO:mylogger:Finished loading data for subjects [16, 9, 14] and channels (0, 1, 2, 3, 4, 5, 6, 7, 8, 9, 10)
2023-11-23 13:06:53,382 [INFO] Loading data for subjects [17, 4, 11] and channels (0, 1, 2, 3, 4, 5, 6, 7, 8, 9, 10)
INFO:mylogger:Loading data for subjects [17, 4, 11] and channels (0, 1, 2, 3, 4, 5, 6, 7, 8, 9, 10)
2023-11-23 13:06:53,404 [INFO] Finished loading data for subjects [17, 4, 11] and channels (0, 1, 2, 3, 4, 5, 6, 7, 8, 9, 10)
INFO:mylogger:Finished loading data for subjects [17, 4, 11] and channels (0, 1, 2, 3, 4, 5, 6, 7, 8, 9, 10)
2023-11-23 13:06:53,404 [INFO] Loading data for subjects [5, 15, 3, 8, 2, 10, 13, 7, 6] and channels (0, 1, 2, 3, 4, 5, 6, 7, 8, 9, 10)
INFO:mylogger:Loading data for subjects [5, 15, 3, 8, 2, 10, 13, 7, 6] and channels (0, 1, 2, 3, 4, 5, 6, 7, 8, 9, 10)
2023-11-23 13:06:53,475 [INFO] Finished loading data for subjects [5, 15, 3, 8, 2, 10, 13, 7, 6] and channels (0, 1, 2, 3, 4, 5, 6, 7, 8, 9, 10)
INFO:mylogger:Finished loading data for subjects [5, 15, 3, 8, 2, 10, 13, 7, 6] and channels (0, 1, 2, 3, 4, 5, 6, 7, 8, 9, 10)
2023-11-23 13:06:53,501 [INFO] Loading data for subjects [16, 9, 14] and channels (0, 1, 2, 3, 4, 5, 6, 7, 8, 9, 10)
INFO:mylogger:Loading data for subjects [16, 9, 14] and channels (0, 1, 2, 3, 4, 5, 6, 7, 8, 9, 10)
2023-11-23 13:06:53,521 [INFO] Finished loading data for subjects [16, 9, 14] and channels (0, 1, 2, 3, 4, 5, 6, 7, 8, 9, 10)
INFO:mylogger:Finished loading data for subjects [16, 9, 14] and channels (0, 1, 2, 3, 4, 5, 6, 7, 8, 9, 10)
2023-11-23 13:06:53,522 [INFO] Loading data for subjects [17, 4, 11] and channels (0, 1, 2, 3, 4, 5, 6, 7, 8, 9, 10)
INFO:mylogger:Loading data for subjects [17, 4, 11] and channels (0, 1, 2, 3, 4, 5, 6, 7, 8, 9, 10)
2023-11-23 13:06:53,545 [INFO] Finished loading data for subjects [17, 4, 11] and channels (0, 1, 2, 3, 4, 5, 6, 7, 8, 9, 10)
INFO:mylogger:Finished loading data for subjects [17, 4, 11] and channels (0, 1, 2, 3, 4, 5, 6, 7, 8, 9, 10)
2023-11-23 13:06:53,555 [INFO] Loading data for subjects [5, 15, 3, 8, 2, 10, 13, 7, 6] and channels (0, 1, 2, 3, 4, 5, 6, 7, 8, 9, 10)
INFO:mylogger:Loading data for subjects [5, 15, 3, 8, 2, 10, 13, 7, 6] and channels (0, 1, 2, 3, 4, 5, 6, 7, 8, 9, 10)
2023-11-23 13:06:53,623 [INFO] Finished loading data for subjects [5, 15, 3, 8, 2, 10, 13, 7, 6] and channels (0, 1, 2, 3, 4, 5, 6, 7, 8, 9, 10)
INFO:mylogger:Finished loading data for subjects [5, 15, 3, 8, 2, 10, 13, 7, 6] and channels (0, 1, 2, 3, 4, 5, 6, 7, 8, 9, 10)
2023-11-23 13:06:53,706 [INFO] Tuning of mcdcnnM, max_evals: 7
INFO:mylogger:Tuning of mcdcnnM, max_evals: 7
2023-11-23 13:06:53,801 [INFO] Tuning of mcdcnnM (max_evals: 7) is being performed by another process
INFO:mylogger:Tuning of mcdcnnM (max_evals: 7) is being performed by another process
 
 ******************************
 ******* i_fold=03 *******
 ******************************
 
Thu Nov 23 13:06:54 CST 2023
WARNING:tensorflow:Deprecation warnings have been disabled. Set TF_ENABLE_DEPRECATION_WARNINGS=1 to re-enable them.
WARNING:root:Limited tf.compat.v2.summary API due to missing TensorBoard installation.
Using TensorFlow backend.
2023-11-23 13:06:59,091 [INFO] Loading data for subjects [15, 2, 6] and channels (0, 1, 2, 3, 4, 5, 6, 7, 8, 9, 10)
INFO:mylogger:Loading data for subjects [15, 2, 6] and channels (0, 1, 2, 3, 4, 5, 6, 7, 8, 9, 10)
2023-11-23 13:06:59,120 [INFO] Finished loading data for subjects [15, 2, 6] and channels (0, 1, 2, 3, 4, 5, 6, 7, 8, 9, 10)
INFO:mylogger:Finished loading data for subjects [15, 2, 6] and channels (0, 1, 2, 3, 4, 5, 6, 7, 8, 9, 10)
2023-11-23 13:06:59,120 [INFO] Loading data for subjects [9, 3, 16] and channels (0, 1, 2, 3, 4, 5, 6, 7, 8, 9, 10)
INFO:mylogger:Loading data for subjects [9, 3, 16] and channels (0, 1, 2, 3, 4, 5, 6, 7, 8, 9, 10)
2023-11-23 13:06:59,146 [INFO] Finished loading data for subjects [9, 3, 16] and channels (0, 1, 2, 3, 4, 5, 6, 7, 8, 9, 10)
INFO:mylogger:Finished loading data for subjects [9, 3, 16] and channels (0, 1, 2, 3, 4, 5, 6, 7, 8, 9, 10)
2023-11-23 13:06:59,147 [INFO] Loading data for subjects [4, 5, 17, 8, 10, 13, 7, 14, 11] and channels (0, 1, 2, 3, 4, 5, 6, 7, 8, 9, 10)
INFO:mylogger:Loading data for subjects [4, 5, 17, 8, 10, 13, 7, 14, 11] and channels (0, 1, 2, 3, 4, 5, 6, 7, 8, 9, 10)
2023-11-23 13:06:59,222 [INFO] Finished loading data for subjects [4, 5, 17, 8, 10, 13, 7, 14, 11] and channels (0, 1, 2, 3, 4, 5, 6, 7, 8, 9, 10)
INFO:mylogger:Finished loading data for subjects [4, 5, 17, 8, 10, 13, 7, 14, 11] and channels (0, 1, 2, 3, 4, 5, 6, 7, 8, 9, 10)
2023-11-23 13:06:59,244 [INFO] Loading data for subjects [15, 2, 6] and channels (0, 1, 2, 3, 4, 5, 6, 7, 8, 9, 10)
INFO:mylogger:Loading data for subjects [15, 2, 6] and channels (0, 1, 2, 3, 4, 5, 6, 7, 8, 9, 10)
2023-11-23 13:06:59,266 [INFO] Finished loading data for subjects [15, 2, 6] and channels (0, 1, 2, 3, 4, 5, 6, 7, 8, 9, 10)
INFO:mylogger:Finished loading data for subjects [15, 2, 6] and channels (0, 1, 2, 3, 4, 5, 6, 7, 8, 9, 10)
2023-11-23 13:06:59,267 [INFO] Loading data for subjects [9, 3, 16] and channels (0, 1, 2, 3, 4, 5, 6, 7, 8, 9, 10)
INFO:mylogger:Loading data for subjects [9, 3, 16] and channels (0, 1, 2, 3, 4, 5, 6, 7, 8, 9, 10)
2023-11-23 13:06:59,288 [INFO] Finished loading data for subjects [9, 3, 16] and channels (0, 1, 2, 3, 4, 5, 6, 7, 8, 9, 10)
INFO:mylogger:Finished loading data for subjects [9, 3, 16] and channels (0, 1, 2, 3, 4, 5, 6, 7, 8, 9, 10)
2023-11-23 13:06:59,289 [INFO] Loading data for subjects [4, 5, 17, 8, 10, 13, 7, 14, 11] and channels (0, 1, 2, 3, 4, 5, 6, 7, 8, 9, 10)
INFO:mylogger:Loading data for subjects [4, 5, 17, 8, 10, 13, 7, 14, 11] and channels (0, 1, 2, 3, 4, 5, 6, 7, 8, 9, 10)
2023-11-23 13:06:59,363 [INFO] Finished loading data for subjects [4, 5, 17, 8, 10, 13, 7, 14, 11] and channels (0, 1, 2, 3, 4, 5, 6, 7, 8, 9, 10)
INFO:mylogger:Finished loading data for subjects [4, 5, 17, 8, 10, 13, 7, 14, 11] and channels (0, 1, 2, 3, 4, 5, 6, 7, 8, 9, 10)
2023-11-23 13:06:59,384 [INFO] Loading data for subjects [15, 2, 6] and channels (0, 1, 2, 3, 4, 5, 6, 7, 8, 9, 10)
INFO:mylogger:Loading data for subjects [15, 2, 6] and channels (0, 1, 2, 3, 4, 5, 6, 7, 8, 9, 10)
2023-11-23 13:06:59,407 [INFO] Finished loading data for subjects [15, 2, 6] and channels (0, 1, 2, 3, 4, 5, 6, 7, 8, 9, 10)
INFO:mylogger:Finished loading data for subjects [15, 2, 6] and channels (0, 1, 2, 3, 4, 5, 6, 7, 8, 9, 10)
2023-11-23 13:06:59,407 [INFO] Loading data for subjects [9, 3, 16] and channels (0, 1, 2, 3, 4, 5, 6, 7, 8, 9, 10)
INFO:mylogger:Loading data for subjects [9, 3, 16] and channels (0, 1, 2, 3, 4, 5, 6, 7, 8, 9, 10)
2023-11-23 13:06:59,429 [INFO] Finished loading data for subjects [9, 3, 16] and channels (0, 1, 2, 3, 4, 5, 6, 7, 8, 9, 10)
INFO:mylogger:Finished loading data for subjects [9, 3, 16] and channels (0, 1, 2, 3, 4, 5, 6, 7, 8, 9, 10)
2023-11-23 13:06:59,430 [INFO] Loading data for subjects [4, 5, 17, 8, 10, 13, 7, 14, 11] and channels (0, 1, 2, 3, 4, 5, 6, 7, 8, 9, 10)
INFO:mylogger:Loading data for subjects [4, 5, 17, 8, 10, 13, 7, 14, 11] and channels (0, 1, 2, 3, 4, 5, 6, 7, 8, 9, 10)
2023-11-23 13:06:59,506 [INFO] Finished loading data for subjects [4, 5, 17, 8, 10, 13, 7, 14, 11] and channels (0, 1, 2, 3, 4, 5, 6, 7, 8, 9, 10)
INFO:mylogger:Finished loading data for subjects [4, 5, 17, 8, 10, 13, 7, 14, 11] and channels (0, 1, 2, 3, 4, 5, 6, 7, 8, 9, 10)
2023-11-23 13:06:59,530 [INFO] Loading data for subjects [15, 2, 6] and channels (0, 1, 2, 3, 4, 5, 6, 7, 8, 9, 10)
INFO:mylogger:Loading data for subjects [15, 2, 6] and channels (0, 1, 2, 3, 4, 5, 6, 7, 8, 9, 10)
2023-11-23 13:06:59,553 [INFO] Finished loading data for subjects [15, 2, 6] and channels (0, 1, 2, 3, 4, 5, 6, 7, 8, 9, 10)
INFO:mylogger:Finished loading data for subjects [15, 2, 6] and channels (0, 1, 2, 3, 4, 5, 6, 7, 8, 9, 10)
2023-11-23 13:06:59,555 [INFO] Loading data for subjects [9, 3, 16] and channels (0, 1, 2, 3, 4, 5, 6, 7, 8, 9, 10)
INFO:mylogger:Loading data for subjects [9, 3, 16] and channels (0, 1, 2, 3, 4, 5, 6, 7, 8, 9, 10)
2023-11-23 13:06:59,578 [INFO] Finished loading data for subjects [9, 3, 16] and channels (0, 1, 2, 3, 4, 5, 6, 7, 8, 9, 10)
INFO:mylogger:Finished loading data for subjects [9, 3, 16] and channels (0, 1, 2, 3, 4, 5, 6, 7, 8, 9, 10)
2023-11-23 13:06:59,578 [INFO] Loading data for subjects [4, 5, 17, 8, 10, 13, 7, 14, 11] and channels (0, 1, 2, 3, 4, 5, 6, 7, 8, 9, 10)
INFO:mylogger:Loading data for subjects [4, 5, 17, 8, 10, 13, 7, 14, 11] and channels (0, 1, 2, 3, 4, 5, 6, 7, 8, 9, 10)
2023-11-23 13:06:59,656 [INFO] Finished loading data for subjects [4, 5, 17, 8, 10, 13, 7, 14, 11] and channels (0, 1, 2, 3, 4, 5, 6, 7, 8, 9, 10)
INFO:mylogger:Finished loading data for subjects [4, 5, 17, 8, 10, 13, 7, 14, 11] and channels (0, 1, 2, 3, 4, 5, 6, 7, 8, 9, 10)
2023-11-23 13:06:59,680 [INFO] Loading data for subjects [15, 2, 6] and channels (0, 1, 2, 3, 4, 5, 6, 7, 8, 9, 10)
INFO:mylogger:Loading data for subjects [15, 2, 6] and channels (0, 1, 2, 3, 4, 5, 6, 7, 8, 9, 10)
2023-11-23 13:06:59,703 [INFO] Finished loading data for subjects [15, 2, 6] and channels (0, 1, 2, 3, 4, 5, 6, 7, 8, 9, 10)
INFO:mylogger:Finished loading data for subjects [15, 2, 6] and channels (0, 1, 2, 3, 4, 5, 6, 7, 8, 9, 10)
2023-11-23 13:06:59,704 [INFO] Loading data for subjects [9, 3, 16] and channels (0, 1, 2, 3, 4, 5, 6, 7, 8, 9, 10)
INFO:mylogger:Loading data for subjects [9, 3, 16] and channels (0, 1, 2, 3, 4, 5, 6, 7, 8, 9, 10)
2023-11-23 13:06:59,726 [INFO] Finished loading data for subjects [9, 3, 16] and channels (0, 1, 2, 3, 4, 5, 6, 7, 8, 9, 10)
INFO:mylogger:Finished loading data for subjects [9, 3, 16] and channels (0, 1, 2, 3, 4, 5, 6, 7, 8, 9, 10)
2023-11-23 13:06:59,727 [INFO] Loading data for subjects [4, 5, 17, 8, 10, 13, 7, 14, 11] and channels (0, 1, 2, 3, 4, 5, 6, 7, 8, 9, 10)
INFO:mylogger:Loading data for subjects [4, 5, 17, 8, 10, 13, 7, 14, 11] and channels (0, 1, 2, 3, 4, 5, 6, 7, 8, 9, 10)
2023-11-23 13:06:59,804 [INFO] Finished loading data for subjects [4, 5, 17, 8, 10, 13, 7, 14, 11] and channels (0, 1, 2, 3, 4, 5, 6, 7, 8, 9, 10)
INFO:mylogger:Finished loading data for subjects [4, 5, 17, 8, 10, 13, 7, 14, 11] and channels (0, 1, 2, 3, 4, 5, 6, 7, 8, 9, 10)
2023-11-23 13:06:59,830 [INFO] Tuning of mcdcnnM, max_evals: 7
INFO:mylogger:Tuning of mcdcnnM, max_evals: 7
2023-11-23 13:06:59,992 [INFO] GPU 0 was taken for mcdcnnM, tune_05.
INFO:mylogger:GPU 0 was taken for mcdcnnM, tune_05.
WARNING:tensorflow:From /projects/bbnp/anxietyE2E/experiment/experiment.py:128: The name tf.global_variables_initializer is deprecated. Please use tf.compat.v1.global_variables_initializer instead.

WARNING:tensorflow:From /projects/bbnp/anxietyE2E/experiment/experiment.py:128: The name tf.global_variables_initializer is deprecated. Please use tf.compat.v1.global_variables_initializer instead.

2023-11-23 13:07:08,622 [INFO] Experiment for WESAD dataset, classifier: mcdcnnM, setup: it_00, iteration: tune_05
INFO:mylogger:Experiment for WESAD dataset, classifier: mcdcnnM, setup: it_00, iteration: tune_05
WARNING:tensorflow:From /u/alkurdi/.conda/envs/TFwesad/lib/python3.8/site-packages/keras/backend/tensorflow_backend.py:66: The name tf.get_default_graph is deprecated. Please use tf.compat.v1.get_default_graph instead.

WARNING:tensorflow:From /u/alkurdi/.conda/envs/TFwesad/lib/python3.8/site-packages/keras/backend/tensorflow_backend.py:66: The name tf.get_default_graph is deprecated. Please use tf.compat.v1.get_default_graph instead.

WARNING:tensorflow:From /u/alkurdi/.conda/envs/TFwesad/lib/python3.8/site-packages/keras/backend/tensorflow_backend.py:541: The name tf.placeholder is deprecated. Please use tf.compat.v1.placeholder instead.

WARNING:tensorflow:From /u/alkurdi/.conda/envs/TFwesad/lib/python3.8/site-packages/keras/backend/tensorflow_backend.py:541: The name tf.placeholder is deprecated. Please use tf.compat.v1.placeholder instead.

WARNING:tensorflow:From /u/alkurdi/.conda/envs/TFwesad/lib/python3.8/site-packages/keras/backend/tensorflow_backend.py:4432: The name tf.random_uniform is deprecated. Please use tf.random.uniform instead.

WARNING:tensorflow:From /u/alkurdi/.conda/envs/TFwesad/lib/python3.8/site-packages/keras/backend/tensorflow_backend.py:4432: The name tf.random_uniform is deprecated. Please use tf.random.uniform instead.

WARNING:tensorflow:From /u/alkurdi/.conda/envs/TFwesad/lib/python3.8/site-packages/keras/backend/tensorflow_backend.py:4267: The name tf.nn.max_pool is deprecated. Please use tf.nn.max_pool2d instead.

WARNING:tensorflow:From /u/alkurdi/.conda/envs/TFwesad/lib/python3.8/site-packages/keras/backend/tensorflow_backend.py:4267: The name tf.nn.max_pool is deprecated. Please use tf.nn.max_pool2d instead.

WARNING:tensorflow:From /u/alkurdi/.conda/envs/TFwesad/lib/python3.8/site-packages/keras/optimizers.py:793: The name tf.train.Optimizer is deprecated. Please use tf.compat.v1.train.Optimizer instead.

WARNING:tensorflow:From /u/alkurdi/.conda/envs/TFwesad/lib/python3.8/site-packages/keras/optimizers.py:793: The name tf.train.Optimizer is deprecated. Please use tf.compat.v1.train.Optimizer instead.

WARNING:tensorflow:From /u/alkurdi/.conda/envs/TFwesad/lib/python3.8/site-packages/keras/backend/tensorflow_backend.py:3576: The name tf.log is deprecated. Please use tf.math.log instead.

WARNING:tensorflow:From /u/alkurdi/.conda/envs/TFwesad/lib/python3.8/site-packages/keras/backend/tensorflow_backend.py:3576: The name tf.log is deprecated. Please use tf.math.log instead.

2023-11-23 13:07:08,988 [INFO] Created model for WESAD dataset, classifier: mcdcnnM, setup: it_00, iteration: tune_05
INFO:mylogger:Created model for WESAD dataset, classifier: mcdcnnM, setup: it_00, iteration: tune_05
2023-11-23 13:07:08,988 [INFO] Fitting model
INFO:mylogger:Fitting model
WARNING:tensorflow:From /u/alkurdi/.conda/envs/TFwesad/lib/python3.8/site-packages/keras/backend/tensorflow_backend.py:1033: The name tf.assign_add is deprecated. Please use tf.compat.v1.assign_add instead.

WARNING:tensorflow:From /u/alkurdi/.conda/envs/TFwesad/lib/python3.8/site-packages/keras/backend/tensorflow_backend.py:1033: The name tf.assign_add is deprecated. Please use tf.compat.v1.assign_add instead.

WARNING:tensorflow:From /u/alkurdi/.conda/envs/TFwesad/lib/python3.8/site-packages/keras/backend/tensorflow_backend.py:1020: The name tf.assign is deprecated. Please use tf.compat.v1.assign instead.

WARNING:tensorflow:From /u/alkurdi/.conda/envs/TFwesad/lib/python3.8/site-packages/keras/backend/tensorflow_backend.py:1020: The name tf.assign is deprecated. Please use tf.compat.v1.assign instead.

WARNING:tensorflow:From /u/alkurdi/.conda/envs/TFwesad/lib/python3.8/site-packages/keras/backend/tensorflow_backend.py:3005: The name tf.Session is deprecated. Please use tf.compat.v1.Session instead.

WARNING:tensorflow:From /u/alkurdi/.conda/envs/TFwesad/lib/python3.8/site-packages/keras/backend/tensorflow_backend.py:3005: The name tf.Session is deprecated. Please use tf.compat.v1.Session instead.

WARNING:tensorflow:From /u/alkurdi/.conda/envs/TFwesad/lib/python3.8/site-packages/keras/backend/tensorflow_backend.py:190: The name tf.get_default_session is deprecated. Please use tf.compat.v1.get_default_session instead.

WARNING:tensorflow:From /u/alkurdi/.conda/envs/TFwesad/lib/python3.8/site-packages/keras/backend/tensorflow_backend.py:190: The name tf.get_default_session is deprecated. Please use tf.compat.v1.get_default_session instead.

WARNING:tensorflow:From /u/alkurdi/.conda/envs/TFwesad/lib/python3.8/site-packages/keras/backend/tensorflow_backend.py:207: The name tf.global_variables is deprecated. Please use tf.compat.v1.global_variables instead.

WARNING:tensorflow:From /u/alkurdi/.conda/envs/TFwesad/lib/python3.8/site-packages/keras/backend/tensorflow_backend.py:207: The name tf.global_variables is deprecated. Please use tf.compat.v1.global_variables instead.

WARNING:tensorflow:From /u/alkurdi/.conda/envs/TFwesad/lib/python3.8/site-packages/keras/backend/tensorflow_backend.py:216: The name tf.is_variable_initialized is deprecated. Please use tf.compat.v1.is_variable_initialized instead.

WARNING:tensorflow:From /u/alkurdi/.conda/envs/TFwesad/lib/python3.8/site-packages/keras/backend/tensorflow_backend.py:216: The name tf.is_variable_initialized is deprecated. Please use tf.compat.v1.is_variable_initialized instead.

WARNING:tensorflow:From /u/alkurdi/.conda/envs/TFwesad/lib/python3.8/site-packages/keras/backend/tensorflow_backend.py:223: The name tf.variables_initializer is deprecated. Please use tf.compat.v1.variables_initializer instead.

WARNING:tensorflow:From /u/alkurdi/.conda/envs/TFwesad/lib/python3.8/site-packages/keras/backend/tensorflow_backend.py:223: The name tf.variables_initializer is deprecated. Please use tf.compat.v1.variables_initializer instead.

2023-11-23 13:07:42,601 [INFO] Loading weights and predicting
INFO:mylogger:Loading weights and predicting
2023-11-23 13:07:44,544 [INFO] Fitted model for WESAD dataset, classifier: mcdcnnM, setup: it_00, iteration: tune_05
INFO:mylogger:Fitted model for WESAD dataset, classifier: mcdcnnM, setup: it_00, iteration: tune_05
2023-11-23 13:07:44,545 [INFO] Finished experiment for WESAD dataset, classifier: mcdcnnM, setup: it_00, iteration: tune_05
INFO:mylogger:Finished experiment for WESAD dataset, classifier: mcdcnnM, setup: it_00, iteration: tune_05
2023-11-23 13:07:44,973 [INFO] Experiment for WESAD dataset, classifier: mcdcnnM, setup: it_01, iteration: tune_05
INFO:mylogger:Experiment for WESAD dataset, classifier: mcdcnnM, setup: it_01, iteration: tune_05
2023-11-23 13:07:44,975 [INFO] Created model for WESAD dataset, classifier: mcdcnnM, setup: it_01, iteration: tune_05
INFO:mylogger:Created model for WESAD dataset, classifier: mcdcnnM, setup: it_01, iteration: tune_05
2023-11-23 13:07:44,975 [INFO] Fitting model
INFO:mylogger:Fitting model
2023-11-23 13:07:53,701 [INFO] Loading weights and predicting
INFO:mylogger:Loading weights and predicting
/u/alkurdi/.conda/envs/TFwesad/lib/python3.8/site-packages/sklearn/metrics/_classification.py:1334: UndefinedMetricWarning: Precision is ill-defined and being set to 0.0 in labels with no predicted samples. Use `zero_division` parameter to control this behavior.
  _warn_prf(average, modifier, msg_start, len(result))

2023-11-23 13:07:54,006 [INFO] Fitted model for WESAD dataset, classifier: mcdcnnM, setup: it_01, iteration: tune_05
INFO:mylogger:Fitted model for WESAD dataset, classifier: mcdcnnM, setup: it_01, iteration: tune_05
2023-11-23 13:07:54,007 [INFO] Finished experiment for WESAD dataset, classifier: mcdcnnM, setup: it_01, iteration: tune_05
INFO:mylogger:Finished experiment for WESAD dataset, classifier: mcdcnnM, setup: it_01, iteration: tune_05
2023-11-23 13:07:54,464 [INFO] Experiment for WESAD dataset, classifier: mcdcnnM, setup: it_02, iteration: tune_05
INFO:mylogger:Experiment for WESAD dataset, classifier: mcdcnnM, setup: it_02, iteration: tune_05
2023-11-23 13:07:54,466 [INFO] Created model for WESAD dataset, classifier: mcdcnnM, setup: it_02, iteration: tune_05
INFO:mylogger:Created model for WESAD dataset, classifier: mcdcnnM, setup: it_02, iteration: tune_05
2023-11-23 13:07:54,466 [INFO] Fitting model
INFO:mylogger:Fitting model
2023-11-23 13:08:00,283 [INFO] Loading weights and predicting
INFO:mylogger:Loading weights and predicting
/u/alkurdi/.conda/envs/TFwesad/lib/python3.8/site-packages/sklearn/metrics/_classification.py:1334: UndefinedMetricWarning: Precision is ill-defined and being set to 0.0 in labels with no predicted samples. Use `zero_division` parameter to control this behavior.
  _warn_prf(average, modifier, msg_start, len(result))

2023-11-23 13:08:00,686 [INFO] Fitted model for WESAD dataset, classifier: mcdcnnM, setup: it_02, iteration: tune_05
INFO:mylogger:Fitted model for WESAD dataset, classifier: mcdcnnM, setup: it_02, iteration: tune_05
2023-11-23 13:08:00,687 [INFO] Finished experiment for WESAD dataset, classifier: mcdcnnM, setup: it_02, iteration: tune_05
INFO:mylogger:Finished experiment for WESAD dataset, classifier: mcdcnnM, setup: it_02, iteration: tune_05
2023-11-23 13:08:01,130 [INFO] Experiment for WESAD dataset, classifier: mcdcnnM, setup: it_03, iteration: tune_05
INFO:mylogger:Experiment for WESAD dataset, classifier: mcdcnnM, setup: it_03, iteration: tune_05
2023-11-23 13:08:01,131 [INFO] Created model for WESAD dataset, classifier: mcdcnnM, setup: it_03, iteration: tune_05
INFO:mylogger:Created model for WESAD dataset, classifier: mcdcnnM, setup: it_03, iteration: tune_05
2023-11-23 13:08:01,131 [INFO] Fitting model
INFO:mylogger:Fitting model
2023-11-23 13:08:10,090 [INFO] Loading weights and predicting
INFO:mylogger:Loading weights and predicting
/u/alkurdi/.conda/envs/TFwesad/lib/python3.8/site-packages/sklearn/metrics/_classification.py:1334: UndefinedMetricWarning: Precision is ill-defined and being set to 0.0 in labels with no predicted samples. Use `zero_division` parameter to control this behavior.
  _warn_prf(average, modifier, msg_start, len(result))

2023-11-23 13:08:10,359 [INFO] Fitted model for WESAD dataset, classifier: mcdcnnM, setup: it_03, iteration: tune_05
INFO:mylogger:Fitted model for WESAD dataset, classifier: mcdcnnM, setup: it_03, iteration: tune_05
2023-11-23 13:08:10,360 [INFO] Finished experiment for WESAD dataset, classifier: mcdcnnM, setup: it_03, iteration: tune_05
INFO:mylogger:Finished experiment for WESAD dataset, classifier: mcdcnnM, setup: it_03, iteration: tune_05
2023-11-23 13:08:10,806 [INFO] Experiment for WESAD dataset, classifier: mcdcnnM, setup: it_04, iteration: tune_05
INFO:mylogger:Experiment for WESAD dataset, classifier: mcdcnnM, setup: it_04, iteration: tune_05
2023-11-23 13:08:10,808 [INFO] Created model for WESAD dataset, classifier: mcdcnnM, setup: it_04, iteration: tune_05
INFO:mylogger:Created model for WESAD dataset, classifier: mcdcnnM, setup: it_04, iteration: tune_05
2023-11-23 13:08:10,808 [INFO] Fitting model
INFO:mylogger:Fitting model
2023-11-23 13:08:20,087 [INFO] Loading weights and predicting
INFO:mylogger:Loading weights and predicting
/u/alkurdi/.conda/envs/TFwesad/lib/python3.8/site-packages/sklearn/metrics/_classification.py:1334: UndefinedMetricWarning: Precision is ill-defined and being set to 0.0 in labels with no predicted samples. Use `zero_division` parameter to control this behavior.
  _warn_prf(average, modifier, msg_start, len(result))

2023-11-23 13:08:20,376 [INFO] Fitted model for WESAD dataset, classifier: mcdcnnM, setup: it_04, iteration: tune_05
INFO:mylogger:Fitted model for WESAD dataset, classifier: mcdcnnM, setup: it_04, iteration: tune_05
2023-11-23 13:08:20,377 [INFO] Finished experiment for WESAD dataset, classifier: mcdcnnM, setup: it_04, iteration: tune_05
INFO:mylogger:Finished experiment for WESAD dataset, classifier: mcdcnnM, setup: it_04, iteration: tune_05
2023-11-23 13:08:20,378 [INFO] GPU 0 was released by mcdcnnM, tune_05.
INFO:mylogger:GPU 0 was released by mcdcnnM, tune_05.
2023-11-23 13:08:20,467 [INFO] GPU 0 was taken for mcdcnnM, tune_06.
INFO:mylogger:GPU 0 was taken for mcdcnnM, tune_06.
2023-11-23 13:08:20,482 [INFO] Experiment for WESAD dataset, classifier: mcdcnnM, setup: it_00, iteration: tune_06
INFO:mylogger:Experiment for WESAD dataset, classifier: mcdcnnM, setup: it_00, iteration: tune_06
2023-11-23 13:08:20,742 [INFO] Created model for WESAD dataset, classifier: mcdcnnM, setup: it_00, iteration: tune_06
INFO:mylogger:Created model for WESAD dataset, classifier: mcdcnnM, setup: it_00, iteration: tune_06
2023-11-23 13:08:20,742 [INFO] Fitting model
INFO:mylogger:Fitting model
2023-11-23 13:08:30,108 [INFO] Loading weights and predicting
INFO:mylogger:Loading weights and predicting
/u/alkurdi/.conda/envs/TFwesad/lib/python3.8/site-packages/sklearn/metrics/_classification.py:1334: UndefinedMetricWarning: Precision is ill-defined and being set to 0.0 in labels with no predicted samples. Use `zero_division` parameter to control this behavior.
  _warn_prf(average, modifier, msg_start, len(result))

2023-11-23 13:08:30,933 [INFO] Fitted model for WESAD dataset, classifier: mcdcnnM, setup: it_00, iteration: tune_06
INFO:mylogger:Fitted model for WESAD dataset, classifier: mcdcnnM, setup: it_00, iteration: tune_06
2023-11-23 13:08:30,934 [INFO] Finished experiment for WESAD dataset, classifier: mcdcnnM, setup: it_00, iteration: tune_06
INFO:mylogger:Finished experiment for WESAD dataset, classifier: mcdcnnM, setup: it_00, iteration: tune_06
2023-11-23 13:08:31,281 [INFO] Experiment for WESAD dataset, classifier: mcdcnnM, setup: it_01, iteration: tune_06
INFO:mylogger:Experiment for WESAD dataset, classifier: mcdcnnM, setup: it_01, iteration: tune_06
2023-11-23 13:08:31,283 [INFO] Created model for WESAD dataset, classifier: mcdcnnM, setup: it_01, iteration: tune_06
INFO:mylogger:Created model for WESAD dataset, classifier: mcdcnnM, setup: it_01, iteration: tune_06
2023-11-23 13:08:31,283 [INFO] Fitting model
INFO:mylogger:Fitting model
2023-11-23 13:08:35,748 [INFO] Loading weights and predicting
INFO:mylogger:Loading weights and predicting
/u/alkurdi/.conda/envs/TFwesad/lib/python3.8/site-packages/sklearn/metrics/_classification.py:1334: UndefinedMetricWarning: Precision is ill-defined and being set to 0.0 in labels with no predicted samples. Use `zero_division` parameter to control this behavior.
  _warn_prf(average, modifier, msg_start, len(result))

2023-11-23 13:08:36,214 [INFO] Fitted model for WESAD dataset, classifier: mcdcnnM, setup: it_01, iteration: tune_06
INFO:mylogger:Fitted model for WESAD dataset, classifier: mcdcnnM, setup: it_01, iteration: tune_06
2023-11-23 13:08:36,215 [INFO] Finished experiment for WESAD dataset, classifier: mcdcnnM, setup: it_01, iteration: tune_06
INFO:mylogger:Finished experiment for WESAD dataset, classifier: mcdcnnM, setup: it_01, iteration: tune_06
2023-11-23 13:08:36,580 [INFO] Experiment for WESAD dataset, classifier: mcdcnnM, setup: it_02, iteration: tune_06
INFO:mylogger:Experiment for WESAD dataset, classifier: mcdcnnM, setup: it_02, iteration: tune_06
2023-11-23 13:08:36,581 [INFO] Created model for WESAD dataset, classifier: mcdcnnM, setup: it_02, iteration: tune_06
INFO:mylogger:Created model for WESAD dataset, classifier: mcdcnnM, setup: it_02, iteration: tune_06
2023-11-23 13:08:36,582 [INFO] Fitting model
INFO:mylogger:Fitting model
2023-11-23 13:08:41,093 [INFO] Loading weights and predicting
INFO:mylogger:Loading weights and predicting
/u/alkurdi/.conda/envs/TFwesad/lib/python3.8/site-packages/sklearn/metrics/_classification.py:1334: UndefinedMetricWarning: Precision is ill-defined and being set to 0.0 in labels with no predicted samples. Use `zero_division` parameter to control this behavior.
  _warn_prf(average, modifier, msg_start, len(result))

2023-11-23 13:08:41,351 [INFO] Fitted model for WESAD dataset, classifier: mcdcnnM, setup: it_02, iteration: tune_06
INFO:mylogger:Fitted model for WESAD dataset, classifier: mcdcnnM, setup: it_02, iteration: tune_06
2023-11-23 13:08:41,351 [INFO] Finished experiment for WESAD dataset, classifier: mcdcnnM, setup: it_02, iteration: tune_06
INFO:mylogger:Finished experiment for WESAD dataset, classifier: mcdcnnM, setup: it_02, iteration: tune_06
2023-11-23 13:08:41,710 [INFO] Experiment for WESAD dataset, classifier: mcdcnnM, setup: it_03, iteration: tune_06
INFO:mylogger:Experiment for WESAD dataset, classifier: mcdcnnM, setup: it_03, iteration: tune_06
2023-11-23 13:08:41,711 [INFO] Created model for WESAD dataset, classifier: mcdcnnM, setup: it_03, iteration: tune_06
INFO:mylogger:Created model for WESAD dataset, classifier: mcdcnnM, setup: it_03, iteration: tune_06
2023-11-23 13:08:41,711 [INFO] Fitting model
INFO:mylogger:Fitting model
2023-11-23 13:08:46,206 [INFO] Loading weights and predicting
INFO:mylogger:Loading weights and predicting
/u/alkurdi/.conda/envs/TFwesad/lib/python3.8/site-packages/sklearn/metrics/_classification.py:1334: UndefinedMetricWarning: Precision is ill-defined and being set to 0.0 in labels with no predicted samples. Use `zero_division` parameter to control this behavior.
  _warn_prf(average, modifier, msg_start, len(result))

2023-11-23 13:08:46,469 [INFO] Fitted model for WESAD dataset, classifier: mcdcnnM, setup: it_03, iteration: tune_06
INFO:mylogger:Fitted model for WESAD dataset, classifier: mcdcnnM, setup: it_03, iteration: tune_06
2023-11-23 13:08:46,470 [INFO] Finished experiment for WESAD dataset, classifier: mcdcnnM, setup: it_03, iteration: tune_06
INFO:mylogger:Finished experiment for WESAD dataset, classifier: mcdcnnM, setup: it_03, iteration: tune_06
2023-11-23 13:08:46,830 [INFO] Experiment for WESAD dataset, classifier: mcdcnnM, setup: it_04, iteration: tune_06
INFO:mylogger:Experiment for WESAD dataset, classifier: mcdcnnM, setup: it_04, iteration: tune_06
2023-11-23 13:08:46,831 [INFO] Created model for WESAD dataset, classifier: mcdcnnM, setup: it_04, iteration: tune_06
INFO:mylogger:Created model for WESAD dataset, classifier: mcdcnnM, setup: it_04, iteration: tune_06
2023-11-23 13:08:46,831 [INFO] Fitting model
INFO:mylogger:Fitting model
2023-11-23 13:08:51,527 [INFO] Loading weights and predicting
INFO:mylogger:Loading weights and predicting
/u/alkurdi/.conda/envs/TFwesad/lib/python3.8/site-packages/sklearn/metrics/_classification.py:1334: UndefinedMetricWarning: Precision is ill-defined and being set to 0.0 in labels with no predicted samples. Use `zero_division` parameter to control this behavior.
  _warn_prf(average, modifier, msg_start, len(result))

2023-11-23 13:08:51,796 [INFO] Fitted model for WESAD dataset, classifier: mcdcnnM, setup: it_04, iteration: tune_06
INFO:mylogger:Fitted model for WESAD dataset, classifier: mcdcnnM, setup: it_04, iteration: tune_06
2023-11-23 13:08:51,796 [INFO] Finished experiment for WESAD dataset, classifier: mcdcnnM, setup: it_04, iteration: tune_06
INFO:mylogger:Finished experiment for WESAD dataset, classifier: mcdcnnM, setup: it_04, iteration: tune_06
2023-11-23 13:08:51,797 [INFO] GPU 0 was released by mcdcnnM, tune_06.
INFO:mylogger:GPU 0 was released by mcdcnnM, tune_06.
 
 ******************************
 ******* i_fold=04 *******
 ******************************
 
Thu Nov 23 13:08:56 CST 2023
WARNING:tensorflow:Deprecation warnings have been disabled. Set TF_ENABLE_DEPRECATION_WARNINGS=1 to re-enable them.
WARNING:root:Limited tf.compat.v2.summary API due to missing TensorBoard installation.
Using TensorFlow backend.
2023-11-23 13:09:00,851 [INFO] Loading data for subjects [17, 10, 11] and channels (0, 1, 2, 3, 4, 5, 6, 7, 8, 9, 10)
INFO:mylogger:Loading data for subjects [17, 10, 11] and channels (0, 1, 2, 3, 4, 5, 6, 7, 8, 9, 10)
2023-11-23 13:09:00,881 [INFO] Finished loading data for subjects [17, 10, 11] and channels (0, 1, 2, 3, 4, 5, 6, 7, 8, 9, 10)
INFO:mylogger:Finished loading data for subjects [17, 10, 11] and channels (0, 1, 2, 3, 4, 5, 6, 7, 8, 9, 10)
2023-11-23 13:09:00,882 [INFO] Loading data for subjects [9, 16, 5] and channels (0, 1, 2, 3, 4, 5, 6, 7, 8, 9, 10)
INFO:mylogger:Loading data for subjects [9, 16, 5] and channels (0, 1, 2, 3, 4, 5, 6, 7, 8, 9, 10)
2023-11-23 13:09:00,911 [INFO] Finished loading data for subjects [9, 16, 5] and channels (0, 1, 2, 3, 4, 5, 6, 7, 8, 9, 10)
INFO:mylogger:Finished loading data for subjects [9, 16, 5] and channels (0, 1, 2, 3, 4, 5, 6, 7, 8, 9, 10)
2023-11-23 13:09:00,912 [INFO] Loading data for subjects [4, 15, 3, 8, 2, 13, 7, 14, 6] and channels (0, 1, 2, 3, 4, 5, 6, 7, 8, 9, 10)
INFO:mylogger:Loading data for subjects [4, 15, 3, 8, 2, 13, 7, 14, 6] and channels (0, 1, 2, 3, 4, 5, 6, 7, 8, 9, 10)
2023-11-23 13:09:00,995 [INFO] Finished loading data for subjects [4, 15, 3, 8, 2, 13, 7, 14, 6] and channels (0, 1, 2, 3, 4, 5, 6, 7, 8, 9, 10)
INFO:mylogger:Finished loading data for subjects [4, 15, 3, 8, 2, 13, 7, 14, 6] and channels (0, 1, 2, 3, 4, 5, 6, 7, 8, 9, 10)
2023-11-23 13:09:01,019 [INFO] Loading data for subjects [17, 10, 11] and channels (0, 1, 2, 3, 4, 5, 6, 7, 8, 9, 10)
INFO:mylogger:Loading data for subjects [17, 10, 11] and channels (0, 1, 2, 3, 4, 5, 6, 7, 8, 9, 10)
2023-11-23 13:09:01,045 [INFO] Finished loading data for subjects [17, 10, 11] and channels (0, 1, 2, 3, 4, 5, 6, 7, 8, 9, 10)
INFO:mylogger:Finished loading data for subjects [17, 10, 11] and channels (0, 1, 2, 3, 4, 5, 6, 7, 8, 9, 10)
2023-11-23 13:09:01,046 [INFO] Loading data for subjects [9, 16, 5] and channels (0, 1, 2, 3, 4, 5, 6, 7, 8, 9, 10)
INFO:mylogger:Loading data for subjects [9, 16, 5] and channels (0, 1, 2, 3, 4, 5, 6, 7, 8, 9, 10)
2023-11-23 13:09:01,069 [INFO] Finished loading data for subjects [9, 16, 5] and channels (0, 1, 2, 3, 4, 5, 6, 7, 8, 9, 10)
INFO:mylogger:Finished loading data for subjects [9, 16, 5] and channels (0, 1, 2, 3, 4, 5, 6, 7, 8, 9, 10)
2023-11-23 13:09:01,070 [INFO] Loading data for subjects [4, 15, 3, 8, 2, 13, 7, 14, 6] and channels (0, 1, 2, 3, 4, 5, 6, 7, 8, 9, 10)
INFO:mylogger:Loading data for subjects [4, 15, 3, 8, 2, 13, 7, 14, 6] and channels (0, 1, 2, 3, 4, 5, 6, 7, 8, 9, 10)
2023-11-23 13:09:01,147 [INFO] Finished loading data for subjects [4, 15, 3, 8, 2, 13, 7, 14, 6] and channels (0, 1, 2, 3, 4, 5, 6, 7, 8, 9, 10)
INFO:mylogger:Finished loading data for subjects [4, 15, 3, 8, 2, 13, 7, 14, 6] and channels (0, 1, 2, 3, 4, 5, 6, 7, 8, 9, 10)
2023-11-23 13:09:01,171 [INFO] Loading data for subjects [17, 10, 11] and channels (0, 1, 2, 3, 4, 5, 6, 7, 8, 9, 10)
INFO:mylogger:Loading data for subjects [17, 10, 11] and channels (0, 1, 2, 3, 4, 5, 6, 7, 8, 9, 10)
2023-11-23 13:09:01,197 [INFO] Finished loading data for subjects [17, 10, 11] and channels (0, 1, 2, 3, 4, 5, 6, 7, 8, 9, 10)
INFO:mylogger:Finished loading data for subjects [17, 10, 11] and channels (0, 1, 2, 3, 4, 5, 6, 7, 8, 9, 10)
2023-11-23 13:09:01,198 [INFO] Loading data for subjects [9, 16, 5] and channels (0, 1, 2, 3, 4, 5, 6, 7, 8, 9, 10)
INFO:mylogger:Loading data for subjects [9, 16, 5] and channels (0, 1, 2, 3, 4, 5, 6, 7, 8, 9, 10)
2023-11-23 13:09:01,221 [INFO] Finished loading data for subjects [9, 16, 5] and channels (0, 1, 2, 3, 4, 5, 6, 7, 8, 9, 10)
INFO:mylogger:Finished loading data for subjects [9, 16, 5] and channels (0, 1, 2, 3, 4, 5, 6, 7, 8, 9, 10)
2023-11-23 13:09:01,222 [INFO] Loading data for subjects [4, 15, 3, 8, 2, 13, 7, 14, 6] and channels (0, 1, 2, 3, 4, 5, 6, 7, 8, 9, 10)
INFO:mylogger:Loading data for subjects [4, 15, 3, 8, 2, 13, 7, 14, 6] and channels (0, 1, 2, 3, 4, 5, 6, 7, 8, 9, 10)
2023-11-23 13:09:01,297 [INFO] Finished loading data for subjects [4, 15, 3, 8, 2, 13, 7, 14, 6] and channels (0, 1, 2, 3, 4, 5, 6, 7, 8, 9, 10)
INFO:mylogger:Finished loading data for subjects [4, 15, 3, 8, 2, 13, 7, 14, 6] and channels (0, 1, 2, 3, 4, 5, 6, 7, 8, 9, 10)
2023-11-23 13:09:01,321 [INFO] Loading data for subjects [17, 10, 11] and channels (0, 1, 2, 3, 4, 5, 6, 7, 8, 9, 10)
INFO:mylogger:Loading data for subjects [17, 10, 11] and channels (0, 1, 2, 3, 4, 5, 6, 7, 8, 9, 10)
2023-11-23 13:09:01,346 [INFO] Finished loading data for subjects [17, 10, 11] and channels (0, 1, 2, 3, 4, 5, 6, 7, 8, 9, 10)
INFO:mylogger:Finished loading data for subjects [17, 10, 11] and channels (0, 1, 2, 3, 4, 5, 6, 7, 8, 9, 10)
2023-11-23 13:09:01,348 [INFO] Loading data for subjects [9, 16, 5] and channels (0, 1, 2, 3, 4, 5, 6, 7, 8, 9, 10)
INFO:mylogger:Loading data for subjects [9, 16, 5] and channels (0, 1, 2, 3, 4, 5, 6, 7, 8, 9, 10)
2023-11-23 13:09:01,372 [INFO] Finished loading data for subjects [9, 16, 5] and channels (0, 1, 2, 3, 4, 5, 6, 7, 8, 9, 10)
INFO:mylogger:Finished loading data for subjects [9, 16, 5] and channels (0, 1, 2, 3, 4, 5, 6, 7, 8, 9, 10)
2023-11-23 13:09:01,373 [INFO] Loading data for subjects [4, 15, 3, 8, 2, 13, 7, 14, 6] and channels (0, 1, 2, 3, 4, 5, 6, 7, 8, 9, 10)
INFO:mylogger:Loading data for subjects [4, 15, 3, 8, 2, 13, 7, 14, 6] and channels (0, 1, 2, 3, 4, 5, 6, 7, 8, 9, 10)
2023-11-23 13:09:01,445 [INFO] Finished loading data for subjects [4, 15, 3, 8, 2, 13, 7, 14, 6] and channels (0, 1, 2, 3, 4, 5, 6, 7, 8, 9, 10)
INFO:mylogger:Finished loading data for subjects [4, 15, 3, 8, 2, 13, 7, 14, 6] and channels (0, 1, 2, 3, 4, 5, 6, 7, 8, 9, 10)
2023-11-23 13:09:01,470 [INFO] Loading data for subjects [17, 10, 11] and channels (0, 1, 2, 3, 4, 5, 6, 7, 8, 9, 10)
INFO:mylogger:Loading data for subjects [17, 10, 11] and channels (0, 1, 2, 3, 4, 5, 6, 7, 8, 9, 10)
2023-11-23 13:09:01,495 [INFO] Finished loading data for subjects [17, 10, 11] and channels (0, 1, 2, 3, 4, 5, 6, 7, 8, 9, 10)
INFO:mylogger:Finished loading data for subjects [17, 10, 11] and channels (0, 1, 2, 3, 4, 5, 6, 7, 8, 9, 10)
2023-11-23 13:09:01,496 [INFO] Loading data for subjects [9, 16, 5] and channels (0, 1, 2, 3, 4, 5, 6, 7, 8, 9, 10)
INFO:mylogger:Loading data for subjects [9, 16, 5] and channels (0, 1, 2, 3, 4, 5, 6, 7, 8, 9, 10)
2023-11-23 13:09:01,519 [INFO] Finished loading data for subjects [9, 16, 5] and channels (0, 1, 2, 3, 4, 5, 6, 7, 8, 9, 10)
INFO:mylogger:Finished loading data for subjects [9, 16, 5] and channels (0, 1, 2, 3, 4, 5, 6, 7, 8, 9, 10)
2023-11-23 13:09:01,520 [INFO] Loading data for subjects [4, 15, 3, 8, 2, 13, 7, 14, 6] and channels (0, 1, 2, 3, 4, 5, 6, 7, 8, 9, 10)
INFO:mylogger:Loading data for subjects [4, 15, 3, 8, 2, 13, 7, 14, 6] and channels (0, 1, 2, 3, 4, 5, 6, 7, 8, 9, 10)
2023-11-23 13:09:01,591 [INFO] Finished loading data for subjects [4, 15, 3, 8, 2, 13, 7, 14, 6] and channels (0, 1, 2, 3, 4, 5, 6, 7, 8, 9, 10)
INFO:mylogger:Finished loading data for subjects [4, 15, 3, 8, 2, 13, 7, 14, 6] and channels (0, 1, 2, 3, 4, 5, 6, 7, 8, 9, 10)
2023-11-23 13:09:01,616 [INFO] Tuning of mcdcnnM, max_evals: 7
INFO:mylogger:Tuning of mcdcnnM, max_evals: 7
2023-11-23 13:09:01,619 [INFO] Tuning of mcdcnnM (max_evals: 7) is being performed by another process
INFO:mylogger:Tuning of mcdcnnM (max_evals: 7) is being performed by another process
Done
Thu Nov 23 13:09:02 CST 2023
