
Currently Loaded Modules:
  1) cue-login-env/1.0   7) default           13) libxcrypt/4.4.35
  2) gcc/11.2.0          8) libmd/1.0.4       14) zlib-ng/2.1.3
  3) ucx/1.11.2          9) libbsd/0.11.7     15) openssl/3.1.3
  4) openmpi/4.1.2      10) expat/2.5.0       16) util-linux-uuid/2.38.1
  5) cuda/11.6.1        11) gettext/0.19.8.1  17) xz/5.2.4
  6) modtree/gpu        12) libffi/3.4.4      18) python/3.11.6

 

job is starting on gpub085.delta.ncsa.illinois.edu
dataset=wesad
clas=resnetM
max_eval=8
i_fold=00
CUDA_VISIBLE_DEVICES=0
 
 ******************************
 ******* i_fold=00 *******
 ******************************
 
Thu Nov 23 20:32:48 CST 2023
WARNING:tensorflow:Deprecation warnings have been disabled. Set TF_ENABLE_DEPRECATION_WARNINGS=1 to re-enable them.
WARNING:root:Limited tf.compat.v2.summary API due to missing TensorBoard installation.
Using TensorFlow backend.
2023-11-23 20:32:53,103 [INFO] Loading data for subjects [4, 3, 13] and channels (0, 1, 2, 3, 4, 5, 6, 7, 8, 9, 10)
INFO:mylogger:Loading data for subjects [4, 3, 13] and channels (0, 1, 2, 3, 4, 5, 6, 7, 8, 9, 10)
2023-11-23 20:32:53,128 [INFO] Finished loading data for subjects [4, 3, 13] and channels (0, 1, 2, 3, 4, 5, 6, 7, 8, 9, 10)
INFO:mylogger:Finished loading data for subjects [4, 3, 13] and channels (0, 1, 2, 3, 4, 5, 6, 7, 8, 9, 10)
2023-11-23 20:32:53,128 [INFO] Loading data for subjects [10, 17, 2] and channels (0, 1, 2, 3, 4, 5, 6, 7, 8, 9, 10)
INFO:mylogger:Loading data for subjects [10, 17, 2] and channels (0, 1, 2, 3, 4, 5, 6, 7, 8, 9, 10)
2023-11-23 20:32:53,152 [INFO] Finished loading data for subjects [10, 17, 2] and channels (0, 1, 2, 3, 4, 5, 6, 7, 8, 9, 10)
INFO:mylogger:Finished loading data for subjects [10, 17, 2] and channels (0, 1, 2, 3, 4, 5, 6, 7, 8, 9, 10)
2023-11-23 20:32:53,152 [INFO] Loading data for subjects [5, 16, 15, 8, 9, 7, 14, 6, 11] and channels (0, 1, 2, 3, 4, 5, 6, 7, 8, 9, 10)
INFO:mylogger:Loading data for subjects [5, 16, 15, 8, 9, 7, 14, 6, 11] and channels (0, 1, 2, 3, 4, 5, 6, 7, 8, 9, 10)
2023-11-23 20:32:53,221 [INFO] Finished loading data for subjects [5, 16, 15, 8, 9, 7, 14, 6, 11] and channels (0, 1, 2, 3, 4, 5, 6, 7, 8, 9, 10)
INFO:mylogger:Finished loading data for subjects [5, 16, 15, 8, 9, 7, 14, 6, 11] and channels (0, 1, 2, 3, 4, 5, 6, 7, 8, 9, 10)
2023-11-23 20:32:53,242 [INFO] Loading data for subjects [4, 3, 13] and channels (0, 1, 2, 3, 4, 5, 6, 7, 8, 9, 10)
INFO:mylogger:Loading data for subjects [4, 3, 13] and channels (0, 1, 2, 3, 4, 5, 6, 7, 8, 9, 10)
2023-11-23 20:32:53,262 [INFO] Finished loading data for subjects [4, 3, 13] and channels (0, 1, 2, 3, 4, 5, 6, 7, 8, 9, 10)
INFO:mylogger:Finished loading data for subjects [4, 3, 13] and channels (0, 1, 2, 3, 4, 5, 6, 7, 8, 9, 10)
2023-11-23 20:32:53,262 [INFO] Loading data for subjects [10, 17, 2] and channels (0, 1, 2, 3, 4, 5, 6, 7, 8, 9, 10)
INFO:mylogger:Loading data for subjects [10, 17, 2] and channels (0, 1, 2, 3, 4, 5, 6, 7, 8, 9, 10)
2023-11-23 20:32:53,282 [INFO] Finished loading data for subjects [10, 17, 2] and channels (0, 1, 2, 3, 4, 5, 6, 7, 8, 9, 10)
INFO:mylogger:Finished loading data for subjects [10, 17, 2] and channels (0, 1, 2, 3, 4, 5, 6, 7, 8, 9, 10)
2023-11-23 20:32:53,282 [INFO] Loading data for subjects [5, 16, 15, 8, 9, 7, 14, 6, 11] and channels (0, 1, 2, 3, 4, 5, 6, 7, 8, 9, 10)
INFO:mylogger:Loading data for subjects [5, 16, 15, 8, 9, 7, 14, 6, 11] and channels (0, 1, 2, 3, 4, 5, 6, 7, 8, 9, 10)
2023-11-23 20:32:53,348 [INFO] Finished loading data for subjects [5, 16, 15, 8, 9, 7, 14, 6, 11] and channels (0, 1, 2, 3, 4, 5, 6, 7, 8, 9, 10)
INFO:mylogger:Finished loading data for subjects [5, 16, 15, 8, 9, 7, 14, 6, 11] and channels (0, 1, 2, 3, 4, 5, 6, 7, 8, 9, 10)
2023-11-23 20:32:53,368 [INFO] Loading data for subjects [4, 3, 13] and channels (0, 1, 2, 3, 4, 5, 6, 7, 8, 9, 10)
INFO:mylogger:Loading data for subjects [4, 3, 13] and channels (0, 1, 2, 3, 4, 5, 6, 7, 8, 9, 10)
2023-11-23 20:32:53,388 [INFO] Finished loading data for subjects [4, 3, 13] and channels (0, 1, 2, 3, 4, 5, 6, 7, 8, 9, 10)
INFO:mylogger:Finished loading data for subjects [4, 3, 13] and channels (0, 1, 2, 3, 4, 5, 6, 7, 8, 9, 10)
2023-11-23 20:32:53,389 [INFO] Loading data for subjects [10, 17, 2] and channels (0, 1, 2, 3, 4, 5, 6, 7, 8, 9, 10)
INFO:mylogger:Loading data for subjects [10, 17, 2] and channels (0, 1, 2, 3, 4, 5, 6, 7, 8, 9, 10)
2023-11-23 20:32:53,409 [INFO] Finished loading data for subjects [10, 17, 2] and channels (0, 1, 2, 3, 4, 5, 6, 7, 8, 9, 10)
INFO:mylogger:Finished loading data for subjects [10, 17, 2] and channels (0, 1, 2, 3, 4, 5, 6, 7, 8, 9, 10)
2023-11-23 20:32:53,409 [INFO] Loading data for subjects [5, 16, 15, 8, 9, 7, 14, 6, 11] and channels (0, 1, 2, 3, 4, 5, 6, 7, 8, 9, 10)
INFO:mylogger:Loading data for subjects [5, 16, 15, 8, 9, 7, 14, 6, 11] and channels (0, 1, 2, 3, 4, 5, 6, 7, 8, 9, 10)
2023-11-23 20:32:53,476 [INFO] Finished loading data for subjects [5, 16, 15, 8, 9, 7, 14, 6, 11] and channels (0, 1, 2, 3, 4, 5, 6, 7, 8, 9, 10)
INFO:mylogger:Finished loading data for subjects [5, 16, 15, 8, 9, 7, 14, 6, 11] and channels (0, 1, 2, 3, 4, 5, 6, 7, 8, 9, 10)
2023-11-23 20:32:53,497 [INFO] Loading data for subjects [4, 3, 13] and channels (0, 1, 2, 3, 4, 5, 6, 7, 8, 9, 10)
INFO:mylogger:Loading data for subjects [4, 3, 13] and channels (0, 1, 2, 3, 4, 5, 6, 7, 8, 9, 10)
2023-11-23 20:32:53,517 [INFO] Finished loading data for subjects [4, 3, 13] and channels (0, 1, 2, 3, 4, 5, 6, 7, 8, 9, 10)
INFO:mylogger:Finished loading data for subjects [4, 3, 13] and channels (0, 1, 2, 3, 4, 5, 6, 7, 8, 9, 10)
2023-11-23 20:32:53,517 [INFO] Loading data for subjects [10, 17, 2] and channels (0, 1, 2, 3, 4, 5, 6, 7, 8, 9, 10)
INFO:mylogger:Loading data for subjects [10, 17, 2] and channels (0, 1, 2, 3, 4, 5, 6, 7, 8, 9, 10)
2023-11-23 20:32:53,537 [INFO] Finished loading data for subjects [10, 17, 2] and channels (0, 1, 2, 3, 4, 5, 6, 7, 8, 9, 10)
INFO:mylogger:Finished loading data for subjects [10, 17, 2] and channels (0, 1, 2, 3, 4, 5, 6, 7, 8, 9, 10)
2023-11-23 20:32:53,537 [INFO] Loading data for subjects [5, 16, 15, 8, 9, 7, 14, 6, 11] and channels (0, 1, 2, 3, 4, 5, 6, 7, 8, 9, 10)
INFO:mylogger:Loading data for subjects [5, 16, 15, 8, 9, 7, 14, 6, 11] and channels (0, 1, 2, 3, 4, 5, 6, 7, 8, 9, 10)
2023-11-23 20:32:53,601 [INFO] Finished loading data for subjects [5, 16, 15, 8, 9, 7, 14, 6, 11] and channels (0, 1, 2, 3, 4, 5, 6, 7, 8, 9, 10)
INFO:mylogger:Finished loading data for subjects [5, 16, 15, 8, 9, 7, 14, 6, 11] and channels (0, 1, 2, 3, 4, 5, 6, 7, 8, 9, 10)
2023-11-23 20:32:53,622 [INFO] Loading data for subjects [4, 3, 13] and channels (0, 1, 2, 3, 4, 5, 6, 7, 8, 9, 10)
INFO:mylogger:Loading data for subjects [4, 3, 13] and channels (0, 1, 2, 3, 4, 5, 6, 7, 8, 9, 10)
2023-11-23 20:32:53,643 [INFO] Finished loading data for subjects [4, 3, 13] and channels (0, 1, 2, 3, 4, 5, 6, 7, 8, 9, 10)
INFO:mylogger:Finished loading data for subjects [4, 3, 13] and channels (0, 1, 2, 3, 4, 5, 6, 7, 8, 9, 10)
2023-11-23 20:32:53,643 [INFO] Loading data for subjects [10, 17, 2] and channels (0, 1, 2, 3, 4, 5, 6, 7, 8, 9, 10)
INFO:mylogger:Loading data for subjects [10, 17, 2] and channels (0, 1, 2, 3, 4, 5, 6, 7, 8, 9, 10)
2023-11-23 20:32:53,662 [INFO] Finished loading data for subjects [10, 17, 2] and channels (0, 1, 2, 3, 4, 5, 6, 7, 8, 9, 10)
INFO:mylogger:Finished loading data for subjects [10, 17, 2] and channels (0, 1, 2, 3, 4, 5, 6, 7, 8, 9, 10)
2023-11-23 20:32:53,662 [INFO] Loading data for subjects [5, 16, 15, 8, 9, 7, 14, 6, 11] and channels (0, 1, 2, 3, 4, 5, 6, 7, 8, 9, 10)
INFO:mylogger:Loading data for subjects [5, 16, 15, 8, 9, 7, 14, 6, 11] and channels (0, 1, 2, 3, 4, 5, 6, 7, 8, 9, 10)
2023-11-23 20:32:53,726 [INFO] Finished loading data for subjects [5, 16, 15, 8, 9, 7, 14, 6, 11] and channels (0, 1, 2, 3, 4, 5, 6, 7, 8, 9, 10)
INFO:mylogger:Finished loading data for subjects [5, 16, 15, 8, 9, 7, 14, 6, 11] and channels (0, 1, 2, 3, 4, 5, 6, 7, 8, 9, 10)
2023-11-23 20:32:53,749 [INFO] Tuning of resnetM, max_evals: 8
INFO:mylogger:Tuning of resnetM, max_evals: 8
2023-11-23 20:32:53,772 [INFO] GPU 0 was taken for resnetM, tune_06.
INFO:mylogger:GPU 0 was taken for resnetM, tune_06.
WARNING:tensorflow:From /projects/bbnp/anxietyE2E/experiment/experiment.py:128: The name tf.global_variables_initializer is deprecated. Please use tf.compat.v1.global_variables_initializer instead.

WARNING:tensorflow:From /projects/bbnp/anxietyE2E/experiment/experiment.py:128: The name tf.global_variables_initializer is deprecated. Please use tf.compat.v1.global_variables_initializer instead.

2023-11-23 20:32:54,081 [INFO] Experiment for WESAD dataset, classifier: resnetM, setup: it_00, iteration: tune_06
INFO:mylogger:Experiment for WESAD dataset, classifier: resnetM, setup: it_00, iteration: tune_06
WARNING:tensorflow:From /u/alkurdi/.conda/envs/TFwesad/lib/python3.8/site-packages/keras/backend/tensorflow_backend.py:541: The name tf.placeholder is deprecated. Please use tf.compat.v1.placeholder instead.

WARNING:tensorflow:From /u/alkurdi/.conda/envs/TFwesad/lib/python3.8/site-packages/keras/backend/tensorflow_backend.py:541: The name tf.placeholder is deprecated. Please use tf.compat.v1.placeholder instead.

WARNING:tensorflow:From /u/alkurdi/.conda/envs/TFwesad/lib/python3.8/site-packages/keras/backend/tensorflow_backend.py:66: The name tf.get_default_graph is deprecated. Please use tf.compat.v1.get_default_graph instead.

WARNING:tensorflow:From /u/alkurdi/.conda/envs/TFwesad/lib/python3.8/site-packages/keras/backend/tensorflow_backend.py:66: The name tf.get_default_graph is deprecated. Please use tf.compat.v1.get_default_graph instead.

WARNING:tensorflow:From /u/alkurdi/.conda/envs/TFwesad/lib/python3.8/site-packages/keras/backend/tensorflow_backend.py:4432: The name tf.random_uniform is deprecated. Please use tf.random.uniform instead.

WARNING:tensorflow:From /u/alkurdi/.conda/envs/TFwesad/lib/python3.8/site-packages/keras/backend/tensorflow_backend.py:4432: The name tf.random_uniform is deprecated. Please use tf.random.uniform instead.

WARNING:tensorflow:From /u/alkurdi/.conda/envs/TFwesad/lib/python3.8/site-packages/keras/backend/tensorflow_backend.py:148: The name tf.placeholder_with_default is deprecated. Please use tf.compat.v1.placeholder_with_default instead.

WARNING:tensorflow:From /u/alkurdi/.conda/envs/TFwesad/lib/python3.8/site-packages/keras/backend/tensorflow_backend.py:148: The name tf.placeholder_with_default is deprecated. Please use tf.compat.v1.placeholder_with_default instead.

WARNING:tensorflow:From /u/alkurdi/.conda/envs/TFwesad/lib/python3.8/site-packages/keras/optimizers.py:793: The name tf.train.Optimizer is deprecated. Please use tf.compat.v1.train.Optimizer instead.

WARNING:tensorflow:From /u/alkurdi/.conda/envs/TFwesad/lib/python3.8/site-packages/keras/optimizers.py:793: The name tf.train.Optimizer is deprecated. Please use tf.compat.v1.train.Optimizer instead.

WARNING:tensorflow:From /u/alkurdi/.conda/envs/TFwesad/lib/python3.8/site-packages/keras/backend/tensorflow_backend.py:3576: The name tf.log is deprecated. Please use tf.math.log instead.

WARNING:tensorflow:From /u/alkurdi/.conda/envs/TFwesad/lib/python3.8/site-packages/keras/backend/tensorflow_backend.py:3576: The name tf.log is deprecated. Please use tf.math.log instead.

2023-11-23 20:33:00,462 [INFO] Created model for WESAD dataset, classifier: resnetM, setup: it_00, iteration: tune_06
INFO:mylogger:Created model for WESAD dataset, classifier: resnetM, setup: it_00, iteration: tune_06
2023-11-23 20:33:00,463 [INFO] Fitting model
INFO:mylogger:Fitting model
WARNING:tensorflow:From /u/alkurdi/.conda/envs/TFwesad/lib/python3.8/site-packages/keras/backend/tensorflow_backend.py:1033: The name tf.assign_add is deprecated. Please use tf.compat.v1.assign_add instead.

WARNING:tensorflow:From /u/alkurdi/.conda/envs/TFwesad/lib/python3.8/site-packages/keras/backend/tensorflow_backend.py:1033: The name tf.assign_add is deprecated. Please use tf.compat.v1.assign_add instead.

WARNING:tensorflow:From /u/alkurdi/.conda/envs/TFwesad/lib/python3.8/site-packages/keras/backend/tensorflow_backend.py:1020: The name tf.assign is deprecated. Please use tf.compat.v1.assign instead.

WARNING:tensorflow:From /u/alkurdi/.conda/envs/TFwesad/lib/python3.8/site-packages/keras/backend/tensorflow_backend.py:1020: The name tf.assign is deprecated. Please use tf.compat.v1.assign instead.

WARNING:tensorflow:From /u/alkurdi/.conda/envs/TFwesad/lib/python3.8/site-packages/keras/backend/tensorflow_backend.py:3005: The name tf.Session is deprecated. Please use tf.compat.v1.Session instead.

WARNING:tensorflow:From /u/alkurdi/.conda/envs/TFwesad/lib/python3.8/site-packages/keras/backend/tensorflow_backend.py:3005: The name tf.Session is deprecated. Please use tf.compat.v1.Session instead.

WARNING:tensorflow:From /u/alkurdi/.conda/envs/TFwesad/lib/python3.8/site-packages/keras/backend/tensorflow_backend.py:190: The name tf.get_default_session is deprecated. Please use tf.compat.v1.get_default_session instead.

WARNING:tensorflow:From /u/alkurdi/.conda/envs/TFwesad/lib/python3.8/site-packages/keras/backend/tensorflow_backend.py:190: The name tf.get_default_session is deprecated. Please use tf.compat.v1.get_default_session instead.

WARNING:tensorflow:From /u/alkurdi/.conda/envs/TFwesad/lib/python3.8/site-packages/keras/backend/tensorflow_backend.py:207: The name tf.global_variables is deprecated. Please use tf.compat.v1.global_variables instead.

WARNING:tensorflow:From /u/alkurdi/.conda/envs/TFwesad/lib/python3.8/site-packages/keras/backend/tensorflow_backend.py:207: The name tf.global_variables is deprecated. Please use tf.compat.v1.global_variables instead.

WARNING:tensorflow:From /u/alkurdi/.conda/envs/TFwesad/lib/python3.8/site-packages/keras/backend/tensorflow_backend.py:216: The name tf.is_variable_initialized is deprecated. Please use tf.compat.v1.is_variable_initialized instead.

WARNING:tensorflow:From /u/alkurdi/.conda/envs/TFwesad/lib/python3.8/site-packages/keras/backend/tensorflow_backend.py:216: The name tf.is_variable_initialized is deprecated. Please use tf.compat.v1.is_variable_initialized instead.

WARNING:tensorflow:From /u/alkurdi/.conda/envs/TFwesad/lib/python3.8/site-packages/keras/backend/tensorflow_backend.py:223: The name tf.variables_initializer is deprecated. Please use tf.compat.v1.variables_initializer instead.

WARNING:tensorflow:From /u/alkurdi/.conda/envs/TFwesad/lib/python3.8/site-packages/keras/backend/tensorflow_backend.py:223: The name tf.variables_initializer is deprecated. Please use tf.compat.v1.variables_initializer instead.

2023-11-23 20:50:47,744 [INFO] Loading weights and predicting
INFO:mylogger:Loading weights and predicting
2023-11-23 20:51:03,502 [INFO] Fitted model for WESAD dataset, classifier: resnetM, setup: it_00, iteration: tune_06
INFO:mylogger:Fitted model for WESAD dataset, classifier: resnetM, setup: it_00, iteration: tune_06
2023-11-23 20:51:03,503 [INFO] Finished experiment for WESAD dataset, classifier: resnetM, setup: it_00, iteration: tune_06
INFO:mylogger:Finished experiment for WESAD dataset, classifier: resnetM, setup: it_00, iteration: tune_06
2023-11-23 20:51:08,819 [INFO] Experiment for WESAD dataset, classifier: resnetM, setup: it_01, iteration: tune_06
INFO:mylogger:Experiment for WESAD dataset, classifier: resnetM, setup: it_01, iteration: tune_06
2023-11-23 20:51:08,821 [INFO] Created model for WESAD dataset, classifier: resnetM, setup: it_01, iteration: tune_06
INFO:mylogger:Created model for WESAD dataset, classifier: resnetM, setup: it_01, iteration: tune_06
2023-11-23 20:51:08,821 [INFO] Fitting model
INFO:mylogger:Fitting model
2023-11-23 21:06:04,208 [INFO] Loading weights and predicting
INFO:mylogger:Loading weights and predicting
2023-11-23 21:06:05,679 [INFO] Fitted model for WESAD dataset, classifier: resnetM, setup: it_01, iteration: tune_06
INFO:mylogger:Fitted model for WESAD dataset, classifier: resnetM, setup: it_01, iteration: tune_06
2023-11-23 21:06:05,680 [INFO] Finished experiment for WESAD dataset, classifier: resnetM, setup: it_01, iteration: tune_06
INFO:mylogger:Finished experiment for WESAD dataset, classifier: resnetM, setup: it_01, iteration: tune_06
2023-11-23 21:06:11,154 [INFO] Experiment for WESAD dataset, classifier: resnetM, setup: it_02, iteration: tune_06
INFO:mylogger:Experiment for WESAD dataset, classifier: resnetM, setup: it_02, iteration: tune_06
2023-11-23 21:06:11,156 [INFO] Created model for WESAD dataset, classifier: resnetM, setup: it_02, iteration: tune_06
INFO:mylogger:Created model for WESAD dataset, classifier: resnetM, setup: it_02, iteration: tune_06
2023-11-23 21:06:11,156 [INFO] Fitting model
INFO:mylogger:Fitting model
2023-11-23 21:20:42,858 [INFO] Loading weights and predicting
INFO:mylogger:Loading weights and predicting
2023-11-23 21:20:44,629 [INFO] Fitted model for WESAD dataset, classifier: resnetM, setup: it_02, iteration: tune_06
INFO:mylogger:Fitted model for WESAD dataset, classifier: resnetM, setup: it_02, iteration: tune_06
2023-11-23 21:20:44,630 [INFO] Finished experiment for WESAD dataset, classifier: resnetM, setup: it_02, iteration: tune_06
INFO:mylogger:Finished experiment for WESAD dataset, classifier: resnetM, setup: it_02, iteration: tune_06
2023-11-23 21:20:50,072 [INFO] Experiment for WESAD dataset, classifier: resnetM, setup: it_03, iteration: tune_06
INFO:mylogger:Experiment for WESAD dataset, classifier: resnetM, setup: it_03, iteration: tune_06
2023-11-23 21:20:50,074 [INFO] Created model for WESAD dataset, classifier: resnetM, setup: it_03, iteration: tune_06
INFO:mylogger:Created model for WESAD dataset, classifier: resnetM, setup: it_03, iteration: tune_06
2023-11-23 21:20:50,074 [INFO] Fitting model
INFO:mylogger:Fitting model
2023-11-23 21:29:32,955 [INFO] Loading weights and predicting
INFO:mylogger:Loading weights and predicting
2023-11-23 21:29:34,417 [INFO] Fitted model for WESAD dataset, classifier: resnetM, setup: it_03, iteration: tune_06
INFO:mylogger:Fitted model for WESAD dataset, classifier: resnetM, setup: it_03, iteration: tune_06
2023-11-23 21:29:34,418 [INFO] Finished experiment for WESAD dataset, classifier: resnetM, setup: it_03, iteration: tune_06
INFO:mylogger:Finished experiment for WESAD dataset, classifier: resnetM, setup: it_03, iteration: tune_06
2023-11-23 21:29:39,951 [INFO] Experiment for WESAD dataset, classifier: resnetM, setup: it_04, iteration: tune_06
INFO:mylogger:Experiment for WESAD dataset, classifier: resnetM, setup: it_04, iteration: tune_06
2023-11-23 21:29:39,953 [INFO] Created model for WESAD dataset, classifier: resnetM, setup: it_04, iteration: tune_06
INFO:mylogger:Created model for WESAD dataset, classifier: resnetM, setup: it_04, iteration: tune_06
2023-11-23 21:29:39,953 [INFO] Fitting model
INFO:mylogger:Fitting model
2023-11-23 21:41:39,146 [INFO] Loading weights and predicting
INFO:mylogger:Loading weights and predicting
2023-11-23 21:41:40,696 [INFO] Fitted model for WESAD dataset, classifier: resnetM, setup: it_04, iteration: tune_06
INFO:mylogger:Fitted model for WESAD dataset, classifier: resnetM, setup: it_04, iteration: tune_06
2023-11-23 21:41:40,697 [INFO] Finished experiment for WESAD dataset, classifier: resnetM, setup: it_04, iteration: tune_06
INFO:mylogger:Finished experiment for WESAD dataset, classifier: resnetM, setup: it_04, iteration: tune_06
2023-11-23 21:41:40,698 [INFO] GPU 0 was released by resnetM, tune_06.
INFO:mylogger:GPU 0 was released by resnetM, tune_06.
2023-11-23 21:41:40,736 [INFO] GPU 0 was taken for resnetM, tune_07.
INFO:mylogger:GPU 0 was taken for resnetM, tune_07.
2023-11-23 21:41:40,770 [INFO] Experiment for WESAD dataset, classifier: resnetM, setup: it_00, iteration: tune_07
INFO:mylogger:Experiment for WESAD dataset, classifier: resnetM, setup: it_00, iteration: tune_07
2023-11-23 21:41:47,843 [INFO] Created model for WESAD dataset, classifier: resnetM, setup: it_00, iteration: tune_07
INFO:mylogger:Created model for WESAD dataset, classifier: resnetM, setup: it_00, iteration: tune_07
2023-11-23 21:41:47,843 [INFO] Fitting model
INFO:mylogger:Fitting model
2023-11-23 22:00:20,333 [INFO] Loading weights and predicting
INFO:mylogger:Loading weights and predicting
/u/alkurdi/.conda/envs/TFwesad/lib/python3.8/site-packages/sklearn/metrics/_classification.py:1334: UndefinedMetricWarning: Precision is ill-defined and being set to 0.0 in labels with no predicted samples. Use `zero_division` parameter to control this behavior.
  _warn_prf(average, modifier, msg_start, len(result))

2023-11-23 22:00:32,760 [INFO] Fitted model for WESAD dataset, classifier: resnetM, setup: it_00, iteration: tune_07
INFO:mylogger:Fitted model for WESAD dataset, classifier: resnetM, setup: it_00, iteration: tune_07
2023-11-23 22:00:32,761 [INFO] Finished experiment for WESAD dataset, classifier: resnetM, setup: it_00, iteration: tune_07
INFO:mylogger:Finished experiment for WESAD dataset, classifier: resnetM, setup: it_00, iteration: tune_07
2023-11-23 22:00:38,100 [INFO] Experiment for WESAD dataset, classifier: resnetM, setup: it_01, iteration: tune_07
INFO:mylogger:Experiment for WESAD dataset, classifier: resnetM, setup: it_01, iteration: tune_07
2023-11-23 22:00:38,102 [INFO] Created model for WESAD dataset, classifier: resnetM, setup: it_01, iteration: tune_07
INFO:mylogger:Created model for WESAD dataset, classifier: resnetM, setup: it_01, iteration: tune_07
2023-11-23 22:00:38,102 [INFO] Fitting model
INFO:mylogger:Fitting model
2023-11-23 22:10:05,987 [INFO] Loading weights and predicting
INFO:mylogger:Loading weights and predicting
2023-11-23 22:10:07,235 [INFO] Fitted model for WESAD dataset, classifier: resnetM, setup: it_01, iteration: tune_07
INFO:mylogger:Fitted model for WESAD dataset, classifier: resnetM, setup: it_01, iteration: tune_07
2023-11-23 22:10:07,236 [INFO] Finished experiment for WESAD dataset, classifier: resnetM, setup: it_01, iteration: tune_07
INFO:mylogger:Finished experiment for WESAD dataset, classifier: resnetM, setup: it_01, iteration: tune_07
2023-11-23 22:10:12,442 [INFO] Experiment for WESAD dataset, classifier: resnetM, setup: it_02, iteration: tune_07
INFO:mylogger:Experiment for WESAD dataset, classifier: resnetM, setup: it_02, iteration: tune_07
2023-11-23 22:10:12,444 [INFO] Created model for WESAD dataset, classifier: resnetM, setup: it_02, iteration: tune_07
INFO:mylogger:Created model for WESAD dataset, classifier: resnetM, setup: it_02, iteration: tune_07
2023-11-23 22:10:12,444 [INFO] Fitting model
INFO:mylogger:Fitting model
2023-11-23 22:22:13,571 [INFO] Loading weights and predicting
INFO:mylogger:Loading weights and predicting
2023-11-23 22:22:14,796 [INFO] Fitted model for WESAD dataset, classifier: resnetM, setup: it_02, iteration: tune_07
INFO:mylogger:Fitted model for WESAD dataset, classifier: resnetM, setup: it_02, iteration: tune_07
2023-11-23 22:22:14,797 [INFO] Finished experiment for WESAD dataset, classifier: resnetM, setup: it_02, iteration: tune_07
INFO:mylogger:Finished experiment for WESAD dataset, classifier: resnetM, setup: it_02, iteration: tune_07
2023-11-23 22:22:19,647 [INFO] Experiment for WESAD dataset, classifier: resnetM, setup: it_03, iteration: tune_07
INFO:mylogger:Experiment for WESAD dataset, classifier: resnetM, setup: it_03, iteration: tune_07
2023-11-23 22:22:19,649 [INFO] Created model for WESAD dataset, classifier: resnetM, setup: it_03, iteration: tune_07
INFO:mylogger:Created model for WESAD dataset, classifier: resnetM, setup: it_03, iteration: tune_07
2023-11-23 22:22:19,649 [INFO] Fitting model
INFO:mylogger:Fitting model
2023-11-23 22:32:41,014 [INFO] Loading weights and predicting
INFO:mylogger:Loading weights and predicting
2023-11-23 22:32:42,212 [INFO] Fitted model for WESAD dataset, classifier: resnetM, setup: it_03, iteration: tune_07
INFO:mylogger:Fitted model for WESAD dataset, classifier: resnetM, setup: it_03, iteration: tune_07
2023-11-23 22:32:42,213 [INFO] Finished experiment for WESAD dataset, classifier: resnetM, setup: it_03, iteration: tune_07
INFO:mylogger:Finished experiment for WESAD dataset, classifier: resnetM, setup: it_03, iteration: tune_07
2023-11-23 22:32:47,013 [INFO] Experiment for WESAD dataset, classifier: resnetM, setup: it_04, iteration: tune_07
INFO:mylogger:Experiment for WESAD dataset, classifier: resnetM, setup: it_04, iteration: tune_07
2023-11-23 22:32:47,014 [INFO] Created model for WESAD dataset, classifier: resnetM, setup: it_04, iteration: tune_07
INFO:mylogger:Created model for WESAD dataset, classifier: resnetM, setup: it_04, iteration: tune_07
2023-11-23 22:32:47,014 [INFO] Fitting model
INFO:mylogger:Fitting model
2023-11-23 22:50:51,903 [INFO] Loading weights and predicting
INFO:mylogger:Loading weights and predicting
/u/alkurdi/.conda/envs/TFwesad/lib/python3.8/site-packages/sklearn/metrics/_classification.py:1334: UndefinedMetricWarning: Precision is ill-defined and being set to 0.0 in labels with no predicted samples. Use `zero_division` parameter to control this behavior.
  _warn_prf(average, modifier, msg_start, len(result))

2023-11-23 22:50:54,874 [INFO] Fitted model for WESAD dataset, classifier: resnetM, setup: it_04, iteration: tune_07
INFO:mylogger:Fitted model for WESAD dataset, classifier: resnetM, setup: it_04, iteration: tune_07
2023-11-23 22:50:54,875 [INFO] Finished experiment for WESAD dataset, classifier: resnetM, setup: it_04, iteration: tune_07
INFO:mylogger:Finished experiment for WESAD dataset, classifier: resnetM, setup: it_04, iteration: tune_07
2023-11-23 22:50:54,879 [INFO] GPU 0 was released by resnetM, tune_07.
INFO:mylogger:GPU 0 was released by resnetM, tune_07.
Done
Thu Nov 23 22:51:20 CST 2023
