
Currently Loaded Modules:
  1) cue-login-env/1.0   3) ucx/1.11.2      5) cuda/11.6.1   7) default
  2) gcc/11.2.0          4) openmpi/4.1.2   6) modtree/gpu

 

job is starting on gpub009.delta.ncsa.illinois.edu
dataset=wesad
clas=encoderM
max_eval=9
CUDA_VISIBLE_DEVICES=0
 
 ******************************
 ******* i_fold=00 *******
 ******************************
 
Thu Nov 23 13:07:46 CST 2023
WARNING:tensorflow:Deprecation warnings have been disabled. Set TF_ENABLE_DEPRECATION_WARNINGS=1 to re-enable them.
WARNING:root:Limited tf.compat.v2.summary API due to missing TensorBoard installation.
Using TensorFlow backend.
2023-11-23 13:07:51,248 [INFO] Loading data for subjects [4, 3, 13] and channels (0, 1, 2, 3, 4, 5, 6, 7, 8, 9, 10)
INFO:mylogger:Loading data for subjects [4, 3, 13] and channels (0, 1, 2, 3, 4, 5, 6, 7, 8, 9, 10)
2023-11-23 13:07:51,276 [INFO] Finished loading data for subjects [4, 3, 13] and channels (0, 1, 2, 3, 4, 5, 6, 7, 8, 9, 10)
INFO:mylogger:Finished loading data for subjects [4, 3, 13] and channels (0, 1, 2, 3, 4, 5, 6, 7, 8, 9, 10)
2023-11-23 13:07:51,276 [INFO] Loading data for subjects [10, 17, 2] and channels (0, 1, 2, 3, 4, 5, 6, 7, 8, 9, 10)
INFO:mylogger:Loading data for subjects [10, 17, 2] and channels (0, 1, 2, 3, 4, 5, 6, 7, 8, 9, 10)
2023-11-23 13:07:51,303 [INFO] Finished loading data for subjects [10, 17, 2] and channels (0, 1, 2, 3, 4, 5, 6, 7, 8, 9, 10)
INFO:mylogger:Finished loading data for subjects [10, 17, 2] and channels (0, 1, 2, 3, 4, 5, 6, 7, 8, 9, 10)
2023-11-23 13:07:51,304 [INFO] Loading data for subjects [5, 16, 15, 8, 9, 7, 14, 6, 11] and channels (0, 1, 2, 3, 4, 5, 6, 7, 8, 9, 10)
INFO:mylogger:Loading data for subjects [5, 16, 15, 8, 9, 7, 14, 6, 11] and channels (0, 1, 2, 3, 4, 5, 6, 7, 8, 9, 10)
2023-11-23 13:07:51,383 [INFO] Finished loading data for subjects [5, 16, 15, 8, 9, 7, 14, 6, 11] and channels (0, 1, 2, 3, 4, 5, 6, 7, 8, 9, 10)
INFO:mylogger:Finished loading data for subjects [5, 16, 15, 8, 9, 7, 14, 6, 11] and channels (0, 1, 2, 3, 4, 5, 6, 7, 8, 9, 10)
2023-11-23 13:07:51,405 [INFO] Loading data for subjects [4, 3, 13] and channels (0, 1, 2, 3, 4, 5, 6, 7, 8, 9, 10)
INFO:mylogger:Loading data for subjects [4, 3, 13] and channels (0, 1, 2, 3, 4, 5, 6, 7, 8, 9, 10)
2023-11-23 13:07:51,428 [INFO] Finished loading data for subjects [4, 3, 13] and channels (0, 1, 2, 3, 4, 5, 6, 7, 8, 9, 10)
INFO:mylogger:Finished loading data for subjects [4, 3, 13] and channels (0, 1, 2, 3, 4, 5, 6, 7, 8, 9, 10)
2023-11-23 13:07:51,428 [INFO] Loading data for subjects [10, 17, 2] and channels (0, 1, 2, 3, 4, 5, 6, 7, 8, 9, 10)
INFO:mylogger:Loading data for subjects [10, 17, 2] and channels (0, 1, 2, 3, 4, 5, 6, 7, 8, 9, 10)
2023-11-23 13:07:51,450 [INFO] Finished loading data for subjects [10, 17, 2] and channels (0, 1, 2, 3, 4, 5, 6, 7, 8, 9, 10)
INFO:mylogger:Finished loading data for subjects [10, 17, 2] and channels (0, 1, 2, 3, 4, 5, 6, 7, 8, 9, 10)
2023-11-23 13:07:51,450 [INFO] Loading data for subjects [5, 16, 15, 8, 9, 7, 14, 6, 11] and channels (0, 1, 2, 3, 4, 5, 6, 7, 8, 9, 10)
INFO:mylogger:Loading data for subjects [5, 16, 15, 8, 9, 7, 14, 6, 11] and channels (0, 1, 2, 3, 4, 5, 6, 7, 8, 9, 10)
2023-11-23 13:07:51,529 [INFO] Finished loading data for subjects [5, 16, 15, 8, 9, 7, 14, 6, 11] and channels (0, 1, 2, 3, 4, 5, 6, 7, 8, 9, 10)
INFO:mylogger:Finished loading data for subjects [5, 16, 15, 8, 9, 7, 14, 6, 11] and channels (0, 1, 2, 3, 4, 5, 6, 7, 8, 9, 10)
2023-11-23 13:07:51,552 [INFO] Loading data for subjects [4, 3, 13] and channels (0, 1, 2, 3, 4, 5, 6, 7, 8, 9, 10)
INFO:mylogger:Loading data for subjects [4, 3, 13] and channels (0, 1, 2, 3, 4, 5, 6, 7, 8, 9, 10)
2023-11-23 13:07:51,574 [INFO] Finished loading data for subjects [4, 3, 13] and channels (0, 1, 2, 3, 4, 5, 6, 7, 8, 9, 10)
INFO:mylogger:Finished loading data for subjects [4, 3, 13] and channels (0, 1, 2, 3, 4, 5, 6, 7, 8, 9, 10)
2023-11-23 13:07:51,575 [INFO] Loading data for subjects [10, 17, 2] and channels (0, 1, 2, 3, 4, 5, 6, 7, 8, 9, 10)
INFO:mylogger:Loading data for subjects [10, 17, 2] and channels (0, 1, 2, 3, 4, 5, 6, 7, 8, 9, 10)
2023-11-23 13:07:51,597 [INFO] Finished loading data for subjects [10, 17, 2] and channels (0, 1, 2, 3, 4, 5, 6, 7, 8, 9, 10)
INFO:mylogger:Finished loading data for subjects [10, 17, 2] and channels (0, 1, 2, 3, 4, 5, 6, 7, 8, 9, 10)
2023-11-23 13:07:51,597 [INFO] Loading data for subjects [5, 16, 15, 8, 9, 7, 14, 6, 11] and channels (0, 1, 2, 3, 4, 5, 6, 7, 8, 9, 10)
INFO:mylogger:Loading data for subjects [5, 16, 15, 8, 9, 7, 14, 6, 11] and channels (0, 1, 2, 3, 4, 5, 6, 7, 8, 9, 10)
2023-11-23 13:07:51,674 [INFO] Finished loading data for subjects [5, 16, 15, 8, 9, 7, 14, 6, 11] and channels (0, 1, 2, 3, 4, 5, 6, 7, 8, 9, 10)
INFO:mylogger:Finished loading data for subjects [5, 16, 15, 8, 9, 7, 14, 6, 11] and channels (0, 1, 2, 3, 4, 5, 6, 7, 8, 9, 10)
2023-11-23 13:07:51,696 [INFO] Loading data for subjects [4, 3, 13] and channels (0, 1, 2, 3, 4, 5, 6, 7, 8, 9, 10)
INFO:mylogger:Loading data for subjects [4, 3, 13] and channels (0, 1, 2, 3, 4, 5, 6, 7, 8, 9, 10)
2023-11-23 13:07:51,718 [INFO] Finished loading data for subjects [4, 3, 13] and channels (0, 1, 2, 3, 4, 5, 6, 7, 8, 9, 10)
INFO:mylogger:Finished loading data for subjects [4, 3, 13] and channels (0, 1, 2, 3, 4, 5, 6, 7, 8, 9, 10)
2023-11-23 13:07:51,718 [INFO] Loading data for subjects [10, 17, 2] and channels (0, 1, 2, 3, 4, 5, 6, 7, 8, 9, 10)
INFO:mylogger:Loading data for subjects [10, 17, 2] and channels (0, 1, 2, 3, 4, 5, 6, 7, 8, 9, 10)
2023-11-23 13:07:51,741 [INFO] Finished loading data for subjects [10, 17, 2] and channels (0, 1, 2, 3, 4, 5, 6, 7, 8, 9, 10)
INFO:mylogger:Finished loading data for subjects [10, 17, 2] and channels (0, 1, 2, 3, 4, 5, 6, 7, 8, 9, 10)
2023-11-23 13:07:51,741 [INFO] Loading data for subjects [5, 16, 15, 8, 9, 7, 14, 6, 11] and channels (0, 1, 2, 3, 4, 5, 6, 7, 8, 9, 10)
INFO:mylogger:Loading data for subjects [5, 16, 15, 8, 9, 7, 14, 6, 11] and channels (0, 1, 2, 3, 4, 5, 6, 7, 8, 9, 10)
2023-11-23 13:07:51,817 [INFO] Finished loading data for subjects [5, 16, 15, 8, 9, 7, 14, 6, 11] and channels (0, 1, 2, 3, 4, 5, 6, 7, 8, 9, 10)
INFO:mylogger:Finished loading data for subjects [5, 16, 15, 8, 9, 7, 14, 6, 11] and channels (0, 1, 2, 3, 4, 5, 6, 7, 8, 9, 10)
2023-11-23 13:07:51,839 [INFO] Loading data for subjects [4, 3, 13] and channels (0, 1, 2, 3, 4, 5, 6, 7, 8, 9, 10)
INFO:mylogger:Loading data for subjects [4, 3, 13] and channels (0, 1, 2, 3, 4, 5, 6, 7, 8, 9, 10)
2023-11-23 13:07:51,863 [INFO] Finished loading data for subjects [4, 3, 13] and channels (0, 1, 2, 3, 4, 5, 6, 7, 8, 9, 10)
INFO:mylogger:Finished loading data for subjects [4, 3, 13] and channels (0, 1, 2, 3, 4, 5, 6, 7, 8, 9, 10)
2023-11-23 13:07:51,863 [INFO] Loading data for subjects [10, 17, 2] and channels (0, 1, 2, 3, 4, 5, 6, 7, 8, 9, 10)
INFO:mylogger:Loading data for subjects [10, 17, 2] and channels (0, 1, 2, 3, 4, 5, 6, 7, 8, 9, 10)
2023-11-23 13:07:51,886 [INFO] Finished loading data for subjects [10, 17, 2] and channels (0, 1, 2, 3, 4, 5, 6, 7, 8, 9, 10)
INFO:mylogger:Finished loading data for subjects [10, 17, 2] and channels (0, 1, 2, 3, 4, 5, 6, 7, 8, 9, 10)
2023-11-23 13:07:51,886 [INFO] Loading data for subjects [5, 16, 15, 8, 9, 7, 14, 6, 11] and channels (0, 1, 2, 3, 4, 5, 6, 7, 8, 9, 10)
INFO:mylogger:Loading data for subjects [5, 16, 15, 8, 9, 7, 14, 6, 11] and channels (0, 1, 2, 3, 4, 5, 6, 7, 8, 9, 10)
2023-11-23 13:07:51,962 [INFO] Finished loading data for subjects [5, 16, 15, 8, 9, 7, 14, 6, 11] and channels (0, 1, 2, 3, 4, 5, 6, 7, 8, 9, 10)
INFO:mylogger:Finished loading data for subjects [5, 16, 15, 8, 9, 7, 14, 6, 11] and channels (0, 1, 2, 3, 4, 5, 6, 7, 8, 9, 10)
2023-11-23 13:07:51,984 [INFO] Tuning of encoderM, max_evals: 9
INFO:mylogger:Tuning of encoderM, max_evals: 9
2023-11-23 13:07:51,986 [INFO] Tuning of encoderM (max_evals: 9) is being performed by another process
INFO:mylogger:Tuning of encoderM (max_evals: 9) is being performed by another process
 
 ******************************
 ******* i_fold=01 *******
 ******************************
 
Thu Nov 23 13:07:52 CST 2023
WARNING:tensorflow:Deprecation warnings have been disabled. Set TF_ENABLE_DEPRECATION_WARNINGS=1 to re-enable them.
WARNING:root:Limited tf.compat.v2.summary API due to missing TensorBoard installation.
Using TensorFlow backend.
2023-11-23 13:07:57,025 [INFO] Loading data for subjects [5, 8, 7] and channels (0, 1, 2, 3, 4, 5, 6, 7, 8, 9, 10)
INFO:mylogger:Loading data for subjects [5, 8, 7] and channels (0, 1, 2, 3, 4, 5, 6, 7, 8, 9, 10)
2023-11-23 13:07:57,102 [INFO] Finished loading data for subjects [5, 8, 7] and channels (0, 1, 2, 3, 4, 5, 6, 7, 8, 9, 10)
INFO:mylogger:Finished loading data for subjects [5, 8, 7] and channels (0, 1, 2, 3, 4, 5, 6, 7, 8, 9, 10)
2023-11-23 13:07:57,102 [INFO] Loading data for subjects [13, 16, 14] and channels (0, 1, 2, 3, 4, 5, 6, 7, 8, 9, 10)
INFO:mylogger:Loading data for subjects [13, 16, 14] and channels (0, 1, 2, 3, 4, 5, 6, 7, 8, 9, 10)
2023-11-23 13:07:57,128 [INFO] Finished loading data for subjects [13, 16, 14] and channels (0, 1, 2, 3, 4, 5, 6, 7, 8, 9, 10)
INFO:mylogger:Finished loading data for subjects [13, 16, 14] and channels (0, 1, 2, 3, 4, 5, 6, 7, 8, 9, 10)
2023-11-23 13:07:57,128 [INFO] Loading data for subjects [4, 15, 17, 3, 9, 2, 10, 6, 11] and channels (0, 1, 2, 3, 4, 5, 6, 7, 8, 9, 10)
INFO:mylogger:Loading data for subjects [4, 15, 17, 3, 9, 2, 10, 6, 11] and channels (0, 1, 2, 3, 4, 5, 6, 7, 8, 9, 10)
2023-11-23 13:07:57,207 [INFO] Finished loading data for subjects [4, 15, 17, 3, 9, 2, 10, 6, 11] and channels (0, 1, 2, 3, 4, 5, 6, 7, 8, 9, 10)
INFO:mylogger:Finished loading data for subjects [4, 15, 17, 3, 9, 2, 10, 6, 11] and channels (0, 1, 2, 3, 4, 5, 6, 7, 8, 9, 10)
2023-11-23 13:07:57,229 [INFO] Loading data for subjects [5, 8, 7] and channels (0, 1, 2, 3, 4, 5, 6, 7, 8, 9, 10)
INFO:mylogger:Loading data for subjects [5, 8, 7] and channels (0, 1, 2, 3, 4, 5, 6, 7, 8, 9, 10)
2023-11-23 13:07:57,252 [INFO] Finished loading data for subjects [5, 8, 7] and channels (0, 1, 2, 3, 4, 5, 6, 7, 8, 9, 10)
INFO:mylogger:Finished loading data for subjects [5, 8, 7] and channels (0, 1, 2, 3, 4, 5, 6, 7, 8, 9, 10)
2023-11-23 13:07:57,252 [INFO] Loading data for subjects [13, 16, 14] and channels (0, 1, 2, 3, 4, 5, 6, 7, 8, 9, 10)
INFO:mylogger:Loading data for subjects [13, 16, 14] and channels (0, 1, 2, 3, 4, 5, 6, 7, 8, 9, 10)
2023-11-23 13:07:57,274 [INFO] Finished loading data for subjects [13, 16, 14] and channels (0, 1, 2, 3, 4, 5, 6, 7, 8, 9, 10)
INFO:mylogger:Finished loading data for subjects [13, 16, 14] and channels (0, 1, 2, 3, 4, 5, 6, 7, 8, 9, 10)
2023-11-23 13:07:57,274 [INFO] Loading data for subjects [4, 15, 17, 3, 9, 2, 10, 6, 11] and channels (0, 1, 2, 3, 4, 5, 6, 7, 8, 9, 10)
INFO:mylogger:Loading data for subjects [4, 15, 17, 3, 9, 2, 10, 6, 11] and channels (0, 1, 2, 3, 4, 5, 6, 7, 8, 9, 10)
2023-11-23 13:07:57,354 [INFO] Finished loading data for subjects [4, 15, 17, 3, 9, 2, 10, 6, 11] and channels (0, 1, 2, 3, 4, 5, 6, 7, 8, 9, 10)
INFO:mylogger:Finished loading data for subjects [4, 15, 17, 3, 9, 2, 10, 6, 11] and channels (0, 1, 2, 3, 4, 5, 6, 7, 8, 9, 10)
2023-11-23 13:07:57,376 [INFO] Loading data for subjects [5, 8, 7] and channels (0, 1, 2, 3, 4, 5, 6, 7, 8, 9, 10)
INFO:mylogger:Loading data for subjects [5, 8, 7] and channels (0, 1, 2, 3, 4, 5, 6, 7, 8, 9, 10)
2023-11-23 13:07:57,400 [INFO] Finished loading data for subjects [5, 8, 7] and channels (0, 1, 2, 3, 4, 5, 6, 7, 8, 9, 10)
INFO:mylogger:Finished loading data for subjects [5, 8, 7] and channels (0, 1, 2, 3, 4, 5, 6, 7, 8, 9, 10)
2023-11-23 13:07:57,400 [INFO] Loading data for subjects [13, 16, 14] and channels (0, 1, 2, 3, 4, 5, 6, 7, 8, 9, 10)
INFO:mylogger:Loading data for subjects [13, 16, 14] and channels (0, 1, 2, 3, 4, 5, 6, 7, 8, 9, 10)
2023-11-23 13:07:57,423 [INFO] Finished loading data for subjects [13, 16, 14] and channels (0, 1, 2, 3, 4, 5, 6, 7, 8, 9, 10)
INFO:mylogger:Finished loading data for subjects [13, 16, 14] and channels (0, 1, 2, 3, 4, 5, 6, 7, 8, 9, 10)
2023-11-23 13:07:57,424 [INFO] Loading data for subjects [4, 15, 17, 3, 9, 2, 10, 6, 11] and channels (0, 1, 2, 3, 4, 5, 6, 7, 8, 9, 10)
INFO:mylogger:Loading data for subjects [4, 15, 17, 3, 9, 2, 10, 6, 11] and channels (0, 1, 2, 3, 4, 5, 6, 7, 8, 9, 10)
2023-11-23 13:07:57,498 [INFO] Finished loading data for subjects [4, 15, 17, 3, 9, 2, 10, 6, 11] and channels (0, 1, 2, 3, 4, 5, 6, 7, 8, 9, 10)
INFO:mylogger:Finished loading data for subjects [4, 15, 17, 3, 9, 2, 10, 6, 11] and channels (0, 1, 2, 3, 4, 5, 6, 7, 8, 9, 10)
2023-11-23 13:07:57,521 [INFO] Loading data for subjects [5, 8, 7] and channels (0, 1, 2, 3, 4, 5, 6, 7, 8, 9, 10)
INFO:mylogger:Loading data for subjects [5, 8, 7] and channels (0, 1, 2, 3, 4, 5, 6, 7, 8, 9, 10)
2023-11-23 13:07:57,545 [INFO] Finished loading data for subjects [5, 8, 7] and channels (0, 1, 2, 3, 4, 5, 6, 7, 8, 9, 10)
INFO:mylogger:Finished loading data for subjects [5, 8, 7] and channels (0, 1, 2, 3, 4, 5, 6, 7, 8, 9, 10)
2023-11-23 13:07:57,545 [INFO] Loading data for subjects [13, 16, 14] and channels (0, 1, 2, 3, 4, 5, 6, 7, 8, 9, 10)
INFO:mylogger:Loading data for subjects [13, 16, 14] and channels (0, 1, 2, 3, 4, 5, 6, 7, 8, 9, 10)
2023-11-23 13:07:57,567 [INFO] Finished loading data for subjects [13, 16, 14] and channels (0, 1, 2, 3, 4, 5, 6, 7, 8, 9, 10)
INFO:mylogger:Finished loading data for subjects [13, 16, 14] and channels (0, 1, 2, 3, 4, 5, 6, 7, 8, 9, 10)
2023-11-23 13:07:57,567 [INFO] Loading data for subjects [4, 15, 17, 3, 9, 2, 10, 6, 11] and channels (0, 1, 2, 3, 4, 5, 6, 7, 8, 9, 10)
INFO:mylogger:Loading data for subjects [4, 15, 17, 3, 9, 2, 10, 6, 11] and channels (0, 1, 2, 3, 4, 5, 6, 7, 8, 9, 10)
2023-11-23 13:07:57,640 [INFO] Finished loading data for subjects [4, 15, 17, 3, 9, 2, 10, 6, 11] and channels (0, 1, 2, 3, 4, 5, 6, 7, 8, 9, 10)
INFO:mylogger:Finished loading data for subjects [4, 15, 17, 3, 9, 2, 10, 6, 11] and channels (0, 1, 2, 3, 4, 5, 6, 7, 8, 9, 10)
2023-11-23 13:07:57,663 [INFO] Loading data for subjects [5, 8, 7] and channels (0, 1, 2, 3, 4, 5, 6, 7, 8, 9, 10)
INFO:mylogger:Loading data for subjects [5, 8, 7] and channels (0, 1, 2, 3, 4, 5, 6, 7, 8, 9, 10)
2023-11-23 13:07:57,686 [INFO] Finished loading data for subjects [5, 8, 7] and channels (0, 1, 2, 3, 4, 5, 6, 7, 8, 9, 10)
INFO:mylogger:Finished loading data for subjects [5, 8, 7] and channels (0, 1, 2, 3, 4, 5, 6, 7, 8, 9, 10)
2023-11-23 13:07:57,686 [INFO] Loading data for subjects [13, 16, 14] and channels (0, 1, 2, 3, 4, 5, 6, 7, 8, 9, 10)
INFO:mylogger:Loading data for subjects [13, 16, 14] and channels (0, 1, 2, 3, 4, 5, 6, 7, 8, 9, 10)
2023-11-23 13:07:57,709 [INFO] Finished loading data for subjects [13, 16, 14] and channels (0, 1, 2, 3, 4, 5, 6, 7, 8, 9, 10)
INFO:mylogger:Finished loading data for subjects [13, 16, 14] and channels (0, 1, 2, 3, 4, 5, 6, 7, 8, 9, 10)
2023-11-23 13:07:57,709 [INFO] Loading data for subjects [4, 15, 17, 3, 9, 2, 10, 6, 11] and channels (0, 1, 2, 3, 4, 5, 6, 7, 8, 9, 10)
INFO:mylogger:Loading data for subjects [4, 15, 17, 3, 9, 2, 10, 6, 11] and channels (0, 1, 2, 3, 4, 5, 6, 7, 8, 9, 10)
2023-11-23 13:07:57,786 [INFO] Finished loading data for subjects [4, 15, 17, 3, 9, 2, 10, 6, 11] and channels (0, 1, 2, 3, 4, 5, 6, 7, 8, 9, 10)
INFO:mylogger:Finished loading data for subjects [4, 15, 17, 3, 9, 2, 10, 6, 11] and channels (0, 1, 2, 3, 4, 5, 6, 7, 8, 9, 10)
2023-11-23 13:07:57,809 [INFO] Tuning of encoderM, max_evals: 9
INFO:mylogger:Tuning of encoderM, max_evals: 9
2023-11-23 13:07:57,811 [INFO] Tuning of encoderM (max_evals: 9) is being performed by another process
INFO:mylogger:Tuning of encoderM (max_evals: 9) is being performed by another process
 
 ******************************
 ******* i_fold=02 *******
 ******************************
 
Thu Nov 23 13:07:58 CST 2023
WARNING:tensorflow:Deprecation warnings have been disabled. Set TF_ENABLE_DEPRECATION_WARNINGS=1 to re-enable them.
WARNING:root:Limited tf.compat.v2.summary API due to missing TensorBoard installation.
Using TensorFlow backend.
2023-11-23 13:08:02,953 [INFO] Loading data for subjects [16, 9, 14] and channels (0, 1, 2, 3, 4, 5, 6, 7, 8, 9, 10)
INFO:mylogger:Loading data for subjects [16, 9, 14] and channels (0, 1, 2, 3, 4, 5, 6, 7, 8, 9, 10)
2023-11-23 13:08:02,983 [INFO] Finished loading data for subjects [16, 9, 14] and channels (0, 1, 2, 3, 4, 5, 6, 7, 8, 9, 10)
INFO:mylogger:Finished loading data for subjects [16, 9, 14] and channels (0, 1, 2, 3, 4, 5, 6, 7, 8, 9, 10)
2023-11-23 13:08:02,983 [INFO] Loading data for subjects [17, 4, 11] and channels (0, 1, 2, 3, 4, 5, 6, 7, 8, 9, 10)
INFO:mylogger:Loading data for subjects [17, 4, 11] and channels (0, 1, 2, 3, 4, 5, 6, 7, 8, 9, 10)
2023-11-23 13:08:03,011 [INFO] Finished loading data for subjects [17, 4, 11] and channels (0, 1, 2, 3, 4, 5, 6, 7, 8, 9, 10)
INFO:mylogger:Finished loading data for subjects [17, 4, 11] and channels (0, 1, 2, 3, 4, 5, 6, 7, 8, 9, 10)
2023-11-23 13:08:03,011 [INFO] Loading data for subjects [5, 15, 3, 8, 2, 10, 13, 7, 6] and channels (0, 1, 2, 3, 4, 5, 6, 7, 8, 9, 10)
INFO:mylogger:Loading data for subjects [5, 15, 3, 8, 2, 10, 13, 7, 6] and channels (0, 1, 2, 3, 4, 5, 6, 7, 8, 9, 10)
2023-11-23 13:08:03,095 [INFO] Finished loading data for subjects [5, 15, 3, 8, 2, 10, 13, 7, 6] and channels (0, 1, 2, 3, 4, 5, 6, 7, 8, 9, 10)
INFO:mylogger:Finished loading data for subjects [5, 15, 3, 8, 2, 10, 13, 7, 6] and channels (0, 1, 2, 3, 4, 5, 6, 7, 8, 9, 10)
2023-11-23 13:08:03,117 [INFO] Loading data for subjects [16, 9, 14] and channels (0, 1, 2, 3, 4, 5, 6, 7, 8, 9, 10)
INFO:mylogger:Loading data for subjects [16, 9, 14] and channels (0, 1, 2, 3, 4, 5, 6, 7, 8, 9, 10)
2023-11-23 13:08:03,141 [INFO] Finished loading data for subjects [16, 9, 14] and channels (0, 1, 2, 3, 4, 5, 6, 7, 8, 9, 10)
INFO:mylogger:Finished loading data for subjects [16, 9, 14] and channels (0, 1, 2, 3, 4, 5, 6, 7, 8, 9, 10)
2023-11-23 13:08:03,141 [INFO] Loading data for subjects [17, 4, 11] and channels (0, 1, 2, 3, 4, 5, 6, 7, 8, 9, 10)
INFO:mylogger:Loading data for subjects [17, 4, 11] and channels (0, 1, 2, 3, 4, 5, 6, 7, 8, 9, 10)
2023-11-23 13:08:03,164 [INFO] Finished loading data for subjects [17, 4, 11] and channels (0, 1, 2, 3, 4, 5, 6, 7, 8, 9, 10)
INFO:mylogger:Finished loading data for subjects [17, 4, 11] and channels (0, 1, 2, 3, 4, 5, 6, 7, 8, 9, 10)
2023-11-23 13:08:03,164 [INFO] Loading data for subjects [5, 15, 3, 8, 2, 10, 13, 7, 6] and channels (0, 1, 2, 3, 4, 5, 6, 7, 8, 9, 10)
INFO:mylogger:Loading data for subjects [5, 15, 3, 8, 2, 10, 13, 7, 6] and channels (0, 1, 2, 3, 4, 5, 6, 7, 8, 9, 10)
2023-11-23 13:08:03,244 [INFO] Finished loading data for subjects [5, 15, 3, 8, 2, 10, 13, 7, 6] and channels (0, 1, 2, 3, 4, 5, 6, 7, 8, 9, 10)
INFO:mylogger:Finished loading data for subjects [5, 15, 3, 8, 2, 10, 13, 7, 6] and channels (0, 1, 2, 3, 4, 5, 6, 7, 8, 9, 10)
2023-11-23 13:08:03,266 [INFO] Loading data for subjects [16, 9, 14] and channels (0, 1, 2, 3, 4, 5, 6, 7, 8, 9, 10)
INFO:mylogger:Loading data for subjects [16, 9, 14] and channels (0, 1, 2, 3, 4, 5, 6, 7, 8, 9, 10)
2023-11-23 13:08:03,289 [INFO] Finished loading data for subjects [16, 9, 14] and channels (0, 1, 2, 3, 4, 5, 6, 7, 8, 9, 10)
INFO:mylogger:Finished loading data for subjects [16, 9, 14] and channels (0, 1, 2, 3, 4, 5, 6, 7, 8, 9, 10)
2023-11-23 13:08:03,289 [INFO] Loading data for subjects [17, 4, 11] and channels (0, 1, 2, 3, 4, 5, 6, 7, 8, 9, 10)
INFO:mylogger:Loading data for subjects [17, 4, 11] and channels (0, 1, 2, 3, 4, 5, 6, 7, 8, 9, 10)
2023-11-23 13:08:03,312 [INFO] Finished loading data for subjects [17, 4, 11] and channels (0, 1, 2, 3, 4, 5, 6, 7, 8, 9, 10)
INFO:mylogger:Finished loading data for subjects [17, 4, 11] and channels (0, 1, 2, 3, 4, 5, 6, 7, 8, 9, 10)
2023-11-23 13:08:03,312 [INFO] Loading data for subjects [5, 15, 3, 8, 2, 10, 13, 7, 6] and channels (0, 1, 2, 3, 4, 5, 6, 7, 8, 9, 10)
INFO:mylogger:Loading data for subjects [5, 15, 3, 8, 2, 10, 13, 7, 6] and channels (0, 1, 2, 3, 4, 5, 6, 7, 8, 9, 10)
2023-11-23 13:08:03,392 [INFO] Finished loading data for subjects [5, 15, 3, 8, 2, 10, 13, 7, 6] and channels (0, 1, 2, 3, 4, 5, 6, 7, 8, 9, 10)
INFO:mylogger:Finished loading data for subjects [5, 15, 3, 8, 2, 10, 13, 7, 6] and channels (0, 1, 2, 3, 4, 5, 6, 7, 8, 9, 10)
2023-11-23 13:08:03,416 [INFO] Loading data for subjects [16, 9, 14] and channels (0, 1, 2, 3, 4, 5, 6, 7, 8, 9, 10)
INFO:mylogger:Loading data for subjects [16, 9, 14] and channels (0, 1, 2, 3, 4, 5, 6, 7, 8, 9, 10)
2023-11-23 13:08:03,442 [INFO] Finished loading data for subjects [16, 9, 14] and channels (0, 1, 2, 3, 4, 5, 6, 7, 8, 9, 10)
INFO:mylogger:Finished loading data for subjects [16, 9, 14] and channels (0, 1, 2, 3, 4, 5, 6, 7, 8, 9, 10)
2023-11-23 13:08:03,443 [INFO] Loading data for subjects [17, 4, 11] and channels (0, 1, 2, 3, 4, 5, 6, 7, 8, 9, 10)
INFO:mylogger:Loading data for subjects [17, 4, 11] and channels (0, 1, 2, 3, 4, 5, 6, 7, 8, 9, 10)
2023-11-23 13:08:03,466 [INFO] Finished loading data for subjects [17, 4, 11] and channels (0, 1, 2, 3, 4, 5, 6, 7, 8, 9, 10)
INFO:mylogger:Finished loading data for subjects [17, 4, 11] and channels (0, 1, 2, 3, 4, 5, 6, 7, 8, 9, 10)
2023-11-23 13:08:03,467 [INFO] Loading data for subjects [5, 15, 3, 8, 2, 10, 13, 7, 6] and channels (0, 1, 2, 3, 4, 5, 6, 7, 8, 9, 10)
INFO:mylogger:Loading data for subjects [5, 15, 3, 8, 2, 10, 13, 7, 6] and channels (0, 1, 2, 3, 4, 5, 6, 7, 8, 9, 10)
2023-11-23 13:08:03,544 [INFO] Finished loading data for subjects [5, 15, 3, 8, 2, 10, 13, 7, 6] and channels (0, 1, 2, 3, 4, 5, 6, 7, 8, 9, 10)
INFO:mylogger:Finished loading data for subjects [5, 15, 3, 8, 2, 10, 13, 7, 6] and channels (0, 1, 2, 3, 4, 5, 6, 7, 8, 9, 10)
2023-11-23 13:08:03,567 [INFO] Loading data for subjects [16, 9, 14] and channels (0, 1, 2, 3, 4, 5, 6, 7, 8, 9, 10)
INFO:mylogger:Loading data for subjects [16, 9, 14] and channels (0, 1, 2, 3, 4, 5, 6, 7, 8, 9, 10)
2023-11-23 13:08:03,590 [INFO] Finished loading data for subjects [16, 9, 14] and channels (0, 1, 2, 3, 4, 5, 6, 7, 8, 9, 10)
INFO:mylogger:Finished loading data for subjects [16, 9, 14] and channels (0, 1, 2, 3, 4, 5, 6, 7, 8, 9, 10)
2023-11-23 13:08:03,590 [INFO] Loading data for subjects [17, 4, 11] and channels (0, 1, 2, 3, 4, 5, 6, 7, 8, 9, 10)
INFO:mylogger:Loading data for subjects [17, 4, 11] and channels (0, 1, 2, 3, 4, 5, 6, 7, 8, 9, 10)
2023-11-23 13:08:03,614 [INFO] Finished loading data for subjects [17, 4, 11] and channels (0, 1, 2, 3, 4, 5, 6, 7, 8, 9, 10)
INFO:mylogger:Finished loading data for subjects [17, 4, 11] and channels (0, 1, 2, 3, 4, 5, 6, 7, 8, 9, 10)
2023-11-23 13:08:03,614 [INFO] Loading data for subjects [5, 15, 3, 8, 2, 10, 13, 7, 6] and channels (0, 1, 2, 3, 4, 5, 6, 7, 8, 9, 10)
INFO:mylogger:Loading data for subjects [5, 15, 3, 8, 2, 10, 13, 7, 6] and channels (0, 1, 2, 3, 4, 5, 6, 7, 8, 9, 10)
2023-11-23 13:08:03,689 [INFO] Finished loading data for subjects [5, 15, 3, 8, 2, 10, 13, 7, 6] and channels (0, 1, 2, 3, 4, 5, 6, 7, 8, 9, 10)
INFO:mylogger:Finished loading data for subjects [5, 15, 3, 8, 2, 10, 13, 7, 6] and channels (0, 1, 2, 3, 4, 5, 6, 7, 8, 9, 10)
2023-11-23 13:08:03,712 [INFO] Tuning of encoderM, max_evals: 9
INFO:mylogger:Tuning of encoderM, max_evals: 9
2023-11-23 13:08:03,714 [INFO] Tuning of encoderM (max_evals: 9) is being performed by another process
INFO:mylogger:Tuning of encoderM (max_evals: 9) is being performed by another process
 
 ******************************
 ******* i_fold=03 *******
 ******************************
 
Thu Nov 23 13:08:04 CST 2023
WARNING:tensorflow:Deprecation warnings have been disabled. Set TF_ENABLE_DEPRECATION_WARNINGS=1 to re-enable them.
WARNING:root:Limited tf.compat.v2.summary API due to missing TensorBoard installation.
Using TensorFlow backend.
2023-11-23 13:08:08,641 [INFO] Loading data for subjects [15, 2, 6] and channels (0, 1, 2, 3, 4, 5, 6, 7, 8, 9, 10)
INFO:mylogger:Loading data for subjects [15, 2, 6] and channels (0, 1, 2, 3, 4, 5, 6, 7, 8, 9, 10)
2023-11-23 13:08:08,671 [INFO] Finished loading data for subjects [15, 2, 6] and channels (0, 1, 2, 3, 4, 5, 6, 7, 8, 9, 10)
INFO:mylogger:Finished loading data for subjects [15, 2, 6] and channels (0, 1, 2, 3, 4, 5, 6, 7, 8, 9, 10)
2023-11-23 13:08:08,672 [INFO] Loading data for subjects [9, 3, 16] and channels (0, 1, 2, 3, 4, 5, 6, 7, 8, 9, 10)
INFO:mylogger:Loading data for subjects [9, 3, 16] and channels (0, 1, 2, 3, 4, 5, 6, 7, 8, 9, 10)
2023-11-23 13:08:08,699 [INFO] Finished loading data for subjects [9, 3, 16] and channels (0, 1, 2, 3, 4, 5, 6, 7, 8, 9, 10)
INFO:mylogger:Finished loading data for subjects [9, 3, 16] and channels (0, 1, 2, 3, 4, 5, 6, 7, 8, 9, 10)
2023-11-23 13:08:08,700 [INFO] Loading data for subjects [4, 5, 17, 8, 10, 13, 7, 14, 11] and channels (0, 1, 2, 3, 4, 5, 6, 7, 8, 9, 10)
INFO:mylogger:Loading data for subjects [4, 5, 17, 8, 10, 13, 7, 14, 11] and channels (0, 1, 2, 3, 4, 5, 6, 7, 8, 9, 10)
2023-11-23 13:08:08,782 [INFO] Finished loading data for subjects [4, 5, 17, 8, 10, 13, 7, 14, 11] and channels (0, 1, 2, 3, 4, 5, 6, 7, 8, 9, 10)
INFO:mylogger:Finished loading data for subjects [4, 5, 17, 8, 10, 13, 7, 14, 11] and channels (0, 1, 2, 3, 4, 5, 6, 7, 8, 9, 10)
2023-11-23 13:08:08,805 [INFO] Loading data for subjects [15, 2, 6] and channels (0, 1, 2, 3, 4, 5, 6, 7, 8, 9, 10)
INFO:mylogger:Loading data for subjects [15, 2, 6] and channels (0, 1, 2, 3, 4, 5, 6, 7, 8, 9, 10)
2023-11-23 13:08:08,830 [INFO] Finished loading data for subjects [15, 2, 6] and channels (0, 1, 2, 3, 4, 5, 6, 7, 8, 9, 10)
INFO:mylogger:Finished loading data for subjects [15, 2, 6] and channels (0, 1, 2, 3, 4, 5, 6, 7, 8, 9, 10)
2023-11-23 13:08:08,831 [INFO] Loading data for subjects [9, 3, 16] and channels (0, 1, 2, 3, 4, 5, 6, 7, 8, 9, 10)
INFO:mylogger:Loading data for subjects [9, 3, 16] and channels (0, 1, 2, 3, 4, 5, 6, 7, 8, 9, 10)
2023-11-23 13:08:08,853 [INFO] Finished loading data for subjects [9, 3, 16] and channels (0, 1, 2, 3, 4, 5, 6, 7, 8, 9, 10)
INFO:mylogger:Finished loading data for subjects [9, 3, 16] and channels (0, 1, 2, 3, 4, 5, 6, 7, 8, 9, 10)
2023-11-23 13:08:08,854 [INFO] Loading data for subjects [4, 5, 17, 8, 10, 13, 7, 14, 11] and channels (0, 1, 2, 3, 4, 5, 6, 7, 8, 9, 10)
INFO:mylogger:Loading data for subjects [4, 5, 17, 8, 10, 13, 7, 14, 11] and channels (0, 1, 2, 3, 4, 5, 6, 7, 8, 9, 10)
2023-11-23 13:08:08,932 [INFO] Finished loading data for subjects [4, 5, 17, 8, 10, 13, 7, 14, 11] and channels (0, 1, 2, 3, 4, 5, 6, 7, 8, 9, 10)
INFO:mylogger:Finished loading data for subjects [4, 5, 17, 8, 10, 13, 7, 14, 11] and channels (0, 1, 2, 3, 4, 5, 6, 7, 8, 9, 10)
2023-11-23 13:08:08,954 [INFO] Loading data for subjects [15, 2, 6] and channels (0, 1, 2, 3, 4, 5, 6, 7, 8, 9, 10)
INFO:mylogger:Loading data for subjects [15, 2, 6] and channels (0, 1, 2, 3, 4, 5, 6, 7, 8, 9, 10)
2023-11-23 13:08:08,978 [INFO] Finished loading data for subjects [15, 2, 6] and channels (0, 1, 2, 3, 4, 5, 6, 7, 8, 9, 10)
INFO:mylogger:Finished loading data for subjects [15, 2, 6] and channels (0, 1, 2, 3, 4, 5, 6, 7, 8, 9, 10)
2023-11-23 13:08:08,979 [INFO] Loading data for subjects [9, 3, 16] and channels (0, 1, 2, 3, 4, 5, 6, 7, 8, 9, 10)
INFO:mylogger:Loading data for subjects [9, 3, 16] and channels (0, 1, 2, 3, 4, 5, 6, 7, 8, 9, 10)
2023-11-23 13:08:09,002 [INFO] Finished loading data for subjects [9, 3, 16] and channels (0, 1, 2, 3, 4, 5, 6, 7, 8, 9, 10)
INFO:mylogger:Finished loading data for subjects [9, 3, 16] and channels (0, 1, 2, 3, 4, 5, 6, 7, 8, 9, 10)
2023-11-23 13:08:09,003 [INFO] Loading data for subjects [4, 5, 17, 8, 10, 13, 7, 14, 11] and channels (0, 1, 2, 3, 4, 5, 6, 7, 8, 9, 10)
INFO:mylogger:Loading data for subjects [4, 5, 17, 8, 10, 13, 7, 14, 11] and channels (0, 1, 2, 3, 4, 5, 6, 7, 8, 9, 10)
2023-11-23 13:08:09,079 [INFO] Finished loading data for subjects [4, 5, 17, 8, 10, 13, 7, 14, 11] and channels (0, 1, 2, 3, 4, 5, 6, 7, 8, 9, 10)
INFO:mylogger:Finished loading data for subjects [4, 5, 17, 8, 10, 13, 7, 14, 11] and channels (0, 1, 2, 3, 4, 5, 6, 7, 8, 9, 10)
2023-11-23 13:08:09,101 [INFO] Loading data for subjects [15, 2, 6] and channels (0, 1, 2, 3, 4, 5, 6, 7, 8, 9, 10)
INFO:mylogger:Loading data for subjects [15, 2, 6] and channels (0, 1, 2, 3, 4, 5, 6, 7, 8, 9, 10)
2023-11-23 13:08:09,126 [INFO] Finished loading data for subjects [15, 2, 6] and channels (0, 1, 2, 3, 4, 5, 6, 7, 8, 9, 10)
INFO:mylogger:Finished loading data for subjects [15, 2, 6] and channels (0, 1, 2, 3, 4, 5, 6, 7, 8, 9, 10)
2023-11-23 13:08:09,126 [INFO] Loading data for subjects [9, 3, 16] and channels (0, 1, 2, 3, 4, 5, 6, 7, 8, 9, 10)
INFO:mylogger:Loading data for subjects [9, 3, 16] and channels (0, 1, 2, 3, 4, 5, 6, 7, 8, 9, 10)
2023-11-23 13:08:09,148 [INFO] Finished loading data for subjects [9, 3, 16] and channels (0, 1, 2, 3, 4, 5, 6, 7, 8, 9, 10)
INFO:mylogger:Finished loading data for subjects [9, 3, 16] and channels (0, 1, 2, 3, 4, 5, 6, 7, 8, 9, 10)
2023-11-23 13:08:09,148 [INFO] Loading data for subjects [4, 5, 17, 8, 10, 13, 7, 14, 11] and channels (0, 1, 2, 3, 4, 5, 6, 7, 8, 9, 10)
INFO:mylogger:Loading data for subjects [4, 5, 17, 8, 10, 13, 7, 14, 11] and channels (0, 1, 2, 3, 4, 5, 6, 7, 8, 9, 10)
2023-11-23 13:08:09,222 [INFO] Finished loading data for subjects [4, 5, 17, 8, 10, 13, 7, 14, 11] and channels (0, 1, 2, 3, 4, 5, 6, 7, 8, 9, 10)
INFO:mylogger:Finished loading data for subjects [4, 5, 17, 8, 10, 13, 7, 14, 11] and channels (0, 1, 2, 3, 4, 5, 6, 7, 8, 9, 10)
2023-11-23 13:08:09,245 [INFO] Loading data for subjects [15, 2, 6] and channels (0, 1, 2, 3, 4, 5, 6, 7, 8, 9, 10)
INFO:mylogger:Loading data for subjects [15, 2, 6] and channels (0, 1, 2, 3, 4, 5, 6, 7, 8, 9, 10)
2023-11-23 13:08:09,268 [INFO] Finished loading data for subjects [15, 2, 6] and channels (0, 1, 2, 3, 4, 5, 6, 7, 8, 9, 10)
INFO:mylogger:Finished loading data for subjects [15, 2, 6] and channels (0, 1, 2, 3, 4, 5, 6, 7, 8, 9, 10)
2023-11-23 13:08:09,269 [INFO] Loading data for subjects [9, 3, 16] and channels (0, 1, 2, 3, 4, 5, 6, 7, 8, 9, 10)
INFO:mylogger:Loading data for subjects [9, 3, 16] and channels (0, 1, 2, 3, 4, 5, 6, 7, 8, 9, 10)
2023-11-23 13:08:09,290 [INFO] Finished loading data for subjects [9, 3, 16] and channels (0, 1, 2, 3, 4, 5, 6, 7, 8, 9, 10)
INFO:mylogger:Finished loading data for subjects [9, 3, 16] and channels (0, 1, 2, 3, 4, 5, 6, 7, 8, 9, 10)
2023-11-23 13:08:09,291 [INFO] Loading data for subjects [4, 5, 17, 8, 10, 13, 7, 14, 11] and channels (0, 1, 2, 3, 4, 5, 6, 7, 8, 9, 10)
INFO:mylogger:Loading data for subjects [4, 5, 17, 8, 10, 13, 7, 14, 11] and channels (0, 1, 2, 3, 4, 5, 6, 7, 8, 9, 10)
2023-11-23 13:08:09,363 [INFO] Finished loading data for subjects [4, 5, 17, 8, 10, 13, 7, 14, 11] and channels (0, 1, 2, 3, 4, 5, 6, 7, 8, 9, 10)
INFO:mylogger:Finished loading data for subjects [4, 5, 17, 8, 10, 13, 7, 14, 11] and channels (0, 1, 2, 3, 4, 5, 6, 7, 8, 9, 10)
2023-11-23 13:08:09,386 [INFO] Tuning of encoderM, max_evals: 9
INFO:mylogger:Tuning of encoderM, max_evals: 9
2023-11-23 13:08:09,409 [INFO] GPU 0 was taken for encoderM, tune_02.
INFO:mylogger:GPU 0 was taken for encoderM, tune_02.
WARNING:tensorflow:From /projects/bbnp/anxietyE2E/experiment/experiment.py:128: The name tf.global_variables_initializer is deprecated. Please use tf.compat.v1.global_variables_initializer instead.

WARNING:tensorflow:From /projects/bbnp/anxietyE2E/experiment/experiment.py:128: The name tf.global_variables_initializer is deprecated. Please use tf.compat.v1.global_variables_initializer instead.

2023-11-23 13:08:09,720 [INFO] Experiment for WESAD dataset, classifier: encoderM, setup: it_00, iteration: tune_02
INFO:mylogger:Experiment for WESAD dataset, classifier: encoderM, setup: it_00, iteration: tune_02
WARNING:tensorflow:From /u/alkurdi/.conda/envs/TFwesad/lib/python3.8/site-packages/keras/backend/tensorflow_backend.py:66: The name tf.get_default_graph is deprecated. Please use tf.compat.v1.get_default_graph instead.

WARNING:tensorflow:From /u/alkurdi/.conda/envs/TFwesad/lib/python3.8/site-packages/keras/backend/tensorflow_backend.py:66: The name tf.get_default_graph is deprecated. Please use tf.compat.v1.get_default_graph instead.

WARNING:tensorflow:From /u/alkurdi/.conda/envs/TFwesad/lib/python3.8/site-packages/keras/backend/tensorflow_backend.py:541: The name tf.placeholder is deprecated. Please use tf.compat.v1.placeholder instead.

WARNING:tensorflow:From /u/alkurdi/.conda/envs/TFwesad/lib/python3.8/site-packages/keras/backend/tensorflow_backend.py:541: The name tf.placeholder is deprecated. Please use tf.compat.v1.placeholder instead.

WARNING:tensorflow:From /u/alkurdi/.conda/envs/TFwesad/lib/python3.8/site-packages/keras/backend/tensorflow_backend.py:4432: The name tf.random_uniform is deprecated. Please use tf.random.uniform instead.

WARNING:tensorflow:From /u/alkurdi/.conda/envs/TFwesad/lib/python3.8/site-packages/keras/backend/tensorflow_backend.py:4432: The name tf.random_uniform is deprecated. Please use tf.random.uniform instead.

WARNING:tensorflow:From /u/alkurdi/.conda/envs/TFwesad/lib/python3.8/site-packages/keras/backend/tensorflow_backend.py:148: The name tf.placeholder_with_default is deprecated. Please use tf.compat.v1.placeholder_with_default instead.

WARNING:tensorflow:From /u/alkurdi/.conda/envs/TFwesad/lib/python3.8/site-packages/keras/backend/tensorflow_backend.py:148: The name tf.placeholder_with_default is deprecated. Please use tf.compat.v1.placeholder_with_default instead.

WARNING:tensorflow:From /u/alkurdi/.conda/envs/TFwesad/lib/python3.8/site-packages/keras/backend/tensorflow_backend.py:4267: The name tf.nn.max_pool is deprecated. Please use tf.nn.max_pool2d instead.

WARNING:tensorflow:From /u/alkurdi/.conda/envs/TFwesad/lib/python3.8/site-packages/keras/backend/tensorflow_backend.py:4267: The name tf.nn.max_pool is deprecated. Please use tf.nn.max_pool2d instead.

WARNING:tensorflow:From /u/alkurdi/.conda/envs/TFwesad/lib/python3.8/site-packages/keras/optimizers.py:793: The name tf.train.Optimizer is deprecated. Please use tf.compat.v1.train.Optimizer instead.

WARNING:tensorflow:From /u/alkurdi/.conda/envs/TFwesad/lib/python3.8/site-packages/keras/optimizers.py:793: The name tf.train.Optimizer is deprecated. Please use tf.compat.v1.train.Optimizer instead.

WARNING:tensorflow:From /u/alkurdi/.conda/envs/TFwesad/lib/python3.8/site-packages/keras/backend/tensorflow_backend.py:3576: The name tf.log is deprecated. Please use tf.math.log instead.

WARNING:tensorflow:From /u/alkurdi/.conda/envs/TFwesad/lib/python3.8/site-packages/keras/backend/tensorflow_backend.py:3576: The name tf.log is deprecated. Please use tf.math.log instead.

2023-11-23 13:08:10,984 [INFO] Created model for WESAD dataset, classifier: encoderM, setup: it_00, iteration: tune_02
INFO:mylogger:Created model for WESAD dataset, classifier: encoderM, setup: it_00, iteration: tune_02
2023-11-23 13:08:10,984 [INFO] Fitting model
INFO:mylogger:Fitting model
WARNING:tensorflow:From /u/alkurdi/.conda/envs/TFwesad/lib/python3.8/site-packages/keras/backend/tensorflow_backend.py:1033: The name tf.assign_add is deprecated. Please use tf.compat.v1.assign_add instead.

WARNING:tensorflow:From /u/alkurdi/.conda/envs/TFwesad/lib/python3.8/site-packages/keras/backend/tensorflow_backend.py:1033: The name tf.assign_add is deprecated. Please use tf.compat.v1.assign_add instead.

WARNING:tensorflow:From /u/alkurdi/.conda/envs/TFwesad/lib/python3.8/site-packages/keras/backend/tensorflow_backend.py:1020: The name tf.assign is deprecated. Please use tf.compat.v1.assign instead.

WARNING:tensorflow:From /u/alkurdi/.conda/envs/TFwesad/lib/python3.8/site-packages/keras/backend/tensorflow_backend.py:1020: The name tf.assign is deprecated. Please use tf.compat.v1.assign instead.

WARNING:tensorflow:From /u/alkurdi/.conda/envs/TFwesad/lib/python3.8/site-packages/keras/backend/tensorflow_backend.py:3005: The name tf.Session is deprecated. Please use tf.compat.v1.Session instead.

WARNING:tensorflow:From /u/alkurdi/.conda/envs/TFwesad/lib/python3.8/site-packages/keras/backend/tensorflow_backend.py:3005: The name tf.Session is deprecated. Please use tf.compat.v1.Session instead.

WARNING:tensorflow:From /u/alkurdi/.conda/envs/TFwesad/lib/python3.8/site-packages/keras/backend/tensorflow_backend.py:190: The name tf.get_default_session is deprecated. Please use tf.compat.v1.get_default_session instead.

WARNING:tensorflow:From /u/alkurdi/.conda/envs/TFwesad/lib/python3.8/site-packages/keras/backend/tensorflow_backend.py:190: The name tf.get_default_session is deprecated. Please use tf.compat.v1.get_default_session instead.

WARNING:tensorflow:From /u/alkurdi/.conda/envs/TFwesad/lib/python3.8/site-packages/keras/backend/tensorflow_backend.py:207: The name tf.global_variables is deprecated. Please use tf.compat.v1.global_variables instead.

WARNING:tensorflow:From /u/alkurdi/.conda/envs/TFwesad/lib/python3.8/site-packages/keras/backend/tensorflow_backend.py:207: The name tf.global_variables is deprecated. Please use tf.compat.v1.global_variables instead.

WARNING:tensorflow:From /u/alkurdi/.conda/envs/TFwesad/lib/python3.8/site-packages/keras/backend/tensorflow_backend.py:216: The name tf.is_variable_initialized is deprecated. Please use tf.compat.v1.is_variable_initialized instead.

WARNING:tensorflow:From /u/alkurdi/.conda/envs/TFwesad/lib/python3.8/site-packages/keras/backend/tensorflow_backend.py:216: The name tf.is_variable_initialized is deprecated. Please use tf.compat.v1.is_variable_initialized instead.

WARNING:tensorflow:From /u/alkurdi/.conda/envs/TFwesad/lib/python3.8/site-packages/keras/backend/tensorflow_backend.py:223: The name tf.variables_initializer is deprecated. Please use tf.compat.v1.variables_initializer instead.

WARNING:tensorflow:From /u/alkurdi/.conda/envs/TFwesad/lib/python3.8/site-packages/keras/backend/tensorflow_backend.py:223: The name tf.variables_initializer is deprecated. Please use tf.compat.v1.variables_initializer instead.

2023-11-23 13:26:39,817 [INFO] Loading weights and predicting
INFO:mylogger:Loading weights and predicting
2023-11-23 13:26:50,298 [INFO] Fitted model for WESAD dataset, classifier: encoderM, setup: it_00, iteration: tune_02
INFO:mylogger:Fitted model for WESAD dataset, classifier: encoderM, setup: it_00, iteration: tune_02
2023-11-23 13:26:50,299 [INFO] Finished experiment for WESAD dataset, classifier: encoderM, setup: it_00, iteration: tune_02
INFO:mylogger:Finished experiment for WESAD dataset, classifier: encoderM, setup: it_00, iteration: tune_02
2023-11-23 13:26:52,555 [INFO] Experiment for WESAD dataset, classifier: encoderM, setup: it_01, iteration: tune_02
INFO:mylogger:Experiment for WESAD dataset, classifier: encoderM, setup: it_01, iteration: tune_02
2023-11-23 13:26:52,556 [INFO] Created model for WESAD dataset, classifier: encoderM, setup: it_01, iteration: tune_02
INFO:mylogger:Created model for WESAD dataset, classifier: encoderM, setup: it_01, iteration: tune_02
2023-11-23 13:26:52,557 [INFO] Fitting model
INFO:mylogger:Fitting model
2023-11-23 13:52:25,324 [INFO] Loading weights and predicting
INFO:mylogger:Loading weights and predicting
2023-11-23 13:52:26,903 [INFO] Fitted model for WESAD dataset, classifier: encoderM, setup: it_01, iteration: tune_02
INFO:mylogger:Fitted model for WESAD dataset, classifier: encoderM, setup: it_01, iteration: tune_02
2023-11-23 13:52:26,904 [INFO] Finished experiment for WESAD dataset, classifier: encoderM, setup: it_01, iteration: tune_02
INFO:mylogger:Finished experiment for WESAD dataset, classifier: encoderM, setup: it_01, iteration: tune_02
2023-11-23 13:52:29,271 [INFO] Experiment for WESAD dataset, classifier: encoderM, setup: it_02, iteration: tune_02
INFO:mylogger:Experiment for WESAD dataset, classifier: encoderM, setup: it_02, iteration: tune_02
2023-11-23 13:52:29,272 [INFO] Created model for WESAD dataset, classifier: encoderM, setup: it_02, iteration: tune_02
INFO:mylogger:Created model for WESAD dataset, classifier: encoderM, setup: it_02, iteration: tune_02
2023-11-23 13:52:29,272 [INFO] Fitting model
INFO:mylogger:Fitting model
2023-11-23 14:09:15,884 [INFO] Loading weights and predicting
INFO:mylogger:Loading weights and predicting
2023-11-23 14:09:17,067 [INFO] Fitted model for WESAD dataset, classifier: encoderM, setup: it_02, iteration: tune_02
INFO:mylogger:Fitted model for WESAD dataset, classifier: encoderM, setup: it_02, iteration: tune_02
2023-11-23 14:09:17,068 [INFO] Finished experiment for WESAD dataset, classifier: encoderM, setup: it_02, iteration: tune_02
INFO:mylogger:Finished experiment for WESAD dataset, classifier: encoderM, setup: it_02, iteration: tune_02
2023-11-23 14:09:19,367 [INFO] Experiment for WESAD dataset, classifier: encoderM, setup: it_03, iteration: tune_02
INFO:mylogger:Experiment for WESAD dataset, classifier: encoderM, setup: it_03, iteration: tune_02
2023-11-23 14:09:19,369 [INFO] Created model for WESAD dataset, classifier: encoderM, setup: it_03, iteration: tune_02
INFO:mylogger:Created model for WESAD dataset, classifier: encoderM, setup: it_03, iteration: tune_02
2023-11-23 14:09:19,369 [INFO] Fitting model
INFO:mylogger:Fitting model
2023-11-23 14:35:22,033 [INFO] Loading weights and predicting
INFO:mylogger:Loading weights and predicting
2023-11-23 14:35:23,194 [INFO] Fitted model for WESAD dataset, classifier: encoderM, setup: it_03, iteration: tune_02
INFO:mylogger:Fitted model for WESAD dataset, classifier: encoderM, setup: it_03, iteration: tune_02
2023-11-23 14:35:23,195 [INFO] Finished experiment for WESAD dataset, classifier: encoderM, setup: it_03, iteration: tune_02
INFO:mylogger:Finished experiment for WESAD dataset, classifier: encoderM, setup: it_03, iteration: tune_02
2023-11-23 14:35:25,251 [INFO] Experiment for WESAD dataset, classifier: encoderM, setup: it_04, iteration: tune_02
INFO:mylogger:Experiment for WESAD dataset, classifier: encoderM, setup: it_04, iteration: tune_02
2023-11-23 14:35:25,253 [INFO] Created model for WESAD dataset, classifier: encoderM, setup: it_04, iteration: tune_02
INFO:mylogger:Created model for WESAD dataset, classifier: encoderM, setup: it_04, iteration: tune_02
2023-11-23 14:35:25,253 [INFO] Fitting model
INFO:mylogger:Fitting model
2023-11-23 14:59:18,148 [INFO] Loading weights and predicting
INFO:mylogger:Loading weights and predicting
2023-11-23 14:59:19,331 [INFO] Fitted model for WESAD dataset, classifier: encoderM, setup: it_04, iteration: tune_02
INFO:mylogger:Fitted model for WESAD dataset, classifier: encoderM, setup: it_04, iteration: tune_02
2023-11-23 14:59:19,332 [INFO] Finished experiment for WESAD dataset, classifier: encoderM, setup: it_04, iteration: tune_02
INFO:mylogger:Finished experiment for WESAD dataset, classifier: encoderM, setup: it_04, iteration: tune_02
2023-11-23 14:59:19,333 [INFO] GPU 0 was released by encoderM, tune_02.
INFO:mylogger:GPU 0 was released by encoderM, tune_02.
2023-11-23 14:59:19,372 [INFO] GPU 0 was taken for encoderM, tune_03.
INFO:mylogger:GPU 0 was taken for encoderM, tune_03.
2023-11-23 14:59:19,385 [INFO] Experiment for WESAD dataset, classifier: encoderM, setup: it_00, iteration: tune_03
INFO:mylogger:Experiment for WESAD dataset, classifier: encoderM, setup: it_00, iteration: tune_03
2023-11-23 14:59:20,910 [INFO] Created model for WESAD dataset, classifier: encoderM, setup: it_00, iteration: tune_03
INFO:mylogger:Created model for WESAD dataset, classifier: encoderM, setup: it_00, iteration: tune_03
2023-11-23 14:59:20,911 [INFO] Fitting model
INFO:mylogger:Fitting model
2023-11-23 15:06:38,892 [INFO] Loading weights and predicting
INFO:mylogger:Loading weights and predicting
2023-11-23 15:06:43,396 [INFO] Fitted model for WESAD dataset, classifier: encoderM, setup: it_00, iteration: tune_03
INFO:mylogger:Fitted model for WESAD dataset, classifier: encoderM, setup: it_00, iteration: tune_03
2023-11-23 15:06:43,397 [INFO] Finished experiment for WESAD dataset, classifier: encoderM, setup: it_00, iteration: tune_03
INFO:mylogger:Finished experiment for WESAD dataset, classifier: encoderM, setup: it_00, iteration: tune_03
2023-11-23 15:06:45,021 [INFO] Experiment for WESAD dataset, classifier: encoderM, setup: it_01, iteration: tune_03
INFO:mylogger:Experiment for WESAD dataset, classifier: encoderM, setup: it_01, iteration: tune_03
2023-11-23 15:06:45,022 [INFO] Created model for WESAD dataset, classifier: encoderM, setup: it_01, iteration: tune_03
INFO:mylogger:Created model for WESAD dataset, classifier: encoderM, setup: it_01, iteration: tune_03
2023-11-23 15:06:45,023 [INFO] Fitting model
INFO:mylogger:Fitting model
2023-11-23 15:13:17,778 [INFO] Loading weights and predicting
INFO:mylogger:Loading weights and predicting
2023-11-23 15:13:18,456 [INFO] Fitted model for WESAD dataset, classifier: encoderM, setup: it_01, iteration: tune_03
INFO:mylogger:Fitted model for WESAD dataset, classifier: encoderM, setup: it_01, iteration: tune_03
2023-11-23 15:13:18,456 [INFO] Finished experiment for WESAD dataset, classifier: encoderM, setup: it_01, iteration: tune_03
INFO:mylogger:Finished experiment for WESAD dataset, classifier: encoderM, setup: it_01, iteration: tune_03
2023-11-23 15:13:20,101 [INFO] Experiment for WESAD dataset, classifier: encoderM, setup: it_02, iteration: tune_03
INFO:mylogger:Experiment for WESAD dataset, classifier: encoderM, setup: it_02, iteration: tune_03
2023-11-23 15:13:20,103 [INFO] Created model for WESAD dataset, classifier: encoderM, setup: it_02, iteration: tune_03
INFO:mylogger:Created model for WESAD dataset, classifier: encoderM, setup: it_02, iteration: tune_03
2023-11-23 15:13:20,103 [INFO] Fitting model
INFO:mylogger:Fitting model
2023-11-23 15:20:41,319 [INFO] Loading weights and predicting
INFO:mylogger:Loading weights and predicting
2023-11-23 15:20:44,513 [INFO] Fitted model for WESAD dataset, classifier: encoderM, setup: it_02, iteration: tune_03
INFO:mylogger:Fitted model for WESAD dataset, classifier: encoderM, setup: it_02, iteration: tune_03
2023-11-23 15:20:44,514 [INFO] Finished experiment for WESAD dataset, classifier: encoderM, setup: it_02, iteration: tune_03
INFO:mylogger:Finished experiment for WESAD dataset, classifier: encoderM, setup: it_02, iteration: tune_03
2023-11-23 15:20:46,984 [INFO] Experiment for WESAD dataset, classifier: encoderM, setup: it_03, iteration: tune_03
INFO:mylogger:Experiment for WESAD dataset, classifier: encoderM, setup: it_03, iteration: tune_03
2023-11-23 15:20:46,986 [INFO] Created model for WESAD dataset, classifier: encoderM, setup: it_03, iteration: tune_03
INFO:mylogger:Created model for WESAD dataset, classifier: encoderM, setup: it_03, iteration: tune_03
2023-11-23 15:20:46,986 [INFO] Fitting model
INFO:mylogger:Fitting model
2023-11-23 15:26:58,072 [INFO] Loading weights and predicting
INFO:mylogger:Loading weights and predicting
2023-11-23 15:26:58,752 [INFO] Fitted model for WESAD dataset, classifier: encoderM, setup: it_03, iteration: tune_03
INFO:mylogger:Fitted model for WESAD dataset, classifier: encoderM, setup: it_03, iteration: tune_03
2023-11-23 15:26:58,752 [INFO] Finished experiment for WESAD dataset, classifier: encoderM, setup: it_03, iteration: tune_03
INFO:mylogger:Finished experiment for WESAD dataset, classifier: encoderM, setup: it_03, iteration: tune_03
2023-11-23 15:27:00,391 [INFO] Experiment for WESAD dataset, classifier: encoderM, setup: it_04, iteration: tune_03
INFO:mylogger:Experiment for WESAD dataset, classifier: encoderM, setup: it_04, iteration: tune_03
2023-11-23 15:27:00,393 [INFO] Created model for WESAD dataset, classifier: encoderM, setup: it_04, iteration: tune_03
INFO:mylogger:Created model for WESAD dataset, classifier: encoderM, setup: it_04, iteration: tune_03
2023-11-23 15:27:00,393 [INFO] Fitting model
INFO:mylogger:Fitting model
2023-11-23 15:33:58,237 [INFO] Loading weights and predicting
INFO:mylogger:Loading weights and predicting
2023-11-23 15:33:58,905 [INFO] Fitted model for WESAD dataset, classifier: encoderM, setup: it_04, iteration: tune_03
INFO:mylogger:Fitted model for WESAD dataset, classifier: encoderM, setup: it_04, iteration: tune_03
2023-11-23 15:33:58,906 [INFO] Finished experiment for WESAD dataset, classifier: encoderM, setup: it_04, iteration: tune_03
INFO:mylogger:Finished experiment for WESAD dataset, classifier: encoderM, setup: it_04, iteration: tune_03
2023-11-23 15:33:58,907 [INFO] GPU 0 was released by encoderM, tune_03.
INFO:mylogger:GPU 0 was released by encoderM, tune_03.
2023-11-23 15:33:59,153 [INFO] GPU 0 was taken for encoderM, tune_04.
INFO:mylogger:GPU 0 was taken for encoderM, tune_04.
2023-11-23 15:33:59,512 [INFO] Experiment for WESAD dataset, classifier: encoderM, setup: it_00, iteration: tune_04
INFO:mylogger:Experiment for WESAD dataset, classifier: encoderM, setup: it_00, iteration: tune_04
2023-11-23 15:34:01,857 [INFO] Created model for WESAD dataset, classifier: encoderM, setup: it_00, iteration: tune_04
INFO:mylogger:Created model for WESAD dataset, classifier: encoderM, setup: it_00, iteration: tune_04
2023-11-23 15:34:01,857 [INFO] Fitting model
INFO:mylogger:Fitting model
2023-11-23 15:43:51,258 [INFO] Loading weights and predicting
INFO:mylogger:Loading weights and predicting
/u/alkurdi/.conda/envs/TFwesad/lib/python3.8/site-packages/sklearn/metrics/_classification.py:1334: UndefinedMetricWarning: Precision is ill-defined and being set to 0.0 in labels with no predicted samples. Use `zero_division` parameter to control this behavior.
  _warn_prf(average, modifier, msg_start, len(result))

2023-11-23 15:44:00,379 [INFO] Fitted model for WESAD dataset, classifier: encoderM, setup: it_00, iteration: tune_04
INFO:mylogger:Fitted model for WESAD dataset, classifier: encoderM, setup: it_00, iteration: tune_04
2023-11-23 15:44:00,380 [INFO] Finished experiment for WESAD dataset, classifier: encoderM, setup: it_00, iteration: tune_04
INFO:mylogger:Finished experiment for WESAD dataset, classifier: encoderM, setup: it_00, iteration: tune_04
2023-11-23 15:44:02,231 [INFO] Experiment for WESAD dataset, classifier: encoderM, setup: it_01, iteration: tune_04
INFO:mylogger:Experiment for WESAD dataset, classifier: encoderM, setup: it_01, iteration: tune_04
2023-11-23 15:44:02,232 [INFO] Created model for WESAD dataset, classifier: encoderM, setup: it_01, iteration: tune_04
INFO:mylogger:Created model for WESAD dataset, classifier: encoderM, setup: it_01, iteration: tune_04
2023-11-23 15:44:02,232 [INFO] Fitting model
INFO:mylogger:Fitting model
2023-11-23 15:53:06,104 [INFO] Loading weights and predicting
INFO:mylogger:Loading weights and predicting
/u/alkurdi/.conda/envs/TFwesad/lib/python3.8/site-packages/sklearn/metrics/_classification.py:1334: UndefinedMetricWarning: Precision is ill-defined and being set to 0.0 in labels with no predicted samples. Use `zero_division` parameter to control this behavior.
  _warn_prf(average, modifier, msg_start, len(result))

2023-11-23 15:53:07,608 [INFO] Fitted model for WESAD dataset, classifier: encoderM, setup: it_01, iteration: tune_04
INFO:mylogger:Fitted model for WESAD dataset, classifier: encoderM, setup: it_01, iteration: tune_04
2023-11-23 15:53:07,609 [INFO] Finished experiment for WESAD dataset, classifier: encoderM, setup: it_01, iteration: tune_04
INFO:mylogger:Finished experiment for WESAD dataset, classifier: encoderM, setup: it_01, iteration: tune_04
2023-11-23 15:53:09,474 [INFO] Experiment for WESAD dataset, classifier: encoderM, setup: it_02, iteration: tune_04
INFO:mylogger:Experiment for WESAD dataset, classifier: encoderM, setup: it_02, iteration: tune_04
2023-11-23 15:53:09,477 [INFO] Created model for WESAD dataset, classifier: encoderM, setup: it_02, iteration: tune_04
INFO:mylogger:Created model for WESAD dataset, classifier: encoderM, setup: it_02, iteration: tune_04
2023-11-23 15:53:09,477 [INFO] Fitting model
INFO:mylogger:Fitting model
2023-11-23 16:02:12,586 [INFO] Loading weights and predicting
INFO:mylogger:Loading weights and predicting
/u/alkurdi/.conda/envs/TFwesad/lib/python3.8/site-packages/sklearn/metrics/_classification.py:1334: UndefinedMetricWarning: Precision is ill-defined and being set to 0.0 in labels with no predicted samples. Use `zero_division` parameter to control this behavior.
  _warn_prf(average, modifier, msg_start, len(result))

2023-11-23 16:02:13,896 [INFO] Fitted model for WESAD dataset, classifier: encoderM, setup: it_02, iteration: tune_04
INFO:mylogger:Fitted model for WESAD dataset, classifier: encoderM, setup: it_02, iteration: tune_04
2023-11-23 16:02:13,897 [INFO] Finished experiment for WESAD dataset, classifier: encoderM, setup: it_02, iteration: tune_04
INFO:mylogger:Finished experiment for WESAD dataset, classifier: encoderM, setup: it_02, iteration: tune_04
2023-11-23 16:02:15,753 [INFO] Experiment for WESAD dataset, classifier: encoderM, setup: it_03, iteration: tune_04
INFO:mylogger:Experiment for WESAD dataset, classifier: encoderM, setup: it_03, iteration: tune_04
2023-11-23 16:02:15,755 [INFO] Created model for WESAD dataset, classifier: encoderM, setup: it_03, iteration: tune_04
INFO:mylogger:Created model for WESAD dataset, classifier: encoderM, setup: it_03, iteration: tune_04
2023-11-23 16:02:15,755 [INFO] Fitting model
INFO:mylogger:Fitting model
2023-11-23 16:11:19,470 [INFO] Loading weights and predicting
INFO:mylogger:Loading weights and predicting
/u/alkurdi/.conda/envs/TFwesad/lib/python3.8/site-packages/sklearn/metrics/_classification.py:1334: UndefinedMetricWarning: Precision is ill-defined and being set to 0.0 in labels with no predicted samples. Use `zero_division` parameter to control this behavior.
  _warn_prf(average, modifier, msg_start, len(result))

2023-11-23 16:11:21,061 [INFO] Fitted model for WESAD dataset, classifier: encoderM, setup: it_03, iteration: tune_04
INFO:mylogger:Fitted model for WESAD dataset, classifier: encoderM, setup: it_03, iteration: tune_04
2023-11-23 16:11:21,062 [INFO] Finished experiment for WESAD dataset, classifier: encoderM, setup: it_03, iteration: tune_04
INFO:mylogger:Finished experiment for WESAD dataset, classifier: encoderM, setup: it_03, iteration: tune_04
2023-11-23 16:11:23,068 [INFO] Experiment for WESAD dataset, classifier: encoderM, setup: it_04, iteration: tune_04
INFO:mylogger:Experiment for WESAD dataset, classifier: encoderM, setup: it_04, iteration: tune_04
2023-11-23 16:11:23,070 [INFO] Created model for WESAD dataset, classifier: encoderM, setup: it_04, iteration: tune_04
INFO:mylogger:Created model for WESAD dataset, classifier: encoderM, setup: it_04, iteration: tune_04
2023-11-23 16:11:23,070 [INFO] Fitting model
INFO:mylogger:Fitting model
2023-11-23 16:20:25,940 [INFO] Loading weights and predicting
INFO:mylogger:Loading weights and predicting
/u/alkurdi/.conda/envs/TFwesad/lib/python3.8/site-packages/sklearn/metrics/_classification.py:1334: UndefinedMetricWarning: Precision is ill-defined and being set to 0.0 in labels with no predicted samples. Use `zero_division` parameter to control this behavior.
  _warn_prf(average, modifier, msg_start, len(result))

2023-11-23 16:20:27,236 [INFO] Fitted model for WESAD dataset, classifier: encoderM, setup: it_04, iteration: tune_04
INFO:mylogger:Fitted model for WESAD dataset, classifier: encoderM, setup: it_04, iteration: tune_04
2023-11-23 16:20:27,237 [INFO] Finished experiment for WESAD dataset, classifier: encoderM, setup: it_04, iteration: tune_04
INFO:mylogger:Finished experiment for WESAD dataset, classifier: encoderM, setup: it_04, iteration: tune_04
2023-11-23 16:20:27,237 [INFO] GPU 0 was released by encoderM, tune_04.
INFO:mylogger:GPU 0 was released by encoderM, tune_04.
2023-11-23 16:20:27,271 [INFO] GPU 0 was taken for encoderM, tune_05.
INFO:mylogger:GPU 0 was taken for encoderM, tune_05.
2023-11-23 16:20:27,285 [INFO] Experiment for WESAD dataset, classifier: encoderM, setup: it_00, iteration: tune_05
INFO:mylogger:Experiment for WESAD dataset, classifier: encoderM, setup: it_00, iteration: tune_05
2023-11-23 16:20:28,366 [INFO] Created model for WESAD dataset, classifier: encoderM, setup: it_00, iteration: tune_05
INFO:mylogger:Created model for WESAD dataset, classifier: encoderM, setup: it_00, iteration: tune_05
2023-11-23 16:20:28,366 [INFO] Fitting model
INFO:mylogger:Fitting model
2023-11-23 16:34:09,338 [INFO] Loading weights and predicting
INFO:mylogger:Loading weights and predicting
/u/alkurdi/.conda/envs/TFwesad/lib/python3.8/site-packages/sklearn/metrics/_classification.py:1334: UndefinedMetricWarning: Precision is ill-defined and being set to 0.0 in labels with no predicted samples. Use `zero_division` parameter to control this behavior.
  _warn_prf(average, modifier, msg_start, len(result))

2023-11-23 16:34:18,042 [INFO] Fitted model for WESAD dataset, classifier: encoderM, setup: it_00, iteration: tune_05
INFO:mylogger:Fitted model for WESAD dataset, classifier: encoderM, setup: it_00, iteration: tune_05
2023-11-23 16:34:18,043 [INFO] Finished experiment for WESAD dataset, classifier: encoderM, setup: it_00, iteration: tune_05
INFO:mylogger:Finished experiment for WESAD dataset, classifier: encoderM, setup: it_00, iteration: tune_05
2023-11-23 16:34:20,180 [INFO] Experiment for WESAD dataset, classifier: encoderM, setup: it_01, iteration: tune_05
INFO:mylogger:Experiment for WESAD dataset, classifier: encoderM, setup: it_01, iteration: tune_05
2023-11-23 16:34:20,182 [INFO] Created model for WESAD dataset, classifier: encoderM, setup: it_01, iteration: tune_05
INFO:mylogger:Created model for WESAD dataset, classifier: encoderM, setup: it_01, iteration: tune_05
2023-11-23 16:34:20,182 [INFO] Fitting model
INFO:mylogger:Fitting model
2023-11-23 16:47:16,290 [INFO] Loading weights and predicting
INFO:mylogger:Loading weights and predicting
/u/alkurdi/.conda/envs/TFwesad/lib/python3.8/site-packages/sklearn/metrics/_classification.py:1334: UndefinedMetricWarning: Precision is ill-defined and being set to 0.0 in labels with no predicted samples. Use `zero_division` parameter to control this behavior.
  _warn_prf(average, modifier, msg_start, len(result))

2023-11-23 16:47:17,954 [INFO] Fitted model for WESAD dataset, classifier: encoderM, setup: it_01, iteration: tune_05
INFO:mylogger:Fitted model for WESAD dataset, classifier: encoderM, setup: it_01, iteration: tune_05
2023-11-23 16:47:17,955 [INFO] Finished experiment for WESAD dataset, classifier: encoderM, setup: it_01, iteration: tune_05
INFO:mylogger:Finished experiment for WESAD dataset, classifier: encoderM, setup: it_01, iteration: tune_05
2023-11-23 16:47:20,108 [INFO] Experiment for WESAD dataset, classifier: encoderM, setup: it_02, iteration: tune_05
INFO:mylogger:Experiment for WESAD dataset, classifier: encoderM, setup: it_02, iteration: tune_05
2023-11-23 16:47:20,109 [INFO] Created model for WESAD dataset, classifier: encoderM, setup: it_02, iteration: tune_05
INFO:mylogger:Created model for WESAD dataset, classifier: encoderM, setup: it_02, iteration: tune_05
2023-11-23 16:47:20,109 [INFO] Fitting model
INFO:mylogger:Fitting model
2023-11-23 17:00:14,456 [INFO] Loading weights and predicting
INFO:mylogger:Loading weights and predicting
/u/alkurdi/.conda/envs/TFwesad/lib/python3.8/site-packages/sklearn/metrics/_classification.py:1334: UndefinedMetricWarning: Precision is ill-defined and being set to 0.0 in labels with no predicted samples. Use `zero_division` parameter to control this behavior.
  _warn_prf(average, modifier, msg_start, len(result))

2023-11-23 17:00:16,324 [INFO] Fitted model for WESAD dataset, classifier: encoderM, setup: it_02, iteration: tune_05
INFO:mylogger:Fitted model for WESAD dataset, classifier: encoderM, setup: it_02, iteration: tune_05
2023-11-23 17:00:16,325 [INFO] Finished experiment for WESAD dataset, classifier: encoderM, setup: it_02, iteration: tune_05
INFO:mylogger:Finished experiment for WESAD dataset, classifier: encoderM, setup: it_02, iteration: tune_05
2023-11-23 17:00:18,507 [INFO] Experiment for WESAD dataset, classifier: encoderM, setup: it_03, iteration: tune_05
INFO:mylogger:Experiment for WESAD dataset, classifier: encoderM, setup: it_03, iteration: tune_05
2023-11-23 17:00:18,508 [INFO] Created model for WESAD dataset, classifier: encoderM, setup: it_03, iteration: tune_05
INFO:mylogger:Created model for WESAD dataset, classifier: encoderM, setup: it_03, iteration: tune_05
2023-11-23 17:00:18,508 [INFO] Fitting model
INFO:mylogger:Fitting model
2023-11-23 17:13:12,461 [INFO] Loading weights and predicting
INFO:mylogger:Loading weights and predicting
/u/alkurdi/.conda/envs/TFwesad/lib/python3.8/site-packages/sklearn/metrics/_classification.py:1334: UndefinedMetricWarning: Precision is ill-defined and being set to 0.0 in labels with no predicted samples. Use `zero_division` parameter to control this behavior.
  _warn_prf(average, modifier, msg_start, len(result))

2023-11-23 17:13:14,644 [INFO] Fitted model for WESAD dataset, classifier: encoderM, setup: it_03, iteration: tune_05
INFO:mylogger:Fitted model for WESAD dataset, classifier: encoderM, setup: it_03, iteration: tune_05
2023-11-23 17:13:14,645 [INFO] Finished experiment for WESAD dataset, classifier: encoderM, setup: it_03, iteration: tune_05
INFO:mylogger:Finished experiment for WESAD dataset, classifier: encoderM, setup: it_03, iteration: tune_05
2023-11-23 17:13:16,816 [INFO] Experiment for WESAD dataset, classifier: encoderM, setup: it_04, iteration: tune_05
INFO:mylogger:Experiment for WESAD dataset, classifier: encoderM, setup: it_04, iteration: tune_05
2023-11-23 17:13:16,817 [INFO] Created model for WESAD dataset, classifier: encoderM, setup: it_04, iteration: tune_05
INFO:mylogger:Created model for WESAD dataset, classifier: encoderM, setup: it_04, iteration: tune_05
2023-11-23 17:13:16,817 [INFO] Fitting model
INFO:mylogger:Fitting model
2023-11-23 17:26:10,846 [INFO] Loading weights and predicting
INFO:mylogger:Loading weights and predicting
/u/alkurdi/.conda/envs/TFwesad/lib/python3.8/site-packages/sklearn/metrics/_classification.py:1334: UndefinedMetricWarning: Precision is ill-defined and being set to 0.0 in labels with no predicted samples. Use `zero_division` parameter to control this behavior.
  _warn_prf(average, modifier, msg_start, len(result))

2023-11-23 17:26:13,027 [INFO] Fitted model for WESAD dataset, classifier: encoderM, setup: it_04, iteration: tune_05
INFO:mylogger:Fitted model for WESAD dataset, classifier: encoderM, setup: it_04, iteration: tune_05
2023-11-23 17:26:13,028 [INFO] Finished experiment for WESAD dataset, classifier: encoderM, setup: it_04, iteration: tune_05
INFO:mylogger:Finished experiment for WESAD dataset, classifier: encoderM, setup: it_04, iteration: tune_05
2023-11-23 17:26:13,029 [INFO] GPU 0 was released by encoderM, tune_05.
INFO:mylogger:GPU 0 was released by encoderM, tune_05.
2023-11-23 17:26:13,215 [INFO] GPU 0 was taken for encoderM, tune_06.
INFO:mylogger:GPU 0 was taken for encoderM, tune_06.
2023-11-23 17:26:13,242 [INFO] Experiment for WESAD dataset, classifier: encoderM, setup: it_00, iteration: tune_06
INFO:mylogger:Experiment for WESAD dataset, classifier: encoderM, setup: it_00, iteration: tune_06
2023-11-23 17:26:14,336 [INFO] Created model for WESAD dataset, classifier: encoderM, setup: it_00, iteration: tune_06
INFO:mylogger:Created model for WESAD dataset, classifier: encoderM, setup: it_00, iteration: tune_06
2023-11-23 17:26:14,336 [INFO] Fitting model
INFO:mylogger:Fitting model
2023-11-23 17:42:14,191 [INFO] Loading weights and predicting
INFO:mylogger:Loading weights and predicting
2023-11-23 17:42:18,410 [INFO] Fitted model for WESAD dataset, classifier: encoderM, setup: it_00, iteration: tune_06
INFO:mylogger:Fitted model for WESAD dataset, classifier: encoderM, setup: it_00, iteration: tune_06
2023-11-23 17:42:18,410 [INFO] Finished experiment for WESAD dataset, classifier: encoderM, setup: it_00, iteration: tune_06
INFO:mylogger:Finished experiment for WESAD dataset, classifier: encoderM, setup: it_00, iteration: tune_06
2023-11-23 17:42:20,366 [INFO] Experiment for WESAD dataset, classifier: encoderM, setup: it_01, iteration: tune_06
INFO:mylogger:Experiment for WESAD dataset, classifier: encoderM, setup: it_01, iteration: tune_06
2023-11-23 17:42:20,368 [INFO] Created model for WESAD dataset, classifier: encoderM, setup: it_01, iteration: tune_06
INFO:mylogger:Created model for WESAD dataset, classifier: encoderM, setup: it_01, iteration: tune_06
2023-11-23 17:42:20,368 [INFO] Fitting model
INFO:mylogger:Fitting model
2023-11-23 18:00:26,905 [INFO] Loading weights and predicting
INFO:mylogger:Loading weights and predicting
2023-11-23 18:00:28,534 [INFO] Fitted model for WESAD dataset, classifier: encoderM, setup: it_01, iteration: tune_06
INFO:mylogger:Fitted model for WESAD dataset, classifier: encoderM, setup: it_01, iteration: tune_06
2023-11-23 18:00:28,535 [INFO] Finished experiment for WESAD dataset, classifier: encoderM, setup: it_01, iteration: tune_06
INFO:mylogger:Finished experiment for WESAD dataset, classifier: encoderM, setup: it_01, iteration: tune_06
2023-11-23 18:00:30,540 [INFO] Experiment for WESAD dataset, classifier: encoderM, setup: it_02, iteration: tune_06
INFO:mylogger:Experiment for WESAD dataset, classifier: encoderM, setup: it_02, iteration: tune_06
2023-11-23 18:00:30,541 [INFO] Created model for WESAD dataset, classifier: encoderM, setup: it_02, iteration: tune_06
INFO:mylogger:Created model for WESAD dataset, classifier: encoderM, setup: it_02, iteration: tune_06
2023-11-23 18:00:30,541 [INFO] Fitting model
INFO:mylogger:Fitting model
2023-11-23 18:15:42,486 [INFO] Loading weights and predicting
INFO:mylogger:Loading weights and predicting
2023-11-23 18:15:43,907 [INFO] Fitted model for WESAD dataset, classifier: encoderM, setup: it_02, iteration: tune_06
INFO:mylogger:Fitted model for WESAD dataset, classifier: encoderM, setup: it_02, iteration: tune_06
2023-11-23 18:15:43,908 [INFO] Finished experiment for WESAD dataset, classifier: encoderM, setup: it_02, iteration: tune_06
INFO:mylogger:Finished experiment for WESAD dataset, classifier: encoderM, setup: it_02, iteration: tune_06
2023-11-23 18:15:45,868 [INFO] Experiment for WESAD dataset, classifier: encoderM, setup: it_03, iteration: tune_06
INFO:mylogger:Experiment for WESAD dataset, classifier: encoderM, setup: it_03, iteration: tune_06
2023-11-23 18:15:45,869 [INFO] Created model for WESAD dataset, classifier: encoderM, setup: it_03, iteration: tune_06
INFO:mylogger:Created model for WESAD dataset, classifier: encoderM, setup: it_03, iteration: tune_06
2023-11-23 18:15:45,869 [INFO] Fitting model
INFO:mylogger:Fitting model
2023-11-23 18:32:07,320 [INFO] Loading weights and predicting
INFO:mylogger:Loading weights and predicting
2023-11-23 18:32:08,729 [INFO] Fitted model for WESAD dataset, classifier: encoderM, setup: it_03, iteration: tune_06
INFO:mylogger:Fitted model for WESAD dataset, classifier: encoderM, setup: it_03, iteration: tune_06
2023-11-23 18:32:08,730 [INFO] Finished experiment for WESAD dataset, classifier: encoderM, setup: it_03, iteration: tune_06
INFO:mylogger:Finished experiment for WESAD dataset, classifier: encoderM, setup: it_03, iteration: tune_06
2023-11-23 18:32:10,714 [INFO] Experiment for WESAD dataset, classifier: encoderM, setup: it_04, iteration: tune_06
INFO:mylogger:Experiment for WESAD dataset, classifier: encoderM, setup: it_04, iteration: tune_06
2023-11-23 18:32:10,715 [INFO] Created model for WESAD dataset, classifier: encoderM, setup: it_04, iteration: tune_06
INFO:mylogger:Created model for WESAD dataset, classifier: encoderM, setup: it_04, iteration: tune_06
2023-11-23 18:32:10,715 [INFO] Fitting model
INFO:mylogger:Fitting model
2023-11-23 18:46:47,176 [INFO] Loading weights and predicting
INFO:mylogger:Loading weights and predicting
2023-11-23 18:46:47,972 [INFO] Fitted model for WESAD dataset, classifier: encoderM, setup: it_04, iteration: tune_06
INFO:mylogger:Fitted model for WESAD dataset, classifier: encoderM, setup: it_04, iteration: tune_06
2023-11-23 18:46:47,973 [INFO] Finished experiment for WESAD dataset, classifier: encoderM, setup: it_04, iteration: tune_06
INFO:mylogger:Finished experiment for WESAD dataset, classifier: encoderM, setup: it_04, iteration: tune_06
2023-11-23 18:46:47,973 [INFO] GPU 0 was released by encoderM, tune_06.
INFO:mylogger:GPU 0 was released by encoderM, tune_06.
2023-11-23 18:46:48,317 [INFO] GPU 0 was taken for encoderM, tune_07.
INFO:mylogger:GPU 0 was taken for encoderM, tune_07.
2023-11-23 18:46:48,765 [INFO] Experiment for WESAD dataset, classifier: encoderM, setup: it_00, iteration: tune_07
INFO:mylogger:Experiment for WESAD dataset, classifier: encoderM, setup: it_00, iteration: tune_07
2023-11-23 18:46:49,897 [INFO] Created model for WESAD dataset, classifier: encoderM, setup: it_00, iteration: tune_07
INFO:mylogger:Created model for WESAD dataset, classifier: encoderM, setup: it_00, iteration: tune_07
2023-11-23 18:46:49,897 [INFO] Fitting model
INFO:mylogger:Fitting model
2023-11-23 18:55:53,041 [INFO] Loading weights and predicting
INFO:mylogger:Loading weights and predicting
/u/alkurdi/.conda/envs/TFwesad/lib/python3.8/site-packages/sklearn/metrics/_classification.py:1334: UndefinedMetricWarning: Precision is ill-defined and being set to 0.0 in labels with no predicted samples. Use `zero_division` parameter to control this behavior.
  _warn_prf(average, modifier, msg_start, len(result))

2023-11-23 18:55:57,672 [INFO] Fitted model for WESAD dataset, classifier: encoderM, setup: it_00, iteration: tune_07
INFO:mylogger:Fitted model for WESAD dataset, classifier: encoderM, setup: it_00, iteration: tune_07
2023-11-23 18:55:57,673 [INFO] Finished experiment for WESAD dataset, classifier: encoderM, setup: it_00, iteration: tune_07
INFO:mylogger:Finished experiment for WESAD dataset, classifier: encoderM, setup: it_00, iteration: tune_07
2023-11-23 18:55:59,605 [INFO] Experiment for WESAD dataset, classifier: encoderM, setup: it_01, iteration: tune_07
INFO:mylogger:Experiment for WESAD dataset, classifier: encoderM, setup: it_01, iteration: tune_07
2023-11-23 18:55:59,606 [INFO] Created model for WESAD dataset, classifier: encoderM, setup: it_01, iteration: tune_07
INFO:mylogger:Created model for WESAD dataset, classifier: encoderM, setup: it_01, iteration: tune_07
2023-11-23 18:55:59,607 [INFO] Fitting model
INFO:mylogger:Fitting model
2023-11-23 19:04:07,956 [INFO] Loading weights and predicting
INFO:mylogger:Loading weights and predicting
/u/alkurdi/.conda/envs/TFwesad/lib/python3.8/site-packages/sklearn/metrics/_classification.py:1334: UndefinedMetricWarning: Precision is ill-defined and being set to 0.0 in labels with no predicted samples. Use `zero_division` parameter to control this behavior.
  _warn_prf(average, modifier, msg_start, len(result))

2023-11-23 19:04:09,275 [INFO] Fitted model for WESAD dataset, classifier: encoderM, setup: it_01, iteration: tune_07
INFO:mylogger:Fitted model for WESAD dataset, classifier: encoderM, setup: it_01, iteration: tune_07
2023-11-23 19:04:09,276 [INFO] Finished experiment for WESAD dataset, classifier: encoderM, setup: it_01, iteration: tune_07
INFO:mylogger:Finished experiment for WESAD dataset, classifier: encoderM, setup: it_01, iteration: tune_07
2023-11-23 19:04:11,168 [INFO] Experiment for WESAD dataset, classifier: encoderM, setup: it_02, iteration: tune_07
INFO:mylogger:Experiment for WESAD dataset, classifier: encoderM, setup: it_02, iteration: tune_07
2023-11-23 19:04:11,170 [INFO] Created model for WESAD dataset, classifier: encoderM, setup: it_02, iteration: tune_07
INFO:mylogger:Created model for WESAD dataset, classifier: encoderM, setup: it_02, iteration: tune_07
2023-11-23 19:04:11,170 [INFO] Fitting model
INFO:mylogger:Fitting model
slurmstepd: error: *** JOB 2687240 ON gpub009 CANCELLED AT 2023-11-23T19:08:07 DUE TO TIME LIMIT ***
srun: Job step aborted: Waiting up to 32 seconds for job step to finish.
slurmstepd: error: *** STEP 2687240.3 ON gpub009 CANCELLED AT 2023-11-23T19:08:07 DUE TO TIME LIMIT ***
