
Currently Loaded Modules:
  1) cue-login-env/1.0   3) ucx/1.11.2      5) cuda/11.6.1   7) default
  2) gcc/11.2.0          4) openmpi/4.1.2   6) modtree/gpu

 

job is starting on gpub060.delta.ncsa.illinois.edu
dataset=wesad
clas=cnnM
max_eval=8
CUDA_VISIBLE_DEVICES=0
 
 ******************************
 ******* i_fold=00 *******
 ******************************
 
Thu Nov 23 13:05:17 CST 2023
WARNING:tensorflow:Deprecation warnings have been disabled. Set TF_ENABLE_DEPRECATION_WARNINGS=1 to re-enable them.
WARNING:root:Limited tf.compat.v2.summary API due to missing TensorBoard installation.
Using TensorFlow backend.
2023-11-23 13:06:06,780 [INFO] Loading data for subjects [4, 3, 13] and channels (0, 1, 2, 3, 4, 5, 6, 7, 8, 9, 10)
INFO:mylogger:Loading data for subjects [4, 3, 13] and channels (0, 1, 2, 3, 4, 5, 6, 7, 8, 9, 10)
2023-11-23 13:06:06,858 [INFO] Finished loading data for subjects [4, 3, 13] and channels (0, 1, 2, 3, 4, 5, 6, 7, 8, 9, 10)
INFO:mylogger:Finished loading data for subjects [4, 3, 13] and channels (0, 1, 2, 3, 4, 5, 6, 7, 8, 9, 10)
2023-11-23 13:06:06,858 [INFO] Loading data for subjects [10, 17, 2] and channels (0, 1, 2, 3, 4, 5, 6, 7, 8, 9, 10)
INFO:mylogger:Loading data for subjects [10, 17, 2] and channels (0, 1, 2, 3, 4, 5, 6, 7, 8, 9, 10)
2023-11-23 13:06:06,927 [INFO] Finished loading data for subjects [10, 17, 2] and channels (0, 1, 2, 3, 4, 5, 6, 7, 8, 9, 10)
INFO:mylogger:Finished loading data for subjects [10, 17, 2] and channels (0, 1, 2, 3, 4, 5, 6, 7, 8, 9, 10)
2023-11-23 13:06:06,927 [INFO] Loading data for subjects [5, 16, 15, 8, 9, 7, 14, 6, 11] and channels (0, 1, 2, 3, 4, 5, 6, 7, 8, 9, 10)
INFO:mylogger:Loading data for subjects [5, 16, 15, 8, 9, 7, 14, 6, 11] and channels (0, 1, 2, 3, 4, 5, 6, 7, 8, 9, 10)
2023-11-23 13:06:07,110 [INFO] Finished loading data for subjects [5, 16, 15, 8, 9, 7, 14, 6, 11] and channels (0, 1, 2, 3, 4, 5, 6, 7, 8, 9, 10)
INFO:mylogger:Finished loading data for subjects [5, 16, 15, 8, 9, 7, 14, 6, 11] and channels (0, 1, 2, 3, 4, 5, 6, 7, 8, 9, 10)
2023-11-23 13:06:07,225 [INFO] Loading data for subjects [4, 3, 13] and channels (0, 1, 2, 3, 4, 5, 6, 7, 8, 9, 10)
INFO:mylogger:Loading data for subjects [4, 3, 13] and channels (0, 1, 2, 3, 4, 5, 6, 7, 8, 9, 10)
2023-11-23 13:06:07,250 [INFO] Finished loading data for subjects [4, 3, 13] and channels (0, 1, 2, 3, 4, 5, 6, 7, 8, 9, 10)
INFO:mylogger:Finished loading data for subjects [4, 3, 13] and channels (0, 1, 2, 3, 4, 5, 6, 7, 8, 9, 10)
2023-11-23 13:06:07,251 [INFO] Loading data for subjects [10, 17, 2] and channels (0, 1, 2, 3, 4, 5, 6, 7, 8, 9, 10)
INFO:mylogger:Loading data for subjects [10, 17, 2] and channels (0, 1, 2, 3, 4, 5, 6, 7, 8, 9, 10)
2023-11-23 13:06:07,275 [INFO] Finished loading data for subjects [10, 17, 2] and channels (0, 1, 2, 3, 4, 5, 6, 7, 8, 9, 10)
INFO:mylogger:Finished loading data for subjects [10, 17, 2] and channels (0, 1, 2, 3, 4, 5, 6, 7, 8, 9, 10)
2023-11-23 13:06:07,275 [INFO] Loading data for subjects [5, 16, 15, 8, 9, 7, 14, 6, 11] and channels (0, 1, 2, 3, 4, 5, 6, 7, 8, 9, 10)
INFO:mylogger:Loading data for subjects [5, 16, 15, 8, 9, 7, 14, 6, 11] and channels (0, 1, 2, 3, 4, 5, 6, 7, 8, 9, 10)
2023-11-23 13:06:07,347 [INFO] Finished loading data for subjects [5, 16, 15, 8, 9, 7, 14, 6, 11] and channels (0, 1, 2, 3, 4, 5, 6, 7, 8, 9, 10)
INFO:mylogger:Finished loading data for subjects [5, 16, 15, 8, 9, 7, 14, 6, 11] and channels (0, 1, 2, 3, 4, 5, 6, 7, 8, 9, 10)
2023-11-23 13:06:07,382 [INFO] Loading data for subjects [4, 3, 13] and channels (0, 1, 2, 3, 4, 5, 6, 7, 8, 9, 10)
INFO:mylogger:Loading data for subjects [4, 3, 13] and channels (0, 1, 2, 3, 4, 5, 6, 7, 8, 9, 10)
2023-11-23 13:06:07,405 [INFO] Finished loading data for subjects [4, 3, 13] and channels (0, 1, 2, 3, 4, 5, 6, 7, 8, 9, 10)
INFO:mylogger:Finished loading data for subjects [4, 3, 13] and channels (0, 1, 2, 3, 4, 5, 6, 7, 8, 9, 10)
2023-11-23 13:06:07,405 [INFO] Loading data for subjects [10, 17, 2] and channels (0, 1, 2, 3, 4, 5, 6, 7, 8, 9, 10)
INFO:mylogger:Loading data for subjects [10, 17, 2] and channels (0, 1, 2, 3, 4, 5, 6, 7, 8, 9, 10)
2023-11-23 13:06:07,429 [INFO] Finished loading data for subjects [10, 17, 2] and channels (0, 1, 2, 3, 4, 5, 6, 7, 8, 9, 10)
INFO:mylogger:Finished loading data for subjects [10, 17, 2] and channels (0, 1, 2, 3, 4, 5, 6, 7, 8, 9, 10)
2023-11-23 13:06:07,429 [INFO] Loading data for subjects [5, 16, 15, 8, 9, 7, 14, 6, 11] and channels (0, 1, 2, 3, 4, 5, 6, 7, 8, 9, 10)
INFO:mylogger:Loading data for subjects [5, 16, 15, 8, 9, 7, 14, 6, 11] and channels (0, 1, 2, 3, 4, 5, 6, 7, 8, 9, 10)
2023-11-23 13:06:07,511 [INFO] Finished loading data for subjects [5, 16, 15, 8, 9, 7, 14, 6, 11] and channels (0, 1, 2, 3, 4, 5, 6, 7, 8, 9, 10)
INFO:mylogger:Finished loading data for subjects [5, 16, 15, 8, 9, 7, 14, 6, 11] and channels (0, 1, 2, 3, 4, 5, 6, 7, 8, 9, 10)
2023-11-23 13:06:07,543 [INFO] Loading data for subjects [4, 3, 13] and channels (0, 1, 2, 3, 4, 5, 6, 7, 8, 9, 10)
INFO:mylogger:Loading data for subjects [4, 3, 13] and channels (0, 1, 2, 3, 4, 5, 6, 7, 8, 9, 10)
2023-11-23 13:06:07,569 [INFO] Finished loading data for subjects [4, 3, 13] and channels (0, 1, 2, 3, 4, 5, 6, 7, 8, 9, 10)
INFO:mylogger:Finished loading data for subjects [4, 3, 13] and channels (0, 1, 2, 3, 4, 5, 6, 7, 8, 9, 10)
2023-11-23 13:06:07,569 [INFO] Loading data for subjects [10, 17, 2] and channels (0, 1, 2, 3, 4, 5, 6, 7, 8, 9, 10)
INFO:mylogger:Loading data for subjects [10, 17, 2] and channels (0, 1, 2, 3, 4, 5, 6, 7, 8, 9, 10)
2023-11-23 13:06:07,593 [INFO] Finished loading data for subjects [10, 17, 2] and channels (0, 1, 2, 3, 4, 5, 6, 7, 8, 9, 10)
INFO:mylogger:Finished loading data for subjects [10, 17, 2] and channels (0, 1, 2, 3, 4, 5, 6, 7, 8, 9, 10)
2023-11-23 13:06:07,593 [INFO] Loading data for subjects [5, 16, 15, 8, 9, 7, 14, 6, 11] and channels (0, 1, 2, 3, 4, 5, 6, 7, 8, 9, 10)
INFO:mylogger:Loading data for subjects [5, 16, 15, 8, 9, 7, 14, 6, 11] and channels (0, 1, 2, 3, 4, 5, 6, 7, 8, 9, 10)
2023-11-23 13:06:07,674 [INFO] Finished loading data for subjects [5, 16, 15, 8, 9, 7, 14, 6, 11] and channels (0, 1, 2, 3, 4, 5, 6, 7, 8, 9, 10)
INFO:mylogger:Finished loading data for subjects [5, 16, 15, 8, 9, 7, 14, 6, 11] and channels (0, 1, 2, 3, 4, 5, 6, 7, 8, 9, 10)
2023-11-23 13:06:07,704 [INFO] Loading data for subjects [4, 3, 13] and channels (0, 1, 2, 3, 4, 5, 6, 7, 8, 9, 10)
INFO:mylogger:Loading data for subjects [4, 3, 13] and channels (0, 1, 2, 3, 4, 5, 6, 7, 8, 9, 10)
2023-11-23 13:06:07,728 [INFO] Finished loading data for subjects [4, 3, 13] and channels (0, 1, 2, 3, 4, 5, 6, 7, 8, 9, 10)
INFO:mylogger:Finished loading data for subjects [4, 3, 13] and channels (0, 1, 2, 3, 4, 5, 6, 7, 8, 9, 10)
2023-11-23 13:06:07,728 [INFO] Loading data for subjects [10, 17, 2] and channels (0, 1, 2, 3, 4, 5, 6, 7, 8, 9, 10)
INFO:mylogger:Loading data for subjects [10, 17, 2] and channels (0, 1, 2, 3, 4, 5, 6, 7, 8, 9, 10)
2023-11-23 13:06:07,753 [INFO] Finished loading data for subjects [10, 17, 2] and channels (0, 1, 2, 3, 4, 5, 6, 7, 8, 9, 10)
INFO:mylogger:Finished loading data for subjects [10, 17, 2] and channels (0, 1, 2, 3, 4, 5, 6, 7, 8, 9, 10)
2023-11-23 13:06:07,753 [INFO] Loading data for subjects [5, 16, 15, 8, 9, 7, 14, 6, 11] and channels (0, 1, 2, 3, 4, 5, 6, 7, 8, 9, 10)
INFO:mylogger:Loading data for subjects [5, 16, 15, 8, 9, 7, 14, 6, 11] and channels (0, 1, 2, 3, 4, 5, 6, 7, 8, 9, 10)
2023-11-23 13:06:07,835 [INFO] Finished loading data for subjects [5, 16, 15, 8, 9, 7, 14, 6, 11] and channels (0, 1, 2, 3, 4, 5, 6, 7, 8, 9, 10)
INFO:mylogger:Finished loading data for subjects [5, 16, 15, 8, 9, 7, 14, 6, 11] and channels (0, 1, 2, 3, 4, 5, 6, 7, 8, 9, 10)
2023-11-23 13:06:07,860 [INFO] Tuning of cnnM, max_evals: 8
INFO:mylogger:Tuning of cnnM, max_evals: 8
2023-11-23 13:06:07,862 [INFO] Tuning of cnnM (max_evals: 8) is being performed by another process
INFO:mylogger:Tuning of cnnM (max_evals: 8) is being performed by another process
 
 ******************************
 ******* i_fold=01 *******
 ******************************
 
Thu Nov 23 13:06:11 CST 2023
WARNING:tensorflow:Deprecation warnings have been disabled. Set TF_ENABLE_DEPRECATION_WARNINGS=1 to re-enable them.
WARNING:root:Limited tf.compat.v2.summary API due to missing TensorBoard installation.
Using TensorFlow backend.
2023-11-23 13:06:17,092 [INFO] Loading data for subjects [5, 8, 7] and channels (0, 1, 2, 3, 4, 5, 6, 7, 8, 9, 10)
INFO:mylogger:Loading data for subjects [5, 8, 7] and channels (0, 1, 2, 3, 4, 5, 6, 7, 8, 9, 10)
2023-11-23 13:06:17,116 [INFO] Finished loading data for subjects [5, 8, 7] and channels (0, 1, 2, 3, 4, 5, 6, 7, 8, 9, 10)
INFO:mylogger:Finished loading data for subjects [5, 8, 7] and channels (0, 1, 2, 3, 4, 5, 6, 7, 8, 9, 10)
2023-11-23 13:06:17,116 [INFO] Loading data for subjects [13, 16, 14] and channels (0, 1, 2, 3, 4, 5, 6, 7, 8, 9, 10)
INFO:mylogger:Loading data for subjects [13, 16, 14] and channels (0, 1, 2, 3, 4, 5, 6, 7, 8, 9, 10)
2023-11-23 13:06:17,139 [INFO] Finished loading data for subjects [13, 16, 14] and channels (0, 1, 2, 3, 4, 5, 6, 7, 8, 9, 10)
INFO:mylogger:Finished loading data for subjects [13, 16, 14] and channels (0, 1, 2, 3, 4, 5, 6, 7, 8, 9, 10)
2023-11-23 13:06:17,139 [INFO] Loading data for subjects [4, 15, 17, 3, 9, 2, 10, 6, 11] and channels (0, 1, 2, 3, 4, 5, 6, 7, 8, 9, 10)
INFO:mylogger:Loading data for subjects [4, 15, 17, 3, 9, 2, 10, 6, 11] and channels (0, 1, 2, 3, 4, 5, 6, 7, 8, 9, 10)
2023-11-23 13:06:17,206 [INFO] Finished loading data for subjects [4, 15, 17, 3, 9, 2, 10, 6, 11] and channels (0, 1, 2, 3, 4, 5, 6, 7, 8, 9, 10)
INFO:mylogger:Finished loading data for subjects [4, 15, 17, 3, 9, 2, 10, 6, 11] and channels (0, 1, 2, 3, 4, 5, 6, 7, 8, 9, 10)
2023-11-23 13:06:17,233 [INFO] Loading data for subjects [5, 8, 7] and channels (0, 1, 2, 3, 4, 5, 6, 7, 8, 9, 10)
INFO:mylogger:Loading data for subjects [5, 8, 7] and channels (0, 1, 2, 3, 4, 5, 6, 7, 8, 9, 10)
2023-11-23 13:06:17,253 [INFO] Finished loading data for subjects [5, 8, 7] and channels (0, 1, 2, 3, 4, 5, 6, 7, 8, 9, 10)
INFO:mylogger:Finished loading data for subjects [5, 8, 7] and channels (0, 1, 2, 3, 4, 5, 6, 7, 8, 9, 10)
2023-11-23 13:06:17,253 [INFO] Loading data for subjects [13, 16, 14] and channels (0, 1, 2, 3, 4, 5, 6, 7, 8, 9, 10)
INFO:mylogger:Loading data for subjects [13, 16, 14] and channels (0, 1, 2, 3, 4, 5, 6, 7, 8, 9, 10)
2023-11-23 13:06:17,273 [INFO] Finished loading data for subjects [13, 16, 14] and channels (0, 1, 2, 3, 4, 5, 6, 7, 8, 9, 10)
INFO:mylogger:Finished loading data for subjects [13, 16, 14] and channels (0, 1, 2, 3, 4, 5, 6, 7, 8, 9, 10)
2023-11-23 13:06:17,273 [INFO] Loading data for subjects [4, 15, 17, 3, 9, 2, 10, 6, 11] and channels (0, 1, 2, 3, 4, 5, 6, 7, 8, 9, 10)
INFO:mylogger:Loading data for subjects [4, 15, 17, 3, 9, 2, 10, 6, 11] and channels (0, 1, 2, 3, 4, 5, 6, 7, 8, 9, 10)
2023-11-23 13:06:17,342 [INFO] Finished loading data for subjects [4, 15, 17, 3, 9, 2, 10, 6, 11] and channels (0, 1, 2, 3, 4, 5, 6, 7, 8, 9, 10)
INFO:mylogger:Finished loading data for subjects [4, 15, 17, 3, 9, 2, 10, 6, 11] and channels (0, 1, 2, 3, 4, 5, 6, 7, 8, 9, 10)
2023-11-23 13:06:17,375 [INFO] Loading data for subjects [5, 8, 7] and channels (0, 1, 2, 3, 4, 5, 6, 7, 8, 9, 10)
INFO:mylogger:Loading data for subjects [5, 8, 7] and channels (0, 1, 2, 3, 4, 5, 6, 7, 8, 9, 10)
2023-11-23 13:06:17,399 [INFO] Finished loading data for subjects [5, 8, 7] and channels (0, 1, 2, 3, 4, 5, 6, 7, 8, 9, 10)
INFO:mylogger:Finished loading data for subjects [5, 8, 7] and channels (0, 1, 2, 3, 4, 5, 6, 7, 8, 9, 10)
2023-11-23 13:06:17,400 [INFO] Loading data for subjects [13, 16, 14] and channels (0, 1, 2, 3, 4, 5, 6, 7, 8, 9, 10)
INFO:mylogger:Loading data for subjects [13, 16, 14] and channels (0, 1, 2, 3, 4, 5, 6, 7, 8, 9, 10)
2023-11-23 13:06:17,420 [INFO] Finished loading data for subjects [13, 16, 14] and channels (0, 1, 2, 3, 4, 5, 6, 7, 8, 9, 10)
INFO:mylogger:Finished loading data for subjects [13, 16, 14] and channels (0, 1, 2, 3, 4, 5, 6, 7, 8, 9, 10)
2023-11-23 13:06:17,420 [INFO] Loading data for subjects [4, 15, 17, 3, 9, 2, 10, 6, 11] and channels (0, 1, 2, 3, 4, 5, 6, 7, 8, 9, 10)
INFO:mylogger:Loading data for subjects [4, 15, 17, 3, 9, 2, 10, 6, 11] and channels (0, 1, 2, 3, 4, 5, 6, 7, 8, 9, 10)
2023-11-23 13:06:17,489 [INFO] Finished loading data for subjects [4, 15, 17, 3, 9, 2, 10, 6, 11] and channels (0, 1, 2, 3, 4, 5, 6, 7, 8, 9, 10)
INFO:mylogger:Finished loading data for subjects [4, 15, 17, 3, 9, 2, 10, 6, 11] and channels (0, 1, 2, 3, 4, 5, 6, 7, 8, 9, 10)
2023-11-23 13:06:17,520 [INFO] Loading data for subjects [5, 8, 7] and channels (0, 1, 2, 3, 4, 5, 6, 7, 8, 9, 10)
INFO:mylogger:Loading data for subjects [5, 8, 7] and channels (0, 1, 2, 3, 4, 5, 6, 7, 8, 9, 10)
2023-11-23 13:06:17,543 [INFO] Finished loading data for subjects [5, 8, 7] and channels (0, 1, 2, 3, 4, 5, 6, 7, 8, 9, 10)
INFO:mylogger:Finished loading data for subjects [5, 8, 7] and channels (0, 1, 2, 3, 4, 5, 6, 7, 8, 9, 10)
2023-11-23 13:06:17,543 [INFO] Loading data for subjects [13, 16, 14] and channels (0, 1, 2, 3, 4, 5, 6, 7, 8, 9, 10)
INFO:mylogger:Loading data for subjects [13, 16, 14] and channels (0, 1, 2, 3, 4, 5, 6, 7, 8, 9, 10)
2023-11-23 13:06:17,566 [INFO] Finished loading data for subjects [13, 16, 14] and channels (0, 1, 2, 3, 4, 5, 6, 7, 8, 9, 10)
INFO:mylogger:Finished loading data for subjects [13, 16, 14] and channels (0, 1, 2, 3, 4, 5, 6, 7, 8, 9, 10)
2023-11-23 13:06:17,567 [INFO] Loading data for subjects [4, 15, 17, 3, 9, 2, 10, 6, 11] and channels (0, 1, 2, 3, 4, 5, 6, 7, 8, 9, 10)
INFO:mylogger:Loading data for subjects [4, 15, 17, 3, 9, 2, 10, 6, 11] and channels (0, 1, 2, 3, 4, 5, 6, 7, 8, 9, 10)
2023-11-23 13:06:17,640 [INFO] Finished loading data for subjects [4, 15, 17, 3, 9, 2, 10, 6, 11] and channels (0, 1, 2, 3, 4, 5, 6, 7, 8, 9, 10)
INFO:mylogger:Finished loading data for subjects [4, 15, 17, 3, 9, 2, 10, 6, 11] and channels (0, 1, 2, 3, 4, 5, 6, 7, 8, 9, 10)
2023-11-23 13:06:17,672 [INFO] Loading data for subjects [5, 8, 7] and channels (0, 1, 2, 3, 4, 5, 6, 7, 8, 9, 10)
INFO:mylogger:Loading data for subjects [5, 8, 7] and channels (0, 1, 2, 3, 4, 5, 6, 7, 8, 9, 10)
2023-11-23 13:06:17,695 [INFO] Finished loading data for subjects [5, 8, 7] and channels (0, 1, 2, 3, 4, 5, 6, 7, 8, 9, 10)
INFO:mylogger:Finished loading data for subjects [5, 8, 7] and channels (0, 1, 2, 3, 4, 5, 6, 7, 8, 9, 10)
2023-11-23 13:06:17,697 [INFO] Loading data for subjects [13, 16, 14] and channels (0, 1, 2, 3, 4, 5, 6, 7, 8, 9, 10)
INFO:mylogger:Loading data for subjects [13, 16, 14] and channels (0, 1, 2, 3, 4, 5, 6, 7, 8, 9, 10)
2023-11-23 13:06:17,721 [INFO] Finished loading data for subjects [13, 16, 14] and channels (0, 1, 2, 3, 4, 5, 6, 7, 8, 9, 10)
INFO:mylogger:Finished loading data for subjects [13, 16, 14] and channels (0, 1, 2, 3, 4, 5, 6, 7, 8, 9, 10)
2023-11-23 13:06:17,722 [INFO] Loading data for subjects [4, 15, 17, 3, 9, 2, 10, 6, 11] and channels (0, 1, 2, 3, 4, 5, 6, 7, 8, 9, 10)
INFO:mylogger:Loading data for subjects [4, 15, 17, 3, 9, 2, 10, 6, 11] and channels (0, 1, 2, 3, 4, 5, 6, 7, 8, 9, 10)
2023-11-23 13:06:17,794 [INFO] Finished loading data for subjects [4, 15, 17, 3, 9, 2, 10, 6, 11] and channels (0, 1, 2, 3, 4, 5, 6, 7, 8, 9, 10)
INFO:mylogger:Finished loading data for subjects [4, 15, 17, 3, 9, 2, 10, 6, 11] and channels (0, 1, 2, 3, 4, 5, 6, 7, 8, 9, 10)
2023-11-23 13:06:17,826 [INFO] Tuning of cnnM, max_evals: 8
INFO:mylogger:Tuning of cnnM, max_evals: 8
2023-11-23 13:06:18,050 [INFO] GPU 0 was taken for cnnM, tune_05.
INFO:mylogger:GPU 0 was taken for cnnM, tune_05.
WARNING:tensorflow:From /projects/bbnp/anxietyE2E/experiment/experiment.py:128: The name tf.global_variables_initializer is deprecated. Please use tf.compat.v1.global_variables_initializer instead.

WARNING:tensorflow:From /projects/bbnp/anxietyE2E/experiment/experiment.py:128: The name tf.global_variables_initializer is deprecated. Please use tf.compat.v1.global_variables_initializer instead.

2023-11-23 13:06:27,320 [INFO] Experiment for WESAD dataset, classifier: cnnM, setup: it_00, iteration: tune_05
INFO:mylogger:Experiment for WESAD dataset, classifier: cnnM, setup: it_00, iteration: tune_05
WARNING:tensorflow:From /u/alkurdi/.conda/envs/TFwesad/lib/python3.8/site-packages/keras/backend/tensorflow_backend.py:66: The name tf.get_default_graph is deprecated. Please use tf.compat.v1.get_default_graph instead.

WARNING:tensorflow:From /u/alkurdi/.conda/envs/TFwesad/lib/python3.8/site-packages/keras/backend/tensorflow_backend.py:66: The name tf.get_default_graph is deprecated. Please use tf.compat.v1.get_default_graph instead.

WARNING:tensorflow:From /u/alkurdi/.conda/envs/TFwesad/lib/python3.8/site-packages/keras/backend/tensorflow_backend.py:541: The name tf.placeholder is deprecated. Please use tf.compat.v1.placeholder instead.

WARNING:tensorflow:From /u/alkurdi/.conda/envs/TFwesad/lib/python3.8/site-packages/keras/backend/tensorflow_backend.py:541: The name tf.placeholder is deprecated. Please use tf.compat.v1.placeholder instead.

WARNING:tensorflow:From /u/alkurdi/.conda/envs/TFwesad/lib/python3.8/site-packages/keras/backend/tensorflow_backend.py:4432: The name tf.random_uniform is deprecated. Please use tf.random.uniform instead.

WARNING:tensorflow:From /u/alkurdi/.conda/envs/TFwesad/lib/python3.8/site-packages/keras/backend/tensorflow_backend.py:4432: The name tf.random_uniform is deprecated. Please use tf.random.uniform instead.

WARNING:tensorflow:From /u/alkurdi/.conda/envs/TFwesad/lib/python3.8/site-packages/keras/backend/tensorflow_backend.py:4271: The name tf.nn.avg_pool is deprecated. Please use tf.nn.avg_pool2d instead.

WARNING:tensorflow:From /u/alkurdi/.conda/envs/TFwesad/lib/python3.8/site-packages/keras/backend/tensorflow_backend.py:4271: The name tf.nn.avg_pool is deprecated. Please use tf.nn.avg_pool2d instead.

WARNING:tensorflow:From /u/alkurdi/.conda/envs/TFwesad/lib/python3.8/site-packages/keras/optimizers.py:793: The name tf.train.Optimizer is deprecated. Please use tf.compat.v1.train.Optimizer instead.

WARNING:tensorflow:From /u/alkurdi/.conda/envs/TFwesad/lib/python3.8/site-packages/keras/optimizers.py:793: The name tf.train.Optimizer is deprecated. Please use tf.compat.v1.train.Optimizer instead.

WARNING:tensorflow:From /u/alkurdi/.conda/envs/TFwesad/lib/python3.8/site-packages/keras/backend/tensorflow_backend.py:3576: The name tf.log is deprecated. Please use tf.math.log instead.

WARNING:tensorflow:From /u/alkurdi/.conda/envs/TFwesad/lib/python3.8/site-packages/keras/backend/tensorflow_backend.py:3576: The name tf.log is deprecated. Please use tf.math.log instead.

2023-11-23 13:06:27,798 [INFO] Created model for WESAD dataset, classifier: cnnM, setup: it_00, iteration: tune_05
INFO:mylogger:Created model for WESAD dataset, classifier: cnnM, setup: it_00, iteration: tune_05
2023-11-23 13:06:27,798 [INFO] Fitting model
INFO:mylogger:Fitting model
WARNING:tensorflow:From /u/alkurdi/.conda/envs/TFwesad/lib/python3.8/site-packages/keras/backend/tensorflow_backend.py:1033: The name tf.assign_add is deprecated. Please use tf.compat.v1.assign_add instead.

WARNING:tensorflow:From /u/alkurdi/.conda/envs/TFwesad/lib/python3.8/site-packages/keras/backend/tensorflow_backend.py:1033: The name tf.assign_add is deprecated. Please use tf.compat.v1.assign_add instead.

WARNING:tensorflow:From /u/alkurdi/.conda/envs/TFwesad/lib/python3.8/site-packages/keras/backend/tensorflow_backend.py:1020: The name tf.assign is deprecated. Please use tf.compat.v1.assign instead.

WARNING:tensorflow:From /u/alkurdi/.conda/envs/TFwesad/lib/python3.8/site-packages/keras/backend/tensorflow_backend.py:1020: The name tf.assign is deprecated. Please use tf.compat.v1.assign instead.

WARNING:tensorflow:From /u/alkurdi/.conda/envs/TFwesad/lib/python3.8/site-packages/keras/backend/tensorflow_backend.py:3005: The name tf.Session is deprecated. Please use tf.compat.v1.Session instead.

WARNING:tensorflow:From /u/alkurdi/.conda/envs/TFwesad/lib/python3.8/site-packages/keras/backend/tensorflow_backend.py:3005: The name tf.Session is deprecated. Please use tf.compat.v1.Session instead.

WARNING:tensorflow:From /u/alkurdi/.conda/envs/TFwesad/lib/python3.8/site-packages/keras/backend/tensorflow_backend.py:190: The name tf.get_default_session is deprecated. Please use tf.compat.v1.get_default_session instead.

WARNING:tensorflow:From /u/alkurdi/.conda/envs/TFwesad/lib/python3.8/site-packages/keras/backend/tensorflow_backend.py:190: The name tf.get_default_session is deprecated. Please use tf.compat.v1.get_default_session instead.

WARNING:tensorflow:From /u/alkurdi/.conda/envs/TFwesad/lib/python3.8/site-packages/keras/backend/tensorflow_backend.py:207: The name tf.global_variables is deprecated. Please use tf.compat.v1.global_variables instead.

WARNING:tensorflow:From /u/alkurdi/.conda/envs/TFwesad/lib/python3.8/site-packages/keras/backend/tensorflow_backend.py:207: The name tf.global_variables is deprecated. Please use tf.compat.v1.global_variables instead.

WARNING:tensorflow:From /u/alkurdi/.conda/envs/TFwesad/lib/python3.8/site-packages/keras/backend/tensorflow_backend.py:216: The name tf.is_variable_initialized is deprecated. Please use tf.compat.v1.is_variable_initialized instead.

WARNING:tensorflow:From /u/alkurdi/.conda/envs/TFwesad/lib/python3.8/site-packages/keras/backend/tensorflow_backend.py:216: The name tf.is_variable_initialized is deprecated. Please use tf.compat.v1.is_variable_initialized instead.

WARNING:tensorflow:From /u/alkurdi/.conda/envs/TFwesad/lib/python3.8/site-packages/keras/backend/tensorflow_backend.py:223: The name tf.variables_initializer is deprecated. Please use tf.compat.v1.variables_initializer instead.

WARNING:tensorflow:From /u/alkurdi/.conda/envs/TFwesad/lib/python3.8/site-packages/keras/backend/tensorflow_backend.py:223: The name tf.variables_initializer is deprecated. Please use tf.compat.v1.variables_initializer instead.

2023-11-23 13:07:32,261 [INFO] Loading weights and predicting
INFO:mylogger:Loading weights and predicting
/u/alkurdi/.conda/envs/TFwesad/lib/python3.8/site-packages/sklearn/metrics/_classification.py:1334: UndefinedMetricWarning: Precision is ill-defined and being set to 0.0 in labels with no predicted samples. Use `zero_division` parameter to control this behavior.
  _warn_prf(average, modifier, msg_start, len(result))

2023-11-23 13:07:33,116 [INFO] Fitted model for WESAD dataset, classifier: cnnM, setup: it_00, iteration: tune_05
INFO:mylogger:Fitted model for WESAD dataset, classifier: cnnM, setup: it_00, iteration: tune_05
2023-11-23 13:07:33,116 [INFO] Finished experiment for WESAD dataset, classifier: cnnM, setup: it_00, iteration: tune_05
INFO:mylogger:Finished experiment for WESAD dataset, classifier: cnnM, setup: it_00, iteration: tune_05
2023-11-23 13:07:33,343 [INFO] Experiment for WESAD dataset, classifier: cnnM, setup: it_01, iteration: tune_05
INFO:mylogger:Experiment for WESAD dataset, classifier: cnnM, setup: it_01, iteration: tune_05
2023-11-23 13:07:33,344 [INFO] Created model for WESAD dataset, classifier: cnnM, setup: it_01, iteration: tune_05
INFO:mylogger:Created model for WESAD dataset, classifier: cnnM, setup: it_01, iteration: tune_05
2023-11-23 13:07:33,344 [INFO] Fitting model
INFO:mylogger:Fitting model
2023-11-23 13:08:14,453 [INFO] Loading weights and predicting
INFO:mylogger:Loading weights and predicting
/u/alkurdi/.conda/envs/TFwesad/lib/python3.8/site-packages/sklearn/metrics/_classification.py:1334: UndefinedMetricWarning: Precision is ill-defined and being set to 0.0 in labels with no predicted samples. Use `zero_division` parameter to control this behavior.
  _warn_prf(average, modifier, msg_start, len(result))

2023-11-23 13:08:14,687 [INFO] Fitted model for WESAD dataset, classifier: cnnM, setup: it_01, iteration: tune_05
INFO:mylogger:Fitted model for WESAD dataset, classifier: cnnM, setup: it_01, iteration: tune_05
2023-11-23 13:08:14,688 [INFO] Finished experiment for WESAD dataset, classifier: cnnM, setup: it_01, iteration: tune_05
INFO:mylogger:Finished experiment for WESAD dataset, classifier: cnnM, setup: it_01, iteration: tune_05
2023-11-23 13:08:14,935 [INFO] Experiment for WESAD dataset, classifier: cnnM, setup: it_02, iteration: tune_05
INFO:mylogger:Experiment for WESAD dataset, classifier: cnnM, setup: it_02, iteration: tune_05
2023-11-23 13:08:14,937 [INFO] Created model for WESAD dataset, classifier: cnnM, setup: it_02, iteration: tune_05
INFO:mylogger:Created model for WESAD dataset, classifier: cnnM, setup: it_02, iteration: tune_05
2023-11-23 13:08:14,937 [INFO] Fitting model
INFO:mylogger:Fitting model
2023-11-23 13:08:55,672 [INFO] Loading weights and predicting
INFO:mylogger:Loading weights and predicting
2023-11-23 13:08:55,910 [INFO] Fitted model for WESAD dataset, classifier: cnnM, setup: it_02, iteration: tune_05
INFO:mylogger:Fitted model for WESAD dataset, classifier: cnnM, setup: it_02, iteration: tune_05
2023-11-23 13:08:55,911 [INFO] Finished experiment for WESAD dataset, classifier: cnnM, setup: it_02, iteration: tune_05
INFO:mylogger:Finished experiment for WESAD dataset, classifier: cnnM, setup: it_02, iteration: tune_05
2023-11-23 13:08:56,153 [INFO] Experiment for WESAD dataset, classifier: cnnM, setup: it_03, iteration: tune_05
INFO:mylogger:Experiment for WESAD dataset, classifier: cnnM, setup: it_03, iteration: tune_05
2023-11-23 13:08:56,154 [INFO] Created model for WESAD dataset, classifier: cnnM, setup: it_03, iteration: tune_05
INFO:mylogger:Created model for WESAD dataset, classifier: cnnM, setup: it_03, iteration: tune_05
2023-11-23 13:08:56,154 [INFO] Fitting model
INFO:mylogger:Fitting model
2023-11-23 13:09:37,114 [INFO] Loading weights and predicting
INFO:mylogger:Loading weights and predicting
/u/alkurdi/.conda/envs/TFwesad/lib/python3.8/site-packages/sklearn/metrics/_classification.py:1334: UndefinedMetricWarning: Precision is ill-defined and being set to 0.0 in labels with no predicted samples. Use `zero_division` parameter to control this behavior.
  _warn_prf(average, modifier, msg_start, len(result))

2023-11-23 13:09:37,484 [INFO] Fitted model for WESAD dataset, classifier: cnnM, setup: it_03, iteration: tune_05
INFO:mylogger:Fitted model for WESAD dataset, classifier: cnnM, setup: it_03, iteration: tune_05
2023-11-23 13:09:37,484 [INFO] Finished experiment for WESAD dataset, classifier: cnnM, setup: it_03, iteration: tune_05
INFO:mylogger:Finished experiment for WESAD dataset, classifier: cnnM, setup: it_03, iteration: tune_05
2023-11-23 13:09:37,724 [INFO] Experiment for WESAD dataset, classifier: cnnM, setup: it_04, iteration: tune_05
INFO:mylogger:Experiment for WESAD dataset, classifier: cnnM, setup: it_04, iteration: tune_05
2023-11-23 13:09:37,726 [INFO] Created model for WESAD dataset, classifier: cnnM, setup: it_04, iteration: tune_05
INFO:mylogger:Created model for WESAD dataset, classifier: cnnM, setup: it_04, iteration: tune_05
2023-11-23 13:09:37,726 [INFO] Fitting model
INFO:mylogger:Fitting model
2023-11-23 13:10:18,936 [INFO] Loading weights and predicting
INFO:mylogger:Loading weights and predicting
/u/alkurdi/.conda/envs/TFwesad/lib/python3.8/site-packages/sklearn/metrics/_classification.py:1334: UndefinedMetricWarning: Precision is ill-defined and being set to 0.0 in labels with no predicted samples. Use `zero_division` parameter to control this behavior.
  _warn_prf(average, modifier, msg_start, len(result))

2023-11-23 13:10:19,171 [INFO] Fitted model for WESAD dataset, classifier: cnnM, setup: it_04, iteration: tune_05
INFO:mylogger:Fitted model for WESAD dataset, classifier: cnnM, setup: it_04, iteration: tune_05
2023-11-23 13:10:19,171 [INFO] Finished experiment for WESAD dataset, classifier: cnnM, setup: it_04, iteration: tune_05
INFO:mylogger:Finished experiment for WESAD dataset, classifier: cnnM, setup: it_04, iteration: tune_05
2023-11-23 13:10:19,172 [INFO] GPU 0 was released by cnnM, tune_05.
INFO:mylogger:GPU 0 was released by cnnM, tune_05.
2023-11-23 13:10:19,206 [INFO] GPU 0 was taken for cnnM, tune_06.
INFO:mylogger:GPU 0 was taken for cnnM, tune_06.
2023-11-23 13:10:19,220 [INFO] Experiment for WESAD dataset, classifier: cnnM, setup: it_00, iteration: tune_06
INFO:mylogger:Experiment for WESAD dataset, classifier: cnnM, setup: it_00, iteration: tune_06
2023-11-23 13:10:19,456 [INFO] Created model for WESAD dataset, classifier: cnnM, setup: it_00, iteration: tune_06
INFO:mylogger:Created model for WESAD dataset, classifier: cnnM, setup: it_00, iteration: tune_06
2023-11-23 13:10:19,457 [INFO] Fitting model
INFO:mylogger:Fitting model
2023-11-23 13:11:03,666 [INFO] Loading weights and predicting
INFO:mylogger:Loading weights and predicting
/u/alkurdi/.conda/envs/TFwesad/lib/python3.8/site-packages/sklearn/metrics/_classification.py:1334: UndefinedMetricWarning: Precision is ill-defined and being set to 0.0 in labels with no predicted samples. Use `zero_division` parameter to control this behavior.
  _warn_prf(average, modifier, msg_start, len(result))

2023-11-23 13:11:04,400 [INFO] Fitted model for WESAD dataset, classifier: cnnM, setup: it_00, iteration: tune_06
INFO:mylogger:Fitted model for WESAD dataset, classifier: cnnM, setup: it_00, iteration: tune_06
2023-11-23 13:11:04,401 [INFO] Finished experiment for WESAD dataset, classifier: cnnM, setup: it_00, iteration: tune_06
INFO:mylogger:Finished experiment for WESAD dataset, classifier: cnnM, setup: it_00, iteration: tune_06
2023-11-23 13:11:04,628 [INFO] Experiment for WESAD dataset, classifier: cnnM, setup: it_01, iteration: tune_06
INFO:mylogger:Experiment for WESAD dataset, classifier: cnnM, setup: it_01, iteration: tune_06
2023-11-23 13:11:04,629 [INFO] Created model for WESAD dataset, classifier: cnnM, setup: it_01, iteration: tune_06
INFO:mylogger:Created model for WESAD dataset, classifier: cnnM, setup: it_01, iteration: tune_06
2023-11-23 13:11:04,629 [INFO] Fitting model
INFO:mylogger:Fitting model
2023-11-23 13:11:43,157 [INFO] Loading weights and predicting
INFO:mylogger:Loading weights and predicting
/u/alkurdi/.conda/envs/TFwesad/lib/python3.8/site-packages/sklearn/metrics/_classification.py:1334: UndefinedMetricWarning: Precision is ill-defined and being set to 0.0 in labels with no predicted samples. Use `zero_division` parameter to control this behavior.
  _warn_prf(average, modifier, msg_start, len(result))

2023-11-23 13:11:43,587 [INFO] Fitted model for WESAD dataset, classifier: cnnM, setup: it_01, iteration: tune_06
INFO:mylogger:Fitted model for WESAD dataset, classifier: cnnM, setup: it_01, iteration: tune_06
2023-11-23 13:11:43,588 [INFO] Finished experiment for WESAD dataset, classifier: cnnM, setup: it_01, iteration: tune_06
INFO:mylogger:Finished experiment for WESAD dataset, classifier: cnnM, setup: it_01, iteration: tune_06
2023-11-23 13:11:43,826 [INFO] Experiment for WESAD dataset, classifier: cnnM, setup: it_02, iteration: tune_06
INFO:mylogger:Experiment for WESAD dataset, classifier: cnnM, setup: it_02, iteration: tune_06
2023-11-23 13:11:43,827 [INFO] Created model for WESAD dataset, classifier: cnnM, setup: it_02, iteration: tune_06
INFO:mylogger:Created model for WESAD dataset, classifier: cnnM, setup: it_02, iteration: tune_06
2023-11-23 13:11:43,827 [INFO] Fitting model
INFO:mylogger:Fitting model
2023-11-23 13:12:22,652 [INFO] Loading weights and predicting
INFO:mylogger:Loading weights and predicting
/u/alkurdi/.conda/envs/TFwesad/lib/python3.8/site-packages/sklearn/metrics/_classification.py:1334: UndefinedMetricWarning: Precision is ill-defined and being set to 0.0 in labels with no predicted samples. Use `zero_division` parameter to control this behavior.
  _warn_prf(average, modifier, msg_start, len(result))

2023-11-23 13:12:22,878 [INFO] Fitted model for WESAD dataset, classifier: cnnM, setup: it_02, iteration: tune_06
INFO:mylogger:Fitted model for WESAD dataset, classifier: cnnM, setup: it_02, iteration: tune_06
2023-11-23 13:12:22,879 [INFO] Finished experiment for WESAD dataset, classifier: cnnM, setup: it_02, iteration: tune_06
INFO:mylogger:Finished experiment for WESAD dataset, classifier: cnnM, setup: it_02, iteration: tune_06
2023-11-23 13:12:23,133 [INFO] Experiment for WESAD dataset, classifier: cnnM, setup: it_03, iteration: tune_06
INFO:mylogger:Experiment for WESAD dataset, classifier: cnnM, setup: it_03, iteration: tune_06
2023-11-23 13:12:23,134 [INFO] Created model for WESAD dataset, classifier: cnnM, setup: it_03, iteration: tune_06
INFO:mylogger:Created model for WESAD dataset, classifier: cnnM, setup: it_03, iteration: tune_06
2023-11-23 13:12:23,135 [INFO] Fitting model
INFO:mylogger:Fitting model
2023-11-23 13:13:02,020 [INFO] Loading weights and predicting
INFO:mylogger:Loading weights and predicting
/u/alkurdi/.conda/envs/TFwesad/lib/python3.8/site-packages/sklearn/metrics/_classification.py:1334: UndefinedMetricWarning: Precision is ill-defined and being set to 0.0 in labels with no predicted samples. Use `zero_division` parameter to control this behavior.
  _warn_prf(average, modifier, msg_start, len(result))

2023-11-23 13:13:02,258 [INFO] Fitted model for WESAD dataset, classifier: cnnM, setup: it_03, iteration: tune_06
INFO:mylogger:Fitted model for WESAD dataset, classifier: cnnM, setup: it_03, iteration: tune_06
2023-11-23 13:13:02,258 [INFO] Finished experiment for WESAD dataset, classifier: cnnM, setup: it_03, iteration: tune_06
INFO:mylogger:Finished experiment for WESAD dataset, classifier: cnnM, setup: it_03, iteration: tune_06
2023-11-23 13:13:02,504 [INFO] Experiment for WESAD dataset, classifier: cnnM, setup: it_04, iteration: tune_06
INFO:mylogger:Experiment for WESAD dataset, classifier: cnnM, setup: it_04, iteration: tune_06
2023-11-23 13:13:02,505 [INFO] Created model for WESAD dataset, classifier: cnnM, setup: it_04, iteration: tune_06
INFO:mylogger:Created model for WESAD dataset, classifier: cnnM, setup: it_04, iteration: tune_06
2023-11-23 13:13:02,505 [INFO] Fitting model
INFO:mylogger:Fitting model
2023-11-23 13:13:41,593 [INFO] Loading weights and predicting
INFO:mylogger:Loading weights and predicting
/u/alkurdi/.conda/envs/TFwesad/lib/python3.8/site-packages/sklearn/metrics/_classification.py:1334: UndefinedMetricWarning: Precision is ill-defined and being set to 0.0 in labels with no predicted samples. Use `zero_division` parameter to control this behavior.
  _warn_prf(average, modifier, msg_start, len(result))

2023-11-23 13:13:41,821 [INFO] Fitted model for WESAD dataset, classifier: cnnM, setup: it_04, iteration: tune_06
INFO:mylogger:Fitted model for WESAD dataset, classifier: cnnM, setup: it_04, iteration: tune_06
2023-11-23 13:13:41,821 [INFO] Finished experiment for WESAD dataset, classifier: cnnM, setup: it_04, iteration: tune_06
INFO:mylogger:Finished experiment for WESAD dataset, classifier: cnnM, setup: it_04, iteration: tune_06
2023-11-23 13:13:41,822 [INFO] GPU 0 was released by cnnM, tune_06.
INFO:mylogger:GPU 0 was released by cnnM, tune_06.
2023-11-23 13:13:41,856 [INFO] GPU 0 was taken for cnnM, tune_07.
INFO:mylogger:GPU 0 was taken for cnnM, tune_07.
2023-11-23 13:13:41,869 [INFO] Experiment for WESAD dataset, classifier: cnnM, setup: it_00, iteration: tune_07
INFO:mylogger:Experiment for WESAD dataset, classifier: cnnM, setup: it_00, iteration: tune_07
2023-11-23 13:13:42,108 [INFO] Created model for WESAD dataset, classifier: cnnM, setup: it_00, iteration: tune_07
INFO:mylogger:Created model for WESAD dataset, classifier: cnnM, setup: it_00, iteration: tune_07
2023-11-23 13:13:42,109 [INFO] Fitting model
INFO:mylogger:Fitting model
2023-11-23 13:13:53,220 [INFO] Loading weights and predicting
INFO:mylogger:Loading weights and predicting
/u/alkurdi/.conda/envs/TFwesad/lib/python3.8/site-packages/sklearn/metrics/_classification.py:1334: UndefinedMetricWarning: Precision is ill-defined and being set to 0.0 in labels with no predicted samples. Use `zero_division` parameter to control this behavior.
  _warn_prf(average, modifier, msg_start, len(result))

2023-11-23 13:13:53,947 [INFO] Fitted model for WESAD dataset, classifier: cnnM, setup: it_00, iteration: tune_07
INFO:mylogger:Fitted model for WESAD dataset, classifier: cnnM, setup: it_00, iteration: tune_07
2023-11-23 13:13:53,947 [INFO] Finished experiment for WESAD dataset, classifier: cnnM, setup: it_00, iteration: tune_07
INFO:mylogger:Finished experiment for WESAD dataset, classifier: cnnM, setup: it_00, iteration: tune_07
2023-11-23 13:13:54,180 [INFO] Experiment for WESAD dataset, classifier: cnnM, setup: it_01, iteration: tune_07
INFO:mylogger:Experiment for WESAD dataset, classifier: cnnM, setup: it_01, iteration: tune_07
2023-11-23 13:13:54,182 [INFO] Created model for WESAD dataset, classifier: cnnM, setup: it_01, iteration: tune_07
INFO:mylogger:Created model for WESAD dataset, classifier: cnnM, setup: it_01, iteration: tune_07
2023-11-23 13:13:54,182 [INFO] Fitting model
INFO:mylogger:Fitting model
2023-11-23 13:14:01,013 [INFO] Loading weights and predicting
INFO:mylogger:Loading weights and predicting
/u/alkurdi/.conda/envs/TFwesad/lib/python3.8/site-packages/sklearn/metrics/_classification.py:1334: UndefinedMetricWarning: Precision is ill-defined and being set to 0.0 in labels with no predicted samples. Use `zero_division` parameter to control this behavior.
  _warn_prf(average, modifier, msg_start, len(result))

2023-11-23 13:14:01,236 [INFO] Fitted model for WESAD dataset, classifier: cnnM, setup: it_01, iteration: tune_07
INFO:mylogger:Fitted model for WESAD dataset, classifier: cnnM, setup: it_01, iteration: tune_07
2023-11-23 13:14:01,237 [INFO] Finished experiment for WESAD dataset, classifier: cnnM, setup: it_01, iteration: tune_07
INFO:mylogger:Finished experiment for WESAD dataset, classifier: cnnM, setup: it_01, iteration: tune_07
2023-11-23 13:14:01,469 [INFO] Experiment for WESAD dataset, classifier: cnnM, setup: it_02, iteration: tune_07
INFO:mylogger:Experiment for WESAD dataset, classifier: cnnM, setup: it_02, iteration: tune_07
2023-11-23 13:14:01,470 [INFO] Created model for WESAD dataset, classifier: cnnM, setup: it_02, iteration: tune_07
INFO:mylogger:Created model for WESAD dataset, classifier: cnnM, setup: it_02, iteration: tune_07
2023-11-23 13:14:01,470 [INFO] Fitting model
INFO:mylogger:Fitting model
2023-11-23 13:14:09,028 [INFO] Loading weights and predicting
INFO:mylogger:Loading weights and predicting
2023-11-23 13:14:09,464 [INFO] Fitted model for WESAD dataset, classifier: cnnM, setup: it_02, iteration: tune_07
INFO:mylogger:Fitted model for WESAD dataset, classifier: cnnM, setup: it_02, iteration: tune_07
2023-11-23 13:14:09,464 [INFO] Finished experiment for WESAD dataset, classifier: cnnM, setup: it_02, iteration: tune_07
INFO:mylogger:Finished experiment for WESAD dataset, classifier: cnnM, setup: it_02, iteration: tune_07
2023-11-23 13:14:09,706 [INFO] Experiment for WESAD dataset, classifier: cnnM, setup: it_03, iteration: tune_07
INFO:mylogger:Experiment for WESAD dataset, classifier: cnnM, setup: it_03, iteration: tune_07
2023-11-23 13:14:09,707 [INFO] Created model for WESAD dataset, classifier: cnnM, setup: it_03, iteration: tune_07
INFO:mylogger:Created model for WESAD dataset, classifier: cnnM, setup: it_03, iteration: tune_07
2023-11-23 13:14:09,707 [INFO] Fitting model
INFO:mylogger:Fitting model
2023-11-23 13:14:15,927 [INFO] Loading weights and predicting
INFO:mylogger:Loading weights and predicting
/u/alkurdi/.conda/envs/TFwesad/lib/python3.8/site-packages/sklearn/metrics/_classification.py:1334: UndefinedMetricWarning: Precision is ill-defined and being set to 0.0 in labels with no predicted samples. Use `zero_division` parameter to control this behavior.
  _warn_prf(average, modifier, msg_start, len(result))

2023-11-23 13:14:16,149 [INFO] Fitted model for WESAD dataset, classifier: cnnM, setup: it_03, iteration: tune_07
INFO:mylogger:Fitted model for WESAD dataset, classifier: cnnM, setup: it_03, iteration: tune_07
2023-11-23 13:14:16,150 [INFO] Finished experiment for WESAD dataset, classifier: cnnM, setup: it_03, iteration: tune_07
INFO:mylogger:Finished experiment for WESAD dataset, classifier: cnnM, setup: it_03, iteration: tune_07
2023-11-23 13:14:16,396 [INFO] Experiment for WESAD dataset, classifier: cnnM, setup: it_04, iteration: tune_07
INFO:mylogger:Experiment for WESAD dataset, classifier: cnnM, setup: it_04, iteration: tune_07
2023-11-23 13:14:16,398 [INFO] Created model for WESAD dataset, classifier: cnnM, setup: it_04, iteration: tune_07
INFO:mylogger:Created model for WESAD dataset, classifier: cnnM, setup: it_04, iteration: tune_07
2023-11-23 13:14:16,398 [INFO] Fitting model
INFO:mylogger:Fitting model
2023-11-23 13:14:23,929 [INFO] Loading weights and predicting
INFO:mylogger:Loading weights and predicting
2023-11-23 13:14:24,154 [INFO] Fitted model for WESAD dataset, classifier: cnnM, setup: it_04, iteration: tune_07
INFO:mylogger:Fitted model for WESAD dataset, classifier: cnnM, setup: it_04, iteration: tune_07
2023-11-23 13:14:24,155 [INFO] Finished experiment for WESAD dataset, classifier: cnnM, setup: it_04, iteration: tune_07
INFO:mylogger:Finished experiment for WESAD dataset, classifier: cnnM, setup: it_04, iteration: tune_07
2023-11-23 13:14:24,156 [INFO] GPU 0 was released by cnnM, tune_07.
INFO:mylogger:GPU 0 was released by cnnM, tune_07.
 
 ******************************
 ******* i_fold=02 *******
 ******************************
 
Thu Nov 23 13:14:24 CST 2023
WARNING:tensorflow:Deprecation warnings have been disabled. Set TF_ENABLE_DEPRECATION_WARNINGS=1 to re-enable them.
WARNING:root:Limited tf.compat.v2.summary API due to missing TensorBoard installation.
Using TensorFlow backend.
2023-11-23 13:14:29,419 [INFO] Loading data for subjects [16, 9, 14] and channels (0, 1, 2, 3, 4, 5, 6, 7, 8, 9, 10)
INFO:mylogger:Loading data for subjects [16, 9, 14] and channels (0, 1, 2, 3, 4, 5, 6, 7, 8, 9, 10)
2023-11-23 13:14:29,448 [INFO] Finished loading data for subjects [16, 9, 14] and channels (0, 1, 2, 3, 4, 5, 6, 7, 8, 9, 10)
INFO:mylogger:Finished loading data for subjects [16, 9, 14] and channels (0, 1, 2, 3, 4, 5, 6, 7, 8, 9, 10)
2023-11-23 13:14:29,448 [INFO] Loading data for subjects [17, 4, 11] and channels (0, 1, 2, 3, 4, 5, 6, 7, 8, 9, 10)
INFO:mylogger:Loading data for subjects [17, 4, 11] and channels (0, 1, 2, 3, 4, 5, 6, 7, 8, 9, 10)
2023-11-23 13:14:29,475 [INFO] Finished loading data for subjects [17, 4, 11] and channels (0, 1, 2, 3, 4, 5, 6, 7, 8, 9, 10)
INFO:mylogger:Finished loading data for subjects [17, 4, 11] and channels (0, 1, 2, 3, 4, 5, 6, 7, 8, 9, 10)
2023-11-23 13:14:29,475 [INFO] Loading data for subjects [5, 15, 3, 8, 2, 10, 13, 7, 6] and channels (0, 1, 2, 3, 4, 5, 6, 7, 8, 9, 10)
INFO:mylogger:Loading data for subjects [5, 15, 3, 8, 2, 10, 13, 7, 6] and channels (0, 1, 2, 3, 4, 5, 6, 7, 8, 9, 10)
2023-11-23 13:14:29,558 [INFO] Finished loading data for subjects [5, 15, 3, 8, 2, 10, 13, 7, 6] and channels (0, 1, 2, 3, 4, 5, 6, 7, 8, 9, 10)
INFO:mylogger:Finished loading data for subjects [5, 15, 3, 8, 2, 10, 13, 7, 6] and channels (0, 1, 2, 3, 4, 5, 6, 7, 8, 9, 10)
2023-11-23 13:14:29,580 [INFO] Loading data for subjects [16, 9, 14] and channels (0, 1, 2, 3, 4, 5, 6, 7, 8, 9, 10)
INFO:mylogger:Loading data for subjects [16, 9, 14] and channels (0, 1, 2, 3, 4, 5, 6, 7, 8, 9, 10)
2023-11-23 13:14:29,602 [INFO] Finished loading data for subjects [16, 9, 14] and channels (0, 1, 2, 3, 4, 5, 6, 7, 8, 9, 10)
INFO:mylogger:Finished loading data for subjects [16, 9, 14] and channels (0, 1, 2, 3, 4, 5, 6, 7, 8, 9, 10)
2023-11-23 13:14:29,602 [INFO] Loading data for subjects [17, 4, 11] and channels (0, 1, 2, 3, 4, 5, 6, 7, 8, 9, 10)
INFO:mylogger:Loading data for subjects [17, 4, 11] and channels (0, 1, 2, 3, 4, 5, 6, 7, 8, 9, 10)
2023-11-23 13:14:29,623 [INFO] Finished loading data for subjects [17, 4, 11] and channels (0, 1, 2, 3, 4, 5, 6, 7, 8, 9, 10)
INFO:mylogger:Finished loading data for subjects [17, 4, 11] and channels (0, 1, 2, 3, 4, 5, 6, 7, 8, 9, 10)
2023-11-23 13:14:29,623 [INFO] Loading data for subjects [5, 15, 3, 8, 2, 10, 13, 7, 6] and channels (0, 1, 2, 3, 4, 5, 6, 7, 8, 9, 10)
INFO:mylogger:Loading data for subjects [5, 15, 3, 8, 2, 10, 13, 7, 6] and channels (0, 1, 2, 3, 4, 5, 6, 7, 8, 9, 10)
2023-11-23 13:14:29,696 [INFO] Finished loading data for subjects [5, 15, 3, 8, 2, 10, 13, 7, 6] and channels (0, 1, 2, 3, 4, 5, 6, 7, 8, 9, 10)
INFO:mylogger:Finished loading data for subjects [5, 15, 3, 8, 2, 10, 13, 7, 6] and channels (0, 1, 2, 3, 4, 5, 6, 7, 8, 9, 10)
2023-11-23 13:14:29,719 [INFO] Loading data for subjects [16, 9, 14] and channels (0, 1, 2, 3, 4, 5, 6, 7, 8, 9, 10)
INFO:mylogger:Loading data for subjects [16, 9, 14] and channels (0, 1, 2, 3, 4, 5, 6, 7, 8, 9, 10)
2023-11-23 13:14:29,740 [INFO] Finished loading data for subjects [16, 9, 14] and channels (0, 1, 2, 3, 4, 5, 6, 7, 8, 9, 10)
INFO:mylogger:Finished loading data for subjects [16, 9, 14] and channels (0, 1, 2, 3, 4, 5, 6, 7, 8, 9, 10)
2023-11-23 13:14:29,741 [INFO] Loading data for subjects [17, 4, 11] and channels (0, 1, 2, 3, 4, 5, 6, 7, 8, 9, 10)
INFO:mylogger:Loading data for subjects [17, 4, 11] and channels (0, 1, 2, 3, 4, 5, 6, 7, 8, 9, 10)
2023-11-23 13:14:29,762 [INFO] Finished loading data for subjects [17, 4, 11] and channels (0, 1, 2, 3, 4, 5, 6, 7, 8, 9, 10)
INFO:mylogger:Finished loading data for subjects [17, 4, 11] and channels (0, 1, 2, 3, 4, 5, 6, 7, 8, 9, 10)
2023-11-23 13:14:29,762 [INFO] Loading data for subjects [5, 15, 3, 8, 2, 10, 13, 7, 6] and channels (0, 1, 2, 3, 4, 5, 6, 7, 8, 9, 10)
INFO:mylogger:Loading data for subjects [5, 15, 3, 8, 2, 10, 13, 7, 6] and channels (0, 1, 2, 3, 4, 5, 6, 7, 8, 9, 10)
2023-11-23 13:14:29,833 [INFO] Finished loading data for subjects [5, 15, 3, 8, 2, 10, 13, 7, 6] and channels (0, 1, 2, 3, 4, 5, 6, 7, 8, 9, 10)
INFO:mylogger:Finished loading data for subjects [5, 15, 3, 8, 2, 10, 13, 7, 6] and channels (0, 1, 2, 3, 4, 5, 6, 7, 8, 9, 10)
2023-11-23 13:14:29,855 [INFO] Loading data for subjects [16, 9, 14] and channels (0, 1, 2, 3, 4, 5, 6, 7, 8, 9, 10)
INFO:mylogger:Loading data for subjects [16, 9, 14] and channels (0, 1, 2, 3, 4, 5, 6, 7, 8, 9, 10)
2023-11-23 13:14:29,877 [INFO] Finished loading data for subjects [16, 9, 14] and channels (0, 1, 2, 3, 4, 5, 6, 7, 8, 9, 10)
INFO:mylogger:Finished loading data for subjects [16, 9, 14] and channels (0, 1, 2, 3, 4, 5, 6, 7, 8, 9, 10)
2023-11-23 13:14:29,877 [INFO] Loading data for subjects [17, 4, 11] and channels (0, 1, 2, 3, 4, 5, 6, 7, 8, 9, 10)
INFO:mylogger:Loading data for subjects [17, 4, 11] and channels (0, 1, 2, 3, 4, 5, 6, 7, 8, 9, 10)
2023-11-23 13:14:29,899 [INFO] Finished loading data for subjects [17, 4, 11] and channels (0, 1, 2, 3, 4, 5, 6, 7, 8, 9, 10)
INFO:mylogger:Finished loading data for subjects [17, 4, 11] and channels (0, 1, 2, 3, 4, 5, 6, 7, 8, 9, 10)
2023-11-23 13:14:29,899 [INFO] Loading data for subjects [5, 15, 3, 8, 2, 10, 13, 7, 6] and channels (0, 1, 2, 3, 4, 5, 6, 7, 8, 9, 10)
INFO:mylogger:Loading data for subjects [5, 15, 3, 8, 2, 10, 13, 7, 6] and channels (0, 1, 2, 3, 4, 5, 6, 7, 8, 9, 10)
2023-11-23 13:14:29,969 [INFO] Finished loading data for subjects [5, 15, 3, 8, 2, 10, 13, 7, 6] and channels (0, 1, 2, 3, 4, 5, 6, 7, 8, 9, 10)
INFO:mylogger:Finished loading data for subjects [5, 15, 3, 8, 2, 10, 13, 7, 6] and channels (0, 1, 2, 3, 4, 5, 6, 7, 8, 9, 10)
2023-11-23 13:14:29,991 [INFO] Loading data for subjects [16, 9, 14] and channels (0, 1, 2, 3, 4, 5, 6, 7, 8, 9, 10)
INFO:mylogger:Loading data for subjects [16, 9, 14] and channels (0, 1, 2, 3, 4, 5, 6, 7, 8, 9, 10)
2023-11-23 13:14:30,014 [INFO] Finished loading data for subjects [16, 9, 14] and channels (0, 1, 2, 3, 4, 5, 6, 7, 8, 9, 10)
INFO:mylogger:Finished loading data for subjects [16, 9, 14] and channels (0, 1, 2, 3, 4, 5, 6, 7, 8, 9, 10)
2023-11-23 13:14:30,014 [INFO] Loading data for subjects [17, 4, 11] and channels (0, 1, 2, 3, 4, 5, 6, 7, 8, 9, 10)
INFO:mylogger:Loading data for subjects [17, 4, 11] and channels (0, 1, 2, 3, 4, 5, 6, 7, 8, 9, 10)
2023-11-23 13:14:30,036 [INFO] Finished loading data for subjects [17, 4, 11] and channels (0, 1, 2, 3, 4, 5, 6, 7, 8, 9, 10)
INFO:mylogger:Finished loading data for subjects [17, 4, 11] and channels (0, 1, 2, 3, 4, 5, 6, 7, 8, 9, 10)
2023-11-23 13:14:30,036 [INFO] Loading data for subjects [5, 15, 3, 8, 2, 10, 13, 7, 6] and channels (0, 1, 2, 3, 4, 5, 6, 7, 8, 9, 10)
INFO:mylogger:Loading data for subjects [5, 15, 3, 8, 2, 10, 13, 7, 6] and channels (0, 1, 2, 3, 4, 5, 6, 7, 8, 9, 10)
2023-11-23 13:14:30,103 [INFO] Finished loading data for subjects [5, 15, 3, 8, 2, 10, 13, 7, 6] and channels (0, 1, 2, 3, 4, 5, 6, 7, 8, 9, 10)
INFO:mylogger:Finished loading data for subjects [5, 15, 3, 8, 2, 10, 13, 7, 6] and channels (0, 1, 2, 3, 4, 5, 6, 7, 8, 9, 10)
2023-11-23 13:14:30,126 [INFO] Tuning of cnnM, max_evals: 8
INFO:mylogger:Tuning of cnnM, max_evals: 8
 
 ******************************
 ******* i_fold=03 *******
 ******************************
 
Thu Nov 23 13:14:30 CST 2023
WARNING:tensorflow:Deprecation warnings have been disabled. Set TF_ENABLE_DEPRECATION_WARNINGS=1 to re-enable them.
WARNING:root:Limited tf.compat.v2.summary API due to missing TensorBoard installation.
Using TensorFlow backend.
2023-11-23 13:14:34,907 [INFO] Loading data for subjects [15, 2, 6] and channels (0, 1, 2, 3, 4, 5, 6, 7, 8, 9, 10)
INFO:mylogger:Loading data for subjects [15, 2, 6] and channels (0, 1, 2, 3, 4, 5, 6, 7, 8, 9, 10)
2023-11-23 13:14:34,934 [INFO] Finished loading data for subjects [15, 2, 6] and channels (0, 1, 2, 3, 4, 5, 6, 7, 8, 9, 10)
INFO:mylogger:Finished loading data for subjects [15, 2, 6] and channels (0, 1, 2, 3, 4, 5, 6, 7, 8, 9, 10)
2023-11-23 13:14:34,934 [INFO] Loading data for subjects [9, 3, 16] and channels (0, 1, 2, 3, 4, 5, 6, 7, 8, 9, 10)
INFO:mylogger:Loading data for subjects [9, 3, 16] and channels (0, 1, 2, 3, 4, 5, 6, 7, 8, 9, 10)
2023-11-23 13:14:34,959 [INFO] Finished loading data for subjects [9, 3, 16] and channels (0, 1, 2, 3, 4, 5, 6, 7, 8, 9, 10)
INFO:mylogger:Finished loading data for subjects [9, 3, 16] and channels (0, 1, 2, 3, 4, 5, 6, 7, 8, 9, 10)
2023-11-23 13:14:34,960 [INFO] Loading data for subjects [4, 5, 17, 8, 10, 13, 7, 14, 11] and channels (0, 1, 2, 3, 4, 5, 6, 7, 8, 9, 10)
INFO:mylogger:Loading data for subjects [4, 5, 17, 8, 10, 13, 7, 14, 11] and channels (0, 1, 2, 3, 4, 5, 6, 7, 8, 9, 10)
2023-11-23 13:14:35,034 [INFO] Finished loading data for subjects [4, 5, 17, 8, 10, 13, 7, 14, 11] and channels (0, 1, 2, 3, 4, 5, 6, 7, 8, 9, 10)
INFO:mylogger:Finished loading data for subjects [4, 5, 17, 8, 10, 13, 7, 14, 11] and channels (0, 1, 2, 3, 4, 5, 6, 7, 8, 9, 10)
2023-11-23 13:14:35,057 [INFO] Loading data for subjects [15, 2, 6] and channels (0, 1, 2, 3, 4, 5, 6, 7, 8, 9, 10)
INFO:mylogger:Loading data for subjects [15, 2, 6] and channels (0, 1, 2, 3, 4, 5, 6, 7, 8, 9, 10)
2023-11-23 13:14:35,078 [INFO] Finished loading data for subjects [15, 2, 6] and channels (0, 1, 2, 3, 4, 5, 6, 7, 8, 9, 10)
INFO:mylogger:Finished loading data for subjects [15, 2, 6] and channels (0, 1, 2, 3, 4, 5, 6, 7, 8, 9, 10)
2023-11-23 13:14:35,078 [INFO] Loading data for subjects [9, 3, 16] and channels (0, 1, 2, 3, 4, 5, 6, 7, 8, 9, 10)
INFO:mylogger:Loading data for subjects [9, 3, 16] and channels (0, 1, 2, 3, 4, 5, 6, 7, 8, 9, 10)
2023-11-23 13:14:35,097 [INFO] Finished loading data for subjects [9, 3, 16] and channels (0, 1, 2, 3, 4, 5, 6, 7, 8, 9, 10)
INFO:mylogger:Finished loading data for subjects [9, 3, 16] and channels (0, 1, 2, 3, 4, 5, 6, 7, 8, 9, 10)
2023-11-23 13:14:35,098 [INFO] Loading data for subjects [4, 5, 17, 8, 10, 13, 7, 14, 11] and channels (0, 1, 2, 3, 4, 5, 6, 7, 8, 9, 10)
INFO:mylogger:Loading data for subjects [4, 5, 17, 8, 10, 13, 7, 14, 11] and channels (0, 1, 2, 3, 4, 5, 6, 7, 8, 9, 10)
2023-11-23 13:14:35,169 [INFO] Finished loading data for subjects [4, 5, 17, 8, 10, 13, 7, 14, 11] and channels (0, 1, 2, 3, 4, 5, 6, 7, 8, 9, 10)
INFO:mylogger:Finished loading data for subjects [4, 5, 17, 8, 10, 13, 7, 14, 11] and channels (0, 1, 2, 3, 4, 5, 6, 7, 8, 9, 10)
2023-11-23 13:14:35,191 [INFO] Loading data for subjects [15, 2, 6] and channels (0, 1, 2, 3, 4, 5, 6, 7, 8, 9, 10)
INFO:mylogger:Loading data for subjects [15, 2, 6] and channels (0, 1, 2, 3, 4, 5, 6, 7, 8, 9, 10)
2023-11-23 13:14:35,213 [INFO] Finished loading data for subjects [15, 2, 6] and channels (0, 1, 2, 3, 4, 5, 6, 7, 8, 9, 10)
INFO:mylogger:Finished loading data for subjects [15, 2, 6] and channels (0, 1, 2, 3, 4, 5, 6, 7, 8, 9, 10)
2023-11-23 13:14:35,213 [INFO] Loading data for subjects [9, 3, 16] and channels (0, 1, 2, 3, 4, 5, 6, 7, 8, 9, 10)
INFO:mylogger:Loading data for subjects [9, 3, 16] and channels (0, 1, 2, 3, 4, 5, 6, 7, 8, 9, 10)
2023-11-23 13:14:35,234 [INFO] Finished loading data for subjects [9, 3, 16] and channels (0, 1, 2, 3, 4, 5, 6, 7, 8, 9, 10)
INFO:mylogger:Finished loading data for subjects [9, 3, 16] and channels (0, 1, 2, 3, 4, 5, 6, 7, 8, 9, 10)
2023-11-23 13:14:35,234 [INFO] Loading data for subjects [4, 5, 17, 8, 10, 13, 7, 14, 11] and channels (0, 1, 2, 3, 4, 5, 6, 7, 8, 9, 10)
INFO:mylogger:Loading data for subjects [4, 5, 17, 8, 10, 13, 7, 14, 11] and channels (0, 1, 2, 3, 4, 5, 6, 7, 8, 9, 10)
2023-11-23 13:14:35,306 [INFO] Finished loading data for subjects [4, 5, 17, 8, 10, 13, 7, 14, 11] and channels (0, 1, 2, 3, 4, 5, 6, 7, 8, 9, 10)
INFO:mylogger:Finished loading data for subjects [4, 5, 17, 8, 10, 13, 7, 14, 11] and channels (0, 1, 2, 3, 4, 5, 6, 7, 8, 9, 10)
2023-11-23 13:14:35,327 [INFO] Loading data for subjects [15, 2, 6] and channels (0, 1, 2, 3, 4, 5, 6, 7, 8, 9, 10)
INFO:mylogger:Loading data for subjects [15, 2, 6] and channels (0, 1, 2, 3, 4, 5, 6, 7, 8, 9, 10)
2023-11-23 13:14:35,349 [INFO] Finished loading data for subjects [15, 2, 6] and channels (0, 1, 2, 3, 4, 5, 6, 7, 8, 9, 10)
INFO:mylogger:Finished loading data for subjects [15, 2, 6] and channels (0, 1, 2, 3, 4, 5, 6, 7, 8, 9, 10)
2023-11-23 13:14:35,349 [INFO] Loading data for subjects [9, 3, 16] and channels (0, 1, 2, 3, 4, 5, 6, 7, 8, 9, 10)
INFO:mylogger:Loading data for subjects [9, 3, 16] and channels (0, 1, 2, 3, 4, 5, 6, 7, 8, 9, 10)
2023-11-23 13:14:35,369 [INFO] Finished loading data for subjects [9, 3, 16] and channels (0, 1, 2, 3, 4, 5, 6, 7, 8, 9, 10)
INFO:mylogger:Finished loading data for subjects [9, 3, 16] and channels (0, 1, 2, 3, 4, 5, 6, 7, 8, 9, 10)
2023-11-23 13:14:35,369 [INFO] Loading data for subjects [4, 5, 17, 8, 10, 13, 7, 14, 11] and channels (0, 1, 2, 3, 4, 5, 6, 7, 8, 9, 10)
INFO:mylogger:Loading data for subjects [4, 5, 17, 8, 10, 13, 7, 14, 11] and channels (0, 1, 2, 3, 4, 5, 6, 7, 8, 9, 10)
2023-11-23 13:14:35,438 [INFO] Finished loading data for subjects [4, 5, 17, 8, 10, 13, 7, 14, 11] and channels (0, 1, 2, 3, 4, 5, 6, 7, 8, 9, 10)
INFO:mylogger:Finished loading data for subjects [4, 5, 17, 8, 10, 13, 7, 14, 11] and channels (0, 1, 2, 3, 4, 5, 6, 7, 8, 9, 10)
2023-11-23 13:14:35,460 [INFO] Loading data for subjects [15, 2, 6] and channels (0, 1, 2, 3, 4, 5, 6, 7, 8, 9, 10)
INFO:mylogger:Loading data for subjects [15, 2, 6] and channels (0, 1, 2, 3, 4, 5, 6, 7, 8, 9, 10)
2023-11-23 13:14:35,481 [INFO] Finished loading data for subjects [15, 2, 6] and channels (0, 1, 2, 3, 4, 5, 6, 7, 8, 9, 10)
INFO:mylogger:Finished loading data for subjects [15, 2, 6] and channels (0, 1, 2, 3, 4, 5, 6, 7, 8, 9, 10)
2023-11-23 13:14:35,482 [INFO] Loading data for subjects [9, 3, 16] and channels (0, 1, 2, 3, 4, 5, 6, 7, 8, 9, 10)
INFO:mylogger:Loading data for subjects [9, 3, 16] and channels (0, 1, 2, 3, 4, 5, 6, 7, 8, 9, 10)
2023-11-23 13:14:35,502 [INFO] Finished loading data for subjects [9, 3, 16] and channels (0, 1, 2, 3, 4, 5, 6, 7, 8, 9, 10)
INFO:mylogger:Finished loading data for subjects [9, 3, 16] and channels (0, 1, 2, 3, 4, 5, 6, 7, 8, 9, 10)
2023-11-23 13:14:35,502 [INFO] Loading data for subjects [4, 5, 17, 8, 10, 13, 7, 14, 11] and channels (0, 1, 2, 3, 4, 5, 6, 7, 8, 9, 10)
INFO:mylogger:Loading data for subjects [4, 5, 17, 8, 10, 13, 7, 14, 11] and channels (0, 1, 2, 3, 4, 5, 6, 7, 8, 9, 10)
2023-11-23 13:14:35,572 [INFO] Finished loading data for subjects [4, 5, 17, 8, 10, 13, 7, 14, 11] and channels (0, 1, 2, 3, 4, 5, 6, 7, 8, 9, 10)
INFO:mylogger:Finished loading data for subjects [4, 5, 17, 8, 10, 13, 7, 14, 11] and channels (0, 1, 2, 3, 4, 5, 6, 7, 8, 9, 10)
2023-11-23 13:14:35,597 [INFO] Tuning of cnnM, max_evals: 8
INFO:mylogger:Tuning of cnnM, max_evals: 8
2023-11-23 13:14:35,599 [INFO] Tuning of cnnM (max_evals: 8) is being performed by another process
INFO:mylogger:Tuning of cnnM (max_evals: 8) is being performed by another process
 
 ******************************
 ******* i_fold=04 *******
 ******************************
 
Thu Nov 23 13:14:35 CST 2023
WARNING:tensorflow:Deprecation warnings have been disabled. Set TF_ENABLE_DEPRECATION_WARNINGS=1 to re-enable them.
WARNING:root:Limited tf.compat.v2.summary API due to missing TensorBoard installation.
Using TensorFlow backend.
2023-11-23 13:14:40,358 [INFO] Loading data for subjects [17, 10, 11] and channels (0, 1, 2, 3, 4, 5, 6, 7, 8, 9, 10)
INFO:mylogger:Loading data for subjects [17, 10, 11] and channels (0, 1, 2, 3, 4, 5, 6, 7, 8, 9, 10)
2023-11-23 13:14:40,385 [INFO] Finished loading data for subjects [17, 10, 11] and channels (0, 1, 2, 3, 4, 5, 6, 7, 8, 9, 10)
INFO:mylogger:Finished loading data for subjects [17, 10, 11] and channels (0, 1, 2, 3, 4, 5, 6, 7, 8, 9, 10)
2023-11-23 13:14:40,385 [INFO] Loading data for subjects [9, 16, 5] and channels (0, 1, 2, 3, 4, 5, 6, 7, 8, 9, 10)
INFO:mylogger:Loading data for subjects [9, 16, 5] and channels (0, 1, 2, 3, 4, 5, 6, 7, 8, 9, 10)
2023-11-23 13:14:40,410 [INFO] Finished loading data for subjects [9, 16, 5] and channels (0, 1, 2, 3, 4, 5, 6, 7, 8, 9, 10)
INFO:mylogger:Finished loading data for subjects [9, 16, 5] and channels (0, 1, 2, 3, 4, 5, 6, 7, 8, 9, 10)
2023-11-23 13:14:40,410 [INFO] Loading data for subjects [4, 15, 3, 8, 2, 13, 7, 14, 6] and channels (0, 1, 2, 3, 4, 5, 6, 7, 8, 9, 10)
INFO:mylogger:Loading data for subjects [4, 15, 3, 8, 2, 13, 7, 14, 6] and channels (0, 1, 2, 3, 4, 5, 6, 7, 8, 9, 10)
2023-11-23 13:14:40,484 [INFO] Finished loading data for subjects [4, 15, 3, 8, 2, 13, 7, 14, 6] and channels (0, 1, 2, 3, 4, 5, 6, 7, 8, 9, 10)
INFO:mylogger:Finished loading data for subjects [4, 15, 3, 8, 2, 13, 7, 14, 6] and channels (0, 1, 2, 3, 4, 5, 6, 7, 8, 9, 10)
2023-11-23 13:14:40,507 [INFO] Loading data for subjects [17, 10, 11] and channels (0, 1, 2, 3, 4, 5, 6, 7, 8, 9, 10)
INFO:mylogger:Loading data for subjects [17, 10, 11] and channels (0, 1, 2, 3, 4, 5, 6, 7, 8, 9, 10)
2023-11-23 13:14:40,529 [INFO] Finished loading data for subjects [17, 10, 11] and channels (0, 1, 2, 3, 4, 5, 6, 7, 8, 9, 10)
INFO:mylogger:Finished loading data for subjects [17, 10, 11] and channels (0, 1, 2, 3, 4, 5, 6, 7, 8, 9, 10)
2023-11-23 13:14:40,529 [INFO] Loading data for subjects [9, 16, 5] and channels (0, 1, 2, 3, 4, 5, 6, 7, 8, 9, 10)
INFO:mylogger:Loading data for subjects [9, 16, 5] and channels (0, 1, 2, 3, 4, 5, 6, 7, 8, 9, 10)
2023-11-23 13:14:40,549 [INFO] Finished loading data for subjects [9, 16, 5] and channels (0, 1, 2, 3, 4, 5, 6, 7, 8, 9, 10)
INFO:mylogger:Finished loading data for subjects [9, 16, 5] and channels (0, 1, 2, 3, 4, 5, 6, 7, 8, 9, 10)
2023-11-23 13:14:40,549 [INFO] Loading data for subjects [4, 15, 3, 8, 2, 13, 7, 14, 6] and channels (0, 1, 2, 3, 4, 5, 6, 7, 8, 9, 10)
INFO:mylogger:Loading data for subjects [4, 15, 3, 8, 2, 13, 7, 14, 6] and channels (0, 1, 2, 3, 4, 5, 6, 7, 8, 9, 10)
2023-11-23 13:14:40,618 [INFO] Finished loading data for subjects [4, 15, 3, 8, 2, 13, 7, 14, 6] and channels (0, 1, 2, 3, 4, 5, 6, 7, 8, 9, 10)
INFO:mylogger:Finished loading data for subjects [4, 15, 3, 8, 2, 13, 7, 14, 6] and channels (0, 1, 2, 3, 4, 5, 6, 7, 8, 9, 10)
2023-11-23 13:14:40,640 [INFO] Loading data for subjects [17, 10, 11] and channels (0, 1, 2, 3, 4, 5, 6, 7, 8, 9, 10)
INFO:mylogger:Loading data for subjects [17, 10, 11] and channels (0, 1, 2, 3, 4, 5, 6, 7, 8, 9, 10)
2023-11-23 13:14:40,662 [INFO] Finished loading data for subjects [17, 10, 11] and channels (0, 1, 2, 3, 4, 5, 6, 7, 8, 9, 10)
INFO:mylogger:Finished loading data for subjects [17, 10, 11] and channels (0, 1, 2, 3, 4, 5, 6, 7, 8, 9, 10)
2023-11-23 13:14:40,662 [INFO] Loading data for subjects [9, 16, 5] and channels (0, 1, 2, 3, 4, 5, 6, 7, 8, 9, 10)
INFO:mylogger:Loading data for subjects [9, 16, 5] and channels (0, 1, 2, 3, 4, 5, 6, 7, 8, 9, 10)
2023-11-23 13:14:40,683 [INFO] Finished loading data for subjects [9, 16, 5] and channels (0, 1, 2, 3, 4, 5, 6, 7, 8, 9, 10)
INFO:mylogger:Finished loading data for subjects [9, 16, 5] and channels (0, 1, 2, 3, 4, 5, 6, 7, 8, 9, 10)
2023-11-23 13:14:40,683 [INFO] Loading data for subjects [4, 15, 3, 8, 2, 13, 7, 14, 6] and channels (0, 1, 2, 3, 4, 5, 6, 7, 8, 9, 10)
INFO:mylogger:Loading data for subjects [4, 15, 3, 8, 2, 13, 7, 14, 6] and channels (0, 1, 2, 3, 4, 5, 6, 7, 8, 9, 10)
2023-11-23 13:14:40,750 [INFO] Finished loading data for subjects [4, 15, 3, 8, 2, 13, 7, 14, 6] and channels (0, 1, 2, 3, 4, 5, 6, 7, 8, 9, 10)
INFO:mylogger:Finished loading data for subjects [4, 15, 3, 8, 2, 13, 7, 14, 6] and channels (0, 1, 2, 3, 4, 5, 6, 7, 8, 9, 10)
2023-11-23 13:14:40,772 [INFO] Loading data for subjects [17, 10, 11] and channels (0, 1, 2, 3, 4, 5, 6, 7, 8, 9, 10)
INFO:mylogger:Loading data for subjects [17, 10, 11] and channels (0, 1, 2, 3, 4, 5, 6, 7, 8, 9, 10)
2023-11-23 13:14:40,794 [INFO] Finished loading data for subjects [17, 10, 11] and channels (0, 1, 2, 3, 4, 5, 6, 7, 8, 9, 10)
INFO:mylogger:Finished loading data for subjects [17, 10, 11] and channels (0, 1, 2, 3, 4, 5, 6, 7, 8, 9, 10)
2023-11-23 13:14:40,794 [INFO] Loading data for subjects [9, 16, 5] and channels (0, 1, 2, 3, 4, 5, 6, 7, 8, 9, 10)
INFO:mylogger:Loading data for subjects [9, 16, 5] and channels (0, 1, 2, 3, 4, 5, 6, 7, 8, 9, 10)
2023-11-23 13:14:40,815 [INFO] Finished loading data for subjects [9, 16, 5] and channels (0, 1, 2, 3, 4, 5, 6, 7, 8, 9, 10)
INFO:mylogger:Finished loading data for subjects [9, 16, 5] and channels (0, 1, 2, 3, 4, 5, 6, 7, 8, 9, 10)
2023-11-23 13:14:40,815 [INFO] Loading data for subjects [4, 15, 3, 8, 2, 13, 7, 14, 6] and channels (0, 1, 2, 3, 4, 5, 6, 7, 8, 9, 10)
INFO:mylogger:Loading data for subjects [4, 15, 3, 8, 2, 13, 7, 14, 6] and channels (0, 1, 2, 3, 4, 5, 6, 7, 8, 9, 10)
2023-11-23 13:14:40,881 [INFO] Finished loading data for subjects [4, 15, 3, 8, 2, 13, 7, 14, 6] and channels (0, 1, 2, 3, 4, 5, 6, 7, 8, 9, 10)
INFO:mylogger:Finished loading data for subjects [4, 15, 3, 8, 2, 13, 7, 14, 6] and channels (0, 1, 2, 3, 4, 5, 6, 7, 8, 9, 10)
2023-11-23 13:14:40,904 [INFO] Loading data for subjects [17, 10, 11] and channels (0, 1, 2, 3, 4, 5, 6, 7, 8, 9, 10)
INFO:mylogger:Loading data for subjects [17, 10, 11] and channels (0, 1, 2, 3, 4, 5, 6, 7, 8, 9, 10)
2023-11-23 13:14:40,925 [INFO] Finished loading data for subjects [17, 10, 11] and channels (0, 1, 2, 3, 4, 5, 6, 7, 8, 9, 10)
INFO:mylogger:Finished loading data for subjects [17, 10, 11] and channels (0, 1, 2, 3, 4, 5, 6, 7, 8, 9, 10)
2023-11-23 13:14:40,925 [INFO] Loading data for subjects [9, 16, 5] and channels (0, 1, 2, 3, 4, 5, 6, 7, 8, 9, 10)
INFO:mylogger:Loading data for subjects [9, 16, 5] and channels (0, 1, 2, 3, 4, 5, 6, 7, 8, 9, 10)
2023-11-23 13:14:40,946 [INFO] Finished loading data for subjects [9, 16, 5] and channels (0, 1, 2, 3, 4, 5, 6, 7, 8, 9, 10)
INFO:mylogger:Finished loading data for subjects [9, 16, 5] and channels (0, 1, 2, 3, 4, 5, 6, 7, 8, 9, 10)
2023-11-23 13:14:40,946 [INFO] Loading data for subjects [4, 15, 3, 8, 2, 13, 7, 14, 6] and channels (0, 1, 2, 3, 4, 5, 6, 7, 8, 9, 10)
INFO:mylogger:Loading data for subjects [4, 15, 3, 8, 2, 13, 7, 14, 6] and channels (0, 1, 2, 3, 4, 5, 6, 7, 8, 9, 10)
2023-11-23 13:14:41,013 [INFO] Finished loading data for subjects [4, 15, 3, 8, 2, 13, 7, 14, 6] and channels (0, 1, 2, 3, 4, 5, 6, 7, 8, 9, 10)
INFO:mylogger:Finished loading data for subjects [4, 15, 3, 8, 2, 13, 7, 14, 6] and channels (0, 1, 2, 3, 4, 5, 6, 7, 8, 9, 10)
2023-11-23 13:14:41,037 [INFO] Tuning of cnnM, max_evals: 8
INFO:mylogger:Tuning of cnnM, max_evals: 8
Done
Thu Nov 23 13:14:41 CST 2023
